[08:42:55] [Client thread/INFO]: Setting user: Player432
[08:42:55] [Client thread/INFO]: (Session ID is token:0:Player432)
[08:43:02] [Client thread/INFO]: LWJGL Version: 2.9.4
[08:43:05] [Client thread/INFO]: Reloading ResourceManager: Default
[08:43:05] [Sound Library Loader/INFO]: Starting up SoundSystem...
[08:43:05] [Thread-6/INFO]: Initializing LWJGL OpenAL
[08:43:05] [Thread-6/INFO]: (The LWJGL binding of OpenAL.  For more information, see http://www.lwjgl.org)
[08:43:06] [Thread-6/INFO]: OpenAL initialized.
[08:43:06] [Sound Library Loader/INFO]: Sound engine started
[08:43:07] [Client thread/INFO]: Created: 512x512 textures-atlas
[08:43:13] [Client thread/INFO]: Stopping!
[08:43:13] [Client thread/INFO]: SoundSystem shutting down...
[08:43:13] [Client thread/WARN]: Author: Paul Lamb, www.paulscode.com
[08:44:42] [Client thread/INFO]: Setting user: Player782
[08:44:42] [Client thread/INFO]: (Session ID is token:0:Player782)
[08:44:46] [Client thread/INFO]: LWJGL Version: 2.9.4
[08:44:46] [Client thread/INFO]: Reloading ResourceManager: Default
[08:44:46] [Sound Library Loader/INFO]: Starting up SoundSystem...
[08:44:47] [Thread-5/INFO]: Initializing LWJGL OpenAL
[08:44:47] [Thread-5/INFO]: (The LWJGL binding of OpenAL.  For more information, see http://www.lwjgl.org)
[08:44:51] [Thread-5/INFO]: OpenAL initialized.
[08:44:51] [Sound Library Loader/INFO]: Sound engine started
[08:45:09] [Client thread/INFO]: Created: 512x512 textures-atlas
[08:45:42] [Client thread/INFO]: Stopping!
[08:45:42] [Client thread/INFO]: SoundSystem shutting down...
[08:45:43] [Client thread/WARN]: Author: Paul Lamb, www.paulscode.com
5] [Client thread/INFO]: SoundSystem shutting down...
[08:45:15] [Client thread/WARN]: Author: Paul Lamb, www.paulscode.com
[08:46:51] [Client thread/INFO]: Setting user: Player22
[08:46:51] [Client thread/INFO]: (Session ID is token:0:Player22)
[08:46:51] [Client thread/INFO]: Setting user: Player142
[08:46:51] [Client thread/INFO]: (Session ID is token:0:Player142)
