[16:54:48] [Client thread/INFO]: Setting user: Player323
[16:54:48] [Client thread/INFO]: (Session ID is token:0:Player323)
[16:54:49] [Client thread/INFO]: LWJGL Version: 2.9.4
[16:54:50] [Client thread/INFO]: Reloading ResourceManager: Default
[16:54:50] [Sound Library Loader/INFO]: Starting up SoundSystem...
[16:54:50] [Thread-6/INFO]: Initializing LWJGL OpenAL
[16:54:50] [Thread-6/INFO]: (The LWJGL binding of OpenAL.  For more information, see http://www.lwjgl.org)
[16:54:50] [Thread-6/INFO]: OpenAL initialized.
[16:54:50] [Client thread/WARN]: Unable to load definition minecraft:radioactive_cobblestone#normal
java.lang.RuntimeException: Encountered an exception when loading model definition of model minecraft:blockstates/radioactive_cobblestone.json
	at net.minecraft.client.resources.model.ModelBakery.getModelBlockDefinition(ModelBakery.java:162) ~[minecraft/:?]
	at net.minecraft.client.resources.model.ModelBakery.loadVariants(ModelBakery.java:106) [minecraft/:?]
	at net.minecraft.client.resources.model.ModelBakery.loadVariantItemModels(ModelBakery.java:90) [minecraft/:?]
	at net.minecraft.client.resources.model.ModelBakery.setupModelRegistry(ModelBakery.java:80) [minecraft/:?]
	at net.minecraft.client.resources.model.ModelManager.onResourceManagerReload(ModelManager.java:25) [minecraft/:?]
	at net.minecraft.client.resources.SimpleReloadableResourceManager.registerReloadListener(SimpleReloadableResourceManager.java:111) [minecraft/:?]
	at net.minecraft.client.Minecraft.startGame(Minecraft.java:546) [minecraft/:?]
	at net.minecraft.client.Minecraft.run(Minecraft.java:398) [minecraft/:?]
	at net.minecraft.client.main.Main.main(Main.java:113) [minecraft/:?]
	at Start.main(Start.java:11) [minecraft/:?]
Caused by: java.io.FileNotFoundException: minecraft:blockstates/radioactive_cobblestone.json
	at net.minecraft.client.resources.FallbackResourceManager.getAllResources(FallbackResourceManager.java:89) ~[minecraft/:?]
	at net.minecraft.client.resources.SimpleReloadableResourceManager.getAllResources(SimpleReloadableResourceManager.java:75) ~[minecraft/:?]
	at net.minecraft.client.resources.model.ModelBakery.getModelBlockDefinition(ModelBakery.java:140) ~[minecraft/:?]
	... 9 more
[16:54:50] [Sound Library Loader/INFO]: Sound engine started
[16:54:51] [Client thread/ERROR]: Using missing texture, unable to load minecraft:textures/blocks/leaves_radioactive.png
java.io.FileNotFoundException: minecraft:textures/blocks/leaves_radioactive.png
	at net.minecraft.client.resources.FallbackResourceManager.getResource(FallbackResourceManager.java:64) ~[minecraft/:?]
	at net.minecraft.client.resources.SimpleReloadableResourceManager.getResource(SimpleReloadableResourceManager.java:61) ~[minecraft/:?]
	at net.minecraft.client.renderer.texture.TextureMap.loadTextureAtlas(TextureMap.java:98) [minecraft/:?]
	at net.minecraft.client.renderer.texture.TextureMap.loadSprites(TextureMap.java:78) [minecraft/:?]
	at net.minecraft.client.resources.model.ModelBakery.loadSprites(ModelBakery.java:600) [minecraft/:?]
	at net.minecraft.client.resources.model.ModelBakery.setupModelRegistry(ModelBakery.java:82) [minecraft/:?]
	at net.minecraft.client.resources.model.ModelManager.onResourceManagerReload(ModelManager.java:25) [minecraft/:?]
	at net.minecraft.client.resources.SimpleReloadableResourceManager.registerReloadListener(SimpleReloadableResourceManager.java:111) [minecraft/:?]
	at net.minecraft.client.Minecraft.startGame(Minecraft.java:546) [minecraft/:?]
	at net.minecraft.client.Minecraft.run(Minecraft.java:398) [minecraft/:?]
	at net.minecraft.client.main.Main.main(Main.java:113) [minecraft/:?]
	at Start.main(Start.java:11) [minecraft/:?]
[16:54:51] [Client thread/ERROR]: Using missing texture, unable to load minecraft:textures/blocks/radioactive_stone.png
java.io.FileNotFoundException: minecraft:textures/blocks/radioactive_stone.png
	at net.minecraft.client.resources.FallbackResourceManager.getResource(FallbackResourceManager.java:64) ~[minecraft/:?]
	at net.minecraft.client.resources.SimpleReloadableResourceManager.getResource(SimpleReloadableResourceManager.java:61) ~[minecraft/:?]
	at net.minecraft.client.renderer.texture.TextureMap.loadTextureAtlas(TextureMap.java:98) [minecraft/:?]
	at net.minecraft.client.renderer.texture.TextureMap.loadSprites(TextureMap.java:78) [minecraft/:?]
	at net.minecraft.client.resources.model.ModelBakery.loadSprites(ModelBakery.java:600) [minecraft/:?]
	at net.minecraft.client.resources.model.ModelBakery.setupModelRegistry(ModelBakery.java:82) [minecraft/:?]
	at net.minecraft.client.resources.model.ModelManager.onResourceManagerReload(ModelManager.java:25) [minecraft/:?]
	at net.minecraft.client.resources.SimpleReloadableResourceManager.registerReloadListener(SimpleReloadableResourceManager.java:111) [minecraft/:?]
	at net.minecraft.client.Minecraft.startGame(Minecraft.java:546) [minecraft/:?]
	at net.minecraft.client.Minecraft.run(Minecraft.java:398) [minecraft/:?]
	at net.minecraft.client.main.Main.main(Main.java:113) [minecraft/:?]
	at Start.main(Start.java:11) [minecraft/:?]
[16:54:51] [Client thread/INFO]: Created: 512x512 textures-atlas
[16:54:55] [Server thread/INFO]: Starting integrated minecraft server version 1.8.8
[16:54:55] [Server thread/INFO]: Generating keypair
[16:54:55] [Server thread/INFO]: Preparing start region for level 0
[16:54:56] [Server thread/INFO]: Changing view distance to 2, from 10
[16:54:56] [Server thread/INFO]: Player323[local:E:57a89d64] logged in with entity id 245 at (254.61189122239128, 64.0, 161.3703698201552)
[16:54:56] [Server thread/INFO]: Player323 è entrato nel gioco
[16:55:03] [Server thread/INFO]: Saving and pausing game...
[16:55:03] [Server thread/INFO]: Saving chunks for level 'ISIS'/Overworld
[16:55:03] [Server thread/INFO]: Saving chunks for level 'ISIS'/Nether
[16:55:03] [Server thread/INFO]: Saving chunks for level 'ISIS'/The End
[16:55:04] [Server thread/INFO]: Stopping server
[16:55:04] [Server thread/INFO]: Saving players
[16:55:04] [Server thread/INFO]: Saving worlds
[16:55:04] [Server thread/INFO]: Saving chunks for level 'ISIS'/Overworld
[16:55:04] [Server thread/INFO]: Saving chunks for level 'ISIS'/Nether
[16:55:04] [Server thread/INFO]: Saving chunks for level 'ISIS'/The End
[16:55:05] [Client thread/INFO]: Stopping!
[16:55:05] [Client thread/INFO]: SoundSystem shutting down...
[16:55:05] [Client thread/WARN]: Author: Paul Lamb, www.paulscode.com
