14:14:05 - "scalac" is not found on the PATH.  Scala files will not be recompiled
14:18:08 - !! Missing server jar file. Aborting !!
18:59:25 - "scalac" is not found on the PATH.  Scala files will not be recompiled
18:59:53 - !! Can not find server sources, try decompiling !!
19:00:09 - "scalac" is not found on the PATH.  Scala files will not be recompiled
19:00:17 - !! Can not find server md5s !!
19:01:28 - "scalac" is not found on the PATH.  Scala files will not be recompiled
19:01:28 - !! Can not find server bins !!
19:01:32 - "scalac" is not found on the PATH.  Scala files will not be recompiled
19:42:32 - "scalac" is not found on the PATH.  Scala files will not be recompiled
19:43:10 - !! Can not find server sources, try decompiling !!
19:43:22 - "scalac" is not found on the PATH.  Scala files will not be recompiled
19:43:30 - !! Can not find server md5s !!
10:05:33 - "scalac" is not found on the PATH.  Scala files will not be recompiled
10:06:11 - !! Can not find server sources, try decompiling !!
10:06:40 - "scalac" is not found on the PATH.  Scala files will not be recompiled
10:06:49 - !! Can not find server md5s !!
19:02:57 - "scalac" is not found on the PATH.  Scala files will not be recompiled
19:03:18 - !! Can not find server sources, try decompiling !!
19:03:24 - "scalac" is not found on the PATH.  Scala files will not be recompiled
19:03:32 - !! Can not find server md5s !!
20:12:05 - "scalac" is not found on the PATH.  Scala files will not be recompiled
20:12:25 - !! Can not find server sources, try decompiling !!
20:12:32 - "scalac" is not found on the PATH.  Scala files will not be recompiled
20:12:39 - !! Can not find server md5s !!
19:54:14 - "scalac" is not found on the PATH.  Scala files will not be recompiled
19:54:35 - !! Can not find server sources, try decompiling !!
19:54:41 - "scalac" is not found on the PATH.  Scala files will not be recompiled
19:54:50 - !! Can not find server md5s !!
20:00:03 - "scalac" is not found on the PATH.  Scala files will not be recompiled
20:00:25 - !! Can not find server sources, try decompiling !!
20:00:34 - "scalac" is not found on the PATH.  Scala files will not be recompiled
20:00:41 - !! Can not find server md5s !!
20:12:18 - "scalac" is not found on the PATH.  Scala files will not be recompiled
20:12:39 - !! Can not find server sources, try decompiling !!
20:13:42 - "scalac" is not found on the PATH.  Scala files will not be recompiled
20:13:49 - !! Can not find server md5s !!
22:16:51 - "scalac" is not found on the PATH.  Scala files will not be recompiled
22:17:17 - !! Can not find server sources, try decompiling !!
22:17:22 - "scalac" is not found on the PATH.  Scala files will not be recompiled
22:17:30 - !! Can not find server md5s !!
22:38:54 - "scalac" is not found on the PATH.  Scala files will not be recompiled
22:39:14 - !! Can not find server sources, try decompiling !!
22:39:24 - "scalac" is not found on the PATH.  Scala files will not be recompiled
22:39:32 - !! Can not find server md5s !!
08:48:10 - "scalac" is not found on the PATH.  Scala files will not be recompiled
08:49:55 - !! Can not find server sources, try decompiling !!
08:50:02 - "scalac" is not found on the PATH.  Scala files will not be recompiled
08:50:27 - !! Can not find server md5s !!
10:12:23 - "scalac" is not found on the PATH.  Scala files will not be recompiled
10:12:56 - !! Can not find server sources, try decompiling !!
10:13:01 - "scalac" is not found on the PATH.  Scala files will not be recompiled
10:13:09 - !! Can not find server md5s !!
15:34:17 - "scalac" is not found on the PATH.  Scala files will not be recompiled
15:35:51 - "scalac" is not found on the PATH.  Scala files will not be recompiled
15:59:47 - "scalac" is not found on the PATH.  Scala files will not be recompiled
15:59:55 - '"C:\Program Files\Java\jdk1.8.0_171\bin\java" -Xincgc -Xms1024M -Xmx1024M -cp "..\bin\minecraft;..\src\minecraft;..\jars\versions\1.8.8\1.8.8.jar;..\lib;..\lib\*;..\jars\libraries\net\java\jinput\jinput\2.0.5\jinput-2.0.5.jar;..\jars\libraries\org\lwjgl\lwjgl\lwjgl-platform\2.9.4-nightly-20150209\lwjgl-platform-2.9.4-nightly-20150209-natives-windows.jar;..\jars\libraries\com\ibm\icu\icu4j-core-mojang\51.2\icu4j-core-mojang-51.2.jar;..\jars\libraries\tv\twitch\twitch-external-platform\4.5\twitch-external-platform-4.5-natives-windows-64.jar;..\jars\libraries\org\apache\httpcomponents\httpcore\4.3.2\httpcore-4.3.2.jar;..\jars\libraries\org\apache\logging\log4j\log4j-api\2.0-beta9\log4j-api-2.0-beta9.jar;..\jars\libraries\org\apache\commons\commons-lang3\3.3.2\commons-lang3-3.3.2.jar;..\jars\libraries\net\java\dev\jna\jna\3.4.0\jna-3.4.0.jar;..\jars\libraries\com\paulscode\libraryjavasound\20101123\libraryjavasound-20101123.jar;..\jars\libraries\net\sf\jopt-simple\jopt-simple\4.6\jopt-simple-4.6.jar;..\jars\libraries\com\google\guava\guava\17.0\guava-17.0.jar;..\jars\libraries\oshi-project\oshi-core\1.1\oshi-core-1.1.jar;..\jars\libraries\org\apache\httpcomponents\httpclient\4.3.3\httpclient-4.3.3.jar;..\jars\libraries\org\apache\commons\commons-compress\1.8.1\commons-compress-1.8.1.jar;..\jars\libraries\net\java\dev\jna\platform\3.4.0\platform-3.4.0.jar;..\jars\libraries\com\paulscode\codecjorbis\20101023\codecjorbis-20101023.jar;..\jars\libraries\com\paulscode\soundsystem\20120107\soundsystem-20120107.jar;..\jars\libraries\com\paulscode\librarylwjglopenal\20100824\librarylwjglopenal-20100824.jar;..\jars\libraries\org\lwjgl\lwjgl\lwjgl_util\2.9.4-nightly-20150209\lwjgl_util-2.9.4-nightly-20150209.jar;..\jars\libraries\commons-codec\commons-codec\1.9\commons-codec-1.9.jar;..\jars\libraries\net\java\jutils\jutils\1.0.0\jutils-1.0.0.jar;..\jars\libraries\commons-logging\commons-logging\1.1.3\commons-logging-1.1.3.jar;..\jars\libraries\org\lwjgl\lwjgl\lwjgl\2.9.4-nightly-20150209\lwjgl-2.9.4-nightly-20150209.jar;..\jars\libraries\commons-io\commons-io\2.4\commons-io-2.4.jar;..\jars\libraries\com\mojang\realms\1.7.39\realms-1.7.39.jar;..\jars\libraries\com\mojang\authlib\1.5.21\authlib-1.5.21.jar;..\jars\libraries\com\google\code\gson\gson\2.2.4\gson-2.2.4.jar;..\jars\libraries\com\mojang\netty\1.6\netty-1.6.jar;..\jars\libraries\tv\twitch\twitch\6.5\twitch-6.5.jar;..\jars\libraries\com\paulscode\codecwav\20101023\codecwav-20101023.jar;..\jars\libraries\tv\twitch\twitch-platform\6.5\twitch-platform-6.5-natives-windows-64.jar;..\jars\libraries\net\java\jinput\jinput-platform\2.0.5\jinput-platform-2.0.5-natives-windows.jar;..\jars\libraries\org\apache\logging\log4j\log4j-core\2.0-beta9\log4j-core-2.0-beta9.jar;..\jars\libraries\io\netty\netty-all\4.0.23.Final\netty-all-4.0.23.Final.jar" -Djava.library.path=..\jars\versions\1.8.8\1.8.8-natives Start' failed : 1
15:59:55 - FATAL ERROR
Traceback (most recent call last):
  File "runtime\startclient.py", line 42, in startclient
  File "C:\Users\vicqu\Desktop\mcp918\runtime\commands.py", line 1622, in startclient
    self.runmc(forkcmd)
  File "C:\Users\vicqu\Desktop\mcp918\runtime\commands.py", line 1662, in runmc
    raise CalledProcessError(process.returncode, forkcmd, output)
CalledProcessError: Command '"C:\Program Files\Java\jdk1.8.0_171\bin\java" -Xincgc -Xms1024M -Xmx1024M -cp "..\bin\minecraft;..\src\minecraft;..\jars\versions\1.8.8\1.8.8.jar;..\lib;..\lib\*;..\jars\libraries\net\java\jinput\jinput\2.0.5\jinput-2.0.5.jar;..\jars\libraries\org\lwjgl\lwjgl\lwjgl-platform\2.9.4-nightly-20150209\lwjgl-platform-2.9.4-nightly-20150209-natives-windows.jar;..\jars\libraries\com\ibm\icu\icu4j-core-mojang\51.2\icu4j-core-mojang-51.2.jar;..\jars\libraries\tv\twitch\twitch-external-platform\4.5\twitch-external-platform-4.5-natives-windows-64.jar;..\jars\libraries\org\apache\httpcomponents\httpcore\4.3.2\httpcore-4.3.2.jar;..\jars\libraries\org\apache\logging\log4j\log4j-api\2.0-beta9\log4j-api-2.0-beta9.jar;..\jars\libraries\org\apache\commons\commons-lang3\3.3.2\commons-lang3-3.3.2.jar;..\jars\libraries\net\java\dev\jna\jna\3.4.0\jna-3.4.0.jar;..\jars\libraries\com\paulscode\libraryjavasound\20101123\libraryjavasound-20101123.jar;..\jars\libraries\net\sf\jopt-simple\jopt-simple\4.6\jopt-simple-4.6.jar;..\jars\libraries\com\google\guava\guava\17.0\guava-17.0.jar;..\jars\libraries\oshi-project\oshi-core\1.1\oshi-core-1.1.jar;..\jars\libraries\org\apache\httpcomponents\httpclient\4.3.3\httpclient-4.3.3.jar;..\jars\libraries\org\apache\commons\commons-compress\1.8.1\commons-compress-1.8.1.jar;..\jars\libraries\net\java\dev\jna\platform\3.4.0\platform-3.4.0.jar;..\jars\libraries\com\paulscode\codecjorbis\20101023\codecjorbis-20101023.jar;..\jars\libraries\com\paulscode\soundsystem\20120107\soundsystem-20120107.jar;..\jars\libraries\com\paulscode\librarylwjglopenal\20100824\librarylwjglopenal-20100824.jar;..\jars\libraries\org\lwjgl\lwjgl\lwjgl_util\2.9.4-nightly-20150209\lwjgl_util-2.9.4-nightly-20150209.jar;..\jars\libraries\commons-codec\commons-codec\1.9\commons-codec-1.9.jar;..\jars\libraries\net\java\jutils\jutils\1.0.0\jutils-1.0.0.jar;..\jars\libraries\commons-logging\commons-logging\1.1.3\commons-logging-1.1.3.jar;..\jars\libraries\org\lwjgl\lwjgl\lwjgl\2.9.4-nightly-20150209\lwjgl-2.9.4-nightly-20150209.jar;..\jars\libraries\commons-io\commons-io\2.4\commons-io-2.4.jar;..\jars\libraries\com\mojang\realms\1.7.39\realms-1.7.39.jar;..\jars\libraries\com\mojang\authlib\1.5.21\authlib-1.5.21.jar;..\jars\libraries\com\google\code\gson\gson\2.2.4\gson-2.2.4.jar;..\jars\libraries\com\mojang\netty\1.6\netty-1.6.jar;..\jars\libraries\tv\twitch\twitch\6.5\twitch-6.5.jar;..\jars\libraries\com\paulscode\codecwav\20101023\codecwav-20101023.jar;..\jars\libraries\tv\twitch\twitch-platform\6.5\twitch-platform-6.5-natives-windows-64.jar;..\jars\libraries\net\java\jinput\jinput-platform\2.0.5\jinput-platform-2.0.5-natives-windows.jar;..\jars\libraries\org\apache\logging\log4j\log4j-core\2.0-beta9\log4j-core-2.0-beta9.jar;..\jars\libraries\io\netty\netty-all\4.0.23.Final\netty-all-4.0.23.Final.jar" -Djava.library.path=..\jars\versions\1.8.8\1.8.8-natives Start' returned non-zero exit status 1
16:20:07 - "scalac" is not found on the PATH.  Scala files will not be recompiled
16:20:30 - !! Can not find server sources, try decompiling !!
16:20:40 - "scalac" is not found on the PATH.  Scala files will not be recompiled
16:20:48 - !! Can not find server md5s !!
17:52:03 - "scalac" is not found on the PATH.  Scala files will not be recompiled
17:53:56 - "scalac" is not found on the PATH.  Scala files will not be recompiled
17:54:21 - "scalac" is not found on the PATH.  Scala files will not be recompiled
17:54:21 - !! Can not find server bins !!
17:54:24 - "scalac" is not found on the PATH.  Scala files will not be recompiled
21:23:34 - "scalac" is not found on the PATH.  Scala files will not be recompiled
21:23:34 - !! Can not find server bins !!
21:25:49 - "scalac" is not found on the PATH.  Scala files will not be recompiled
21:25:51 - '"C:\Program Files\Java\jdk1.8.0_171\bin\java" -Xincgc -Xms1024M -Xmx1024M -cp "..\bin\minecraft;..\src\minecraft;..\jars\versions\apc\apc.jar;..\lib;..\lib\*;..\jars\libraries\net\java\jinput\jinput\2.0.5\jinput-2.0.5.jar;..\jars\libraries\org\lwjgl\lwjgl\lwjgl-platform\2.9.4-nightly-20150209\lwjgl-platform-2.9.4-nightly-20150209-natives-windows.jar;..\jars\libraries\com\ibm\icu\icu4j-core-mojang\51.2\icu4j-core-mojang-51.2.jar;..\jars\libraries\tv\twitch\twitch-external-platform\4.5\twitch-external-platform-4.5-natives-windows-64.jar;..\jars\libraries\org\apache\httpcomponents\httpcore\4.3.2\httpcore-4.3.2.jar;..\jars\libraries\org\apache\logging\log4j\log4j-api\2.0-beta9\log4j-api-2.0-beta9.jar;..\jars\libraries\org\apache\commons\commons-lang3\3.3.2\commons-lang3-3.3.2.jar;..\jars\libraries\net\java\dev\jna\jna\3.4.0\jna-3.4.0.jar;..\jars\libraries\com\paulscode\libraryjavasound\20101123\libraryjavasound-20101123.jar;..\jars\libraries\net\sf\jopt-simple\jopt-simple\4.6\jopt-simple-4.6.jar;..\jars\libraries\com\google\guava\guava\17.0\guava-17.0.jar;..\jars\libraries\oshi-project\oshi-core\1.1\oshi-core-1.1.jar;..\jars\libraries\org\apache\httpcomponents\httpclient\4.3.3\httpclient-4.3.3.jar;..\jars\libraries\org\apache\commons\commons-compress\1.8.1\commons-compress-1.8.1.jar;..\jars\libraries\net\java\dev\jna\platform\3.4.0\platform-3.4.0.jar;..\jars\libraries\com\paulscode\codecjorbis\20101023\codecjorbis-20101023.jar;..\jars\libraries\com\paulscode\soundsystem\20120107\soundsystem-20120107.jar;..\jars\libraries\com\paulscode\librarylwjglopenal\20100824\librarylwjglopenal-20100824.jar;..\jars\libraries\org\lwjgl\lwjgl\lwjgl_util\2.9.4-nightly-20150209\lwjgl_util-2.9.4-nightly-20150209.jar;..\jars\libraries\commons-codec\commons-codec\1.9\commons-codec-1.9.jar;..\jars\libraries\net\java\jutils\jutils\1.0.0\jutils-1.0.0.jar;..\jars\libraries\commons-logging\commons-logging\1.1.3\commons-logging-1.1.3.jar;..\jars\libraries\org\lwjgl\lwjgl\lwjgl\2.9.4-nightly-20150209\lwjgl-2.9.4-nightly-20150209.jar;..\jars\libraries\commons-io\commons-io\2.4\commons-io-2.4.jar;..\jars\libraries\com\mojang\realms\1.7.39\realms-1.7.39.jar;..\jars\libraries\com\mojang\authlib\1.5.21\authlib-1.5.21.jar;..\jars\libraries\com\google\code\gson\gson\2.2.4\gson-2.2.4.jar;..\jars\libraries\com\mojang\netty\1.6\netty-1.6.jar;..\jars\libraries\tv\twitch\twitch\6.5\twitch-6.5.jar;..\jars\libraries\com\paulscode\codecwav\20101023\codecwav-20101023.jar;..\jars\libraries\tv\twitch\twitch-platform\6.5\twitch-platform-6.5-natives-windows-64.jar;..\jars\libraries\net\java\jinput\jinput-platform\2.0.5\jinput-platform-2.0.5-natives-windows.jar;..\jars\libraries\org\apache\logging\log4j\log4j-core\2.0-beta9\log4j-core-2.0-beta9.jar;..\jars\libraries\io\netty\netty-all\4.0.23.Final\netty-all-4.0.23.Final.jar" -Djava.library.path=..\jars\versions\apc\apc-natives Start' failed : 1
21:25:51 - FATAL ERROR
Traceback (most recent call last):
  File "runtime\startclient.py", line 42, in startclient
  File "C:\Users\vicqu\Desktop\apc-code\runtime\commands.py", line 1622, in startclient
    self.runmc(forkcmd)
  File "C:\Users\vicqu\Desktop\apc-code\runtime\commands.py", line 1662, in runmc
    raise CalledProcessError(process.returncode, forkcmd, output)
CalledProcessError: Command '"C:\Program Files\Java\jdk1.8.0_171\bin\java" -Xincgc -Xms1024M -Xmx1024M -cp "..\bin\minecraft;..\src\minecraft;..\jars\versions\apc\apc.jar;..\lib;..\lib\*;..\jars\libraries\net\java\jinput\jinput\2.0.5\jinput-2.0.5.jar;..\jars\libraries\org\lwjgl\lwjgl\lwjgl-platform\2.9.4-nightly-20150209\lwjgl-platform-2.9.4-nightly-20150209-natives-windows.jar;..\jars\libraries\com\ibm\icu\icu4j-core-mojang\51.2\icu4j-core-mojang-51.2.jar;..\jars\libraries\tv\twitch\twitch-external-platform\4.5\twitch-external-platform-4.5-natives-windows-64.jar;..\jars\libraries\org\apache\httpcomponents\httpcore\4.3.2\httpcore-4.3.2.jar;..\jars\libraries\org\apache\logging\log4j\log4j-api\2.0-beta9\log4j-api-2.0-beta9.jar;..\jars\libraries\org\apache\commons\commons-lang3\3.3.2\commons-lang3-3.3.2.jar;..\jars\libraries\net\java\dev\jna\jna\3.4.0\jna-3.4.0.jar;..\jars\libraries\com\paulscode\libraryjavasound\20101123\libraryjavasound-20101123.jar;..\jars\libraries\net\sf\jopt-simple\jopt-simple\4.6\jopt-simple-4.6.jar;..\jars\libraries\com\google\guava\guava\17.0\guava-17.0.jar;..\jars\libraries\oshi-project\oshi-core\1.1\oshi-core-1.1.jar;..\jars\libraries\org\apache\httpcomponents\httpclient\4.3.3\httpclient-4.3.3.jar;..\jars\libraries\org\apache\commons\commons-compress\1.8.1\commons-compress-1.8.1.jar;..\jars\libraries\net\java\dev\jna\platform\3.4.0\platform-3.4.0.jar;..\jars\libraries\com\paulscode\codecjorbis\20101023\codecjorbis-20101023.jar;..\jars\libraries\com\paulscode\soundsystem\20120107\soundsystem-20120107.jar;..\jars\libraries\com\paulscode\librarylwjglopenal\20100824\librarylwjglopenal-20100824.jar;..\jars\libraries\org\lwjgl\lwjgl\lwjgl_util\2.9.4-nightly-20150209\lwjgl_util-2.9.4-nightly-20150209.jar;..\jars\libraries\commons-codec\commons-codec\1.9\commons-codec-1.9.jar;..\jars\libraries\net\java\jutils\jutils\1.0.0\jutils-1.0.0.jar;..\jars\libraries\commons-logging\commons-logging\1.1.3\commons-logging-1.1.3.jar;..\jars\libraries\org\lwjgl\lwjgl\lwjgl\2.9.4-nightly-20150209\lwjgl-2.9.4-nightly-20150209.jar;..\jars\libraries\commons-io\commons-io\2.4\commons-io-2.4.jar;..\jars\libraries\com\mojang\realms\1.7.39\realms-1.7.39.jar;..\jars\libraries\com\mojang\authlib\1.5.21\authlib-1.5.21.jar;..\jars\libraries\com\google\code\gson\gson\2.2.4\gson-2.2.4.jar;..\jars\libraries\com\mojang\netty\1.6\netty-1.6.jar;..\jars\libraries\tv\twitch\twitch\6.5\twitch-6.5.jar;..\jars\libraries\com\paulscode\codecwav\20101023\codecwav-20101023.jar;..\jars\libraries\tv\twitch\twitch-platform\6.5\twitch-platform-6.5-natives-windows-64.jar;..\jars\libraries\net\java\jinput\jinput-platform\2.0.5\jinput-platform-2.0.5-natives-windows.jar;..\jars\libraries\org\apache\logging\log4j\log4j-core\2.0-beta9\log4j-core-2.0-beta9.jar;..\jars\libraries\io\netty\netty-all\4.0.23.Final\netty-all-4.0.23.Final.jar" -Djava.library.path=..\jars\versions\apc\apc-natives Start' returned non-zero exit status 1
21:25:55 - "scalac" is not found on the PATH.  Scala files will not be recompiled
21:25:55 - '"C:\Program Files\Java\jdk1.8.0_171\bin\java" -Xincgc -Xms1024M -Xmx1024M -cp "..\bin\minecraft;..\src\minecraft;..\jars\versions\apc\apc.jar;..\lib;..\lib\*;..\jars\libraries\net\java\jinput\jinput\2.0.5\jinput-2.0.5.jar;..\jars\libraries\org\lwjgl\lwjgl\lwjgl-platform\2.9.4-nightly-20150209\lwjgl-platform-2.9.4-nightly-20150209-natives-windows.jar;..\jars\libraries\com\ibm\icu\icu4j-core-mojang\51.2\icu4j-core-mojang-51.2.jar;..\jars\libraries\tv\twitch\twitch-external-platform\4.5\twitch-external-platform-4.5-natives-windows-64.jar;..\jars\libraries\org\apache\httpcomponents\httpcore\4.3.2\httpcore-4.3.2.jar;..\jars\libraries\org\apache\logging\log4j\log4j-api\2.0-beta9\log4j-api-2.0-beta9.jar;..\jars\libraries\org\apache\commons\commons-lang3\3.3.2\commons-lang3-3.3.2.jar;..\jars\libraries\net\java\dev\jna\jna\3.4.0\jna-3.4.0.jar;..\jars\libraries\com\paulscode\libraryjavasound\20101123\libraryjavasound-20101123.jar;..\jars\libraries\net\sf\jopt-simple\jopt-simple\4.6\jopt-simple-4.6.jar;..\jars\libraries\com\google\guava\guava\17.0\guava-17.0.jar;..\jars\libraries\oshi-project\oshi-core\1.1\oshi-core-1.1.jar;..\jars\libraries\org\apache\httpcomponents\httpclient\4.3.3\httpclient-4.3.3.jar;..\jars\libraries\org\apache\commons\commons-compress\1.8.1\commons-compress-1.8.1.jar;..\jars\libraries\net\java\dev\jna\platform\3.4.0\platform-3.4.0.jar;..\jars\libraries\com\paulscode\codecjorbis\20101023\codecjorbis-20101023.jar;..\jars\libraries\com\paulscode\soundsystem\20120107\soundsystem-20120107.jar;..\jars\libraries\com\paulscode\librarylwjglopenal\20100824\librarylwjglopenal-20100824.jar;..\jars\libraries\org\lwjgl\lwjgl\lwjgl_util\2.9.4-nightly-20150209\lwjgl_util-2.9.4-nightly-20150209.jar;..\jars\libraries\commons-codec\commons-codec\1.9\commons-codec-1.9.jar;..\jars\libraries\net\java\jutils\jutils\1.0.0\jutils-1.0.0.jar;..\jars\libraries\commons-logging\commons-logging\1.1.3\commons-logging-1.1.3.jar;..\jars\libraries\org\lwjgl\lwjgl\lwjgl\2.9.4-nightly-20150209\lwjgl-2.9.4-nightly-20150209.jar;..\jars\libraries\commons-io\commons-io\2.4\commons-io-2.4.jar;..\jars\libraries\com\mojang\realms\1.7.39\realms-1.7.39.jar;..\jars\libraries\com\mojang\authlib\1.5.21\authlib-1.5.21.jar;..\jars\libraries\com\google\code\gson\gson\2.2.4\gson-2.2.4.jar;..\jars\libraries\com\mojang\netty\1.6\netty-1.6.jar;..\jars\libraries\tv\twitch\twitch\6.5\twitch-6.5.jar;..\jars\libraries\com\paulscode\codecwav\20101023\codecwav-20101023.jar;..\jars\libraries\tv\twitch\twitch-platform\6.5\twitch-platform-6.5-natives-windows-64.jar;..\jars\libraries\net\java\jinput\jinput-platform\2.0.5\jinput-platform-2.0.5-natives-windows.jar;..\jars\libraries\org\apache\logging\log4j\log4j-core\2.0-beta9\log4j-core-2.0-beta9.jar;..\jars\libraries\io\netty\netty-all\4.0.23.Final\netty-all-4.0.23.Final.jar" -Djava.library.path=..\jars\versions\apc\apc-natives Start' failed : 1
21:25:55 - FATAL ERROR
Traceback (most recent call last):
  File "runtime\startclient.py", line 42, in startclient
  File "C:\Users\vicqu\Desktop\apc-code\runtime\commands.py", line 1622, in startclient
    self.runmc(forkcmd)
  File "C:\Users\vicqu\Desktop\apc-code\runtime\commands.py", line 1662, in runmc
    raise CalledProcessError(process.returncode, forkcmd, output)
CalledProcessError: Command '"C:\Program Files\Java\jdk1.8.0_171\bin\java" -Xincgc -Xms1024M -Xmx1024M -cp "..\bin\minecraft;..\src\minecraft;..\jars\versions\apc\apc.jar;..\lib;..\lib\*;..\jars\libraries\net\java\jinput\jinput\2.0.5\jinput-2.0.5.jar;..\jars\libraries\org\lwjgl\lwjgl\lwjgl-platform\2.9.4-nightly-20150209\lwjgl-platform-2.9.4-nightly-20150209-natives-windows.jar;..\jars\libraries\com\ibm\icu\icu4j-core-mojang\51.2\icu4j-core-mojang-51.2.jar;..\jars\libraries\tv\twitch\twitch-external-platform\4.5\twitch-external-platform-4.5-natives-windows-64.jar;..\jars\libraries\org\apache\httpcomponents\httpcore\4.3.2\httpcore-4.3.2.jar;..\jars\libraries\org\apache\logging\log4j\log4j-api\2.0-beta9\log4j-api-2.0-beta9.jar;..\jars\libraries\org\apache\commons\commons-lang3\3.3.2\commons-lang3-3.3.2.jar;..\jars\libraries\net\java\dev\jna\jna\3.4.0\jna-3.4.0.jar;..\jars\libraries\com\paulscode\libraryjavasound\20101123\libraryjavasound-20101123.jar;..\jars\libraries\net\sf\jopt-simple\jopt-simple\4.6\jopt-simple-4.6.jar;..\jars\libraries\com\google\guava\guava\17.0\guava-17.0.jar;..\jars\libraries\oshi-project\oshi-core\1.1\oshi-core-1.1.jar;..\jars\libraries\org\apache\httpcomponents\httpclient\4.3.3\httpclient-4.3.3.jar;..\jars\libraries\org\apache\commons\commons-compress\1.8.1\commons-compress-1.8.1.jar;..\jars\libraries\net\java\dev\jna\platform\3.4.0\platform-3.4.0.jar;..\jars\libraries\com\paulscode\codecjorbis\20101023\codecjorbis-20101023.jar;..\jars\libraries\com\paulscode\soundsystem\20120107\soundsystem-20120107.jar;..\jars\libraries\com\paulscode\librarylwjglopenal\20100824\librarylwjglopenal-20100824.jar;..\jars\libraries\org\lwjgl\lwjgl\lwjgl_util\2.9.4-nightly-20150209\lwjgl_util-2.9.4-nightly-20150209.jar;..\jars\libraries\commons-codec\commons-codec\1.9\commons-codec-1.9.jar;..\jars\libraries\net\java\jutils\jutils\1.0.0\jutils-1.0.0.jar;..\jars\libraries\commons-logging\commons-logging\1.1.3\commons-logging-1.1.3.jar;..\jars\libraries\org\lwjgl\lwjgl\lwjgl\2.9.4-nightly-20150209\lwjgl-2.9.4-nightly-20150209.jar;..\jars\libraries\commons-io\commons-io\2.4\commons-io-2.4.jar;..\jars\libraries\com\mojang\realms\1.7.39\realms-1.7.39.jar;..\jars\libraries\com\mojang\authlib\1.5.21\authlib-1.5.21.jar;..\jars\libraries\com\google\code\gson\gson\2.2.4\gson-2.2.4.jar;..\jars\libraries\com\mojang\netty\1.6\netty-1.6.jar;..\jars\libraries\tv\twitch\twitch\6.5\twitch-6.5.jar;..\jars\libraries\com\paulscode\codecwav\20101023\codecwav-20101023.jar;..\jars\libraries\tv\twitch\twitch-platform\6.5\twitch-platform-6.5-natives-windows-64.jar;..\jars\libraries\net\java\jinput\jinput-platform\2.0.5\jinput-platform-2.0.5-natives-windows.jar;..\jars\libraries\org\apache\logging\log4j\log4j-core\2.0-beta9\log4j-core-2.0-beta9.jar;..\jars\libraries\io\netty\netty-all\4.0.23.Final\netty-all-4.0.23.Final.jar" -Djava.library.path=..\jars\versions\apc\apc-natives Start' returned non-zero exit status 1
21:26:25 - "scalac" is not found on the PATH.  Scala files will not be recompiled
21:26:25 - !! Can not find server bins !!
21:26:29 - "scalac" is not found on the PATH.  Scala files will not be recompiled
21:26:30 - '"C:\Program Files\Java\jdk1.8.0_171\bin\java" -Xincgc -Xms1024M -Xmx1024M -cp "..\bin\minecraft;..\src\minecraft;..\jars\versions\apc\apc.jar;..\lib;..\lib\*;..\jars\libraries\net\java\jinput\jinput\2.0.5\jinput-2.0.5.jar;..\jars\libraries\org\lwjgl\lwjgl\lwjgl-platform\2.9.4-nightly-20150209\lwjgl-platform-2.9.4-nightly-20150209-natives-windows.jar;..\jars\libraries\com\ibm\icu\icu4j-core-mojang\51.2\icu4j-core-mojang-51.2.jar;..\jars\libraries\tv\twitch\twitch-external-platform\4.5\twitch-external-platform-4.5-natives-windows-64.jar;..\jars\libraries\org\apache\httpcomponents\httpcore\4.3.2\httpcore-4.3.2.jar;..\jars\libraries\org\apache\logging\log4j\log4j-api\2.0-beta9\log4j-api-2.0-beta9.jar;..\jars\libraries\org\apache\commons\commons-lang3\3.3.2\commons-lang3-3.3.2.jar;..\jars\libraries\net\java\dev\jna\jna\3.4.0\jna-3.4.0.jar;..\jars\libraries\com\paulscode\libraryjavasound\20101123\libraryjavasound-20101123.jar;..\jars\libraries\net\sf\jopt-simple\jopt-simple\4.6\jopt-simple-4.6.jar;..\jars\libraries\com\google\guava\guava\17.0\guava-17.0.jar;..\jars\libraries\oshi-project\oshi-core\1.1\oshi-core-1.1.jar;..\jars\libraries\org\apache\httpcomponents\httpclient\4.3.3\httpclient-4.3.3.jar;..\jars\libraries\org\apache\commons\commons-compress\1.8.1\commons-compress-1.8.1.jar;..\jars\libraries\net\java\dev\jna\platform\3.4.0\platform-3.4.0.jar;..\jars\libraries\com\paulscode\codecjorbis\20101023\codecjorbis-20101023.jar;..\jars\libraries\com\paulscode\soundsystem\20120107\soundsystem-20120107.jar;..\jars\libraries\com\paulscode\librarylwjglopenal\20100824\librarylwjglopenal-20100824.jar;..\jars\libraries\org\lwjgl\lwjgl\lwjgl_util\2.9.4-nightly-20150209\lwjgl_util-2.9.4-nightly-20150209.jar;..\jars\libraries\commons-codec\commons-codec\1.9\commons-codec-1.9.jar;..\jars\libraries\net\java\jutils\jutils\1.0.0\jutils-1.0.0.jar;..\jars\libraries\commons-logging\commons-logging\1.1.3\commons-logging-1.1.3.jar;..\jars\libraries\org\lwjgl\lwjgl\lwjgl\2.9.4-nightly-20150209\lwjgl-2.9.4-nightly-20150209.jar;..\jars\libraries\commons-io\commons-io\2.4\commons-io-2.4.jar;..\jars\libraries\com\mojang\realms\1.7.39\realms-1.7.39.jar;..\jars\libraries\com\mojang\authlib\1.5.21\authlib-1.5.21.jar;..\jars\libraries\com\google\code\gson\gson\2.2.4\gson-2.2.4.jar;..\jars\libraries\com\mojang\netty\1.6\netty-1.6.jar;..\jars\libraries\tv\twitch\twitch\6.5\twitch-6.5.jar;..\jars\libraries\com\paulscode\codecwav\20101023\codecwav-20101023.jar;..\jars\libraries\tv\twitch\twitch-platform\6.5\twitch-platform-6.5-natives-windows-64.jar;..\jars\libraries\net\java\jinput\jinput-platform\2.0.5\jinput-platform-2.0.5-natives-windows.jar;..\jars\libraries\org\apache\logging\log4j\log4j-core\2.0-beta9\log4j-core-2.0-beta9.jar;..\jars\libraries\io\netty\netty-all\4.0.23.Final\netty-all-4.0.23.Final.jar" -Djava.library.path=..\jars\versions\apc\apc-natives Start' failed : 1
21:26:30 - FATAL ERROR
Traceback (most recent call last):
  File "runtime\startclient.py", line 42, in startclient
  File "C:\Users\vicqu\Desktop\apc-code\runtime\commands.py", line 1622, in startclient
    self.runmc(forkcmd)
  File "C:\Users\vicqu\Desktop\apc-code\runtime\commands.py", line 1662, in runmc
    raise CalledProcessError(process.returncode, forkcmd, output)
CalledProcessError: Command '"C:\Program Files\Java\jdk1.8.0_171\bin\java" -Xincgc -Xms1024M -Xmx1024M -cp "..\bin\minecraft;..\src\minecraft;..\jars\versions\apc\apc.jar;..\lib;..\lib\*;..\jars\libraries\net\java\jinput\jinput\2.0.5\jinput-2.0.5.jar;..\jars\libraries\org\lwjgl\lwjgl\lwjgl-platform\2.9.4-nightly-20150209\lwjgl-platform-2.9.4-nightly-20150209-natives-windows.jar;..\jars\libraries\com\ibm\icu\icu4j-core-mojang\51.2\icu4j-core-mojang-51.2.jar;..\jars\libraries\tv\twitch\twitch-external-platform\4.5\twitch-external-platform-4.5-natives-windows-64.jar;..\jars\libraries\org\apache\httpcomponents\httpcore\4.3.2\httpcore-4.3.2.jar;..\jars\libraries\org\apache\logging\log4j\log4j-api\2.0-beta9\log4j-api-2.0-beta9.jar;..\jars\libraries\org\apache\commons\commons-lang3\3.3.2\commons-lang3-3.3.2.jar;..\jars\libraries\net\java\dev\jna\jna\3.4.0\jna-3.4.0.jar;..\jars\libraries\com\paulscode\libraryjavasound\20101123\libraryjavasound-20101123.jar;..\jars\libraries\net\sf\jopt-simple\jopt-simple\4.6\jopt-simple-4.6.jar;..\jars\libraries\com\google\guava\guava\17.0\guava-17.0.jar;..\jars\libraries\oshi-project\oshi-core\1.1\oshi-core-1.1.jar;..\jars\libraries\org\apache\httpcomponents\httpclient\4.3.3\httpclient-4.3.3.jar;..\jars\libraries\org\apache\commons\commons-compress\1.8.1\commons-compress-1.8.1.jar;..\jars\libraries\net\java\dev\jna\platform\3.4.0\platform-3.4.0.jar;..\jars\libraries\com\paulscode\codecjorbis\20101023\codecjorbis-20101023.jar;..\jars\libraries\com\paulscode\soundsystem\20120107\soundsystem-20120107.jar;..\jars\libraries\com\paulscode\librarylwjglopenal\20100824\librarylwjglopenal-20100824.jar;..\jars\libraries\org\lwjgl\lwjgl\lwjgl_util\2.9.4-nightly-20150209\lwjgl_util-2.9.4-nightly-20150209.jar;..\jars\libraries\commons-codec\commons-codec\1.9\commons-codec-1.9.jar;..\jars\libraries\net\java\jutils\jutils\1.0.0\jutils-1.0.0.jar;..\jars\libraries\commons-logging\commons-logging\1.1.3\commons-logging-1.1.3.jar;..\jars\libraries\org\lwjgl\lwjgl\lwjgl\2.9.4-nightly-20150209\lwjgl-2.9.4-nightly-20150209.jar;..\jars\libraries\commons-io\commons-io\2.4\commons-io-2.4.jar;..\jars\libraries\com\mojang\realms\1.7.39\realms-1.7.39.jar;..\jars\libraries\com\mojang\authlib\1.5.21\authlib-1.5.21.jar;..\jars\libraries\com\google\code\gson\gson\2.2.4\gson-2.2.4.jar;..\jars\libraries\com\mojang\netty\1.6\netty-1.6.jar;..\jars\libraries\tv\twitch\twitch\6.5\twitch-6.5.jar;..\jars\libraries\com\paulscode\codecwav\20101023\codecwav-20101023.jar;..\jars\libraries\tv\twitch\twitch-platform\6.5\twitch-platform-6.5-natives-windows-64.jar;..\jars\libraries\net\java\jinput\jinput-platform\2.0.5\jinput-platform-2.0.5-natives-windows.jar;..\jars\libraries\org\apache\logging\log4j\log4j-core\2.0-beta9\log4j-core-2.0-beta9.jar;..\jars\libraries\io\netty\netty-all\4.0.23.Final\netty-all-4.0.23.Final.jar" -Djava.library.path=..\jars\versions\apc\apc-natives Start' returned non-zero exit status 1
21:27:08 - "scalac" is not found on the PATH.  Scala files will not be recompiled
09:59:03 - "scalac" is not found on the PATH.  Scala files will not be recompiled
09:59:04 - '"C:\Program Files\Java\jdk1.8.0_171\bin\java" -Xincgc -Xms1024M -Xmx1024M -cp "..\bin\minecraft;..\src\minecraft;..\jars\versions\apc\apc.jar;..\lib;..\lib\*;..\jars\libraries\net\java\jinput\jinput\2.0.5\jinput-2.0.5.jar;..\jars\libraries\org\lwjgl\lwjgl\lwjgl-platform\2.9.4-nightly-20150209\lwjgl-platform-2.9.4-nightly-20150209-natives-windows.jar;..\jars\libraries\com\ibm\icu\icu4j-core-mojang\51.2\icu4j-core-mojang-51.2.jar;..\jars\libraries\tv\twitch\twitch-external-platform\4.5\twitch-external-platform-4.5-natives-windows-64.jar;..\jars\libraries\org\apache\httpcomponents\httpcore\4.3.2\httpcore-4.3.2.jar;..\jars\libraries\org\apache\logging\log4j\log4j-api\2.0-beta9\log4j-api-2.0-beta9.jar;..\jars\libraries\org\apache\commons\commons-lang3\3.3.2\commons-lang3-3.3.2.jar;..\jars\libraries\net\java\dev\jna\jna\3.4.0\jna-3.4.0.jar;..\jars\libraries\com\paulscode\libraryjavasound\20101123\libraryjavasound-20101123.jar;..\jars\libraries\net\sf\jopt-simple\jopt-simple\4.6\jopt-simple-4.6.jar;..\jars\libraries\com\google\guava\guava\17.0\guava-17.0.jar;..\jars\libraries\oshi-project\oshi-core\1.1\oshi-core-1.1.jar;..\jars\libraries\org\apache\httpcomponents\httpclient\4.3.3\httpclient-4.3.3.jar;..\jars\libraries\org\apache\commons\commons-compress\1.8.1\commons-compress-1.8.1.jar;..\jars\libraries\net\java\dev\jna\platform\3.4.0\platform-3.4.0.jar;..\jars\libraries\com\paulscode\codecjorbis\20101023\codecjorbis-20101023.jar;..\jars\libraries\com\paulscode\soundsystem\20120107\soundsystem-20120107.jar;..\jars\libraries\com\paulscode\librarylwjglopenal\20100824\librarylwjglopenal-20100824.jar;..\jars\libraries\org\lwjgl\lwjgl\lwjgl_util\2.9.4-nightly-20150209\lwjgl_util-2.9.4-nightly-20150209.jar;..\jars\libraries\commons-codec\commons-codec\1.9\commons-codec-1.9.jar;..\jars\libraries\net\java\jutils\jutils\1.0.0\jutils-1.0.0.jar;..\jars\libraries\commons-logging\commons-logging\1.1.3\commons-logging-1.1.3.jar;..\jars\libraries\org\lwjgl\lwjgl\lwjgl\2.9.4-nightly-20150209\lwjgl-2.9.4-nightly-20150209.jar;..\jars\libraries\commons-io\commons-io\2.4\commons-io-2.4.jar;..\jars\libraries\com\mojang\realms\1.7.39\realms-1.7.39.jar;..\jars\libraries\com\mojang\authlib\1.5.21\authlib-1.5.21.jar;..\jars\libraries\com\google\code\gson\gson\2.2.4\gson-2.2.4.jar;..\jars\libraries\com\mojang\netty\1.6\netty-1.6.jar;..\jars\libraries\tv\twitch\twitch\6.5\twitch-6.5.jar;..\jars\libraries\com\paulscode\codecwav\20101023\codecwav-20101023.jar;..\jars\libraries\tv\twitch\twitch-platform\6.5\twitch-platform-6.5-natives-windows-64.jar;..\jars\libraries\net\java\jinput\jinput-platform\2.0.5\jinput-platform-2.0.5-natives-windows.jar;..\jars\libraries\org\apache\logging\log4j\log4j-core\2.0-beta9\log4j-core-2.0-beta9.jar;..\jars\libraries\io\netty\netty-all\4.0.23.Final\netty-all-4.0.23.Final.jar" -Djava.library.path=..\jars\versions\apc\apc-natives Start' failed : 1
09:59:04 - FATAL ERROR
Traceback (most recent call last):
  File "runtime\startclient.py", line 42, in startclient
  File "C:\Users\vicqu\Desktop\apc-code\runtime\commands.py", line 1622, in startclient
    self.runmc(forkcmd)
  File "C:\Users\vicqu\Desktop\apc-code\runtime\commands.py", line 1662, in runmc
    raise CalledProcessError(process.returncode, forkcmd, output)
CalledProcessError: Command '"C:\Program Files\Java\jdk1.8.0_171\bin\java" -Xincgc -Xms1024M -Xmx1024M -cp "..\bin\minecraft;..\src\minecraft;..\jars\versions\apc\apc.jar;..\lib;..\lib\*;..\jars\libraries\net\java\jinput\jinput\2.0.5\jinput-2.0.5.jar;..\jars\libraries\org\lwjgl\lwjgl\lwjgl-platform\2.9.4-nightly-20150209\lwjgl-platform-2.9.4-nightly-20150209-natives-windows.jar;..\jars\libraries\com\ibm\icu\icu4j-core-mojang\51.2\icu4j-core-mojang-51.2.jar;..\jars\libraries\tv\twitch\twitch-external-platform\4.5\twitch-external-platform-4.5-natives-windows-64.jar;..\jars\libraries\org\apache\httpcomponents\httpcore\4.3.2\httpcore-4.3.2.jar;..\jars\libraries\org\apache\logging\log4j\log4j-api\2.0-beta9\log4j-api-2.0-beta9.jar;..\jars\libraries\org\apache\commons\commons-lang3\3.3.2\commons-lang3-3.3.2.jar;..\jars\libraries\net\java\dev\jna\jna\3.4.0\jna-3.4.0.jar;..\jars\libraries\com\paulscode\libraryjavasound\20101123\libraryjavasound-20101123.jar;..\jars\libraries\net\sf\jopt-simple\jopt-simple\4.6\jopt-simple-4.6.jar;..\jars\libraries\com\google\guava\guava\17.0\guava-17.0.jar;..\jars\libraries\oshi-project\oshi-core\1.1\oshi-core-1.1.jar;..\jars\libraries\org\apache\httpcomponents\httpclient\4.3.3\httpclient-4.3.3.jar;..\jars\libraries\org\apache\commons\commons-compress\1.8.1\commons-compress-1.8.1.jar;..\jars\libraries\net\java\dev\jna\platform\3.4.0\platform-3.4.0.jar;..\jars\libraries\com\paulscode\codecjorbis\20101023\codecjorbis-20101023.jar;..\jars\libraries\com\paulscode\soundsystem\20120107\soundsystem-20120107.jar;..\jars\libraries\com\paulscode\librarylwjglopenal\20100824\librarylwjglopenal-20100824.jar;..\jars\libraries\org\lwjgl\lwjgl\lwjgl_util\2.9.4-nightly-20150209\lwjgl_util-2.9.4-nightly-20150209.jar;..\jars\libraries\commons-codec\commons-codec\1.9\commons-codec-1.9.jar;..\jars\libraries\net\java\jutils\jutils\1.0.0\jutils-1.0.0.jar;..\jars\libraries\commons-logging\commons-logging\1.1.3\commons-logging-1.1.3.jar;..\jars\libraries\org\lwjgl\lwjgl\lwjgl\2.9.4-nightly-20150209\lwjgl-2.9.4-nightly-20150209.jar;..\jars\libraries\commons-io\commons-io\2.4\commons-io-2.4.jar;..\jars\libraries\com\mojang\realms\1.7.39\realms-1.7.39.jar;..\jars\libraries\com\mojang\authlib\1.5.21\authlib-1.5.21.jar;..\jars\libraries\com\google\code\gson\gson\2.2.4\gson-2.2.4.jar;..\jars\libraries\com\mojang\netty\1.6\netty-1.6.jar;..\jars\libraries\tv\twitch\twitch\6.5\twitch-6.5.jar;..\jars\libraries\com\paulscode\codecwav\20101023\codecwav-20101023.jar;..\jars\libraries\tv\twitch\twitch-platform\6.5\twitch-platform-6.5-natives-windows-64.jar;..\jars\libraries\net\java\jinput\jinput-platform\2.0.5\jinput-platform-2.0.5-natives-windows.jar;..\jars\libraries\org\apache\logging\log4j\log4j-core\2.0-beta9\log4j-core-2.0-beta9.jar;..\jars\libraries\io\netty\netty-all\4.0.23.Final\netty-all-4.0.23.Final.jar" -Djava.library.path=..\jars\versions\apc\apc-natives Start' returned non-zero exit status 1
10:00:48 - "scalac" is not found on the PATH.  Scala files will not be recompiled
19:28:42 - "scalac" is not found on the PATH.  Scala files will not be recompiled
19:30:17 - "scalac" is not found on the PATH.  Scala files will not be recompiled
19:30:34 - "scalac" is not found on the PATH.  Scala files will not be recompiled
19:30:55 - !! Can not find server sources, try decompiling !!
19:31:17 - "scalac" is not found on the PATH.  Scala files will not be recompiled
09:07:31 - "scalac" is not found on the PATH.  Scala files will not be recompiled
09:08:22 - !! Can not find server sources, try decompiling !!
09:08:37 - "scalac" is not found on the PATH.  Scala files will not be recompiled
09:26:01 - "scalac" is not found on the PATH.  Scala files will not be recompiled
09:26:43 - !! Can not find server sources, try decompiling !!
15:19:45 - "scalac" is not found on the PATH.  Scala files will not be recompiled
15:31:52 - "scalac" is not found on the PATH.  Scala files will not be recompiled
15:32:34 - "scalac" is not found on the PATH.  Scala files will not be recompiled
15:32:56 - !! Can not find server sources, try decompiling !!
15:33:01 - "scalac" is not found on the PATH.  Scala files will not be recompiled
15:48:19 - "scalac" is not found on the PATH.  Scala files will not be recompiled
16:54:23 - "scalac" is not found on the PATH.  Scala files will not be recompiled
16:54:43 - !! Can not find server sources, try decompiling !!
16:54:46 - "scalac" is not found on the PATH.  Scala files will not be recompiled
