#
# There is insufficient memory for the Java Runtime Environment to continue.
# Native memory allocation (malloc) failed to allocate 852256 bytes for Chunk::new
# Possible reasons:
#   The system is out of physical RAM or swap space
#   In 32 bit mode, the process size limit was hit
# Possible solutions:
#   Reduce memory load on the system
#   Increase physical memory or swap space
#   Check if swap backing store is full
#   Use 64 bit Java on a 64 bit OS
#   Decrease Java heap size (-Xmx/-Xms)
#   Decrease number of Java threads
#   Decrease Java thread stack sizes (-Xss)
#   Set larger code cache with -XX:ReservedCodeCacheSize=
# This output file may be truncated or incomplete.
#
#  Out of Memory Error (allocation.cpp:390), pid=2228, tid=0x0000000000003fa0
#
# JRE version: Java(TM) SE Runtime Environment (8.0_171-b11) (build 1.8.0_171-b11)
# Java VM: Java HotSpot(TM) 64-Bit Server VM (25.171-b11 mixed mode windows-amd64 compressed oops)
# Failed to write core dump. Minidumps are not enabled by default on client versions of Windows
#

---------------  T H R E A D  ---------------

Current thread (0x000000001662b800):  JavaThread "C2 CompilerThread1" daemon [_thread_in_native, id=16288, stack(0x0000000016fb0000,0x00000000170b0000)]

Stack: [0x0000000016fb0000,0x00000000170b0000]
[error occurred during error reporting (printing stack bounds), id 0xc0000005]

Native frames: (J=compiled Java code, j=interpreted, Vv=VM code, C=native code)


Current CompileTask:
C2:   3981 2642   !   4       com.google.gson.internal.Streams::parse (68 bytes)


---------------  P R O C E S S  ---------------

Java Threads: ( => current thread )
  0x0000000019529000 JavaThread "Thread-7" [_thread_blocked, id=24548, stack(0x0000000027900000,0x0000000027a00000)]
  0x0000000018d8c800 JavaThread "Thread-6" [_thread_blocked, id=18820, stack(0x0000000027800000,0x0000000027900000)]
  0x0000000018d76800 JavaThread "Sound Library Loader" [_thread_blocked, id=5668, stack(0x0000000027700000,0x0000000027800000)]
  0x0000000018be9000 JavaThread "Java2D Disposer" daemon [_thread_blocked, id=21480, stack(0x000000001b5e0000,0x000000001b6e0000)]
  0x0000000018be8000 JavaThread "Timer hack thread" daemon [_thread_blocked, id=23752, stack(0x000000001b4e0000,0x000000001b5e0000)]
  0x000000001936e800 JavaThread "Snooper Timer" daemon [_thread_blocked, id=19096, stack(0x000000001ae80000,0x000000001af80000)]
  0x00000000188dc800 JavaThread "Snooper Timer" daemon [_thread_blocked, id=23160, stack(0x000000001ab90000,0x000000001ac90000)]
  0x0000000016636000 JavaThread "Service Thread" daemon [_thread_blocked, id=23996, stack(0x00000000171b0000,0x00000000172b0000)]
  0x000000001662d000 JavaThread "C1 CompilerThread2" daemon [_thread_blocked, id=23720, stack(0x00000000170b0000,0x00000000171b0000)]
=>0x000000001662b800 JavaThread "C2 CompilerThread1" daemon [_thread_in_native, id=16288, stack(0x0000000016fb0000,0x00000000170b0000)]
  0x00000000165d0800 JavaThread "C2 CompilerThread0" daemon [_thread_in_native, id=5168, stack(0x0000000016eb0000,0x0000000016fb0000)]
  0x00000000165cd000 JavaThread "Attach Listener" daemon [_thread_blocked, id=5456, stack(0x0000000016db0000,0x0000000016eb0000)]
  0x00000000165cb800 JavaThread "Signal Dispatcher" daemon [_thread_blocked, id=11276, stack(0x0000000016cb0000,0x0000000016db0000)]
  0x00000000165ca000 JavaThread "Surrogate Locker Thread (Concurrent GC)" daemon [_thread_blocked, id=19344, stack(0x0000000016bb0000,0x0000000016cb0000)]
  0x00000000165c0800 JavaThread "Finalizer" daemon [_thread_blocked, id=13392, stack(0x00000000169a0000,0x0000000016aa0000)]
  0x0000000015b8b800 JavaThread "Reference Handler" daemon [_thread_blocked, id=21956, stack(0x00000000164a0000,0x00000000165a0000)]
  0x0000000002924000 JavaThread "Client thread" [_thread_in_native, id=22932, stack(0x00000000027c0000,0x00000000028c0000)]

Other Threads:
  0x0000000015b80800 VMThread [stack: 0x00000000163a0000,0x00000000164a0000] [id=10108]
  0x000000001664d800 WatcherThread [stack: 0x00000000172b0000,0x00000000173b0000] [id=17572]

VM state:not at safepoint (normal execution)

VM Mutex/Monitor currently owned by a thread: None

Heap:
 par new generation   total 306688K, used 64801K [0x00000000c0000000, 0x00000000d4cc0000, 0x00000000d4cc0000)
  eden space 272640K,  11% used [0x00000000c0000000, 0x00000000c1e08788, 0x00000000d0a40000)
  from space 34048K, 100% used [0x00000000d0a40000, 0x00000000d2b80000, 0x00000000d2b80000)
  to   space 34048K,   0% used [0x00000000d2b80000, 0x00000000d2b80000, 0x00000000d4cc0000)
 concurrent mark-sweep generation total 707840K, used 27290K [0x00000000d4cc0000, 0x0000000100000000, 0x0000000100000000)
 Metaspace       used 29881K, capacity 30099K, committed 30516K, reserved 1075200K
  class space    used 3979K, capacity 4068K, committed 4092K, reserved 1048576K

Card table byte_map: [0x00000000121e0000,0x00000000123f0000] byte_map_base: 0x0000000011be0000

Marking Bits: (CMSBitMap*) 0x000000000297c778
 Bits: [0x0000000012990000, 0x000000001345d000)

Mod Union Table: (CMSBitMap*) 0x000000000297c838
 Bits: [0x0000000000d40000, 0x0000000000d6b340)

Polling page: 0x0000000000a00000

CodeCache: size=245760Kb used=9242Kb max_used=9242Kb free=236517Kb
 bounds [0x0000000002a20000, 0x0000000003330000, 0x0000000011a20000]
 total_blobs=3223 nmethods=2615 adapters=520
 compilation: enabled

Compilation events (10 events):
Event: 3.975 Thread 0x000000001662d000 2672       3       java.util.EnumMap$EntrySet::iterator (13 bytes)
Event: 3.975 Thread 0x000000001662d000 nmethod 2672 0x0000000003329f10 code [0x000000000332a0a0, 0x000000000332a470]
Event: 3.975 Thread 0x000000001662d000 2673       3       java.util.EnumMap$EntryIterator::<init> (6 bytes)
Event: 3.975 Thread 0x000000001662d000 nmethod 2673 0x000000000332a690 code [0x000000000332a800, 0x000000000332ab10]
Event: 3.975 Thread 0x000000001662d000 2674       3       java.util.EnumMap$EntryIterator::<init> (12 bytes)
Event: 3.975 Thread 0x000000001662d000 nmethod 2674 0x000000000332ac90 code [0x000000000332ae00, 0x000000000332b0b0]
Event: 3.975 Thread 0x000000001662d000 2675       3       java.util.EnumMap$EnumMapIterator::<init> (6 bytes)
Event: 3.975 Thread 0x000000001662d000 nmethod 2675 0x000000000332b1d0 code [0x000000000332b340, 0x000000000332b570]
Event: 3.975 Thread 0x000000001662d000 2676       3       java.util.EnumMap$EnumMapIterator::<init> (20 bytes)
Event: 3.975 Thread 0x000000001662d000 nmethod 2676 0x000000000332b650 code [0x000000000332b7a0, 0x000000000332b970]

GC Heap History (4 events):
Event: 2.458 GC heap before
{Heap before GC invocations=0 (full 0):
 par new generation   total 306688K, used 272640K [0x00000000c0000000, 0x00000000d4cc0000, 0x00000000d4cc0000)
  eden space 272640K, 100% used [0x00000000c0000000, 0x00000000d0a40000, 0x00000000d0a40000)
  from space 34048K,   0% used [0x00000000d0a40000, 0x00000000d0a40000, 0x00000000d2b80000)
  to   space 34048K,   0% used [0x00000000d2b80000, 0x00000000d2b80000, 0x00000000d4cc0000)
 concurrent mark-sweep generation total 707840K, used 0K [0x00000000d4cc0000, 0x0000000100000000, 0x0000000100000000)
 Metaspace       used 25777K, capacity 26022K, committed 26200K, reserved 1071104K
  class space    used 3676K, capacity 3745K, committed 3760K, reserved 1048576K
Event: 2.480 GC heap after
Heap after GC invocations=1 (full 0):
 par new generation   total 306688K, used 32072K [0x00000000c0000000, 0x00000000d4cc0000, 0x00000000d4cc0000)
  eden space 272640K,   0% used [0x00000000c0000000, 0x00000000c0000000, 0x00000000d0a40000)
  from space 34048K,  94% used [0x00000000d2b80000, 0x00000000d4ad22c8, 0x00000000d4cc0000)
  to   space 34048K,   0% used [0x00000000d0a40000, 0x00000000d0a40000, 0x00000000d2b80000)
 concurrent mark-sweep generation total 707840K, used 0K [0x00000000d4cc0000, 0x0000000100000000, 0x0000000100000000)
 Metaspace       used 25777K, capacity 26022K, committed 26200K, reserved 1071104K
  class space    used 3676K, capacity 3745K, committed 3760K, reserved 1048576K
}
Event: 3.838 GC heap before
{Heap before GC invocations=1 (full 0):
 par new generation   total 306688K, used 304712K [0x00000000c0000000, 0x00000000d4cc0000, 0x00000000d4cc0000)
  eden space 272640K, 100% used [0x00000000c0000000, 0x00000000d0a40000, 0x00000000d0a40000)
  from space 34048K,  94% used [0x00000000d2b80000, 0x00000000d4ad22c8, 0x00000000d4cc0000)
  to   space 34048K,   0% used [0x00000000d0a40000, 0x00000000d0a40000, 0x00000000d2b80000)
 concurrent mark-sweep generation total 707840K, used 0K [0x00000000d4cc0000, 0x0000000100000000, 0x0000000100000000)
 Metaspace       used 29846K, capacity 30099K, committed 30516K, reserved 1075200K
  class space    used 3978K, capacity 4068K, committed 4092K, reserved 1048576K
Event: 3.908 GC heap after
Heap after GC invocations=2 (full 0):
 par new generation   total 306688K, used 34048K [0x00000000c0000000, 0x00000000d4cc0000, 0x00000000d4cc0000)
  eden space 272640K,   0% used [0x00000000c0000000, 0x00000000c0000000, 0x00000000d0a40000)
  from space 34048K, 100% used [0x00000000d0a40000, 0x00000000d2b80000, 0x00000000d2b80000)
  to   space 34048K,   0% used [0x00000000d2b80000, 0x00000000d2b80000, 0x00000000d4cc0000)
 concurrent mark-sweep generation total 707840K, used 27290K [0x00000000d4cc0000, 0x0000000100000000, 0x0000000100000000)
 Metaspace       used 29846K, capacity 30099K, committed 30516K, reserved 1075200K
  class space    used 3978K, capacity 4068K, committed 4092K, reserved 1048576K
}

Deoptimization events (10 events):
Event: 3.568 Thread 0x0000000002924000 Uncommon trap: reason=bimorphic action=maybe_recompile pc=0x0000000002f8d458 method=java.util.HashMap$TreeNode.find(ILjava/lang/Object;Ljava/lang/Class;)Ljava/util/HashMap$TreeNode; @ 68
Event: 3.568 Thread 0x0000000002924000 Uncommon trap: reason=bimorphic action=maybe_recompile pc=0x0000000002f8d458 method=java.util.HashMap$TreeNode.find(ILjava/lang/Object;Ljava/lang/Class;)Ljava/util/HashMap$TreeNode; @ 68
Event: 3.568 Thread 0x0000000002924000 Uncommon trap: reason=bimorphic action=maybe_recompile pc=0x0000000002f8d458 method=java.util.HashMap$TreeNode.find(ILjava/lang/Object;Ljava/lang/Class;)Ljava/util/HashMap$TreeNode; @ 68
Event: 3.585 Thread 0x0000000002924000 Uncommon trap: reason=unstable_if action=reinterpret pc=0x0000000002fa35c0 method=net.minecraft.block.properties.PropertyHelper.equals(Ljava/lang/Object;)Z @ 52
Event: 3.593 Thread 0x0000000002924000 Uncommon trap: reason=null_check action=make_not_entrant pc=0x00000000031a24f4 method=com.google.gson.JsonPrimitive.isPrimitiveOrString(Ljava/lang/Object;)Z @ 39
Event: 3.733 Thread 0x0000000002924000 Uncommon trap: reason=unstable_if action=reinterpret pc=0x000000000325f5d0 method=java.util.ArrayList.isEmpty()Z @ 4
Event: 3.739 Thread 0x0000000002924000 Uncommon trap: reason=unstable_if action=reinterpret pc=0x0000000002d76864 method=java.lang.String.lastIndexOf([CII[CIII)I @ 17
Event: 3.740 Thread 0x0000000002924000 Uncommon trap: reason=unstable_if action=reinterpret pc=0x0000000002d449bc method=java.lang.CharacterDataLatin1.isWhitespace(I)Z @ 14
Event: 3.835 Thread 0x0000000002924000 Uncommon trap: reason=unstable_if action=reinterpret pc=0x0000000003300078 method=com.google.gson.internal.bind.JsonTreeReader.hasNext()Z @ 16
Event: 3.924 Thread 0x0000000002924000 Uncommon trap: reason=unstable_if action=reinterpret pc=0x00000000032e7f04 method=java.lang.Long.toString(J)Ljava/lang/String; @ 14

Classes redefined (0 events):
No events

Internal exceptions (10 events):
Event: 3.319 Thread 0x0000000002924000 Implicit null exception at 0x0000000002f8f9ec to 0x0000000002f8fa22
Event: 3.321 Thread 0x0000000002924000 Exception <a 'java/lang/UnsatisfiedLinkError': Impossibile trovare la procedura specificata.
> (0x00000000c74753e8) thrown at [C:\re\workspace\8-2-build-windows-amd64-cygwin\jdk8u171\10807\hotspot\src\share\vm\prims\jni.cpp, line 735]
Event: 3.628 Thread 0x0000000018d8c800 Exception <a 'java/lang/InterruptedException': sleep interrupted> (0x00000000cda45fb0) thrown at [C:\re\workspace\8-2-build-windows-amd64-cygwin\jdk8u171\10807\hotspot\src\share\vm\prims\jvm.cpp, line 3273]
Event: 3.634 Thread 0x0000000018d8c800 Exception <a 'java/security/PrivilegedActionException'> (0x00000000cdaa2a08) thrown at [C:\re\workspace\8-2-build-windows-amd64-cygwin\jdk8u171\10807\hotspot\src\share\vm\prims\jvm.cpp, line 1435]
Event: 3.634 Thread 0x0000000018d8c800 Exception <a 'java/security/PrivilegedActionException'> (0x00000000cdaa4518) thrown at [C:\re\workspace\8-2-build-windows-amd64-cygwin\jdk8u171\10807\hotspot\src\share\vm\prims\jvm.cpp, line 1435]
Event: 3.634 Thread 0x0000000018d8c800 Exception <a 'java/security/PrivilegedActionException'> (0x00000000cdaa5638) thrown at [C:\re\workspace\8-2-build-windows-amd64-cygwin\jdk8u171\10807\hotspot\src\share\vm\prims\jvm.cpp, line 1435]
Event: 3.634 Thread 0x0000000018d8c800 Exception <a 'java/security/PrivilegedActionException'> (0x00000000cdaaa758) thrown at [C:\re\workspace\8-2-build-windows-amd64-cygwin\jdk8u171\10807\hotspot\src\share\vm\prims\jvm.cpp, line 1435]
Event: 3.634 Thread 0x0000000018d8c800 Exception <a 'java/security/PrivilegedActionException'> (0x00000000cdaab3b0) thrown at [C:\re\workspace\8-2-build-windows-amd64-cygwin\jdk8u171\10807\hotspot\src\share\vm\prims\jvm.cpp, line 1435]
Event: 3.634 Thread 0x0000000018d8c800 Exception <a 'java/security/PrivilegedActionException'> (0x00000000cdaabfd8) thrown at [C:\re\workspace\8-2-build-windows-amd64-cygwin\jdk8u171\10807\hotspot\src\share\vm\prims\jvm.cpp, line 1435]
Event: 3.654 Thread 0x0000000018d8c800 Exception <a 'org/lwjgl/LWJGLException'> (0x00000000cdae9100) thrown at [C:\re\workspace\8-2-build-windows-amd64-cygwin\jdk8u171\10807\hotspot\src\share\vm\prims\jni.cpp, line 709]

Events (10 events):
Event: 3.835 Thread 0x0000000002924000 Uncommon trap: trap_request=0xffffff65 fr.pc=0x0000000003300078
Event: 3.835 Thread 0x0000000002924000 DEOPT PACKING pc=0x0000000003300078 sp=0x00000000028be420
Event: 3.835 Thread 0x0000000002924000 DEOPT UNPACKING pc=0x0000000002a6583b sp=0x00000000028be3a0 mode 2
Event: 3.838 Executing VM operation: GenCollectForAllocation
Event: 3.908 Executing VM operation: GenCollectForAllocation done
Event: 3.908 Executing VM operation: CMS_Initial_Mark
Event: 3.913 Executing VM operation: CMS_Initial_Mark done
Event: 3.924 Thread 0x0000000002924000 Uncommon trap: trap_request=0xffffff65 fr.pc=0x00000000032e7f04
Event: 3.924 Thread 0x0000000002924000 DEOPT PACKING pc=0x00000000032e7f04 sp=0x00000000028be420
Event: 3.924 Thread 0x0000000002924000 DEOPT UNPACKING pc=0x0000000002a6583b sp=0x00000000028be390 mode 2


Dynamic libraries:
0x00007ff641ae0000 - 0x00007ff641b17000 	C:\Program Files\Java\jre1.8.0_171\bin\javaw.exe
0x00007ffebaad0000 - 0x00007ffebacb1000 	C:\WINDOWS\SYSTEM32\ntdll.dll
0x00007ffeb94f0000 - 0x00007ffeb95a2000 	C:\WINDOWS\System32\KERNEL32.DLL
0x00007ffeb7870000 - 0x00007ffeb7ae3000 	C:\WINDOWS\System32\KERNELBASE.dll
0x00007ffeb97a0000 - 0x00007ffeb9841000 	C:\WINDOWS\System32\ADVAPI32.dll
0x00007ffeb9b00000 - 0x00007ffeb9b9e000 	C:\WINDOWS\System32\msvcrt.dll
0x00007ffeb9c40000 - 0x00007ffeb9c9b000 	C:\WINDOWS\System32\sechost.dll
0x00007ffeba100000 - 0x00007ffeba224000 	C:\WINDOWS\System32\RPCRT4.dll
0x00007ffeb95b0000 - 0x00007ffeb9740000 	C:\WINDOWS\System32\USER32.dll
0x00007ffeb7ba0000 - 0x00007ffeb7bc0000 	C:\WINDOWS\System32\win32u.dll
0x00007ffeba790000 - 0x00007ffeba7b8000 	C:\WINDOWS\System32\GDI32.dll
0x00007ffeb7cc0000 - 0x00007ffeb7e52000 	C:\WINDOWS\System32\gdi32full.dll
0x00007ffeb7ec0000 - 0x00007ffeb7f5f000 	C:\WINDOWS\System32\msvcp_win.dll
0x00007ffeb7bc0000 - 0x00007ffeb7cba000 	C:\WINDOWS\System32\ucrtbase.dll
0x00007ffeaa500000 - 0x00007ffeaa769000 	C:\WINDOWS\WinSxS\amd64_microsoft.windows.common-controls_6595b64144ccf1df_6.0.17134.48_none_b4b2216a3cb4dd3e\COMCTL32.dll
0x00007ffeba230000 - 0x00007ffeba553000 	C:\WINDOWS\System32\combase.dll
0x00007ffeb6ef0000 - 0x00007ffeb6f6a000 	C:\WINDOWS\System32\bcryptPrimitives.dll
0x00007ffeb9c10000 - 0x00007ffeb9c3d000 	C:\WINDOWS\System32\IMM32.DLL
0x0000000072c80000 - 0x0000000072d52000 	C:\Program Files\Java\jre1.8.0_171\bin\msvcr100.dll
0x00000000730d0000 - 0x0000000073970000 	C:\Program Files\Java\jre1.8.0_171\bin\server\jvm.dll
0x00007ffeba7d0000 - 0x00007ffeba7d8000 	C:\WINDOWS\System32\PSAPI.DLL
0x00007ffea6340000 - 0x00007ffea6349000 	C:\WINDOWS\SYSTEM32\WSOCK32.dll
0x00007ffeb9ba0000 - 0x00007ffeb9c0c000 	C:\WINDOWS\System32\WS2_32.dll
0x00007ffeb3c80000 - 0x00007ffeb3ca3000 	C:\WINDOWS\SYSTEM32\WINMM.dll
0x00007ffeb1a30000 - 0x00007ffeb1a3a000 	C:\WINDOWS\SYSTEM32\VERSION.dll
0x00007ffeb3c50000 - 0x00007ffeb3c7a000 	C:\WINDOWS\SYSTEM32\WINMMBASE.dll
0x00007ffeb6ea0000 - 0x00007ffeb6ee9000 	C:\WINDOWS\System32\cfgmgr32.dll
0x0000000072fe0000 - 0x0000000072fef000 	C:\Program Files\Java\jre1.8.0_171\bin\verify.dll
0x0000000072fb0000 - 0x0000000072fd9000 	C:\Program Files\Java\jre1.8.0_171\bin\java.dll
0x0000000072f90000 - 0x0000000072fa6000 	C:\Program Files\Java\jre1.8.0_171\bin\zip.dll
0x00007ffeb7f60000 - 0x00007ffeb93a0000 	C:\WINDOWS\System32\SHELL32.dll
0x00007ffeba6e0000 - 0x00007ffeba789000 	C:\WINDOWS\System32\shcore.dll
0x00007ffeb7160000 - 0x00007ffeb786d000 	C:\WINDOWS\System32\windows.storage.dll
0x00007ffeb9740000 - 0x00007ffeb9791000 	C:\WINDOWS\System32\shlwapi.dll
0x00007ffeb6de0000 - 0x00007ffeb6df1000 	C:\WINDOWS\System32\kernel.appcore.dll
0x00007ffeb6e60000 - 0x00007ffeb6e7f000 	C:\WINDOWS\System32\profapi.dll
0x00007ffeb6e00000 - 0x00007ffeb6e4c000 	C:\WINDOWS\System32\powrprof.dll
0x00007ffeb6e50000 - 0x00007ffeb6e5a000 	C:\WINDOWS\System32\FLTLIB.DLL
0x0000000072f10000 - 0x0000000072f1d000 	C:\Program Files\Java\jre1.8.0_171\bin\management.dll
0x0000000072f70000 - 0x0000000072f8a000 	C:\Program Files\Java\jre1.8.0_171\bin\net.dll
0x00007ffeb6660000 - 0x00007ffeb66c6000 	C:\WINDOWS\system32\mswsock.dll
0x0000000072f50000 - 0x0000000072f61000 	C:\Program Files\Java\jre1.8.0_171\bin\nio.dll
0x00007ffe8b400000 - 0x00007ffe8b416000 	C:\WINDOWS\system32\napinsp.dll
0x00007ffe8b3e0000 - 0x00007ffe8b3fa000 	C:\WINDOWS\system32\pnrpnsp.dll
0x00007ffeb39e0000 - 0x00007ffeb39f9000 	C:\WINDOWS\system32\NLAapi.dll
0x00007ffeb6420000 - 0x00007ffeb64de000 	C:\WINDOWS\SYSTEM32\DNSAPI.dll
0x00007ffeb9ca0000 - 0x00007ffeb9ca8000 	C:\WINDOWS\System32\NSI.dll
0x00007ffeb63e0000 - 0x00007ffeb6418000 	C:\WINDOWS\SYSTEM32\IPHLPAPI.DLL
0x00007ffea9ca0000 - 0x00007ffea9cae000 	C:\WINDOWS\System32\winrnr.dll
0x00007ffeafd10000 - 0x00007ffeafd82000 	C:\WINDOWS\System32\fwpuclnt.dll
0x00007ffeb6940000 - 0x00007ffeb6965000 	C:\WINDOWS\SYSTEM32\bcrypt.dll
0x00007ffeafa30000 - 0x00007ffeafa3a000 	C:\Windows\System32\rasadhlp.dll
0x0000000180000000 - 0x0000000180053000 	C:\Users\vicqu\apc-code\jars\versions\1.8.8\1.8.8-natives\lwjgl64.dll
0x00007ffe8baa0000 - 0x00007ffe8bbc0000 	C:\WINDOWS\SYSTEM32\OPENGL32.dll
0x00007ffe9bc30000 - 0x00007ffe9bc5c000 	C:\WINDOWS\SYSTEM32\GLU32.dll
0x00007ffeb6810000 - 0x00007ffeb6827000 	C:\WINDOWS\SYSTEM32\CRYPTSP.dll
0x00007ffeb6240000 - 0x00007ffeb6273000 	C:\WINDOWS\system32\rsaenh.dll
0x00007ffeb6ce0000 - 0x00007ffeb6d08000 	C:\WINDOWS\SYSTEM32\USERENV.dll
0x00007ffeb6830000 - 0x00007ffeb683b000 	C:\WINDOWS\SYSTEM32\CRYPTBASE.dll
0x00007ffeb0580000 - 0x00007ffeb0596000 	C:\WINDOWS\SYSTEM32\dhcpcsvc6.DLL
0x00007ffeb0560000 - 0x00007ffeb057a000 	C:\WINDOWS\SYSTEM32\dhcpcsvc.DLL
0x0000000072ae0000 - 0x0000000072c78000 	C:\Program Files\Java\jre1.8.0_171\bin\awt.dll
0x00007ffeb93a0000 - 0x00007ffeb9462000 	C:\WINDOWS\System32\OLEAUT32.dll
0x00007ffeb5230000 - 0x00007ffeb52bb000 	C:\WINDOWS\SYSTEM32\apphelp.dll
0x00007ffeb54a0000 - 0x00007ffeb5538000 	C:\WINDOWS\system32\uxtheme.dll
0x00007ffeba560000 - 0x00007ffeba6d5000 	C:\WINDOWS\System32\MSCTF.dll
0x00007ffe905e0000 - 0x00007ffe90608000 	c:\program files\nvidia corporation\nvstreamsrv\nvinject.dll
0x00007ffeb5570000 - 0x00007ffeb5599000 	C:\WINDOWS\system32\dwmapi.dll
0x00007ffeb1750000 - 0x00007ffeb17e8000 	C:\WINDOWS\System32\TextInputFramework.dll
0x00007ffeb4c50000 - 0x00007ffeb4d2a000 	C:\WINDOWS\System32\CoreMessaging.dll
0x00007ffeb1e90000 - 0x00007ffeb21ae000 	C:\WINDOWS\System32\CoreUIComponents.dll
0x00007ffeb5ed0000 - 0x00007ffeb5f01000 	C:\WINDOWS\SYSTEM32\ntmarta.dll
0x00007ffeb1d10000 - 0x00007ffeb1e5d000 	C:\WINDOWS\SYSTEM32\wintypes.dll
0x00000000705e0000 - 0x0000000072ad8000 	C:\WINDOWS\System32\DriverStore\FileRepository\nv_dispi.inf_amd64_38c9bee769f9ef1f\nvoglv64.dll
0x00007ffeb9cb0000 - 0x00007ffeba0fb000 	C:\WINDOWS\System32\SETUPAPI.dll
0x00007ffeb9940000 - 0x00007ffeb9a91000 	C:\WINDOWS\System32\ole32.dll
0x00007ffeb3350000 - 0x00007ffeb3363000 	C:\WINDOWS\SYSTEM32\WTSAPI32.dll
0x00007ffeb6bf0000 - 0x00007ffeb6c17000 	C:\WINDOWS\SYSTEM32\DEVOBJ.dll
0x00007ffeb7e60000 - 0x00007ffeb7eb7000 	C:\WINDOWS\System32\WINTRUST.dll
0x00007ffeb6e80000 - 0x00007ffeb6e92000 	C:\WINDOWS\System32\MSASN1.dll
0x00007ffeb6f70000 - 0x00007ffeb7152000 	C:\WINDOWS\System32\CRYPT32.dll
0x00007ffe84bf0000 - 0x00007ffe84e56000 	C:\WINDOWS\system32\nvspcap64.dll
0x00007ffeb15b0000 - 0x00007ffeb1658000 	C:\WINDOWS\SYSTEM32\mscms.dll
0x00007ffeb3d40000 - 0x00007ffeb3d50000 	C:\WINDOWS\SYSTEM32\ColorAdapterClient.dll
0x00007ffe9b830000 - 0x00007ffe9b873000 	C:\WINDOWS\SYSTEM32\icm32.dll
