#
# There is insufficient memory for the Java Runtime Environment to continue.
# Native memory allocation (malloc) failed to allocate 32744 bytes for ChunkPool::allocate
# Possible reasons:
#   The system is out of physical RAM or swap space
#   In 32 bit mode, the process size limit was hit
# Possible solutions:
#   Reduce memory load on the system
#   Increase physical memory or swap space
#   Check if swap backing store is full
#   Use 64 bit Java on a 64 bit OS
#   Decrease Java heap size (-Xmx/-Xms)
#   Decrease number of Java threads
#   Decrease Java thread stack sizes (-Xss)
#   Set larger code cache with -XX:ReservedCodeCacheSize=
# This output file may be truncated or incomplete.
#
#  Out of Memory Error (allocation.cpp:273), pid=14452, tid=0x0000000000002bb0
#
# JRE version: Java(TM) SE Runtime Environment (8.0_171-b11) (build 1.8.0_171-b11)
# Java VM: Java HotSpot(TM) 64-Bit Server VM (25.171-b11 mixed mode windows-amd64 compressed oops)
# Failed to write core dump. Minidumps are not enabled by default on client versions of Windows
#

---------------  T H R E A D  ---------------

Current thread (0x0000000016c64000):  JavaThread "C2 CompilerThread1" daemon [_thread_in_native, id=11184, stack(0x00000000175f0000,0x00000000176f0000)]

Stack: [0x00000000175f0000,0x00000000176f0000]
[error occurred during error reporting (printing stack bounds), id 0xc0000005]

Native frames: (J=compiled Java code, j=interpreted, Vv=VM code, C=native code)


Current CompileTask:
C2:  13924  630   !   4       java.lang.ClassLoader::loadClass (122 bytes)


---------------  P R O C E S S  ---------------

Java Threads: ( => current thread )
  0x0000000016c7c000 JavaThread "Service Thread" daemon [_thread_blocked, id=13056, stack(0x00000000177f0000,0x00000000178f0000)]
  0x0000000016c75000 JavaThread "C1 CompilerThread2" daemon [_thread_blocked, id=16400, stack(0x00000000176f0000,0x00000000177f0000)]
=>0x0000000016c64000 JavaThread "C2 CompilerThread1" daemon [_thread_in_native, id=11184, stack(0x00000000175f0000,0x00000000176f0000)]
  0x0000000016c11000 JavaThread "C2 CompilerThread0" daemon [_thread_blocked, id=1996, stack(0x00000000174f0000,0x00000000175f0000)]
  0x0000000016c0e000 JavaThread "Attach Listener" daemon [_thread_blocked, id=13024, stack(0x00000000173f0000,0x00000000174f0000)]
  0x0000000016c0c800 JavaThread "Signal Dispatcher" daemon [_thread_blocked, id=6540, stack(0x00000000172f0000,0x00000000173f0000)]
  0x0000000016c0b800 JavaThread "Surrogate Locker Thread (Concurrent GC)" daemon [_thread_blocked, id=5488, stack(0x00000000171f0000,0x00000000172f0000)]
  0x00000000161d4000 JavaThread "Finalizer" daemon [_thread_blocked, id=5156, stack(0x0000000016fe0000,0x00000000170e0000)]
  0x00000000161cd000 JavaThread "Reference Handler" daemon [_thread_blocked, id=13416, stack(0x0000000016ae0000,0x0000000016be0000)]
  0x0000000002f54000 JavaThread "main" [_thread_in_native, id=11872, stack(0x0000000002d80000,0x0000000002e80000)]

Other Threads:
  0x00000000161c0000 VMThread [stack: 0x00000000169e0000,0x0000000016ae0000] [id=9068]
  0x0000000016c97000 WatcherThread [stack: 0x00000000178f0000,0x00000000179f0000] [id=14664]

VM state:not at safepoint (normal execution)

VM Mutex/Monitor currently owned by a thread: None

Heap:
 par new generation   total 306688K, used 60047K [0x00000000c0000000, 0x00000000d4cc0000, 0x00000000d4cc0000)
  eden space 272640K,  22% used [0x00000000c0000000, 0x00000000c3aa3d10, 0x00000000d0a40000)
  from space 34048K,   0% used [0x00000000d0a40000, 0x00000000d0a40000, 0x00000000d2b80000)
  to   space 34048K,   0% used [0x00000000d2b80000, 0x00000000d2b80000, 0x00000000d4cc0000)
 concurrent mark-sweep generation total 707840K, used 0K [0x00000000d4cc0000, 0x0000000100000000, 0x0000000100000000)
 Metaspace       used 18594K, capacity 18744K, committed 18944K, reserved 1064960K
  class space    used 2737K, capacity 2774K, committed 2816K, reserved 1048576K

Card table byte_map: [0x0000000012810000,0x0000000012a20000] byte_map_base: 0x0000000012210000

Marking Bits: (CMSBitMap*) 0x0000000002fac648
 Bits: [0x0000000012fc0000, 0x0000000013a8d000)

Mod Union Table: (CMSBitMap*) 0x0000000002fac708
 Bits: [0x0000000002c30000, 0x0000000002c5b340)

Polling page: 0x0000000002c00000

CodeCache: size=245760Kb used=2722Kb max_used=2734Kb free=243037Kb
 bounds [0x0000000003050000, 0x0000000003300000, 0x0000000012050000]
 total_blobs=963 nmethods=629 adapters=246
 compilation: enabled

Compilation events (10 events):
Event: 11.776 Thread 0x0000000016c75000 nmethod 622 0x00000000032f5650 code [0x00000000032f5840, 0x00000000032f6418]
Event: 11.776 Thread 0x0000000016c75000  623       3       java.util.zip.InflaterInputStream::<init> (79 bytes)
Event: 11.776 Thread 0x0000000016c75000 nmethod 623 0x00000000032f3a50 code [0x00000000032f3c00, 0x00000000032f42d8]
Event: 13.106 Thread 0x0000000016c64000  625       4       java.lang.String::regionMatches (149 bytes)
Event: 13.111 Thread 0x0000000016c64000 nmethod 625 0x00000000032fc050 code [0x00000000032fc1c0, 0x00000000032fc958]
Event: 13.286 Thread 0x0000000016c75000  628   !   3       java.util.zip.Inflater::setInput (74 bytes)
Event: 13.287 Thread 0x0000000016c75000 nmethod 628 0x00000000032fb750 code [0x00000000032fb8e0, 0x00000000032fbe58]
Event: 13.745 Thread 0x0000000016c11000  629       4       java.lang.String::concat (47 bytes)
Event: 13.748 Thread 0x0000000016c11000 nmethod 629 0x00000000032fd1d0 code [0x00000000032fd320, 0x00000000032fd6d8]
Event: 13.921 Thread 0x0000000016c64000  630   !   4       java.lang.ClassLoader::loadClass (122 bytes)

GC Heap History (0 events):
No events

Deoptimization events (2 events):
Event: 0.307 Thread 0x0000000002f54000 Uncommon trap: reason=unstable_if action=reinterpret pc=0x0000000003189af4 method=java.lang.String.startsWith(Ljava/lang/String;I)Z @ 25
Event: 0.654 Thread 0x0000000002f54000 Uncommon trap: reason=unstable_if action=reinterpret pc=0x00000000031bfd24 method=java.lang.String.indexOf([CII[CIII)I @ 123

Classes redefined (0 events):
No events

Internal exceptions (10 events):
Event: 0.662 Thread 0x0000000002f54000 Exception <a 'java/security/PrivilegedActionException'> (0x00000000c0425230) thrown at [C:\re\workspace\8-2-build-windows-amd64-cygwin\jdk8u171\10807\hotspot\src\share\vm\prims\jvm.cpp, line 1435]
Event: 0.782 Thread 0x0000000002f54000 Exception <a 'java/lang/ArrayIndexOutOfBoundsException'> (0x00000000c05141b8) thrown at [C:\re\workspace\8-2-build-windows-amd64-cygwin\jdk8u171\10807\hotspot\src\share\vm\runtime\sharedRuntime.cpp, line 605]
Event: 0.782 Thread 0x0000000002f54000 Exception <a 'java/lang/ArrayIndexOutOfBoundsException'> (0x00000000c0514f30) thrown at [C:\re\workspace\8-2-build-windows-amd64-cygwin\jdk8u171\10807\hotspot\src\share\vm\runtime\sharedRuntime.cpp, line 605]
Event: 0.783 Thread 0x0000000002f54000 Exception <a 'java/lang/ArrayIndexOutOfBoundsException'> (0x00000000c0515ee8) thrown at [C:\re\workspace\8-2-build-windows-amd64-cygwin\jdk8u171\10807\hotspot\src\share\vm\runtime\sharedRuntime.cpp, line 605]
Event: 0.784 Thread 0x0000000002f54000 Exception <a 'java/lang/ArrayIndexOutOfBoundsException'> (0x00000000c0517778) thrown at [C:\re\workspace\8-2-build-windows-amd64-cygwin\jdk8u171\10807\hotspot\src\share\vm\runtime\sharedRuntime.cpp, line 605]
Event: 0.792 Thread 0x0000000002f54000 Exception <a 'java/lang/ArrayIndexOutOfBoundsException'> (0x00000000c053e4a0) thrown at [C:\re\workspace\8-2-build-windows-amd64-cygwin\jdk8u171\10807\hotspot\src\share\vm\runtime\sharedRuntime.cpp, line 605]
Event: 0.793 Thread 0x0000000002f54000 Exception <a 'java/lang/ArrayIndexOutOfBoundsException'> (0x00000000c053f868) thrown at [C:\re\workspace\8-2-build-windows-amd64-cygwin\jdk8u171\10807\hotspot\src\share\vm\runtime\sharedRuntime.cpp, line 605]
Event: 0.793 Thread 0x0000000002f54000 Exception <a 'java/lang/ArrayIndexOutOfBoundsException'> (0x00000000c0540ad0) thrown at [C:\re\workspace\8-2-build-windows-amd64-cygwin\jdk8u171\10807\hotspot\src\share\vm\runtime\sharedRuntime.cpp, line 605]
Event: 0.807 Thread 0x0000000002f54000 Exception <a 'java/lang/ArrayIndexOutOfBoundsException'> (0x00000000c0ab9e60) thrown at [C:\re\workspace\8-2-build-windows-amd64-cygwin\jdk8u171\10807\hotspot\src\share\vm\runtime\sharedRuntime.cpp, line 605]
Event: 0.824 Thread 0x0000000002f54000 Exception <a 'java/lang/ArrayIndexOutOfBoundsException'> (0x00000000c0acc760) thrown at [C:\re\workspace\8-2-build-windows-amd64-cygwin\jdk8u171\10807\hotspot\src\share\vm\runtime\sharedRuntime.cpp, line 605]

Events (10 events):
Event: 13.895 loading class net/minecraft/util/IJsonSerializable
Event: 13.895 loading class net/minecraft/util/IJsonSerializable done
Event: 13.902 loading class net/minecraft/util/IntegerCache
Event: 13.902 loading class net/minecraft/util/IntegerCache done
Event: 13.908 loading class net/minecraft/util/IntHashMap$Entry
Event: 13.908 loading class net/minecraft/util/IntHashMap$Entry done
Event: 13.914 loading class net/minecraft/util/IntHashMap
Event: 13.914 loading class net/minecraft/util/IntHashMap done
Event: 13.921 loading class net/minecraft/util/IObjectIntIterable
Event: 13.921 loading class net/minecraft/util/IObjectIntIterable done


Dynamic libraries:
0x00007ff73da40000 - 0x00007ff73da77000 	C:\Program Files\Java\jre1.8.0_171\bin\javaw.exe
0x00007fff91280000 - 0x00007fff91461000 	C:\WINDOWS\SYSTEM32\ntdll.dll
0x00007fff8ebc0000 - 0x00007fff8ec72000 	C:\WINDOWS\System32\KERNEL32.DLL
0x00007fff8ddc0000 - 0x00007fff8e033000 	C:\WINDOWS\System32\KERNELBASE.dll
0x00007fff8eab0000 - 0x00007fff8eb51000 	C:\WINDOWS\System32\ADVAPI32.dll
0x00007fff8e890000 - 0x00007fff8e92e000 	C:\WINDOWS\System32\msvcrt.dll
0x00007fff8eb60000 - 0x00007fff8ebbb000 	C:\WINDOWS\System32\sechost.dll
0x00007fff8e730000 - 0x00007fff8e854000 	C:\WINDOWS\System32\RPCRT4.dll
0x00007fff90e80000 - 0x00007fff91010000 	C:\WINDOWS\System32\USER32.dll
0x00007fff8e140000 - 0x00007fff8e160000 	C:\WINDOWS\System32\win32u.dll
0x00007fff8ea20000 - 0x00007fff8ea48000 	C:\WINDOWS\System32\GDI32.dll
0x00007fff8e470000 - 0x00007fff8e602000 	C:\WINDOWS\System32\gdi32full.dll
0x00007fff8e160000 - 0x00007fff8e1ff000 	C:\WINDOWS\System32\msvcp_win.dll
0x00007fff8e040000 - 0x00007fff8e13a000 	C:\WINDOWS\System32\ucrtbase.dll
0x00007fff7d530000 - 0x00007fff7d799000 	C:\WINDOWS\WinSxS\amd64_microsoft.windows.common-controls_6595b64144ccf1df_6.0.17134.48_none_b4b2216a3cb4dd3e\COMCTL32.dll
0x00007fff90490000 - 0x00007fff907b3000 	C:\WINDOWS\System32\combase.dll
0x00007fff8e200000 - 0x00007fff8e27a000 	C:\WINDOWS\System32\bcryptPrimitives.dll
0x00007fff8e860000 - 0x00007fff8e88d000 	C:\WINDOWS\System32\IMM32.DLL
0x0000000077f00000 - 0x0000000077fd2000 	C:\Program Files\Java\jre1.8.0_171\bin\msvcr100.dll
0x00000000770b0000 - 0x0000000077950000 	C:\Program Files\Java\jre1.8.0_171\bin\server\jvm.dll
0x00007fff91090000 - 0x00007fff91098000 	C:\WINDOWS\System32\PSAPI.DLL
0x00007fff86f10000 - 0x00007fff86f33000 	C:\WINDOWS\SYSTEM32\WINMM.dll
0x00007fff89110000 - 0x00007fff8911a000 	C:\WINDOWS\SYSTEM32\VERSION.dll
0x00007fff86ab0000 - 0x00007fff86ada000 	C:\WINDOWS\SYSTEM32\WINMMBASE.dll
0x00007fff8e610000 - 0x00007fff8e659000 	C:\WINDOWS\System32\cfgmgr32.dll
0x00007fff7b2a0000 - 0x00007fff7b2a9000 	C:\WINDOWS\SYSTEM32\WSOCK32.dll
0x00007fff90350000 - 0x00007fff903bc000 	C:\WINDOWS\System32\WS2_32.dll
0x00000000500c0000 - 0x00000000500cf000 	C:\Program Files\Java\jre1.8.0_171\bin\verify.dll
0x0000000050090000 - 0x00000000500b9000 	C:\Program Files\Java\jre1.8.0_171\bin\java.dll
0x0000000050070000 - 0x0000000050086000 	C:\Program Files\Java\jre1.8.0_171\bin\zip.dll
0x00007fff8ed90000 - 0x00007fff901d0000 	C:\WINDOWS\System32\SHELL32.dll
0x00007fff8ec80000 - 0x00007fff8ed29000 	C:\WINDOWS\System32\shcore.dll
0x00007fff8d650000 - 0x00007fff8dd5d000 	C:\WINDOWS\System32\windows.storage.dll
0x00007fff8ed30000 - 0x00007fff8ed81000 	C:\WINDOWS\System32\shlwapi.dll
0x00007fff8d5e0000 - 0x00007fff8d5f1000 	C:\WINDOWS\System32\kernel.appcore.dll
0x00007fff8d590000 - 0x00007fff8d5af000 	C:\WINDOWS\System32\profapi.dll
0x00007fff8d600000 - 0x00007fff8d64c000 	C:\WINDOWS\System32\powrprof.dll
0x00007fff8d5d0000 - 0x00007fff8d5da000 	C:\WINDOWS\System32\FLTLIB.DLL
0x0000000077fe0000 - 0x0000000077fed000 	C:\Program Files\Java\jre1.8.0_171\bin\management.dll
0x0000000050050000 - 0x000000005006a000 	C:\Program Files\Java\jre1.8.0_171\bin\net.dll
0x00007fff8ce10000 - 0x00007fff8ce76000 	C:\WINDOWS\system32\mswsock.dll
0x0000000050030000 - 0x0000000050041000 	C:\Program Files\Java\jre1.8.0_171\bin\nio.dll
0x00007fff5fb20000 - 0x00007fff5fb36000 	C:\WINDOWS\system32\napinsp.dll
0x00007fff67200000 - 0x00007fff6721a000 	C:\WINDOWS\system32\pnrpnsp.dll
0x00007fff88910000 - 0x00007fff88929000 	C:\WINDOWS\system32\NLAapi.dll
0x00007fff8cbd0000 - 0x00007fff8cc8e000 	C:\WINDOWS\SYSTEM32\DNSAPI.dll
0x00007fff90a20000 - 0x00007fff90a28000 	C:\WINDOWS\System32\NSI.dll
0x00007fff8cb90000 - 0x00007fff8cbc8000 	C:\WINDOWS\SYSTEM32\IPHLPAPI.DLL
0x00007fff86fb0000 - 0x00007fff86fbe000 	C:\WINDOWS\System32\winrnr.dll
0x00007fff86750000 - 0x00007fff867c2000 	C:\WINDOWS\System32\fwpuclnt.dll
0x00007fff8d0f0000 - 0x00007fff8d115000 	C:\WINDOWS\SYSTEM32\bcrypt.dll
0x00007fff86f00000 - 0x00007fff86f0a000 	C:\Windows\System32\rasadhlp.dll

VM Arguments:
jvm_args: -Xincgc -Xmx1024M -Xms1024M -Djava.library.path=C:\Users\vicqu\Desktop\mcp918\jars\versions\1.8.8\1.8.8-natives -Dfile.encoding=Cp1252 
java_command: Start
java_class_path (initial): C:\Program Files\Java\jre1.8.0_171\lib\resources.jar;C:\Program Files\Java\jre1.8.0_171\lib\rt.jar;C:\Program Files\Java\jre1.8.0_171\lib\jsse.jar;C:\Program Files\Java\jre1.8.0_171\lib\jce.jar;C:\Program Files\Java\jre1.8.0_171\lib\charsets.jar;C:\Program Files\Java\jre1.8.0_171\lib\jfr.jar;C:\Program Files\Java\jre1.8.0_171\lib\ext\access-bridge-64.jar;C:\Program Files\Java\jre1.8.0_171\lib\ext\cldrdata.jar;C:\Program Files\Java\jre1.8.0_171\lib\ext\dnsns.jar;C:\Program Files\Java\jre1.8.0_171\lib\ext\jaccess.jar;C:\Program Files\Java\jre1.8.0_171\lib\ext\jfxrt.jar;C:\Program Files\Java\jre1.8.0_171\lib\ext\localedata.jar;C:\Program Files\Java\jre1.8.0_171\lib\ext\nashorn.jar;C:\Program Files\Java\jre1.8.0_171\lib\ext\sunec.jar;C:\Program Files\Java\jre1.8.0_171\lib\ext\sunjce_provider.jar;C:\Program Files\Java\jre1.8.0_171\lib\ext\sunmscapi.jar;C:\Program Files\Java\jre1.8.0_171\lib\ext\sunpkcs11.jar;C:\Program Files\Java\jre1.8.0_171\lib\ext\zipfs.jar;C:\Users\vicqu\Desktop\mcp918\eclipse\Client\bin;C:\Users\vicqu\Desktop\mcp918\jars\versions\1.8.8\1.8.8.jar;C:\Users\vicqu\Desktop\mcp918\jars\libraries\oshi-project\oshi-core\1.1\oshi-core-1.1.jar;C:\Users\vicqu\Desktop\mcp918\jars\libraries\net\java\dev\jna\jna\3.4.0\jna-3.4.0.jar;C:\Users\vicqu\Desktop\mcp918\jars\libraries\net\java\dev\jna\platform\3.4.0\platform-3.4.0.jar;C:\Users\vicqu\Desktop\mcp918\jars\libraries\com\ibm\icu\icu4j-core-mojang\51.2\icu4j-core-mojang-51.2.jar;C:\Users\vicqu\Desktop\mcp918\jars\libraries\net\sf\jopt-simple\jopt-simple\4.6\jopt-simple-4.6.jar;C:\Users\vicqu\Desktop\mcp918\jars\libraries\com\paulscode\codecjorbis\20101023\codecjorbis-20101023.jar;C:\Users\vicqu\Desktop\mcp918\jars\libraries\com\paulscode\codecwav\20101023\codecwav-20101023.jar;C:\Users\vicqu\Desktop\mcp918\jars\libraries\com\paulscode\libraryjavasound\20101123\libraryjavasound-20101123.jar;C:\Users\vicqu\Desktop\mcp918\jars\libraries\com\paulscode\librarylwjglopenal\20100824\library
Launcher Type: SUN_STANDARD

Environment Variables:
PATH=C:/Program Files/Java/jre1.8.0_171/bin/server;C:/Program Files/Java/jre1.8.0_171/bin;C:/Program Files/Java/jre1.8.0_171/lib/amd64;C:\Program Files (x86)\Common Files\Oracle\Java\javapath;c:\programdata\oracle\java\javapath;c:\windows\system32;c:\windows;c:\windows\system32\wbem;c:\windows\system32\windowspowershell\v1.0\;c:\android;c:\users\vicqu\appdata\local\microsoft\windowsapps;c:\adb;C:\Program Files (x86)\NVIDIA Corporation\PhysX\Common;C:\Program Files (x86)\Windows Live\Shared;C:\WINDOWS\system32;C:\WINDOWS;C:\WINDOWS\System32\Wbem;C:\WINDOWS\System32\WindowsPowerShell\v1.0\;C:\Program Files\dotnet\;C:\Program Files\Microsoft SQL Server\130\Tools\Binn\;C:\Program Files (x86)\Schneider Electric\Vijeo-WebGate Control;C:\WINDOWS\System32\OpenSSH\;C:\Program Files (x86)\Windows Kits\10\Microsoft Application Virtualization\Sequencer\;C:\Program Files (x86)\Windows Kits\10\Windows Performance Toolkit\;C:\Users\vicqu\AppData\Local\Microsoft\WindowsApps;C:\Users\vicqu\AppData\Roaming\Dashlane\4.6.6.23032\bin\Firefox_Extension\{442718d9-475e-452a-b3e1-fb1ee16b8e9f}\components;C:\Users\vicqu\AppData\Local\GitHubDesktop\bin;C:\Users\vicqu\AppData\Local\Microsoft\WindowsApps;;C:\Users\vicqu\eclipse;
USERNAME=vicqu
OS=Windows_NT
PROCESSOR_IDENTIFIER=Intel64 Family 6 Model 158 Stepping 9, GenuineIntel



---------------  S Y S T E M  ---------------

OS: Windows 10.0 , 64 bit Build 17134 (10.0.17134.1)

CPU:total 4 (initial active 4) (4 cores per cpu, 1 threads per core) family 6 model 158 stepping 9, cmov, cx8, fxsr, mmx, sse, sse2, sse3, ssse3, sse4.1, sse4.2, popcnt, avx, avx2, aes, clmul, erms, rtm, 3dnowpref, lzcnt, tsc, tscinvbit, bmi1, bmi2, adx

Memory: 4k page, physical 8355548k(3188880k free), swap 8355548k(0k free)

vm_info: Java HotSpot(TM) 64-Bit Server VM (25.171-b11) for windows-amd64 JRE (1.8.0_171-b11), built on Mar 28 2018 16:06:12 by "java_re" with MS VC++ 10.0 (VS2010)

time: Thu May 10 18:44:39 2018
elapsed time: 13 seconds (0d 0h 0m 13s)

