#
# There is insufficient memory for the Java Runtime Environment to continue.
# Native memory allocation (malloc) failed to allocate 1151536 bytes for Chunk::new
# Possible reasons:
#   The system is out of physical RAM or swap space
#   In 32 bit mode, the process size limit was hit
# Possible solutions:
#   Reduce memory load on the system
#   Increase physical memory or swap space
#   Check if swap backing store is full
#   Use 64 bit Java on a 64 bit OS
#   Decrease Java heap size (-Xmx/-Xms)
#   Decrease number of Java threads
#   Decrease Java thread stack sizes (-Xss)
#   Set larger code cache with -XX:ReservedCodeCacheSize=
# This output file may be truncated or incomplete.
#
#  Out of Memory Error (allocation.cpp:390), pid=1544, tid=0x0000000000002900
#
# JRE version: Java(TM) SE Runtime Environment (8.0_171-b11) (build 1.8.0_171-b11)
# Java VM: Java HotSpot(TM) 64-Bit Server VM (25.171-b11 mixed mode windows-amd64 compressed oops)
# Failed to write core dump. Minidumps are not enabled by default on client versions of Windows
#

---------------  T H R E A D  ---------------

Current thread (0x0000000015f9a000):  JavaThread "C2 CompilerThread0" daemon [_thread_in_native, id=10496, stack(0x0000000016870000,0x0000000016970000)]

Stack: [0x0000000016870000,0x0000000016970000]
[error occurred during error reporting (printing stack bounds), id 0xc0000005]

Native frames: (J=compiled Java code, j=interpreted, Vv=VM code, C=native code)


Current CompileTask:
C2:   8108 3307       4       net.minecraft.client.resources.model.ModelBakery::bakeModel (234 bytes)


---------------  P R O C E S S  ---------------

Java Threads: ( => current thread )
  0x000000001abb3000 JavaThread "Chunk Batcher 1" daemon [_thread_blocked, id=11736, stack(0x000000002e3d0000,0x000000002e4d0000)]
  0x000000001727c000 JavaThread "Chunk Batcher 0" daemon [_thread_blocked, id=836, stack(0x000000002e2d0000,0x000000002e3d0000)]
  0x0000000018c78000 JavaThread "Thread-7" [_thread_blocked, id=14876, stack(0x00000000290c0000,0x00000000291c0000)]
  0x0000000019a73000 JavaThread "Thread-6" [_thread_blocked, id=14180, stack(0x0000000028fc0000,0x00000000290c0000)]
  0x0000000017ffc800 JavaThread "Java2D Disposer" daemon [_thread_blocked, id=4072, stack(0x000000001cd90000,0x000000001ce90000)]
  0x0000000017ffb800 JavaThread "Timer hack thread" daemon [_thread_blocked, id=7676, stack(0x000000001b880000,0x000000001b980000)]
  0x0000000019542800 JavaThread "Snooper Timer" daemon [_thread_blocked, id=4756, stack(0x000000001b620000,0x000000001b720000)]
  0x000000001755e800 JavaThread "Snooper Timer" daemon [_thread_blocked, id=14300, stack(0x000000001b220000,0x000000001b320000)]
  0x000000001601c800 JavaThread "Service Thread" daemon [_thread_blocked, id=4372, stack(0x0000000016b70000,0x0000000016c70000)]
  0x0000000015fea800 JavaThread "C1 CompilerThread2" daemon [_thread_blocked, id=3264, stack(0x0000000016a70000,0x0000000016b70000)]
  0x000000001555e800 JavaThread "C2 CompilerThread1" daemon [_thread_in_native, id=13248, stack(0x0000000016970000,0x0000000016a70000)]
=>0x0000000015f9a000 JavaThread "C2 CompilerThread0" daemon [_thread_in_native, id=10496, stack(0x0000000016870000,0x0000000016970000)]
  0x0000000015f96800 JavaThread "Attach Listener" daemon [_thread_blocked, id=10600, stack(0x0000000016770000,0x0000000016870000)]
  0x0000000015f95800 JavaThread "Signal Dispatcher" daemon [_thread_blocked, id=1012, stack(0x0000000016670000,0x0000000016770000)]
  0x0000000015f94800 JavaThread "Surrogate Locker Thread (Concurrent GC)" daemon [_thread_blocked, id=500, stack(0x0000000016570000,0x0000000016670000)]
  0x0000000015554000 JavaThread "Finalizer" daemon [_thread_blocked, id=7836, stack(0x0000000016360000,0x0000000016460000)]
  0x000000001554d000 JavaThread "Reference Handler" daemon [_thread_blocked, id=7680, stack(0x0000000015e60000,0x0000000015f60000)]
  0x00000000022e3800 JavaThread "Client thread" [_thread_in_native, id=3848, stack(0x0000000001ff0000,0x00000000020f0000)]

Other Threads:
  0x0000000015540800 VMThread [stack: 0x0000000015d60000,0x0000000015e60000] [id=2320]
  0x000000001602e800 WatcherThread [stack: 0x0000000016c70000,0x0000000016d70000] [id=11884]

VM state:not at safepoint (normal execution)

VM Mutex/Monitor currently owned by a thread: None

Heap:
 par new generation   total 306688K, used 61652K [0x00000000c0000000, 0x00000000d4cc0000, 0x00000000d4cc0000)
  eden space 272640K,  13% used [0x00000000c0000000, 0x00000000c23ab818, 0x00000000d0a40000)
  from space 34048K,  73% used [0x00000000d2b80000, 0x00000000d44098c0, 0x00000000d4cc0000)
  to   space 34048K,   0% used [0x00000000d0a40000, 0x00000000d0a40000, 0x00000000d2b80000)
 concurrent mark-sweep generation total 707840K, used 49862K [0x00000000d4cc0000, 0x0000000100000000, 0x0000000100000000)
 Metaspace       used 31032K, capacity 31255K, committed 31588K, reserved 1077248K
  class space    used 4047K, capacity 4132K, committed 4192K, reserved 1048576K

Card table byte_map: [0x0000000011ba0000,0x0000000011db0000] byte_map_base: 0x00000000115a0000

Marking Bits: (CMSBitMap*) 0x000000000233c168
 Bits: [0x0000000012350000, 0x0000000012e1d000)

Mod Union Table: (CMSBitMap*) 0x000000000233c228
 Bits: [0x00000000020f0000, 0x000000000211b340)

Polling page: 0x0000000000400000

CodeCache: size=245760Kb used=9880Kb max_used=10257Kb free=235879Kb
 bounds [0x00000000023e0000, 0x0000000002e00000, 0x00000000113e0000]
 total_blobs=3572 nmethods=2921 adapters=563
 compilation: enabled

Compilation events (10 events):
Event: 8.076 Thread 0x0000000015fea800 3359       3       net.minecraft.client.model.TexturedQuad::flipFace (49 bytes)
Event: 8.076 Thread 0x0000000015fea800 nmethod 3359 0x0000000002a02b50 code [0x0000000002a02cc0, 0x0000000002a030d0]
Event: 8.076 Thread 0x0000000015fea800 3360       3       net.minecraft.client.model.ModelBox::<init> (806 bytes)
Event: 8.078 Thread 0x0000000015fea800 nmethod 3360 0x00000000028e6150 code [0x00000000028e66e0, 0x00000000028eb6c8]
Event: 8.085 Thread 0x0000000015fea800 3361       3       net.minecraft.util.MathHelper::sqrt_float (7 bytes)
Event: 8.085 Thread 0x0000000015fea800 nmethod 3361 0x00000000029fd490 code [0x00000000029fd5e0, 0x00000000029fd730]
Event: 8.088 Thread 0x0000000015fea800 3362       3       java.util.concurrent.ConcurrentHashMap::containsKey (14 bytes)
Event: 8.089 Thread 0x0000000015fea800 nmethod 3362 0x00000000029c7c50 code [0x00000000029c7dc0, 0x00000000029c7fa8]
Event: 8.101 Thread 0x000000001555e800 nmethod 3318 0x00000000027c0750 code [0x00000000027c0aa0, 0x00000000027c3ab0]
Event: 8.102 Thread 0x000000001555e800 3317       4       net.minecraft.client.renderer.block.statemap.StateMap::getModelResourceLocation (150 bytes)

GC Heap History (6 events):
Event: 2.923 GC heap before
{Heap before GC invocations=0 (full 0):
 par new generation   total 306688K, used 272640K [0x00000000c0000000, 0x00000000d4cc0000, 0x00000000d4cc0000)
  eden space 272640K, 100% used [0x00000000c0000000, 0x00000000d0a40000, 0x00000000d0a40000)
  from space 34048K,   0% used [0x00000000d0a40000, 0x00000000d0a40000, 0x00000000d2b80000)
  to   space 34048K,   0% used [0x00000000d2b80000, 0x00000000d2b80000, 0x00000000d4cc0000)
 concurrent mark-sweep generation total 707840K, used 0K [0x00000000d4cc0000, 0x0000000100000000, 0x0000000100000000)
 Metaspace       used 26226K, capacity 26442K, committed 26608K, reserved 1073152K
  class space    used 3719K, capacity 3777K, committed 3784K, reserved 1048576K
Event: 2.944 GC heap after
Heap after GC invocations=1 (full 0):
 par new generation   total 306688K, used 31843K [0x00000000c0000000, 0x00000000d4cc0000, 0x00000000d4cc0000)
  eden space 272640K,   0% used [0x00000000c0000000, 0x00000000c0000000, 0x00000000d0a40000)
  from space 34048K,  93% used [0x00000000d2b80000, 0x00000000d4a98e90, 0x00000000d4cc0000)
  to   space 34048K,   0% used [0x00000000d0a40000, 0x00000000d0a40000, 0x00000000d2b80000)
 concurrent mark-sweep generation total 707840K, used 0K [0x00000000d4cc0000, 0x0000000100000000, 0x0000000100000000)
 Metaspace       used 26226K, capacity 26442K, committed 26608K, reserved 1073152K
  class space    used 3719K, capacity 3777K, committed 3784K, reserved 1048576K
}
Event: 6.811 GC heap before
{Heap before GC invocations=1 (full 1):
 par new generation   total 306688K, used 304483K [0x00000000c0000000, 0x00000000d4cc0000, 0x00000000d4cc0000)
  eden space 272640K, 100% used [0x00000000c0000000, 0x00000000d0a40000, 0x00000000d0a40000)
  from space 34048K,  93% used [0x00000000d2b80000, 0x00000000d4a98e90, 0x00000000d4cc0000)
  to   space 34048K,   0% used [0x00000000d0a40000, 0x00000000d0a40000, 0x00000000d2b80000)
 concurrent mark-sweep generation total 707840K, used 0K [0x00000000d4cc0000, 0x0000000100000000, 0x0000000100000000)
 Metaspace       used 30316K, capacity 30583K, committed 30924K, reserved 1077248K
  class space    used 4026K, capacity 4100K, committed 4116K, reserved 1048576K
Event: 6.900 GC heap after
Heap after GC invocations=2 (full 1):
 par new generation   total 306688K, used 30830K [0x00000000c0000000, 0x00000000d4cc0000, 0x00000000d4cc0000)
  eden space 272640K,   0% used [0x00000000c0000000, 0x00000000c0000000, 0x00000000d0a40000)
  from space 34048K,  90% used [0x00000000d0a40000, 0x00000000d285bab8, 0x00000000d2b80000)
  to   space 34048K,   0% used [0x00000000d2b80000, 0x00000000d2b80000, 0x00000000d4cc0000)
 concurrent mark-sweep generation total 707840K, used 27938K [0x00000000d4cc0000, 0x0000000100000000, 0x0000000100000000)
 Metaspace       used 30316K, capacity 30583K, committed 30924K, reserved 1077248K
  class space    used 4026K, capacity 4100K, committed 4116K, reserved 1048576K
}
Event: 7.975 GC heap before
{Heap before GC invocations=2 (full 1):
 par new generation   total 306688K, used 303470K [0x00000000c0000000, 0x00000000d4cc0000, 0x00000000d4cc0000)
  eden space 272640K, 100% used [0x00000000c0000000, 0x00000000d0a40000, 0x00000000d0a40000)
  from space 34048K,  90% used [0x00000000d0a40000, 0x00000000d285bab8, 0x00000000d2b80000)
  to   space 34048K,   0% used [0x00000000d2b80000, 0x00000000d2b80000, 0x00000000d4cc0000)
 concurrent mark-sweep generation total 707840K, used 27938K [0x00000000d4cc0000, 0x0000000100000000, 0x0000000100000000)
 Metaspace       used 30769K, capacity 31031K, committed 31512K, reserved 1077248K
  class space    used 4039K, capacity 4100K, committed 4116K, reserved 1048576K
Event: 8.016 GC heap after
Heap after GC invocations=3 (full 1):
 par new generation   total 306688K, used 25126K [0x00000000c0000000, 0x00000000d4cc0000, 0x00000000d4cc0000)
  eden space 272640K,   0% used [0x00000000c0000000, 0x00000000c0000000, 0x00000000d0a40000)
  from space 34048K,  73% used [0x00000000d2b80000, 0x00000000d44098c0, 0x00000000d4cc0000)
  to   space 34048K,   0% used [0x00000000d0a40000, 0x00000000d0a40000, 0x00000000d2b80000)
 concurrent mark-sweep generation total 707840K, used 49862K [0x00000000d4cc0000, 0x0000000100000000, 0x0000000100000000)
 Metaspace       used 30769K, capacity 31031K, committed 31512K, reserved 1077248K
  class space    used 4039K, capacity 4100K, committed 4116K, reserved 1048576K
}

Deoptimization events (10 events):
Event: 7.800 Thread 0x00000000022e3800 Uncommon trap: reason=intrinsic action=make_not_entrant pc=0x0000000002d1b5b8 method=net.minecraft.client.renderer.texture.TextureUtil.blendColorComponent(IIIII)I @ 107
Event: 7.807 Thread 0x00000000022e3800 Uncommon trap: reason=intrinsic action=make_not_entrant pc=0x0000000002d52468 method=net.minecraft.client.renderer.texture.TextureUtil.blendColors(IIIIZ)I @ 209
Event: 7.818 Thread 0x00000000022e3800 Uncommon trap: reason=intrinsic action=make_not_entrant pc=0x0000000002d64edc method=net.minecraft.client.renderer.texture.TextureUtil.blendColors(IIIIZ)I @ 179
Event: 7.863 Thread 0x00000000022e3800 Uncommon trap: reason=unstable_if action=reinterpret pc=0x0000000002d17268 method=net.minecraft.client.renderer.texture.Stitcher$Holder.getWidth()I @ 4
Event: 7.863 Thread 0x00000000022e3800 Uncommon trap: reason=unstable_if action=reinterpret pc=0x0000000002d129a8 method=net.minecraft.client.renderer.texture.Stitcher$Holder.getHeight()I @ 4
Event: 7.908 Thread 0x00000000022e3800 Uncommon trap: reason=unstable_if action=reinterpret pc=0x0000000002d95480 method=net.minecraft.client.renderer.block.model.ItemModelGenerator$Span.func_178382_a(I)V @ 21
Event: 7.908 Thread 0x00000000022e3800 Uncommon trap: reason=unstable_if action=reinterpret pc=0x0000000002d967d4 method=net.minecraft.client.renderer.block.model.ItemModelGenerator$Span.func_178382_a(I)V @ 21
Event: 8.027 Thread 0x00000000022e3800 Uncommon trap: reason=unstable_if action=reinterpret pc=0x0000000002512838 method=net.minecraft.client.renderer.block.model.ItemTransformVec3f.equals(Ljava/lang/Object;)Z @ 36
Event: 8.033 Thread 0x00000000022e3800 Uncommon trap: reason=unstable_if action=reinterpret pc=0x0000000002ba3bb4 method=net.minecraft.client.renderer.block.statemap.StateMapperBase.getPropertyString(Ljava/util/Map;)Ljava/lang/String; @ 118
Event: 8.034 Thread 0x00000000022e3800 Uncommon trap: reason=unstable_if action=reinterpret pc=0x000000000291cbc4 method=java.util.HashMap$TreeNode.find(ILjava/lang/Object;Ljava/lang/Class;)Ljava/util/HashMap$TreeNode; @ 58

Classes redefined (0 events):
No events

Internal exceptions (10 events):
Event: 4.294 Thread 0x0000000019a73000 Exception <a 'java/lang/InterruptedException': sleep interrupted> (0x00000000c86a2cb0) thrown at [C:\re\workspace\8-2-build-windows-amd64-cygwin\jdk8u171\10807\hotspot\src\share\vm\prims\jvm.cpp, line 3273]
Event: 4.301 Thread 0x0000000019a73000 Exception <a 'java/security/PrivilegedActionException'> (0x00000000c870d9f8) thrown at [C:\re\workspace\8-2-build-windows-amd64-cygwin\jdk8u171\10807\hotspot\src\share\vm\prims\jvm.cpp, line 1435]
Event: 4.301 Thread 0x0000000019a73000 Exception <a 'java/security/PrivilegedActionException'> (0x00000000c870f508) thrown at [C:\re\workspace\8-2-build-windows-amd64-cygwin\jdk8u171\10807\hotspot\src\share\vm\prims\jvm.cpp, line 1435]
Event: 4.302 Thread 0x0000000019a73000 Exception <a 'java/security/PrivilegedActionException'> (0x00000000c8710628) thrown at [C:\re\workspace\8-2-build-windows-amd64-cygwin\jdk8u171\10807\hotspot\src\share\vm\prims\jvm.cpp, line 1435]
Event: 4.302 Thread 0x0000000019a73000 Exception <a 'java/security/PrivilegedActionException'> (0x00000000c8715748) thrown at [C:\re\workspace\8-2-build-windows-amd64-cygwin\jdk8u171\10807\hotspot\src\share\vm\prims\jvm.cpp, line 1435]
Event: 4.302 Thread 0x0000000019a73000 Exception <a 'java/security/PrivilegedActionException'> (0x00000000c87163a0) thrown at [C:\re\workspace\8-2-build-windows-amd64-cygwin\jdk8u171\10807\hotspot\src\share\vm\prims\jvm.cpp, line 1435]
Event: 4.302 Thread 0x0000000019a73000 Exception <a 'java/security/PrivilegedActionException'> (0x00000000c8716fc8) thrown at [C:\re\workspace\8-2-build-windows-amd64-cygwin\jdk8u171\10807\hotspot\src\share\vm\prims\jvm.cpp, line 1435]
Event: 4.695 Thread 0x0000000019a73000 Exception <a 'java/lang/InterruptedException': sleep interrupted> (0x00000000c8770938) thrown at [C:\re\workspace\8-2-build-windows-amd64-cygwin\jdk8u171\10807\hotspot\src\share\vm\prims\jvm.cpp, line 3273]
Event: 4.695 Thread 0x0000000019a73000 Exception <a 'java/lang/InterruptedException': sleep interrupted> (0x00000000c8770b90) thrown at [C:\re\workspace\8-2-build-windows-amd64-cygwin\jdk8u171\10807\hotspot\src\share\vm\prims\jvm.cpp, line 3273]
Event: 8.105 Thread 0x00000000022e3800 Exception <a 'java/lang/OutOfMemoryError'> (0x00000000c1b7d540) thrown at [C:\re\workspace\8-2-build-windows-amd64-cygwin\jdk8u171\10807\hotspot\src\share\vm\prims\unsafe.cpp, line 634]

Events (10 events):
Event: 8.087 loading class com/google/common/util/concurrent/ThreadFactoryBuilder
Event: 8.087 loading class com/google/common/util/concurrent/ThreadFactoryBuilder done
Event: 8.088 loading class com/google/common/util/concurrent/ThreadFactoryBuilder$1
Event: 8.088 loading class com/google/common/util/concurrent/ThreadFactoryBuilder$1 done
Event: 8.088 loading class java/util/concurrent/ArrayBlockingQueue
Event: 8.088 loading class java/util/concurrent/ArrayBlockingQueue done
Event: 8.089 Thread 0x000000001727c000 Thread added: 0x000000001727c000
Event: 8.089 Thread 0x000000001abb3000 Thread added: 0x000000001abb3000
Event: 8.105 loading class java/util/concurrent/locks/LockSupport
Event: 8.105 loading class java/util/concurrent/locks/LockSupport done


Dynamic libraries:
0x00007ff7e1080000 - 0x00007ff7e10b7000 	C:\Program Files\Java\jdk1.8.0_171\bin\java.exe
0x00007ffb9b6c0000 - 0x00007ffb9b8a1000 	C:\WINDOWS\SYSTEM32\ntdll.dll
0x00007ffb991b0000 - 0x00007ffb99262000 	C:\WINDOWS\System32\KERNEL32.DLL
0x00007ffb97c40000 - 0x00007ffb97eb3000 	C:\WINDOWS\System32\KERNELBASE.dll
0x00007ffb99df0000 - 0x00007ffb99e91000 	C:\WINDOWS\System32\ADVAPI32.dll
0x00007ffb99d50000 - 0x00007ffb99dee000 	C:\WINDOWS\System32\msvcrt.dll
0x00007ffb9b530000 - 0x00007ffb9b58b000 	C:\WINDOWS\System32\sechost.dll
0x00007ffb99290000 - 0x00007ffb993b4000 	C:\WINDOWS\System32\RPCRT4.dll
0x00007ffb993c0000 - 0x00007ffb99550000 	C:\WINDOWS\System32\USER32.dll
0x00007ffb98b30000 - 0x00007ffb98b50000 	C:\WINDOWS\System32\win32u.dll
0x00007ffb99170000 - 0x00007ffb99198000 	C:\WINDOWS\System32\GDI32.dll
0x00007ffb98700000 - 0x00007ffb98892000 	C:\WINDOWS\System32\gdi32full.dll
0x00007ffb988a0000 - 0x00007ffb9893f000 	C:\WINDOWS\System32\msvcp_win.dll
0x00007ffb97b40000 - 0x00007ffb97c3a000 	C:\WINDOWS\System32\ucrtbase.dll
0x00007ffb87f80000 - 0x00007ffb881e9000 	C:\WINDOWS\WinSxS\amd64_microsoft.windows.common-controls_6595b64144ccf1df_6.0.17134.48_none_b4b2216a3cb4dd3e\COMCTL32.dll
0x00007ffb99970000 - 0x00007ffb99c93000 	C:\WINDOWS\System32\combase.dll
0x00007ffb985d0000 - 0x00007ffb9864a000 	C:\WINDOWS\System32\bcryptPrimitives.dll
0x00007ffb98b50000 - 0x00007ffb98b7d000 	C:\WINDOWS\System32\IMM32.DLL
0x0000000054a90000 - 0x0000000054b62000 	C:\Program Files\Java\jdk1.8.0_171\jre\bin\msvcr100.dll
0x00000000536c0000 - 0x0000000053f60000 	C:\Program Files\Java\jdk1.8.0_171\jre\bin\server\jvm.dll
0x00007ffb99ea0000 - 0x00007ffb99ea8000 	C:\WINDOWS\System32\PSAPI.DLL
0x00007ffb7eec0000 - 0x00007ffb7eec9000 	C:\WINDOWS\SYSTEM32\WSOCK32.dll
0x00007ffb99550000 - 0x00007ffb995bc000 	C:\WINDOWS\System32\WS2_32.dll
0x00007ffb94870000 - 0x00007ffb94893000 	C:\WINDOWS\SYSTEM32\WINMM.dll
0x00007ffb926e0000 - 0x00007ffb926ea000 	C:\WINDOWS\SYSTEM32\VERSION.dll
0x00007ffb94840000 - 0x00007ffb9486a000 	C:\WINDOWS\SYSTEM32\WINMMBASE.dll
0x00007ffb97a90000 - 0x00007ffb97ad9000 	C:\WINDOWS\System32\cfgmgr32.dll
0x0000000054a80000 - 0x0000000054a8f000 	C:\Program Files\Java\jdk1.8.0_171\jre\bin\verify.dll
0x0000000054a50000 - 0x0000000054a79000 	C:\Program Files\Java\jdk1.8.0_171\jre\bin\java.dll
0x0000000054a30000 - 0x0000000054a46000 	C:\Program Files\Java\jdk1.8.0_171\jre\bin\zip.dll
0x00007ffb99eb0000 - 0x00007ffb9b2f0000 	C:\WINDOWS\System32\SHELL32.dll
0x00007ffb99ca0000 - 0x00007ffb99d49000 	C:\WINDOWS\System32\shcore.dll
0x00007ffb97ec0000 - 0x00007ffb985cd000 	C:\WINDOWS\System32\windows.storage.dll
0x00007ffb9b2f0000 - 0x00007ffb9b341000 	C:\WINDOWS\System32\shlwapi.dll
0x00007ffb97a70000 - 0x00007ffb97a81000 	C:\WINDOWS\System32\kernel.appcore.dll
0x00007ffb979e0000 - 0x00007ffb979ff000 	C:\WINDOWS\System32\profapi.dll
0x00007ffb97a20000 - 0x00007ffb97a6c000 	C:\WINDOWS\System32\powrprof.dll
0x00007ffb979d0000 - 0x00007ffb979da000 	C:\WINDOWS\System32\FLTLIB.DLL
0x0000000054a20000 - 0x0000000054a2d000 	C:\Program Files\Java\jdk1.8.0_171\jre\bin\management.dll
0x0000000054a00000 - 0x0000000054a1a000 	C:\Program Files\Java\jdk1.8.0_171\jre\bin\net.dll
0x00007ffb97250000 - 0x00007ffb972b6000 	C:\WINDOWS\system32\mswsock.dll
0x00000000549e0000 - 0x00000000549f1000 	C:\Program Files\Java\jdk1.8.0_171\jre\bin\nio.dll
0x00007ffb63560000 - 0x00007ffb63576000 	C:\WINDOWS\system32\napinsp.dll
0x00007ffb63540000 - 0x00007ffb6355a000 	C:\WINDOWS\system32\pnrpnsp.dll
0x00007ffb94450000 - 0x00007ffb94469000 	C:\WINDOWS\system32\NLAapi.dll
0x00007ffb97010000 - 0x00007ffb970ce000 	C:\WINDOWS\SYSTEM32\DNSAPI.dll
0x00007ffb991a0000 - 0x00007ffb991a8000 	C:\WINDOWS\System32\NSI.dll
0x00007ffb96fd0000 - 0x00007ffb97008000 	C:\WINDOWS\SYSTEM32\IPHLPAPI.DLL
0x00007ffb7a560000 - 0x00007ffb7a56e000 	C:\WINDOWS\System32\winrnr.dll
0x00007ffb8d430000 - 0x00007ffb8d4a2000 	C:\WINDOWS\System32\fwpuclnt.dll
0x00007ffb97530000 - 0x00007ffb97555000 	C:\WINDOWS\SYSTEM32\bcrypt.dll
0x00007ffb90e70000 - 0x00007ffb90e7a000 	C:\Windows\System32\rasadhlp.dll
0x0000000180000000 - 0x0000000180053000 	C:\Users\vicqu\Desktop\mcp918\jars\versions\1.8.8\1.8.8-natives\lwjgl64.dll
0x00007ffb7a5c0000 - 0x00007ffb7a6e0000 	C:\WINDOWS\SYSTEM32\OPENGL32.dll
0x00007ffb8e7c0000 - 0x00007ffb8e7ec000 	C:\WINDOWS\SYSTEM32\GLU32.dll
0x00007ffb97400000 - 0x00007ffb97417000 	C:\WINDOWS\SYSTEM32\CRYPTSP.dll
0x00007ffb96e30000 - 0x00007ffb96e63000 	C:\WINDOWS\system32\rsaenh.dll
0x00007ffb978d0000 - 0x00007ffb978f8000 	C:\WINDOWS\SYSTEM32\USERENV.dll
0x00007ffb97420000 - 0x00007ffb9742b000 	C:\WINDOWS\SYSTEM32\CRYPTBASE.dll
0x00007ffb915e0000 - 0x00007ffb915f6000 	C:\WINDOWS\SYSTEM32\dhcpcsvc6.DLL
0x00007ffb915c0000 - 0x00007ffb915da000 	C:\WINDOWS\SYSTEM32\dhcpcsvc.DLL
0x0000000053520000 - 0x00000000536b8000 	C:\Program Files\Java\jdk1.8.0_171\jre\bin\awt.dll
0x00007ffb995c0000 - 0x00007ffb99682000 	C:\WINDOWS\System32\OLEAUT32.dll
0x00007ffb95e20000 - 0x00007ffb95eab000 	C:\WINDOWS\SYSTEM32\apphelp.dll
0x00007ffb96090000 - 0x00007ffb96128000 	C:\WINDOWS\system32\uxtheme.dll
0x00007ffb99690000 - 0x00007ffb99805000 	C:\WINDOWS\System32\MSCTF.dll
0x00007ffb96380000 - 0x00007ffb963a9000 	C:\WINDOWS\system32\dwmapi.dll
0x00007ffb8ee80000 - 0x00007ffb8ef18000 	C:\WINDOWS\System32\TextInputFramework.dll
0x00007ffb95b80000 - 0x00007ffb95c5a000 	C:\WINDOWS\System32\CoreMessaging.dll
0x00007ffb92ba0000 - 0x00007ffb92ebe000 	C:\WINDOWS\System32\CoreUIComponents.dll
0x00007ffb96bd0000 - 0x00007ffb96c01000 	C:\WINDOWS\SYSTEM32\ntmarta.dll
0x00007ffb92910000 - 0x00007ffb92a5d000 	C:\WINDOWS\SYSTEM32\wintypes.dll
0x0000000051020000 - 0x0000000053518000 	C:\WINDOWS\System32\DriverStore\FileRepository\nv_dispi.inf_amd64_38c9bee769f9ef1f\nvoglv64.dll
0x00007ffb98d20000 - 0x00007ffb9916b000 	C:\WINDOWS\System32\SETUPAPI.dll
0x00007ffb99810000 - 0x00007ffb99961000 	C:\WINDOWS\System32\ole32.dll
0x00007ffb94580000 - 0x00007ffb94593000 	C:\WINDOWS\SYSTEM32\WTSAPI32.dll
0x00007ffb977e0000 - 0x00007ffb97807000 	C:\WINDOWS\SYSTEM32\DEVOBJ.dll
0x00007ffb97ae0000 - 0x00007ffb97b37000 	C:\WINDOWS\System32\WINTRUST.dll
0x00007ffb97a00000 - 0x00007ffb97a12000 	C:\WINDOWS\System32\MSASN1.dll
0x00007ffb98940000 - 0x00007ffb98b22000 	C:\WINDOWS\System32\CRYPT32.dll
0x00007ffb60900000 - 0x00007ffb60b66000 	C:\WINDOWS\system32\nvspcap64.dll
0x00007ffb8e1d0000 - 0x00007ffb8e278000 	C:\WINDOWS\SYSTEM32\mscms.dll
0x00007ffb94d90000 - 0x00007ffb94da0000 	C:\WINDOWS\SYSTEM32\ColorAdapterClient.dll
0x00007ffb8e890000 - 0x00007ffb8e8d3000 	C:\WINDOWS\SYSTEM32\icm32.dll
0x00007ffb96b70000 - 0x00007ffb96bc6000 	C:\WINDOWS\SYSTEM32\WINSTA.dll
0x000000001dd90000 - 0x000000001ddc8000 	C:\Users\vicqu\AppData\Local\Temp\jna\jna5924218605870308118.dll
0x0000000070a40000 - 0x0000000070adc000 	C:\Users\vicqu\Desktop\mcp918\jars\versions\1.8.8\1.8.8-natives\avutil-ttv-51.dll
0x0000000065980000 - 0x00000000659d6000 	C:\Users\vicqu\Desktop\mcp918\jars\versions\1.8.8\1.8.8-natives\swresample-ttv-0.dll
0x000000006eb80000 - 0x000000006ec50000 	C:\Users\vicqu\Desktop\mcp918\jars\versions\1.8.8\1.8.8-natives\libmp3lame-ttv.dll
0x00007ffb58470000 - 0x00007ffb59814000 	C:\Users\vicqu\Desktop\mcp918\jars\versions\1.8.8\1.8.8-natives\libmfxsw64.dll
0x00007ffb6bfd0000 - 0x00007ffb6c13d000 	C:\Users\vicqu\Desktop\mcp918\jars\versions\1.8.8\1.8.8-natives\twitchsdk.dll
0x00007ffb88a00000 - 0x00007ffb88d4f000 	C:\WINDOWS\SYSTEM32\WININET.dll
0x00000000206e0000 - 0x0000000020744000 	C:\Users\vicqu\Desktop\mcp918\jars\versions\1.8.8\1.8.8-natives\OpenAL64.dll
0x00007ffb9b590000 - 0x00007ffb9b630000 	C:\WINDOWS\System32\clbcatq.dll
0x00007ffb91040000 - 0x00007ffb910b6000 	C:\WINDOWS\System32\MMDevApi.dll
0x00007ffb94210000 - 0x00007ffb943c4000 	C:\WINDOWS\System32\PROPSYS.dll
0x00007ffb5ea80000 - 0x00007ffb5eb0f000 	C:\WINDOWS\SYSTEM32\dsound.dll
0x00007ffb695d0000 - 0x00007ffb696fc000 	C:\WINDOWS\SYSTEM32\AUDIOSES.DLL
0x00007ffb93770000 - 0x00007ffb9377a000 	C:\WINDOWS\SYSTEM32\AVRT.dll

VM Arguments:
jvm_args: -Xincgc -Xms1024M -Xmx1024M -Djava.library.path=..\jars\versions\1.8.8\1.8.8-natives 
java_command: Start
java_class_path (initial): ..\bin\minecraft;..\src\minecraft;..\jars\versions\1.8.8\1.8.8.jar;..\lib;..\lib\*;..\jars\libraries\net\java\jinput\jinput\2.0.5\jinput-2.0.5.jar;..\jars\libraries\org\lwjgl\lwjgl\lwjgl-platform\2.9.4-nightly-20150209\lwjgl-platform-2.9.4-nightly-20150209-natives-windows.jar;..\jars\libraries\com\ibm\icu\icu4j-core-mojang\51.2\icu4j-core-mojang-51.2.jar;..\jars\libraries\tv\twitch\twitch-external-platform\4.5\twitch-external-platform-4.5-natives-windows-64.jar;..\jars\libraries\org\apache\httpcomponents\httpcore\4.3.2\httpcore-4.3.2.jar;..\jars\libraries\org\apache\logging\log4j\log4j-api\2.0-beta9\log4j-api-2.0-beta9.jar;..\jars\libraries\org\apache\commons\commons-lang3\3.3.2\commons-lang3-3.3.2.jar;..\jars\libraries\net\java\dev\jna\jna\3.4.0\jna-3.4.0.jar;..\jars\libraries\com\paulscode\libraryjavasound\20101123\libraryjavasound-20101123.jar;..\jars\libraries\net\sf\jopt-simple\jopt-simple\4.6\jopt-simple-4.6.jar;..\jars\libraries\com\google\guava\guava\17.0\guava-17.0.jar;..\jars\libraries\oshi-project\oshi-core\1.1\oshi-core-1.1.jar;..\jars\libraries\org\apache\httpcomponents\httpclient\4.3.3\httpclient-4.3.3.jar;..\jars\libraries\org\apache\commons\commons-compress\1.8.1\commons-compress-1.8.1.jar;..\jars\libraries\net\java\dev\jna\platform\3.4.0\platform-3.4.0.jar;..\jars\libraries\com\paulscode\codecjorbis\20101023\codecjorbis-20101023.jar;..\jars\libraries\com\paulscode\soundsystem\20120107\soundsystem-20120107.jar;..\jars\libraries\com\paulscode\librarylwjglopenal\20100824\librarylwjglopenal-20100824.jar;..\jars\libraries\org\lwjgl\lwjgl\lwjgl_util\2.9.4-nightly-20150209\lwjgl_util-2.9.4-nightly-20150209.jar;..\jars\libraries\commons-codec\commons-codec\1.9\commons-codec-1.9.jar;..\jars\libraries\net\java\jutils\jutils\1.0.0\jutils-1.0.0.jar;..\jars\libraries\commons-logging\commons-logging\1.1.3\commons-logging-1.1.3.jar;..\jars\libraries\org\lwjgl\lwjgl\lwjgl\2.9.4-nightly-20150209\lwjgl-2.9.4-nightly-20150209.jar;..\jars\l
Launcher Type: SUN_STANDARD

Environment Variables:
PATH=C:\Program Files (x86)\Common Files\Oracle\Java\javapath;c:\programdata\oracle\java\javapath;c:\windows\system32;c:\windows;c:\windows\system32\wbem;c:\windows\system32\windowspowershell\v1.0\;c:\android;c:\users\vicqu\appdata\local\microsoft\windowsapps;c:\adb;C:\Program Files (x86)\NVIDIA Corporation\PhysX\Common;C:\Program Files (x86)\Windows Live\Shared;C:\WINDOWS\system32;C:\WINDOWS;C:\WINDOWS\System32\Wbem;C:\WINDOWS\System32\WindowsPowerShell\v1.0\;C:\Program Files\dotnet\;C:\Program Files\Microsoft SQL Server\130\Tools\Binn\;C:\Program Files (x86)\Schneider Electric\Vijeo-WebGate Control;C:\WINDOWS\System32\OpenSSH\;C:\Program Files (x86)\Windows Kits\10\Microsoft Application Virtualization\Sequencer\;C:\Program Files (x86)\Windows Kits\10\Windows Performance Toolkit\;C:\Users\vicqu\AppData\Local\Microsoft\WindowsApps;C:\Users\vicqu\AppData\Roaming\Dashlane\4.6.6.23032\bin\Firefox_Extension\{442718d9-475e-452a-b3e1-fb1ee16b8e9f}\components;C:\Users\vicqu\AppData\Local\GitHubDesktop\bin;C:\Users\vicqu\AppData\Local\Microsoft\WindowsApps;
USERNAME=vicqu
OS=Windows_NT
PROCESSOR_IDENTIFIER=Intel64 Family 6 Model 158 Stepping 9, GenuineIntel



---------------  S Y S T E M  ---------------

OS: Windows 10.0 , 64 bit Build 17134 (10.0.17134.1)

CPU:total 4 (initial active 4) (4 cores per cpu, 1 threads per core) family 6 model 158 stepping 9, cmov, cx8, fxsr, mmx, sse, sse2, sse3, ssse3, sse4.1, sse4.2, popcnt, avx, avx2, aes, clmul, erms, rtm, 3dnowpref, lzcnt, tsc, tscinvbit, bmi1, bmi2, adx

Memory: 4k page, physical 8355548k(2247688k free), swap 8355548k(5804k free)

vm_info: Java HotSpot(TM) 64-Bit Server VM (25.171-b11) for windows-amd64 JRE (1.8.0_171-b11), built on Mar 28 2018 16:06:12 by "java_re" with MS VC++ 10.0 (VS2010)

time: Fri May 11 15:59:55 2018
elapsed time: 8 seconds (0d 0h 0m 8s)

