#
# There is insufficient memory for the Java Runtime Environment to continue.
# Native memory allocation (malloc) failed to allocate 1318896 bytes for Chunk::new
# Possible reasons:
#   The system is out of physical RAM or swap space
#   In 32 bit mode, the process size limit was hit
# Possible solutions:
#   Reduce memory load on the system
#   Increase physical memory or swap space
#   Check if swap backing store is full
#   Use 64 bit Java on a 64 bit OS
#   Decrease Java heap size (-Xmx/-Xms)
#   Decrease number of Java threads
#   Decrease Java thread stack sizes (-Xss)
#   Set larger code cache with -XX:ReservedCodeCacheSize=
# This output file may be truncated or incomplete.
#
#  Out of Memory Error (allocation.cpp:390), pid=212, tid=0x0000000000001438
#
# JRE version: Java(TM) SE Runtime Environment (8.0_171-b11) (build 1.8.0_171-b11)
# Java VM: Java HotSpot(TM) 64-Bit Server VM (25.171-b11 mixed mode windows-amd64 compressed oops)
# Failed to write core dump. Minidumps are not enabled by default on client versions of Windows
#

---------------  T H R E A D  ---------------

Current thread (0x0000000016f75000):  JavaThread "C2 CompilerThread0" daemon [_thread_in_native, id=5176, stack(0x0000000017850000,0x0000000017950000)]

Stack: [0x0000000017850000,0x0000000017950000]
[error occurred during error reporting (printing stack bounds), id 0xc0000005]

Native frames: (J=compiled Java code, j=interpreted, Vv=VM code, C=native code)


Current CompileTask:
C2:   7771 3539       4       java.util.regex.Pattern$Curly::match (86 bytes)


---------------  P R O C E S S  ---------------

Java Threads: ( => current thread )
  0x000000002dab1800 JavaThread "Keep-Alive-Timer" daemon [_thread_blocked, id=15980, stack(0x0000000034ad0000,0x0000000034bd0000)]
  0x000000002daad000 JavaThread "LWJGL Timer" daemon [_thread_blocked, id=12024, stack(0x00000000349d0000,0x0000000034ad0000)]
  0x000000002daab000 JavaThread "Chunk Batcher 1" daemon [_thread_blocked, id=5256, stack(0x0000000030990000,0x0000000030a90000)]
  0x000000002daae000 JavaThread "Chunk Batcher 0" daemon [_thread_blocked, id=4608, stack(0x000000002f830000,0x000000002f930000)]
  0x0000000018519000 JavaThread "Thread-7" [_thread_blocked, id=12480, stack(0x0000000028100000,0x0000000028200000)]
  0x000000001851a800 JavaThread "Thread-6" [_thread_blocked, id=11220, stack(0x0000000028000000,0x0000000028100000)]
  0x0000000018519800 JavaThread "Java2D Disposer" daemon [_thread_blocked, id=12108, stack(0x000000001bd90000,0x000000001be90000)]
  0x000000001851b000 JavaThread "Timer hack thread" daemon [_thread_blocked, id=2184, stack(0x000000001bc90000,0x000000001bd90000)]
  0x0000000018516800 JavaThread "Snooper Timer" daemon [_thread_blocked, id=1856, stack(0x000000001b630000,0x000000001b730000)]
  0x0000000018516000 JavaThread "Snooper Timer" daemon [_thread_blocked, id=15012, stack(0x000000001b430000,0x000000001b530000)]
  0x0000000017003800 JavaThread "Service Thread" daemon [_thread_blocked, id=14760, stack(0x0000000017b50000,0x0000000017c50000)]
  0x0000000016f7b000 JavaThread "C1 CompilerThread2" daemon [_thread_blocked, id=14320, stack(0x0000000017a50000,0x0000000017b50000)]
  0x0000000016f79800 JavaThread "C2 CompilerThread1" daemon [_thread_blocked, id=12652, stack(0x0000000017950000,0x0000000017a50000)]
=>0x0000000016f75000 JavaThread "C2 CompilerThread0" daemon [_thread_in_native, id=5176, stack(0x0000000017850000,0x0000000017950000)]
  0x0000000016f6b800 JavaThread "Attach Listener" daemon [_thread_blocked, id=1872, stack(0x0000000017750000,0x0000000017850000)]
  0x0000000016f6b000 JavaThread "Signal Dispatcher" daemon [_thread_blocked, id=3808, stack(0x0000000017650000,0x0000000017750000)]
  0x0000000016f6a000 JavaThread "Surrogate Locker Thread (Concurrent GC)" daemon [_thread_blocked, id=10324, stack(0x0000000017550000,0x0000000017650000)]
  0x0000000016533800 JavaThread "Finalizer" daemon [_thread_blocked, id=13672, stack(0x0000000017340000,0x0000000017440000)]
  0x000000001652c800 JavaThread "Reference Handler" daemon [_thread_blocked, id=3572, stack(0x0000000016e40000,0x0000000016f40000)]
  0x0000000003214000 JavaThread "Client thread" [_thread_blocked, id=14904, stack(0x00000000030e0000,0x00000000031e0000)]

Other Threads:
  0x0000000016521800 VMThread [stack: 0x0000000016d40000,0x0000000016e40000] [id=2572]
  0x0000000017022800 WatcherThread [stack: 0x0000000017c50000,0x0000000017d50000] [id=8880]

VM state:not at safepoint (normal execution)

VM Mutex/Monitor currently owned by a thread: None

Heap:
 par new generation   total 306688K, used 203623K [0x00000000c0000000, 0x00000000d4cc0000, 0x00000000d4cc0000)
  eden space 272640K,  65% used [0x00000000c0000000, 0x00000000caed6eb8, 0x00000000d0a40000)
  from space 34048K,  72% used [0x00000000d2b80000, 0x00000000d4382fa0, 0x00000000d4cc0000)
  to   space 34048K,   0% used [0x00000000d0a40000, 0x00000000d0a40000, 0x00000000d2b80000)
 concurrent mark-sweep generation total 707840K, used 48955K [0x00000000d4cc0000, 0x0000000100000000, 0x0000000100000000)
 Metaspace       used 31184K, capacity 31377K, committed 31588K, reserved 1077248K
  class space    used 4071K, capacity 4135K, committed 4164K, reserved 1048576K

Card table byte_map: [0x0000000012b80000,0x0000000012d90000] byte_map_base: 0x0000000012580000

Marking Bits: (CMSBitMap*) 0x000000000326dea8
 Bits: [0x0000000013330000, 0x0000000013dfd000)

Mod Union Table: (CMSBitMap*) 0x000000000326df68
 Bits: [0x0000000001990000, 0x00000000019bb340)

Polling page: 0x00000000013d0000

CodeCache: size=245760Kb used=10255Kb max_used=10455Kb free=235505Kb
 bounds [0x00000000033c0000, 0x0000000003e20000, 0x00000000123c0000]
 total_blobs=3725 nmethods=3054 adapters=583
 compilation: enabled

Compilation events (10 events):
Event: 7.318 Thread 0x0000000016f7b000 nmethod 3534 0x000000000396b490 code [0x000000000396b680, 0x000000000396bdb8]
Event: 7.383 Thread 0x0000000016f75000 3536       4       net.minecraft.client.renderer.GlStateManager::colorMask (76 bytes)
Event: 7.384 Thread 0x0000000016f79800 3537       4       net.minecraft.client.renderer.WorldRenderer::color (30 bytes)
Event: 7.384 Thread 0x0000000016f79800 nmethod 3537 0x00000000035ac110 code [0x00000000035ac280, 0x00000000035ac388]
Event: 7.385 Thread 0x0000000016f75000 nmethod 3536 0x00000000035acb90 code [0x00000000035acce0, 0x00000000035acee8]
Event: 7.518 Thread 0x0000000016f7b000 3538       3       net.minecraft.client.renderer.GlStateManager::enableTexture2D (14 bytes)
Event: 7.518 Thread 0x0000000016f7b000 nmethod 3538 0x00000000035abb90 code [0x00000000035abd00, 0x00000000035abf28]
Event: 7.719 Thread 0x0000000016f79800 3540       4       java.util.regex.Pattern$Branch::match (66 bytes)
Event: 7.719 Thread 0x0000000016f75000 3539       4       java.util.regex.Pattern$Curly::match (86 bytes)
Event: 7.721 Thread 0x0000000016f79800 nmethod 3540 0x00000000035ac450 code [0x00000000035ac5a0, 0x00000000035ac858]

GC Heap History (6 events):
Event: 2.293 GC heap before
{Heap before GC invocations=0 (full 0):
 par new generation   total 306688K, used 272640K [0x00000000c0000000, 0x00000000d4cc0000, 0x00000000d4cc0000)
  eden space 272640K, 100% used [0x00000000c0000000, 0x00000000d0a40000, 0x00000000d0a40000)
  from space 34048K,   0% used [0x00000000d0a40000, 0x00000000d0a40000, 0x00000000d2b80000)
  to   space 34048K,   0% used [0x00000000d2b80000, 0x00000000d2b80000, 0x00000000d4cc0000)
 concurrent mark-sweep generation total 707840K, used 0K [0x00000000d4cc0000, 0x0000000100000000, 0x0000000100000000)
 Metaspace       used 25676K, capacity 25882K, committed 26200K, reserved 1071104K
  class space    used 3677K, capacity 3745K, committed 3784K, reserved 1048576K
Event: 2.316 GC heap after
Heap after GC invocations=1 (full 0):
 par new generation   total 306688K, used 32278K [0x00000000c0000000, 0x00000000d4cc0000, 0x00000000d4cc0000)
  eden space 272640K,   0% used [0x00000000c0000000, 0x00000000c0000000, 0x00000000d0a40000)
  from space 34048K,  94% used [0x00000000d2b80000, 0x00000000d4b05b48, 0x00000000d4cc0000)
  to   space 34048K,   0% used [0x00000000d0a40000, 0x00000000d0a40000, 0x00000000d2b80000)
 concurrent mark-sweep generation total 707840K, used 0K [0x00000000d4cc0000, 0x0000000100000000, 0x0000000100000000)
 Metaspace       used 25676K, capacity 25882K, committed 26200K, reserved 1071104K
  class space    used 3677K, capacity 3745K, committed 3784K, reserved 1048576K
}
Event: 3.736 GC heap before
{Heap before GC invocations=1 (full 0):
 par new generation   total 306688K, used 304918K [0x00000000c0000000, 0x00000000d4cc0000, 0x00000000d4cc0000)
  eden space 272640K, 100% used [0x00000000c0000000, 0x00000000d0a40000, 0x00000000d0a40000)
  from space 34048K,  94% used [0x00000000d2b80000, 0x00000000d4b05b48, 0x00000000d4cc0000)
  to   space 34048K,   0% used [0x00000000d0a40000, 0x00000000d0a40000, 0x00000000d2b80000)
 concurrent mark-sweep generation total 707840K, used 0K [0x00000000d4cc0000, 0x0000000100000000, 0x0000000100000000)
 Metaspace       used 29756K, capacity 30023K, committed 30260K, reserved 1075200K
  class space    used 3983K, capacity 4068K, committed 4088K, reserved 1048576K
Event: 3.806 GC heap after
Heap after GC invocations=2 (full 0):
 par new generation   total 306688K, used 32098K [0x00000000c0000000, 0x00000000d4cc0000, 0x00000000d4cc0000)
  eden space 272640K,   0% used [0x00000000c0000000, 0x00000000c0000000, 0x00000000d0a40000)
  from space 34048K,  94% used [0x00000000d0a40000, 0x00000000d2998a60, 0x00000000d2b80000)
  to   space 34048K,   0% used [0x00000000d2b80000, 0x00000000d2b80000, 0x00000000d4cc0000)
 concurrent mark-sweep generation total 707840K, used 25736K [0x00000000d4cc0000, 0x0000000100000000, 0x0000000100000000)
 Metaspace       used 29756K, capacity 30023K, committed 30260K, reserved 1075200K
  class space    used 3983K, capacity 4068K, committed 4088K, reserved 1048576K
}
Event: 4.667 GC heap before
{Heap before GC invocations=2 (full 1):
 par new generation   total 306688K, used 304738K [0x00000000c0000000, 0x00000000d4cc0000, 0x00000000d4cc0000)
  eden space 272640K, 100% used [0x00000000c0000000, 0x00000000d0a40000, 0x00000000d0a40000)
  from space 34048K,  94% used [0x00000000d0a40000, 0x00000000d2998a60, 0x00000000d2b80000)
  to   space 34048K,   0% used [0x00000000d2b80000, 0x00000000d2b80000, 0x00000000d4cc0000)
 concurrent mark-sweep generation total 707840K, used 25736K [0x00000000d4cc0000, 0x0000000100000000, 0x0000000100000000)
 Metaspace       used 30198K, capacity 30407K, committed 30676K, reserved 1075200K
  class space    used 3995K, capacity 4068K, committed 4088K, reserved 1048576K
Event: 4.706 GC heap after
Heap after GC invocations=3 (full 1):
 par new generation   total 306688K, used 24587K [0x00000000c0000000, 0x00000000d4cc0000, 0x00000000d4cc0000)
  eden space 272640K,   0% used [0x00000000c0000000, 0x00000000c0000000, 0x00000000d0a40000)
  from space 34048K,  72% used [0x00000000d2b80000, 0x00000000d4382fa0, 0x00000000d4cc0000)
  to   space 34048K,   0% used [0x00000000d0a40000, 0x00000000d0a40000, 0x00000000d2b80000)
 concurrent mark-sweep generation total 707840K, used 48955K [0x00000000d4cc0000, 0x0000000100000000, 0x0000000100000000)
 Metaspace       used 30198K, capacity 30407K, committed 30676K, reserved 1075200K
  class space    used 3995K, capacity 4068K, committed 4088K, reserved 1048576K
}

Deoptimization events (10 events):
Event: 5.035 Thread 0x0000000003214000 Uncommon trap: reason=class_check action=maybe_recompile pc=0x0000000003d00484 method=java.util.regex.Matcher.search(I)Z @ 86
Event: 5.141 Thread 0x0000000003214000 Uncommon trap: reason=unstable_if action=reinterpret pc=0x0000000003d22ee0 method=sun.awt.image.ByteInterleavedRaster.setDataElements(IIIIIILjava/awt/image/Raster;)V @ 54
Event: 5.141 Thread 0x0000000003214000 Uncommon trap: reason=unstable_if action=reinterpret pc=0x0000000003cffd9c method=sun.awt.image.ByteInterleavedRaster.setDataElements(IIIIIILjava/awt/image/Raster;)V @ 54
Event: 5.145 Thread 0x0000000003214000 Uncommon trap: reason=class_check action=maybe_recompile pc=0x00000000036d8294 method=java.awt.image.BufferedImage.getRGB(IIII[III)[I @ 205
Event: 5.196 Thread 0x0000000018516000 Uncommon trap: reason=class_check action=maybe_recompile pc=0x0000000003cf26f0 method=java.io.BufferedInputStream.read1([BII)I @ 39
Event: 5.196 Thread 0x0000000018516000 Uncommon trap: reason=class_check action=maybe_recompile pc=0x0000000003cf26f0 method=java.io.BufferedInputStream.read1([BII)I @ 39
Event: 5.223 Thread 0x0000000018516000 Uncommon trap: reason=unstable_if action=reinterpret pc=0x00000000034d7624 method=java.lang.AbstractStringBuilder.append(I)Ljava/lang/AbstractStringBuilder; @ 16
Event: 5.223 Thread 0x0000000018516000 Uncommon trap: reason=unstable_if action=reinterpret pc=0x0000000003c2a36c method=java.lang.Integer.getChars(II[C)V @ 7
Event: 5.389 Thread 0x0000000018516000 Uncommon trap: reason=unstable_if action=reinterpret pc=0x00000000036651f0 method=java.lang.String.regionMatches(ZILjava/lang/String;II)Z @ 123
Event: 5.560 Thread 0x0000000018516000 Uncommon trap: reason=unstable_if action=reinterpret pc=0x00000000036663d0 method=java.lang.String.regionMatches(ZILjava/lang/String;II)Z @ 123

Classes redefined (0 events):
No events

Internal exceptions (10 events):
Event: 3.202 Thread 0x0000000003214000 Exception <a 'java/lang/UnsatisfiedLinkError': Impossibile trovare la procedura specificata.
> (0x00000000c70e7248) thrown at [C:\re\workspace\8-2-build-windows-amd64-cygwin\jdk8u171\10807\hotspot\src\share\vm\prims\jni.cpp, line 735]
Event: 3.547 Thread 0x000000001851a800 Exception <a 'java/lang/InterruptedException': sleep interrupted> (0x00000000cda43268) thrown at [C:\re\workspace\8-2-build-windows-amd64-cygwin\jdk8u171\10807\hotspot\src\share\vm\prims\jvm.cpp, line 3273]
Event: 3.553 Thread 0x000000001851a800 Exception <a 'java/security/PrivilegedActionException'> (0x00000000cdaa0978) thrown at [C:\re\workspace\8-2-build-windows-amd64-cygwin\jdk8u171\10807\hotspot\src\share\vm\prims\jvm.cpp, line 1435]
Event: 3.553 Thread 0x000000001851a800 Exception <a 'java/security/PrivilegedActionException'> (0x00000000cdaa2488) thrown at [C:\re\workspace\8-2-build-windows-amd64-cygwin\jdk8u171\10807\hotspot\src\share\vm\prims\jvm.cpp, line 1435]
Event: 3.553 Thread 0x000000001851a800 Exception <a 'java/security/PrivilegedActionException'> (0x00000000cdaa35a8) thrown at [C:\re\workspace\8-2-build-windows-amd64-cygwin\jdk8u171\10807\hotspot\src\share\vm\prims\jvm.cpp, line 1435]
Event: 3.553 Thread 0x000000001851a800 Exception <a 'java/security/PrivilegedActionException'> (0x00000000cdaa86c8) thrown at [C:\re\workspace\8-2-build-windows-amd64-cygwin\jdk8u171\10807\hotspot\src\share\vm\prims\jvm.cpp, line 1435]
Event: 3.553 Thread 0x000000001851a800 Exception <a 'java/security/PrivilegedActionException'> (0x00000000cdaa9320) thrown at [C:\re\workspace\8-2-build-windows-amd64-cygwin\jdk8u171\10807\hotspot\src\share\vm\prims\jvm.cpp, line 1435]
Event: 3.553 Thread 0x000000001851a800 Exception <a 'java/security/PrivilegedActionException'> (0x00000000cdaa9f48) thrown at [C:\re\workspace\8-2-build-windows-amd64-cygwin\jdk8u171\10807\hotspot\src\share\vm\prims\jvm.cpp, line 1435]
Event: 3.946 Thread 0x000000001851a800 Exception <a 'java/lang/InterruptedException': sleep interrupted> (0x00000000c37ae430) thrown at [C:\re\workspace\8-2-build-windows-amd64-cygwin\jdk8u171\10807\hotspot\src\share\vm\prims\jvm.cpp, line 3273]
Event: 3.946 Thread 0x000000001851a800 Exception <a 'java/lang/InterruptedException': sleep interrupted> (0x00000000c37ae688) thrown at [C:\re\workspace\8-2-build-windows-amd64-cygwin\jdk8u171\10807\hotspot\src\share\vm\prims\jvm.cpp, line 3273]

Events (10 events):
Event: 5.561 Executing VM operation: Deoptimize
Event: 5.561 Executing VM operation: Deoptimize done
Event: 5.562 loading class sun/net/www/http/KeepAliveEntry
Event: 5.562 loading class sun/net/www/http/KeepAliveEntry done
Event: 5.562 loading class sun/net/www/protocol/http/EmptyInputStream
Event: 5.562 loading class sun/net/www/protocol/http/EmptyInputStream done
Event: 5.562 loading class sun/net/www/protocol/http/HttpURLConnection$HttpInputStream
Event: 5.562 loading class sun/net/www/protocol/http/HttpURLConnection$HttpInputStream done
Event: 6.983 Thread 0x0000000003214000 DEOPT PACKING pc=0x0000000003502b2f sp=0x00000000031df210
Event: 6.983 Thread 0x0000000003214000 DEOPT UNPACKING pc=0x0000000003407890 sp=0x00000000031df020 mode 0


Dynamic libraries:
0x00007ff713aa0000 - 0x00007ff713ad7000 	C:\Program Files\Java\jre1.8.0_171\bin\javaw.exe
0x00007ffa332a0000 - 0x00007ffa33481000 	C:\WINDOWS\SYSTEM32\ntdll.dll
0x00007ffa30df0000 - 0x00007ffa30ea2000 	C:\WINDOWS\System32\KERNEL32.DLL
0x00007ffa300b0000 - 0x00007ffa30323000 	C:\WINDOWS\System32\KERNELBASE.dll
0x00007ffa30d40000 - 0x00007ffa30de1000 	C:\WINDOWS\System32\ADVAPI32.dll
0x00007ffa30a60000 - 0x00007ffa30afe000 	C:\WINDOWS\System32\msvcrt.dll
0x00007ffa32ea0000 - 0x00007ffa32efb000 	C:\WINDOWS\System32\sechost.dll
0x00007ffa33110000 - 0x00007ffa33234000 	C:\WINDOWS\System32\RPCRT4.dll
0x00007ffa307d0000 - 0x00007ffa30960000 	C:\WINDOWS\System32\USER32.dll
0x00007ffa2fd80000 - 0x00007ffa2fda0000 	C:\WINDOWS\System32\win32u.dll
0x00007ffa33240000 - 0x00007ffa33268000 	C:\WINDOWS\System32\GDI32.dll
0x00007ffa2fe70000 - 0x00007ffa30002000 	C:\WINDOWS\System32\gdi32full.dll
0x00007ffa30010000 - 0x00007ffa300af000 	C:\WINDOWS\System32\msvcp_win.dll
0x00007ffa30440000 - 0x00007ffa3053a000 	C:\WINDOWS\System32\ucrtbase.dll
0x00007ffa237a0000 - 0x00007ffa23a09000 	C:\WINDOWS\WinSxS\amd64_microsoft.windows.common-controls_6595b64144ccf1df_6.0.17134.1_none_e4da93291059d8fb\COMCTL32.dll
0x00007ffa32900000 - 0x00007ffa32c23000 	C:\WINDOWS\System32\combase.dll
0x00007ffa2fda0000 - 0x00007ffa2fe1a000 	C:\WINDOWS\System32\bcryptPrimitives.dll
0x00007ffa30730000 - 0x00007ffa3075d000 	C:\WINDOWS\System32\IMM32.DLL
0x0000000071440000 - 0x0000000071512000 	C:\Program Files\Java\jre1.8.0_171\bin\msvcr100.dll
0x0000000071530000 - 0x0000000071dd0000 	C:\Program Files\Java\jre1.8.0_171\bin\server\jvm.dll
0x00007ffa30f70000 - 0x00007ffa30f78000 	C:\WINDOWS\System32\PSAPI.DLL
0x00007ffa2c450000 - 0x00007ffa2c473000 	C:\WINDOWS\SYSTEM32\WINMM.dll
0x00007ffa1d200000 - 0x00007ffa1d209000 	C:\WINDOWS\SYSTEM32\WSOCK32.dll
0x00007ffa30f80000 - 0x00007ffa30fec000 	C:\WINDOWS\System32\WS2_32.dll
0x00007ffa299a0000 - 0x00007ffa299aa000 	C:\WINDOWS\SYSTEM32\VERSION.dll
0x00007ffa2c420000 - 0x00007ffa2c44a000 	C:\WINDOWS\SYSTEM32\winmmbase.dll
0x00007ffa2fe20000 - 0x00007ffa2fe69000 	C:\WINDOWS\System32\cfgmgr32.dll
0x0000000072620000 - 0x000000007262f000 	C:\Program Files\Java\jre1.8.0_171\bin\verify.dll
0x00000000725f0000 - 0x0000000072619000 	C:\Program Files\Java\jre1.8.0_171\bin\java.dll
0x00000000725d0000 - 0x00000000725e6000 	C:\Program Files\Java\jre1.8.0_171\bin\zip.dll
0x00007ffa314c0000 - 0x00007ffa32900000 	C:\WINDOWS\System32\SHELL32.dll
0x00007ffa33060000 - 0x00007ffa33109000 	C:\WINDOWS\System32\shcore.dll
0x00007ffa2f670000 - 0x00007ffa2fd7d000 	C:\WINDOWS\System32\windows.storage.dll
0x00007ffa30eb0000 - 0x00007ffa30f01000 	C:\WINDOWS\System32\shlwapi.dll
0x00007ffa2f610000 - 0x00007ffa2f621000 	C:\WINDOWS\System32\kernel.appcore.dll
0x00007ffa2f630000 - 0x00007ffa2f64f000 	C:\WINDOWS\System32\profapi.dll
0x00007ffa2f5c0000 - 0x00007ffa2f60c000 	C:\WINDOWS\System32\powrprof.dll
0x00007ffa2f5b0000 - 0x00007ffa2f5ba000 	C:\WINDOWS\System32\FLTLIB.DLL
0x0000000071520000 - 0x000000007152d000 	C:\Program Files\Java\jre1.8.0_171\bin\management.dll
0x00000000725b0000 - 0x00000000725ca000 	C:\Program Files\Java\jre1.8.0_171\bin\net.dll
0x00007ffa2ee30000 - 0x00007ffa2ee96000 	C:\WINDOWS\system32\mswsock.dll
0x0000000072590000 - 0x00000000725a1000 	C:\Program Files\Java\jre1.8.0_171\bin\nio.dll
0x00007ffa0be60000 - 0x00007ffa0be76000 	C:\WINDOWS\system32\napinsp.dll
0x00007ffa0c070000 - 0x00007ffa0c08a000 	C:\WINDOWS\system32\pnrpnsp.dll
0x00007ffa2c1b0000 - 0x00007ffa2c1c9000 	C:\WINDOWS\system32\NLAapi.dll
0x00007ffa2ebf0000 - 0x00007ffa2ecae000 	C:\WINDOWS\SYSTEM32\DNSAPI.dll
0x00007ffa30960000 - 0x00007ffa30968000 	C:\WINDOWS\System32\NSI.dll
0x00007ffa2ebb0000 - 0x00007ffa2ebe8000 	C:\WINDOWS\SYSTEM32\IPHLPAPI.DLL
0x00007ffa23240000 - 0x00007ffa2324e000 	C:\WINDOWS\System32\winrnr.dll
0x00007ffa285e0000 - 0x00007ffa28652000 	C:\WINDOWS\System32\fwpuclnt.dll
0x00007ffa2f110000 - 0x00007ffa2f135000 	C:\WINDOWS\SYSTEM32\bcrypt.dll
0x00007ffa27900000 - 0x00007ffa2790a000 	C:\Windows\System32\rasadhlp.dll
0x0000000180000000 - 0x0000000180053000 	C:\Users\vicqu\Desktop\mcp918\jars\versions\1.8.8\1.8.8-natives\lwjgl64.dll
0x00007ffa0b130000 - 0x00007ffa0b250000 	C:\WINDOWS\SYSTEM32\OPENGL32.dll
0x00007ffa29aa0000 - 0x00007ffa29acc000 	C:\WINDOWS\SYSTEM32\GLU32.dll
0x00007ffa2efe0000 - 0x00007ffa2eff7000 	C:\WINDOWS\SYSTEM32\CRYPTSP.dll
0x00007ffa2ea10000 - 0x00007ffa2ea43000 	C:\WINDOWS\system32\rsaenh.dll
0x00007ffa2f4e0000 - 0x00007ffa2f508000 	C:\WINDOWS\SYSTEM32\USERENV.dll
0x00007ffa2f000000 - 0x00007ffa2f00b000 	C:\WINDOWS\SYSTEM32\CRYPTBASE.dll
0x00007ffa29950000 - 0x00007ffa29966000 	C:\WINDOWS\SYSTEM32\dhcpcsvc6.DLL
0x00007ffa29930000 - 0x00007ffa2994a000 	C:\WINDOWS\SYSTEM32\dhcpcsvc.DLL
0x00000000712a0000 - 0x0000000071438000 	C:\Program Files\Java\jre1.8.0_171\bin\awt.dll
0x00007ffa32c30000 - 0x00007ffa32cf2000 	C:\WINDOWS\System32\OLEAUT32.dll
0x00007ffa2d960000 - 0x00007ffa2d9eb000 	C:\WINDOWS\SYSTEM32\apphelp.dll
0x00007ffa2dc70000 - 0x00007ffa2dd08000 	C:\WINDOWS\system32\uxtheme.dll
0x00007ffa32d00000 - 0x00007ffa32e75000 	C:\WINDOWS\System32\MSCTF.dll
0x00007ffa2dd40000 - 0x00007ffa2dd69000 	C:\WINDOWS\system32\dwmapi.dll
0x00007ffa277c0000 - 0x00007ffa27858000 	C:\WINDOWS\System32\TextInputFramework.dll
0x00007ffa2a5c0000 - 0x00007ffa2a8de000 	C:\WINDOWS\System32\CoreUIComponents.dll
0x00007ffa2d730000 - 0x00007ffa2d80a000 	C:\WINDOWS\System32\CoreMessaging.dll
0x00007ffa2e6a0000 - 0x00007ffa2e6d1000 	C:\WINDOWS\SYSTEM32\ntmarta.dll
0x00007ffa2a3d0000 - 0x00007ffa2a51d000 	C:\WINDOWS\SYSTEM32\wintypes.dll
0x000000006eda0000 - 0x0000000071298000 	C:\WINDOWS\System32\DriverStore\FileRepository\nv_dispi.inf_amd64_2a800e6ebddb7f48\nvoglv64.dll
0x00007ffa31070000 - 0x00007ffa314bb000 	C:\WINDOWS\System32\SETUPAPI.dll
0x00007ffa32f00000 - 0x00007ffa33051000 	C:\WINDOWS\System32\ole32.dll
0x00007ffa2bc90000 - 0x00007ffa2bca3000 	C:\WINDOWS\SYSTEM32\WTSAPI32.dll
0x00007ffa2f3c0000 - 0x00007ffa2f3e7000 	C:\WINDOWS\SYSTEM32\DEVOBJ.dll
0x00007ffa30330000 - 0x00007ffa30387000 	C:\WINDOWS\System32\WINTRUST.dll
0x00007ffa2f650000 - 0x00007ffa2f662000 	C:\WINDOWS\System32\MSASN1.dll
0x00007ffa30540000 - 0x00007ffa30722000 	C:\WINDOWS\System32\CRYPT32.dll
0x00007ff9f0e40000 - 0x00007ff9f10a6000 	C:\WINDOWS\system32\nvspcap64.dll
0x00007ffa28810000 - 0x00007ffa288b8000 	C:\WINDOWS\SYSTEM32\mscms.dll
0x00007ffa2c4c0000 - 0x00007ffa2c4d0000 	C:\WINDOWS\SYSTEM32\ColorAdapterClient.dll
0x00007ffa1a0e0000 - 0x00007ffa1a123000 	C:\WINDOWS\SYSTEM32\icm32.dll
0x00007ffa2e740000 - 0x00007ffa2e796000 	C:\WINDOWS\SYSTEM32\WINSTA.dll
0x000000001bfd0000 - 0x000000001c008000 	C:\Users\vicqu\AppData\Local\Temp\jna\jna5449515746067461421.dll
0x000000001cd60000 - 0x000000001cdfc000 	C:\Users\vicqu\Desktop\mcp918\jars\versions\1.8.8\1.8.8-natives\avutil-ttv-51.dll
0x0000000065980000 - 0x00000000659d6000 	C:\Users\vicqu\Desktop\mcp918\jars\versions\1.8.8\1.8.8-natives\swresample-ttv-0.dll
0x000000006eb80000 - 0x000000006ec50000 	C:\Users\vicqu\Desktop\mcp918\jars\versions\1.8.8\1.8.8-natives\libmp3lame-ttv.dll
0x00007ff9f59e0000 - 0x00007ff9f6d84000 	C:\Users\vicqu\Desktop\mcp918\jars\versions\1.8.8\1.8.8-natives\libmfxsw64.dll
0x00007ffa08d10000 - 0x00007ffa08e7d000 	C:\Users\vicqu\Desktop\mcp918\jars\versions\1.8.8\1.8.8-natives\twitchsdk.dll
0x00007ffa21480000 - 0x00007ffa217cf000 	C:\WINDOWS\SYSTEM32\WININET.dll
0x0000000028200000 - 0x0000000028264000 	C:\Users\vicqu\Desktop\mcp918\jars\versions\1.8.8\1.8.8-natives\OpenAL64.dll
0x00007ffa30ca0000 - 0x00007ffa30d40000 	C:\WINDOWS\System32\clbcatq.dll
0x00007ffa28a90000 - 0x00007ffa28b06000 	C:\WINDOWS\System32\MMDevApi.dll
0x00007ffa2b740000 - 0x00007ffa2b8f4000 	C:\WINDOWS\System32\PROPSYS.dll
0x00007ff9f9510000 - 0x00007ff9f959f000 	C:\WINDOWS\SYSTEM32\dsound.dll
0x00007ffa01760000 - 0x00007ffa0188c000 	C:\WINDOWS\SYSTEM32\AUDIOSES.DLL
0x00007ffa2ac90000 - 0x00007ffa2ac9a000 	C:\WINDOWS\SYSTEM32\AVRT.dll

VM Arguments:
jvm_args: -Xincgc -Xmx1024M -Xms1024M -Djava.library.path=C:\Users\vicqu\Desktop\mcp918\jars\versions\1.8.8\1.8.8-natives -Dfile.encoding=Cp1252 
java_command: Start
java_class_path (initial): C:\Program Files\Java\jre1.8.0_171\lib\resources.jar;C:\Program Files\Java\jre1.8.0_171\lib\rt.jar;C:\Program Files\Java\jre1.8.0_171\lib\jsse.jar;C:\Program Files\Java\jre1.8.0_171\lib\jce.jar;C:\Program Files\Java\jre1.8.0_171\lib\charsets.jar;C:\Program Files\Java\jre1.8.0_171\lib\jfr.jar;C:\Program Files\Java\jre1.8.0_171\lib\ext\access-bridge-64.jar;C:\Program Files\Java\jre1.8.0_171\lib\ext\cldrdata.jar;C:\Program Files\Java\jre1.8.0_171\lib\ext\dnsns.jar;C:\Program Files\Java\jre1.8.0_171\lib\ext\jaccess.jar;C:\Program Files\Java\jre1.8.0_171\lib\ext\jfxrt.jar;C:\Program Files\Java\jre1.8.0_171\lib\ext\localedata.jar;C:\Program Files\Java\jre1.8.0_171\lib\ext\nashorn.jar;C:\Program Files\Java\jre1.8.0_171\lib\ext\sunec.jar;C:\Program Files\Java\jre1.8.0_171\lib\ext\sunjce_provider.jar;C:\Program Files\Java\jre1.8.0_171\lib\ext\sunmscapi.jar;C:\Program Files\Java\jre1.8.0_171\lib\ext\sunpkcs11.jar;C:\Program Files\Java\jre1.8.0_171\lib\ext\zipfs.jar;C:\Users\vicqu\Desktop\mcp918\eclipse\Client\bin;C:\Users\vicqu\Desktop\mcp918\jars\versions\1.8.8\1.8.8.jar;C:\Users\vicqu\Desktop\mcp918\jars\libraries\oshi-project\oshi-core\1.1\oshi-core-1.1.jar;C:\Users\vicqu\Desktop\mcp918\jars\libraries\net\java\dev\jna\jna\3.4.0\jna-3.4.0.jar;C:\Users\vicqu\Desktop\mcp918\jars\libraries\net\java\dev\jna\platform\3.4.0\platform-3.4.0.jar;C:\Users\vicqu\Desktop\mcp918\jars\libraries\com\ibm\icu\icu4j-core-mojang\51.2\icu4j-core-mojang-51.2.jar;C:\Users\vicqu\Desktop\mcp918\jars\libraries\net\sf\jopt-simple\jopt-simple\4.6\jopt-simple-4.6.jar;C:\Users\vicqu\Desktop\mcp918\jars\libraries\com\paulscode\codecjorbis\20101023\codecjorbis-20101023.jar;C:\Users\vicqu\Desktop\mcp918\jars\libraries\com\paulscode\codecwav\20101023\codecwav-20101023.jar;C:\Users\vicqu\Desktop\mcp918\jars\libraries\com\paulscode\libraryjavasound\20101123\libraryjavasound-20101123.jar;C:\Users\vicqu\Desktop\mcp918\jars\libraries\com\paulscode\librarylwjglopenal\20100824\library
Launcher Type: SUN_STANDARD

Environment Variables:
PATH=C:/Program Files/Java/jre1.8.0_171/bin/server;C:/Program Files/Java/jre1.8.0_171/bin;C:/Program Files/Java/jre1.8.0_171/lib/amd64;C:\Program Files (x86)\Common Files\Oracle\Java\javapath;c:\programdata\oracle\java\javapath;c:\windows\system32;c:\windows;c:\windows\system32\wbem;c:\windows\system32\windowspowershell\v1.0\;c:\android;c:\users\vicqu\appdata\local\microsoft\windowsapps;c:\adb;C:\Program Files (x86)\NVIDIA Corporation\PhysX\Common;C:\Program Files (x86)\Windows Live\Shared;C:\WINDOWS\system32;C:\WINDOWS;C:\WINDOWS\System32\Wbem;C:\WINDOWS\System32\WindowsPowerShell\v1.0\;C:\Program Files\dotnet\;C:\Program Files\Microsoft SQL Server\130\Tools\Binn\;C:\Program Files (x86)\Schneider Electric\Vijeo-WebGate Control;C:\WINDOWS\System32\OpenSSH\;C:\Program Files (x86)\Windows Kits\10\Windows Performance Toolkit\;C:\Program Files (x86)\Windows Kits\10\Microsoft Application Virtualization\Sequencer\;C:\Users\vicqu\AppData\Local\Programs\Python\Python36-32\Scripts\;C:\Users\vicqu\AppData\Local\Programs\Python\Python36-32\;C:\Users\vicqu\AppData\Local\Microsoft\WindowsApps;C:\Users\vicqu\AppData\Roaming\Dashlane\4.6.6.23032\bin\Firefox_Extension\{442718d9-475e-452a-b3e1-fb1ee16b8e9f}\components;C:\Users\vicqu\AppData\Local\GitHubDesktop\bin;%USERPROFILE%\AppData\Local\Microsoft\WindowsApps;;C:\Users\vicqu\eclipse;
USERNAME=vicqu
OS=Windows_NT
PROCESSOR_IDENTIFIER=Intel64 Family 6 Model 158 Stepping 9, GenuineIntel



---------------  S Y S T E M  ---------------

OS: Windows 10.0 , 64 bit Build 17134 (10.0.17134.1)

CPU:total 4 (initial active 4) (4 cores per cpu, 1 threads per core) family 6 model 158 stepping 9, cmov, cx8, fxsr, mmx, sse, sse2, sse3, ssse3, sse4.1, sse4.2, popcnt, avx, avx2, aes, clmul, erms, rtm, 3dnowpref, lzcnt, tsc, tscinvbit, bmi1, bmi2, adx

Memory: 4k page, physical 8355548k(2548848k free), swap 8355548k(5324k free)

vm_info: Java HotSpot(TM) 64-Bit Server VM (25.171-b11) for windows-amd64 JRE (1.8.0_171-b11), built on Mar 28 2018 16:06:12 by "java_re" with MS VC++ 10.0 (VS2010)

time: Fri Apr 27 17:53:30 2018
elapsed time: 7 seconds (0d 0h 0m 7s)

