#
# There is insufficient memory for the Java Runtime Environment to continue.
# Native memory allocation (malloc) failed to allocate 283536 bytes for Chunk::new
# Possible reasons:
#   The system is out of physical RAM or swap space
#   In 32 bit mode, the process size limit was hit
# Possible solutions:
#   Reduce memory load on the system
#   Increase physical memory or swap space
#   Check if swap backing store is full
#   Use 64 bit Java on a 64 bit OS
#   Decrease Java heap size (-Xmx/-Xms)
#   Decrease number of Java threads
#   Decrease Java thread stack sizes (-Xss)
#   Set larger code cache with -XX:ReservedCodeCacheSize=
# This output file may be truncated or incomplete.
#
#  Out of Memory Error (allocation.cpp:390), pid=18348, tid=0x000000000000464c
#
# JRE version: Java(TM) SE Runtime Environment (8.0_171-b11) (build 1.8.0_171-b11)
# Java VM: Java HotSpot(TM) 64-Bit Server VM (25.171-b11 mixed mode windows-amd64 compressed oops)
# Failed to write core dump. Minidumps are not enabled by default on client versions of Windows
#

---------------  T H R E A D  ---------------

Current thread (0x00000000169e9000):  JavaThread "C2 CompilerThread0" daemon [_thread_in_native, id=17996, stack(0x00000000172c0000,0x00000000173c0000)]

Stack: [0x00000000172c0000,0x00000000173c0000]
[error occurred during error reporting (printing stack bounds), id 0xc0000005]

Native frames: (J=compiled Java code, j=interpreted, Vv=VM code, C=native code)


Current CompileTask:
C2:   3563 2507       4       java.net.URLStreamHandler::parseURL (1193 bytes)


---------------  P R O C E S S  ---------------

Java Threads: ( => current thread )
  0x000000001c7cc800 JavaThread "Thread-8" [_thread_blocked, id=19956, stack(0x000000002a080000,0x000000002a180000)]
  0x000000001c5b9000 JavaThread "Thread-7" [_thread_blocked, id=21192, stack(0x0000000029bd0000,0x0000000029cd0000)]
  0x0000000017fb7800 JavaThread "Thread-6" [_thread_blocked, id=20896, stack(0x0000000029ad0000,0x0000000029bd0000)]
  0x0000000019434800 JavaThread "Sound Library Loader" [_thread_blocked, id=16580, stack(0x00000000281a0000,0x00000000282a0000)]
  0x000000001a473000 JavaThread "Java2D Disposer" daemon [_thread_blocked, id=3888, stack(0x000000001d880000,0x000000001d980000)]
  0x000000001a470800 JavaThread "Timer hack thread" daemon [_thread_blocked, id=14060, stack(0x000000001d780000,0x000000001d880000)]
  0x00000000191e2000 JavaThread "Snooper Timer" daemon [_thread_blocked, id=23124, stack(0x000000001c120000,0x000000001c220000)]
  0x00000000192a1800 JavaThread "Snooper Timer" daemon [_thread_blocked, id=11800, stack(0x000000001be70000,0x000000001bf70000)]
  0x0000000016a6d000 JavaThread "Service Thread" daemon [_thread_blocked, id=6864, stack(0x00000000175c0000,0x00000000176c0000)]
  0x00000000169f0800 JavaThread "C1 CompilerThread2" daemon [_thread_blocked, id=23916, stack(0x00000000174c0000,0x00000000175c0000)]
  0x00000000169eb800 JavaThread "C2 CompilerThread1" daemon [_thread_in_native, id=14200, stack(0x00000000173c0000,0x00000000174c0000)]
=>0x00000000169e9000 JavaThread "C2 CompilerThread0" daemon [_thread_in_native, id=17996, stack(0x00000000172c0000,0x00000000173c0000)]
  0x00000000169e6000 JavaThread "Attach Listener" daemon [_thread_blocked, id=7248, stack(0x00000000171c0000,0x00000000172c0000)]
  0x00000000169dc800 JavaThread "Signal Dispatcher" daemon [_thread_blocked, id=15288, stack(0x00000000170c0000,0x00000000171c0000)]
  0x0000000015fae800 JavaThread "Surrogate Locker Thread (Concurrent GC)" daemon [_thread_blocked, id=17208, stack(0x0000000016fc0000,0x00000000170c0000)]
  0x0000000015fa3000 JavaThread "Finalizer" daemon [_thread_blocked, id=22844, stack(0x0000000016db0000,0x0000000016eb0000)]
  0x0000000015f9c000 JavaThread "Reference Handler" daemon [_thread_blocked, id=23180, stack(0x00000000168b0000,0x00000000169b0000)]
  0x0000000002d33800 JavaThread "Client thread" [_thread_in_native, id=18444, stack(0x0000000002c30000,0x0000000002d30000)]

Other Threads:
  0x0000000015f91000 VMThread [stack: 0x00000000167b0000,0x00000000168b0000] [id=19996]
  0x0000000016a8b000 WatcherThread [stack: 0x00000000176c0000,0x00000000177c0000] [id=17456]

VM state:not at safepoint (normal execution)

VM Mutex/Monitor currently owned by a thread: None

Heap:
 par new generation   total 306688K, used 285421K [0x00000000c0000000, 0x00000000d4cc0000, 0x00000000d4cc0000)
  eden space 272640K,  92% used [0x00000000c0000000, 0x00000000cf771128, 0x00000000d0a40000)
  from space 34048K,  94% used [0x00000000d2b80000, 0x00000000d4aca478, 0x00000000d4cc0000)
  to   space 34048K,   0% used [0x00000000d0a40000, 0x00000000d0a40000, 0x00000000d2b80000)
 concurrent mark-sweep generation total 707840K, used 0K [0x00000000d4cc0000, 0x0000000100000000, 0x0000000100000000)
 Metaspace       used 29801K, capacity 30087K, committed 30516K, reserved 1075200K
  class space    used 3979K, capacity 4068K, committed 4092K, reserved 1048576K

Card table byte_map: [0x00000000125f0000,0x0000000012800000] byte_map_base: 0x0000000011ff0000

Marking Bits: (CMSBitMap*) 0x0000000002d8c558
 Bits: [0x0000000012da0000, 0x000000001386d000)

Mod Union Table: (CMSBitMap*) 0x0000000002d8c618
 Bits: [0x0000000002b30000, 0x0000000002b5b340)

Polling page: 0x0000000002b00000

CodeCache: size=245760Kb used=8984Kb max_used=8984Kb free=236775Kb
 bounds [0x0000000002e30000, 0x0000000003700000, 0x0000000011e30000]
 total_blobs=3128 nmethods=2520 adapters=520
 compilation: enabled

Compilation events (10 events):
Event: 3.557 Thread 0x00000000169f0800 2527       3       net.minecraft.client.renderer.block.model.ModelBlockDefinition::<init> (54 bytes)
Event: 3.557 Thread 0x00000000169f0800 nmethod 2527 0x00000000036f7990 code [0x00000000036f7b80, 0x00000000036f83d8]
Event: 3.557 Thread 0x00000000169f0800 2528       3       java.nio.charset.CharsetDecoder::<init> (108 bytes)
Event: 3.558 Thread 0x00000000169f0800 nmethod 2528 0x00000000036f8790 code [0x00000000036f8960, 0x00000000036f9048]
Event: 3.558 Thread 0x00000000169f0800 2529       3       sun.nio.cs.StreamDecoder::<init> (64 bytes)
Event: 3.558 Thread 0x00000000169f0800 nmethod 2529 0x00000000036f9290 code [0x00000000036f9440, 0x00000000036f9c18]
Event: 3.558 Thread 0x00000000169f0800 2530       3       com.google.gson.Gson::fromJson (33 bytes)
Event: 3.558 Thread 0x00000000169f0800 nmethod 2530 0x00000000036f9f90 code [0x00000000036fa1a0, 0x00000000036faba8]
Event: 3.561 Thread 0x00000000169f0800 2531       3       net.minecraft.util.JsonUtils::getString (22 bytes)
Event: 3.562 Thread 0x00000000169f0800 nmethod 2531 0x00000000036fb090 code [0x00000000036fb280, 0x00000000036fbdc8]

GC Heap History (2 events):
Event: 2.344 GC heap before
{Heap before GC invocations=0 (full 0):
 par new generation   total 306688K, used 272640K [0x00000000c0000000, 0x00000000d4cc0000, 0x00000000d4cc0000)
  eden space 272640K, 100% used [0x00000000c0000000, 0x00000000d0a40000, 0x00000000d0a40000)
  from space 34048K,   0% used [0x00000000d0a40000, 0x00000000d0a40000, 0x00000000d2b80000)
  to   space 34048K,   0% used [0x00000000d2b80000, 0x00000000d2b80000, 0x00000000d4cc0000)
 concurrent mark-sweep generation total 707840K, used 0K [0x00000000d4cc0000, 0x0000000100000000, 0x0000000100000000)
 Metaspace       used 25789K, capacity 26010K, committed 26200K, reserved 1071104K
  class space    used 3677K, capacity 3745K, committed 3760K, reserved 1048576K
Event: 2.363 GC heap after
Heap after GC invocations=1 (full 0):
 par new generation   total 306688K, used 32041K [0x00000000c0000000, 0x00000000d4cc0000, 0x00000000d4cc0000)
  eden space 272640K,   0% used [0x00000000c0000000, 0x00000000c0000000, 0x00000000d0a40000)
  from space 34048K,  94% used [0x00000000d2b80000, 0x00000000d4aca478, 0x00000000d4cc0000)
  to   space 34048K,   0% used [0x00000000d0a40000, 0x00000000d0a40000, 0x00000000d2b80000)
 concurrent mark-sweep generation total 707840K, used 0K [0x00000000d4cc0000, 0x0000000100000000, 0x0000000100000000)
 Metaspace       used 25789K, capacity 26010K, committed 26200K, reserved 1071104K
  class space    used 3677K, capacity 3745K, committed 3760K, reserved 1048576K
}

Deoptimization events (10 events):
Event: 3.414 Thread 0x0000000002d33800 Uncommon trap: reason=predicate action=maybe_recompile pc=0x00000000033b5954 method=java.util.HashMap$TreeNode.putTreeVal(Ljava/util/HashMap;[Ljava/util/HashMap$Node;ILjava/lang/Object;Ljava/lang/Object;)Ljava/util/HashMap$TreeNode; @ 27
Event: 3.414 Thread 0x0000000002d33800 Uncommon trap: reason=bimorphic action=maybe_recompile pc=0x00000000033bd43c method=java.util.HashMap$TreeNode.find(ILjava/lang/Object;Ljava/lang/Class;)Ljava/util/HashMap$TreeNode; @ 68
Event: 3.414 Thread 0x0000000002d33800 Uncommon trap: reason=bimorphic action=maybe_recompile pc=0x00000000033bd43c method=java.util.HashMap$TreeNode.find(ILjava/lang/Object;Ljava/lang/Class;)Ljava/util/HashMap$TreeNode; @ 68
Event: 3.414 Thread 0x0000000002d33800 Uncommon trap: reason=bimorphic action=maybe_recompile pc=0x00000000033bd43c method=java.util.HashMap$TreeNode.find(ILjava/lang/Object;Ljava/lang/Class;)Ljava/util/HashMap$TreeNode; @ 68
Event: 3.414 Thread 0x0000000002d33800 Uncommon trap: reason=bimorphic action=maybe_recompile pc=0x00000000033bd43c method=java.util.HashMap$TreeNode.find(ILjava/lang/Object;Ljava/lang/Class;)Ljava/util/HashMap$TreeNode; @ 68
Event: 3.432 Thread 0x0000000002d33800 Uncommon trap: reason=unstable_if action=reinterpret pc=0x00000000033c5d00 method=net.minecraft.block.properties.PropertyHelper.equals(Ljava/lang/Object;)Z @ 52
Event: 3.441 Thread 0x0000000002d33800 Uncommon trap: reason=null_check action=make_not_entrant pc=0x00000000035e0374 method=com.google.gson.JsonPrimitive.isPrimitiveOrString(Ljava/lang/Object;)Z @ 39
Event: 3.553 Thread 0x0000000002d33800 Uncommon trap: reason=unstable_if action=reinterpret pc=0x0000000003642a90 method=java.util.ArrayList.isEmpty()Z @ 4
Event: 3.555 Thread 0x0000000002d33800 Uncommon trap: reason=unstable_if action=reinterpret pc=0x00000000031a57e4 method=java.lang.String.lastIndexOf([CII[CIII)I @ 17
Event: 3.555 Thread 0x0000000002d33800 Uncommon trap: reason=unstable_if action=reinterpret pc=0x000000000316e4fc method=java.lang.CharacterDataLatin1.isWhitespace(I)Z @ 14

Classes redefined (0 events):
No events

Internal exceptions (10 events):
Event: 3.169 Thread 0x0000000002d33800 Implicit null exception at 0x00000000033bb52c to 0x00000000033bb562
Event: 3.171 Thread 0x0000000002d33800 Exception <a 'java/lang/UnsatisfiedLinkError': Impossibile trovare la procedura specificata.
> (0x00000000c7522cc0) thrown at [C:\re\workspace\8-2-build-windows-amd64-cygwin\jdk8u171\10807\hotspot\src\share\vm\prims\jni.cpp, line 735]
Event: 3.482 Thread 0x0000000017fb7800 Exception <a 'java/lang/InterruptedException': sleep interrupted> (0x00000000ce01e298) thrown at [C:\re\workspace\8-2-build-windows-amd64-cygwin\jdk8u171\10807\hotspot\src\share\vm\prims\jvm.cpp, line 3273]
Event: 3.488 Thread 0x0000000017fb7800 Exception <a 'java/security/PrivilegedActionException'> (0x00000000ce07acf0) thrown at [C:\re\workspace\8-2-build-windows-amd64-cygwin\jdk8u171\10807\hotspot\src\share\vm\prims\jvm.cpp, line 1435]
Event: 3.488 Thread 0x0000000017fb7800 Exception <a 'java/security/PrivilegedActionException'> (0x00000000ce07c800) thrown at [C:\re\workspace\8-2-build-windows-amd64-cygwin\jdk8u171\10807\hotspot\src\share\vm\prims\jvm.cpp, line 1435]
Event: 3.488 Thread 0x0000000017fb7800 Exception <a 'java/security/PrivilegedActionException'> (0x00000000ce07d920) thrown at [C:\re\workspace\8-2-build-windows-amd64-cygwin\jdk8u171\10807\hotspot\src\share\vm\prims\jvm.cpp, line 1435]
Event: 3.489 Thread 0x0000000017fb7800 Exception <a 'java/security/PrivilegedActionException'> (0x00000000ce082a40) thrown at [C:\re\workspace\8-2-build-windows-amd64-cygwin\jdk8u171\10807\hotspot\src\share\vm\prims\jvm.cpp, line 1435]
Event: 3.489 Thread 0x0000000017fb7800 Exception <a 'java/security/PrivilegedActionException'> (0x00000000ce083698) thrown at [C:\re\workspace\8-2-build-windows-amd64-cygwin\jdk8u171\10807\hotspot\src\share\vm\prims\jvm.cpp, line 1435]
Event: 3.489 Thread 0x0000000017fb7800 Exception <a 'java/security/PrivilegedActionException'> (0x00000000ce0842c0) thrown at [C:\re\workspace\8-2-build-windows-amd64-cygwin\jdk8u171\10807\hotspot\src\share\vm\prims\jvm.cpp, line 1435]
Event: 3.501 Thread 0x0000000017fb7800 Exception <a 'org/lwjgl/LWJGLException'> (0x00000000ce0c13e8) thrown at [C:\re\workspace\8-2-build-windows-amd64-cygwin\jdk8u171\10807\hotspot\src\share\vm\prims\jni.cpp, line 709]

Events (10 events):
Event: 3.554 loading class org/apache/logging/log4j/core/impl/StackTracePackageElement
Event: 3.554 loading class org/apache/logging/log4j/core/impl/StackTracePackageElement done
Event: 3.555 Thread 0x0000000002d33800 Uncommon trap: trap_request=0xffffff65 fr.pc=0x00000000031a57e4
Event: 3.555 Thread 0x0000000002d33800 DEOPT PACKING pc=0x00000000031a57e4 sp=0x0000000002d2e990
Event: 3.555 Thread 0x0000000002d33800 DEOPT UNPACKING pc=0x0000000002e7583b sp=0x0000000002d2e8e8 mode 2
Event: 3.555 loading class org/apache/logging/log4j/core/impl/ThrowableProxy$CacheEntry
Event: 3.555 loading class org/apache/logging/log4j/core/impl/ThrowableProxy$CacheEntry done
Event: 3.555 Thread 0x0000000002d33800 Uncommon trap: trap_request=0xffffff65 fr.pc=0x000000000316e4fc
Event: 3.555 Thread 0x0000000002d33800 DEOPT PACKING pc=0x000000000316e4fc sp=0x0000000002d2e980
Event: 3.555 Thread 0x0000000002d33800 DEOPT UNPACKING pc=0x0000000002e7583b sp=0x0000000002d2e8f8 mode 2


Dynamic libraries:
0x00007ff641ae0000 - 0x00007ff641b17000 	C:\Program Files\Java\jre1.8.0_171\bin\javaw.exe
0x00007ffebaad0000 - 0x00007ffebacb1000 	C:\WINDOWS\SYSTEM32\ntdll.dll
0x00007ffeb94f0000 - 0x00007ffeb95a2000 	C:\WINDOWS\System32\KERNEL32.DLL
0x00007ffeb7870000 - 0x00007ffeb7ae3000 	C:\WINDOWS\System32\KERNELBASE.dll
0x00007ffeb97a0000 - 0x00007ffeb9841000 	C:\WINDOWS\System32\ADVAPI32.dll
0x00007ffeb9b00000 - 0x00007ffeb9b9e000 	C:\WINDOWS\System32\msvcrt.dll
0x00007ffeb9c40000 - 0x00007ffeb9c9b000 	C:\WINDOWS\System32\sechost.dll
0x00007ffeba100000 - 0x00007ffeba224000 	C:\WINDOWS\System32\RPCRT4.dll
0x00007ffeb95b0000 - 0x00007ffeb9740000 	C:\WINDOWS\System32\USER32.dll
0x00007ffeb7ba0000 - 0x00007ffeb7bc0000 	C:\WINDOWS\System32\win32u.dll
0x00007ffeba790000 - 0x00007ffeba7b8000 	C:\WINDOWS\System32\GDI32.dll
0x00007ffeb7cc0000 - 0x00007ffeb7e52000 	C:\WINDOWS\System32\gdi32full.dll
0x00007ffeb7ec0000 - 0x00007ffeb7f5f000 	C:\WINDOWS\System32\msvcp_win.dll
0x00007ffeb7bc0000 - 0x00007ffeb7cba000 	C:\WINDOWS\System32\ucrtbase.dll
0x00007ffeaa500000 - 0x00007ffeaa769000 	C:\WINDOWS\WinSxS\amd64_microsoft.windows.common-controls_6595b64144ccf1df_6.0.17134.48_none_b4b2216a3cb4dd3e\COMCTL32.dll
0x00007ffeba230000 - 0x00007ffeba553000 	C:\WINDOWS\System32\combase.dll
0x00007ffeb6ef0000 - 0x00007ffeb6f6a000 	C:\WINDOWS\System32\bcryptPrimitives.dll
0x00007ffeb9c10000 - 0x00007ffeb9c3d000 	C:\WINDOWS\System32\IMM32.DLL
0x0000000072c80000 - 0x0000000072d52000 	C:\Program Files\Java\jre1.8.0_171\bin\msvcr100.dll
0x00000000730d0000 - 0x0000000073970000 	C:\Program Files\Java\jre1.8.0_171\bin\server\jvm.dll
0x00007ffeba7d0000 - 0x00007ffeba7d8000 	C:\WINDOWS\System32\PSAPI.DLL
0x00007ffea6340000 - 0x00007ffea6349000 	C:\WINDOWS\SYSTEM32\WSOCK32.dll
0x00007ffeb3c80000 - 0x00007ffeb3ca3000 	C:\WINDOWS\SYSTEM32\WINMM.dll
0x00007ffeb9ba0000 - 0x00007ffeb9c0c000 	C:\WINDOWS\System32\WS2_32.dll
0x00007ffeb1a30000 - 0x00007ffeb1a3a000 	C:\WINDOWS\SYSTEM32\VERSION.dll
0x00007ffeb3c50000 - 0x00007ffeb3c7a000 	C:\WINDOWS\SYSTEM32\WINMMBASE.dll
0x00007ffeb6ea0000 - 0x00007ffeb6ee9000 	C:\WINDOWS\System32\cfgmgr32.dll
0x0000000072fe0000 - 0x0000000072fef000 	C:\Program Files\Java\jre1.8.0_171\bin\verify.dll
0x0000000072fb0000 - 0x0000000072fd9000 	C:\Program Files\Java\jre1.8.0_171\bin\java.dll
0x0000000072f90000 - 0x0000000072fa6000 	C:\Program Files\Java\jre1.8.0_171\bin\zip.dll
0x00007ffeb7f60000 - 0x00007ffeb93a0000 	C:\WINDOWS\System32\SHELL32.dll
0x00007ffeba6e0000 - 0x00007ffeba789000 	C:\WINDOWS\System32\shcore.dll
0x00007ffeb7160000 - 0x00007ffeb786d000 	C:\WINDOWS\System32\windows.storage.dll
0x00007ffeb9740000 - 0x00007ffeb9791000 	C:\WINDOWS\System32\shlwapi.dll
0x00007ffeb6de0000 - 0x00007ffeb6df1000 	C:\WINDOWS\System32\kernel.appcore.dll
0x00007ffeb6e60000 - 0x00007ffeb6e7f000 	C:\WINDOWS\System32\profapi.dll
0x00007ffeb6e00000 - 0x00007ffeb6e4c000 	C:\WINDOWS\System32\powrprof.dll
0x00007ffeb6e50000 - 0x00007ffeb6e5a000 	C:\WINDOWS\System32\FLTLIB.DLL
0x0000000072f10000 - 0x0000000072f1d000 	C:\Program Files\Java\jre1.8.0_171\bin\management.dll
0x0000000072f70000 - 0x0000000072f8a000 	C:\Program Files\Java\jre1.8.0_171\bin\net.dll
0x00007ffeb6660000 - 0x00007ffeb66c6000 	C:\WINDOWS\system32\mswsock.dll
0x0000000072f50000 - 0x0000000072f61000 	C:\Program Files\Java\jre1.8.0_171\bin\nio.dll
0x00007ffe8b400000 - 0x00007ffe8b416000 	C:\WINDOWS\system32\napinsp.dll
0x00007ffe8b3e0000 - 0x00007ffe8b3fa000 	C:\WINDOWS\system32\pnrpnsp.dll
0x00007ffeb39e0000 - 0x00007ffeb39f9000 	C:\WINDOWS\system32\NLAapi.dll
0x00007ffeb6420000 - 0x00007ffeb64de000 	C:\WINDOWS\SYSTEM32\DNSAPI.dll
0x00007ffeb9ca0000 - 0x00007ffeb9ca8000 	C:\WINDOWS\System32\NSI.dll
0x00007ffeb63e0000 - 0x00007ffeb6418000 	C:\WINDOWS\SYSTEM32\IPHLPAPI.DLL
0x00007ffea9ca0000 - 0x00007ffea9cae000 	C:\WINDOWS\System32\winrnr.dll
0x00007ffeafd10000 - 0x00007ffeafd82000 	C:\WINDOWS\System32\fwpuclnt.dll
0x00007ffeb6940000 - 0x00007ffeb6965000 	C:\WINDOWS\SYSTEM32\bcrypt.dll
0x00007ffeafa30000 - 0x00007ffeafa3a000 	C:\Windows\System32\rasadhlp.dll
0x0000000180000000 - 0x0000000180053000 	C:\Users\vicqu\apc-code\jars\versions\1.8.8\1.8.8-natives\lwjgl64.dll
0x00007ffe8baa0000 - 0x00007ffe8bbc0000 	C:\WINDOWS\SYSTEM32\OPENGL32.dll
0x00007ffeab290000 - 0x00007ffeab2bc000 	C:\WINDOWS\SYSTEM32\GLU32.dll
0x00007ffeb6810000 - 0x00007ffeb6827000 	C:\WINDOWS\SYSTEM32\CRYPTSP.dll
0x00007ffeb6240000 - 0x00007ffeb6273000 	C:\WINDOWS\system32\rsaenh.dll
0x00007ffeb6ce0000 - 0x00007ffeb6d08000 	C:\WINDOWS\SYSTEM32\USERENV.dll
0x00007ffeb6830000 - 0x00007ffeb683b000 	C:\WINDOWS\SYSTEM32\CRYPTBASE.dll
0x00007ffeb0580000 - 0x00007ffeb0596000 	C:\WINDOWS\SYSTEM32\dhcpcsvc6.DLL
0x00007ffeb0560000 - 0x00007ffeb057a000 	C:\WINDOWS\SYSTEM32\dhcpcsvc.DLL
0x0000000072ae0000 - 0x0000000072c78000 	C:\Program Files\Java\jre1.8.0_171\bin\awt.dll
0x00007ffeb93a0000 - 0x00007ffeb9462000 	C:\WINDOWS\System32\OLEAUT32.dll
0x00007ffeb5230000 - 0x00007ffeb52bb000 	C:\WINDOWS\SYSTEM32\apphelp.dll
0x00007ffeb54a0000 - 0x00007ffeb5538000 	C:\WINDOWS\system32\uxtheme.dll
0x00007ffeba560000 - 0x00007ffeba6d5000 	C:\WINDOWS\System32\MSCTF.dll
0x00007ffe905e0000 - 0x00007ffe90608000 	c:\program files\nvidia corporation\nvstreamsrv\nvinject.dll
0x00007ffeb5570000 - 0x00007ffeb5599000 	C:\WINDOWS\system32\dwmapi.dll
0x00007ffeb1750000 - 0x00007ffeb17e8000 	C:\WINDOWS\System32\TextInputFramework.dll
0x00007ffeb1e90000 - 0x00007ffeb21ae000 	C:\WINDOWS\System32\CoreUIComponents.dll
0x00007ffeb4c50000 - 0x00007ffeb4d2a000 	C:\WINDOWS\System32\CoreMessaging.dll
0x00007ffeb5ed0000 - 0x00007ffeb5f01000 	C:\WINDOWS\SYSTEM32\ntmarta.dll
0x00007ffeb1d10000 - 0x00007ffeb1e5d000 	C:\WINDOWS\SYSTEM32\wintypes.dll
0x00000000705e0000 - 0x0000000072ad8000 	C:\WINDOWS\System32\DriverStore\FileRepository\nv_dispi.inf_amd64_38c9bee769f9ef1f\nvoglv64.dll
0x00007ffeb9cb0000 - 0x00007ffeba0fb000 	C:\WINDOWS\System32\SETUPAPI.dll
0x00007ffeb9940000 - 0x00007ffeb9a91000 	C:\WINDOWS\System32\ole32.dll
0x00007ffeb3350000 - 0x00007ffeb3363000 	C:\WINDOWS\SYSTEM32\WTSAPI32.dll
0x00007ffeb6bf0000 - 0x00007ffeb6c17000 	C:\WINDOWS\SYSTEM32\DEVOBJ.dll
0x00007ffeb7e60000 - 0x00007ffeb7eb7000 	C:\WINDOWS\System32\WINTRUST.dll
0x00007ffeb6e80000 - 0x00007ffeb6e92000 	C:\WINDOWS\System32\MSASN1.dll
0x00007ffeb6f70000 - 0x00007ffeb7152000 	C:\WINDOWS\System32\CRYPT32.dll
0x00007ffe84bf0000 - 0x00007ffe84e56000 	C:\WINDOWS\system32\nvspcap64.dll
0x00007ffeb15b0000 - 0x00007ffeb1658000 	C:\WINDOWS\SYSTEM32\mscms.dll
0x00007ffeb3d40000 - 0x00007ffeb3d50000 	C:\WINDOWS\SYSTEM32\ColorAdapterClient.dll
0x00007ffe9b830000 - 0x00007ffe9b873000 	C:\WINDOWS\SYSTEM32\icm32.dll
0x00007ffeb5f70000 - 0x00007ffeb5fc6000 	C:\WINDOWS\SYSTEM32\WINSTA.dll
0x000000001c0e0000 - 0x000000001c118000 	C:\Users\vicqu\AppData\Local\Temp\jna\jna1407252649309502609.dll
0x000000001e780000 - 0x000000001e81c000 	C:\Users\vicqu\apc-code\jars\versions\1.8.8\1.8.8-natives\avutil-ttv-51.dll
0x0000000065980000 - 0x00000000659d6000 	C:\Users\vicqu\apc-code\jars\versions\1.8.8\1.8.8-natives\swresample-ttv-0.dll
0x000000006eb80000 - 0x000000006ec50000 	C:\Users\vicqu\apc-code\jars\versions\1.8.8\1.8.8-natives\libmp3lame-ttv.dll
0x00007ffe6fbe0000 - 0x00007ffe70f84000 	C:\Users\vicqu\apc-code\jars\versions\1.8.8\1.8.8-natives\libmfxsw64.dll
0x00007ffe8b930000 - 0x00007ffe8ba9d000 	C:\Users\vicqu\apc-code\jars\versions\1.8.8\1.8.8-natives\twitchsdk.dll
0x00007ffea5fb0000 - 0x00007ffea62ff000 	C:\WINDOWS\SYSTEM32\WININET.dll
0x0000000029cd0000 - 0x0000000029d34000 	C:\Users\vicqu\apc-code\jars\versions\1.8.8\1.8.8-natives\OpenAL64.dll
0x00007ffeba840000 - 0x00007ffeba8e0000 	C:\WINDOWS\System32\clbcatq.dll
0x00007ffeaffd0000 - 0x00007ffeb0046000 	C:\WINDOWS\System32\MMDevApi.dll
0x00007ffeb2e60000 - 0x00007ffeb3014000 	C:\WINDOWS\System32\PROPSYS.dll
0x00007ffe83a70000 - 0x00007ffe83aff000 	C:\WINDOWS\SYSTEM32\dsound.dll

VM Arguments:
jvm_args: -Xincgc -Xmx1024M -Xms1024M -Djava.library.path=C:\Users\vicqu\apc-code\jars\versions\1.8.8\1.8.8-natives -Dfile.encoding=Cp1252 
java_command: Start
java_class_path (initial): C:\Program Files\Java\jre1.8.0_171\lib\resources.jar;C:\Program Files\Java\jre1.8.0_171\lib\rt.jar;C:\Program Files\Java\jre1.8.0_171\lib\jsse.jar;C:\Program Files\Java\jre1.8.0_171\lib\jce.jar;C:\Program Files\Java\jre1.8.0_171\lib\charsets.jar;C:\Program Files\Java\jre1.8.0_171\lib\jfr.jar;C:\Program Files\Java\jre1.8.0_171\lib\ext\access-bridge-64.jar;C:\Program Files\Java\jre1.8.0_171\lib\ext\cldrdata.jar;C:\Program Files\Java\jre1.8.0_171\lib\ext\dnsns.jar;C:\Program Files\Java\jre1.8.0_171\lib\ext\jaccess.jar;C:\Program Files\Java\jre1.8.0_171\lib\ext\jfxrt.jar;C:\Program Files\Java\jre1.8.0_171\lib\ext\localedata.jar;C:\Program Files\Java\jre1.8.0_171\lib\ext\nashorn.jar;C:\Program Files\Java\jre1.8.0_171\lib\ext\sunec.jar;C:\Program Files\Java\jre1.8.0_171\lib\ext\sunjce_provider.jar;C:\Program Files\Java\jre1.8.0_171\lib\ext\sunmscapi.jar;C:\Program Files\Java\jre1.8.0_171\lib\ext\sunpkcs11.jar;C:\Program Files\Java\jre1.8.0_171\lib\ext\zipfs.jar;C:\Users\vicqu\apc-code\eclipse\Client\bin;C:\Users\vicqu\apc-code\jars\versions\1.8.8\1.8.8.jar;C:\Users\vicqu\apc-code\jars\libraries\oshi-project\oshi-core\1.1\oshi-core-1.1.jar;C:\Users\vicqu\apc-code\jars\libraries\net\java\dev\jna\jna\3.4.0\jna-3.4.0.jar;C:\Users\vicqu\apc-code\jars\libraries\net\java\dev\jna\platform\3.4.0\platform-3.4.0.jar;C:\Users\vicqu\apc-code\jars\libraries\com\ibm\icu\icu4j-core-mojang\51.2\icu4j-core-mojang-51.2.jar;C:\Users\vicqu\apc-code\jars\libraries\net\sf\jopt-simple\jopt-simple\4.6\jopt-simple-4.6.jar;C:\Users\vicqu\apc-code\jars\libraries\com\paulscode\codecjorbis\20101023\codecjorbis-20101023.jar;C:\Users\vicqu\apc-code\jars\libraries\com\paulscode\codecwav\20101023\codecwav-20101023.jar;C:\Users\vicqu\apc-code\jars\libraries\com\paulscode\libraryjavasound\20101123\libraryjavasound-20101123.jar;C:\Users\vicqu\apc-code\jars\libraries\com\paulscode\librarylwjglopenal\20100824\librarylwjglopenal-20100824.jar;C:\Users\vicqu\apc-code\jars\libraries\co
Launcher Type: SUN_STANDARD

Environment Variables:
PATH=C:/Program Files/Java/jre1.8.0_171/bin/server;C:/Program Files/Java/jre1.8.0_171/bin;C:/Program Files/Java/jre1.8.0_171/lib/amd64;C:\Program Files (x86)\Common Files\Oracle\Java\javapath;c:\programdata\oracle\java\javapath;c:\windows\system32;c:\windows;c:\windows\system32\wbem;c:\windows\system32\windowspowershell\v1.0\;c:\android;c:\users\vicqu\appdata\local\microsoft\windowsapps;c:\adb;C:\Program Files (x86)\NVIDIA Corporation\PhysX\Common;C:\Program Files (x86)\Windows Live\Shared;C:\WINDOWS\system32;C:\WINDOWS;C:\WINDOWS\System32\Wbem;C:\WINDOWS\System32\WindowsPowerShell\v1.0\;C:\Program Files\dotnet\;C:\Program Files\Microsoft SQL Server\130\Tools\Binn\;C:\Program Files (x86)\Schneider Electric\Vijeo-WebGate Control;C:\WINDOWS\System32\OpenSSH\;C:\Program Files (x86)\Windows Kits\10\Microsoft Application Virtualization\Sequencer\;C:\Program Files (x86)\Windows Kits\10\Windows Performance Toolkit\;C:\Users\vicqu\AppData\Local\Microsoft\WindowsApps;C:\Users\vicqu\AppData\Roaming\Dashlane\4.6.6.23032\bin\Firefox_Extension\{442718d9-475e-452a-b3e1-fb1ee16b8e9f}\components;C:\Users\vicqu\AppData\Local\GitHubDesktop\bin;C:\Users\vicqu\AppData\Local\Microsoft\WindowsApps;;C:\Users\vicqu\eclipse;
USERNAME=vicqu
OS=Windows_NT
PROCESSOR_IDENTIFIER=Intel64 Family 6 Model 158 Stepping 9, GenuineIntel



---------------  S Y S T E M  ---------------

OS: Windows 10.0 , 64 bit Build 17134 (10.0.17134.1)

CPU:total 4 (initial active 4) (4 cores per cpu, 1 threads per core) family 6 model 158 stepping 9, cmov, cx8, fxsr, mmx, sse, sse2, sse3, ssse3, sse4.1, sse4.2, popcnt, avx, avx2, aes, clmul, erms, rtm, 3dnowpref, lzcnt, tsc, tscinvbit, bmi1, bmi2, adx

Memory: 4k page, physical 8355548k(2540600k free), swap 8355548k(5120k free)

vm_info: Java HotSpot(TM) 64-Bit Server VM (25.171-b11) for windows-amd64 JRE (1.8.0_171-b11), built on Mar 28 2018 16:06:12 by "java_re" with MS VC++ 10.0 (VS2010)

time: Fri May 18 16:52:33 2018
elapsed time: 3 seconds (0d 0h 0m 3s)

