#
# There is insufficient memory for the Java Runtime Environment to continue.
# Native memory allocation (malloc) failed to allocate 267856 bytes for Chunk::new
# Possible reasons:
#   The system is out of physical RAM or swap space
#   In 32 bit mode, the process size limit was hit
# Possible solutions:
#   Reduce memory load on the system
#   Increase physical memory or swap space
#   Check if swap backing store is full
#   Use 64 bit Java on a 64 bit OS
#   Decrease Java heap size (-Xmx/-Xms)
#   Decrease number of Java threads
#   Decrease Java thread stack sizes (-Xss)
#   Set larger code cache with -XX:ReservedCodeCacheSize=
# This output file may be truncated or incomplete.
#
#  Out of Memory Error (allocation.cpp:390), pid=3580, tid=0x00000000000021e8
#
# JRE version: Java(TM) SE Runtime Environment (8.0_171-b11) (build 1.8.0_171-b11)
# Java VM: Java HotSpot(TM) 64-Bit Server VM (25.171-b11 mixed mode windows-amd64 compressed oops)
# Failed to write core dump. Minidumps are not enabled by default on client versions of Windows
#

---------------  T H R E A D  ---------------

Current thread (0x0000000016101000):  JavaThread "C2 CompilerThread0" daemon [_thread_in_native, id=8680, stack(0x00000000169e0000,0x0000000016ae0000)]

Stack: [0x00000000169e0000,0x0000000016ae0000]
[error occurred during error reporting (printing stack bounds), id 0xc0000005]

Native frames: (J=compiled Java code, j=interpreted, Vv=VM code, C=native code)


Current CompileTask:
C2:   6443 2491       4       com.google.gson.internal.bind.TypeAdapters$25::read (209 bytes)


---------------  P R O C E S S  ---------------

Java Threads: ( => current thread )
  0x000000001b220000 JavaThread "Thread-7" [_thread_blocked, id=10540, stack(0x0000000029010000,0x0000000029110000)]
  0x000000001b21f000 JavaThread "Thread-6" [_thread_blocked, id=15280, stack(0x0000000028f10000,0x0000000029010000)]
  0x000000001bc1e000 JavaThread "Java2D Disposer" daemon [_thread_blocked, id=11076, stack(0x000000001d010000,0x000000001d110000)]
  0x000000001bc1d800 JavaThread "Timer hack thread" daemon [_thread_blocked, id=15104, stack(0x000000001cf10000,0x000000001d010000)]
  0x0000000019d2d000 JavaThread "Snooper Timer" daemon [_thread_blocked, id=7460, stack(0x000000001b890000,0x000000001b990000)]
  0x0000000017430000 JavaThread "Snooper Timer" daemon [_thread_blocked, id=1692, stack(0x000000001b690000,0x000000001b790000)]
  0x000000001618b800 JavaThread "Service Thread" daemon [_thread_blocked, id=3280, stack(0x0000000016ce0000,0x0000000016de0000)]
  0x000000001616e000 JavaThread "C1 CompilerThread2" daemon [_thread_blocked, id=9188, stack(0x0000000016be0000,0x0000000016ce0000)]
  0x0000000016129000 JavaThread "C2 CompilerThread1" daemon [_thread_in_vm, id=13940, stack(0x0000000016ae0000,0x0000000016be0000)]
=>0x0000000016101000 JavaThread "C2 CompilerThread0" daemon [_thread_in_native, id=8680, stack(0x00000000169e0000,0x0000000016ae0000)]
  0x00000000160fe000 JavaThread "Attach Listener" daemon [_thread_blocked, id=11704, stack(0x00000000168e0000,0x00000000169e0000)]
  0x00000000160fd000 JavaThread "Signal Dispatcher" daemon [_thread_blocked, id=2156, stack(0x00000000167e0000,0x00000000168e0000)]
  0x00000000156ce000 JavaThread "Surrogate Locker Thread (Concurrent GC)" daemon [_thread_blocked, id=5324, stack(0x00000000166e0000,0x00000000167e0000)]
  0x00000000156c2800 JavaThread "Finalizer" daemon [_thread_blocked, id=13864, stack(0x00000000164d0000,0x00000000165d0000)]
  0x00000000156bb800 JavaThread "Reference Handler" daemon [_thread_blocked, id=3316, stack(0x0000000015fd0000,0x00000000160d0000)]
  0x0000000002454000 JavaThread "Client thread" [_thread_in_Java, id=5240, stack(0x0000000002350000,0x0000000002450000)]

Other Threads:
  0x00000000156b0000 VMThread [stack: 0x0000000015ed0000,0x0000000015fd0000] [id=368]
  0x000000001619b000 WatcherThread [stack: 0x0000000016de0000,0x0000000016ee0000] [id=472]

VM state:not at safepoint (normal execution)

VM Mutex/Monitor currently owned by a thread: None

Heap:
 par new generation   total 306688K, used 85820K [0x00000000c0000000, 0x00000000d4cc0000, 0x00000000d4cc0000)
  eden space 272640K,  18% used [0x00000000c0000000, 0x00000000c328f1b0, 0x00000000d0a40000)
  from space 34048K,  99% used [0x00000000d0a40000, 0x00000000d2b7fff8, 0x00000000d2b80000)
  to   space 34048K,   0% used [0x00000000d2b80000, 0x00000000d2b80000, 0x00000000d4cc0000)
 concurrent mark-sweep generation total 707840K, used 30625K [0x00000000d4cc0000, 0x0000000100000000, 0x0000000100000000)
 Metaspace       used 29794K, capacity 30023K, committed 30516K, reserved 1075200K
  class space    used 3979K, capacity 4068K, committed 4140K, reserved 1048576K

Card table byte_map: [0x0000000011d10000,0x0000000011f20000] byte_map_base: 0x0000000011710000

Marking Bits: (CMSBitMap*) 0x00000000024ac998
 Bits: [0x00000000124c0000, 0x0000000012f8d000)

Mod Union Table: (CMSBitMap*) 0x00000000024aca58
 Bits: [0x0000000002250000, 0x000000000227b340)

Polling page: 0x0000000000640000

CodeCache: size=245760Kb used=7510Kb max_used=8460Kb free=238249Kb
 bounds [0x0000000002550000, 0x0000000002da0000, 0x0000000011550000]
 total_blobs=2828 nmethods=2219 adapters=521
 compilation: enabled

Compilation events (10 events):
Event: 6.433 Thread 0x0000000016129000 nmethod 2531 0x0000000002ab4a10 code [0x0000000002ab4b40, 0x0000000002ab4bb8]
Event: 6.433 Thread 0x0000000016129000 2532       4       java.net.URLConnection::<init> (44 bytes)
Event: 6.434 Thread 0x0000000016129000 nmethod 2532 0x0000000002b24490 code [0x0000000002b245c0, 0x0000000002b24658]
Event: 6.434 Thread 0x0000000016129000 2524       4       java.net.URLClassLoader$2::run (5 bytes)
Event: 6.436 Thread 0x0000000016129000 nmethod 2524 0x00000000026a6290 code [0x00000000026a6420, 0x00000000026a6810]
Event: 6.436 Thread 0x0000000016129000 2533       4       java.util.WeakHashMap::remove (133 bytes)
Event: 6.438 Thread 0x000000001616e000 2535       1       java.nio.charset.CharsetDecoder::implReplaceWith (1 bytes)
Event: 6.438 Thread 0x000000001616e000 nmethod 2535 0x0000000002b59990 code [0x0000000002b59ae0, 0x0000000002b59bf0]
Event: 6.439 Thread 0x0000000016129000 nmethod 2533 0x0000000002a1ecd0 code [0x0000000002a1ee20, 0x0000000002a1f108]
Event: 6.439 Thread 0x0000000016129000 2534   !   4       java.util.zip.ZipFile$ZipFileInputStream::close (110 bytes)

GC Heap History (4 events):
Event: 2.696 GC heap before
{Heap before GC invocations=0 (full 0):
 par new generation   total 306688K, used 272640K [0x00000000c0000000, 0x00000000d4cc0000, 0x00000000d4cc0000)
  eden space 272640K, 100% used [0x00000000c0000000, 0x00000000d0a40000, 0x00000000d0a40000)
  from space 34048K,   0% used [0x00000000d0a40000, 0x00000000d0a40000, 0x00000000d2b80000)
  to   space 34048K,   0% used [0x00000000d2b80000, 0x00000000d2b80000, 0x00000000d4cc0000)
 concurrent mark-sweep generation total 707840K, used 0K [0x00000000d4cc0000, 0x0000000100000000, 0x0000000100000000)
 Metaspace       used 25696K, capacity 25882K, committed 26200K, reserved 1071104K
  class space    used 3676K, capacity 3745K, committed 3760K, reserved 1048576K
Event: 2.722 GC heap after
Heap after GC invocations=1 (full 0):
 par new generation   total 306688K, used 32264K [0x00000000c0000000, 0x00000000d4cc0000, 0x00000000d4cc0000)
  eden space 272640K,   0% used [0x00000000c0000000, 0x00000000c0000000, 0x00000000d0a40000)
  from space 34048K,  94% used [0x00000000d2b80000, 0x00000000d4b020b0, 0x00000000d4cc0000)
  to   space 34048K,   0% used [0x00000000d0a40000, 0x00000000d0a40000, 0x00000000d2b80000)
 concurrent mark-sweep generation total 707840K, used 0K [0x00000000d4cc0000, 0x0000000100000000, 0x0000000100000000)
 Metaspace       used 25696K, capacity 25882K, committed 26200K, reserved 1071104K
  class space    used 3676K, capacity 3745K, committed 3760K, reserved 1048576K
}
Event: 6.256 GC heap before
{Heap before GC invocations=1 (full 1):
 par new generation   total 306688K, used 304904K [0x00000000c0000000, 0x00000000d4cc0000, 0x00000000d4cc0000)
  eden space 272640K, 100% used [0x00000000c0000000, 0x00000000d0a40000, 0x00000000d0a40000)
  from space 34048K,  94% used [0x00000000d2b80000, 0x00000000d4b020b0, 0x00000000d4cc0000)
  to   space 34048K,   0% used [0x00000000d0a40000, 0x00000000d0a40000, 0x00000000d2b80000)
 concurrent mark-sweep generation total 707840K, used 0K [0x00000000d4cc0000, 0x0000000100000000, 0x0000000100000000)
 Metaspace       used 29787K, capacity 30023K, committed 30516K, reserved 1075200K
  class space    used 3979K, capacity 4068K, committed 4140K, reserved 1048576K
Event: 6.334 GC heap after
Heap after GC invocations=2 (full 1):
 par new generation   total 306688K, used 34047K [0x00000000c0000000, 0x00000000d4cc0000, 0x00000000d4cc0000)
  eden space 272640K,   0% used [0x00000000c0000000, 0x00000000c0000000, 0x00000000d0a40000)
  from space 34048K,  99% used [0x00000000d0a40000, 0x00000000d2b7fff8, 0x00000000d2b80000)
  to   space 34048K,   0% used [0x00000000d2b80000, 0x00000000d2b80000, 0x00000000d4cc0000)
 concurrent mark-sweep generation total 707840K, used 30625K [0x00000000d4cc0000, 0x0000000100000000, 0x0000000100000000)
 Metaspace       used 29787K, capacity 30023K, committed 30516K, reserved 1075200K
  class space    used 3979K, capacity 4068K, committed 4140K, reserved 1048576K
}

Deoptimization events (10 events):
Event: 3.743 Thread 0x0000000002454000 Uncommon trap: reason=unstable_if action=reinterpret pc=0x0000000002b7c92c method=java.util.regex.Pattern$BmpCharProperty.match(Ljava/util/regex/Matcher;ILjava/lang/CharSequence;)Z @ 5
Event: 6.043 Thread 0x0000000002454000 Uncommon trap: reason=unstable_if action=reinterpret pc=0x0000000002b99f2c method=java.util.IdentityHashMap.get(Ljava/lang/Object;)Ljava/lang/Object; @ 43
Event: 6.043 Thread 0x0000000002454000 Uncommon trap: reason=bimorphic action=maybe_recompile pc=0x0000000002a8abb8 method=com.google.common.collect.ImmutableMap.hashCode()I @ 1
Event: 6.043 Thread 0x0000000002454000 Uncommon trap: reason=bimorphic action=maybe_recompile pc=0x0000000002a8abb8 method=com.google.common.collect.ImmutableMap.hashCode()I @ 1
Event: 6.043 Thread 0x0000000002454000 Uncommon trap: reason=bimorphic action=maybe_recompile pc=0x0000000002a8abb8 method=com.google.common.collect.ImmutableMap.hashCode()I @ 1
Event: 6.043 Thread 0x0000000002454000 Uncommon trap: reason=bimorphic action=maybe_recompile pc=0x0000000002a8abb8 method=com.google.common.collect.ImmutableMap.hashCode()I @ 1
Event: 6.059 Thread 0x0000000002454000 Uncommon trap: reason=unstable_if action=reinterpret pc=0x0000000002a461fc method=net.minecraft.block.properties.PropertyHelper.equals(Ljava/lang/Object;)Z @ 52
Event: 6.177 Thread 0x0000000002454000 Uncommon trap: reason=unstable_if action=reinterpret pc=0x0000000002666b50 method=java.util.ArrayList.isEmpty()Z @ 4
Event: 6.179 Thread 0x0000000002454000 Uncommon trap: reason=null_check action=make_not_entrant pc=0x0000000002d5bbf4 method=com.google.gson.JsonPrimitive.isPrimitiveOrString(Ljava/lang/Object;)Z @ 39
Event: 6.341 Thread 0x0000000002454000 Uncommon trap: reason=unstable_if action=reinterpret pc=0x000000000286bbf4 method=com.google.gson.internal.bind.JsonTreeReader.hasNext()Z @ 16

Classes redefined (0 events):
No events

Internal exceptions (10 events):
Event: 3.622 Thread 0x0000000002454000 Exception <a 'java/lang/UnsatisfiedLinkError': Impossibile trovare la procedura specificata.
> (0x00000000c717f7a8) thrown at [C:\re\workspace\8-2-build-windows-amd64-cygwin\jdk8u171\10807\hotspot\src\share\vm\prims\jni.cpp, line 735]
Event: 3.950 Thread 0x000000001b21f000 Exception <a 'java/lang/InterruptedException': sleep interrupted> (0x00000000c8175ad8) thrown at [C:\re\workspace\8-2-build-windows-amd64-cygwin\jdk8u171\10807\hotspot\src\share\vm\prims\jvm.cpp, line 3273]
Event: 3.957 Thread 0x000000001b21f000 Exception <a 'java/security/PrivilegedActionException'> (0x00000000c81d3d78) thrown at [C:\re\workspace\8-2-build-windows-amd64-cygwin\jdk8u171\10807\hotspot\src\share\vm\prims\jvm.cpp, line 1435]
Event: 3.957 Thread 0x000000001b21f000 Exception <a 'java/security/PrivilegedActionException'> (0x00000000c81d5888) thrown at [C:\re\workspace\8-2-build-windows-amd64-cygwin\jdk8u171\10807\hotspot\src\share\vm\prims\jvm.cpp, line 1435]
Event: 3.957 Thread 0x000000001b21f000 Exception <a 'java/security/PrivilegedActionException'> (0x00000000c81d69a8) thrown at [C:\re\workspace\8-2-build-windows-amd64-cygwin\jdk8u171\10807\hotspot\src\share\vm\prims\jvm.cpp, line 1435]
Event: 3.957 Thread 0x000000001b21f000 Exception <a 'java/security/PrivilegedActionException'> (0x00000000c81dbac8) thrown at [C:\re\workspace\8-2-build-windows-amd64-cygwin\jdk8u171\10807\hotspot\src\share\vm\prims\jvm.cpp, line 1435]
Event: 3.957 Thread 0x000000001b21f000 Exception <a 'java/security/PrivilegedActionException'> (0x00000000c81dc720) thrown at [C:\re\workspace\8-2-build-windows-amd64-cygwin\jdk8u171\10807\hotspot\src\share\vm\prims\jvm.cpp, line 1435]
Event: 3.957 Thread 0x000000001b21f000 Exception <a 'java/security/PrivilegedActionException'> (0x00000000c81dd348) thrown at [C:\re\workspace\8-2-build-windows-amd64-cygwin\jdk8u171\10807\hotspot\src\share\vm\prims\jvm.cpp, line 1435]
Event: 4.350 Thread 0x000000001b21f000 Exception <a 'java/lang/InterruptedException': sleep interrupted> (0x00000000c8233788) thrown at [C:\re\workspace\8-2-build-windows-amd64-cygwin\jdk8u171\10807\hotspot\src\share\vm\prims\jvm.cpp, line 3273]
Event: 4.350 Thread 0x000000001b21f000 Exception <a 'java/lang/InterruptedException': sleep interrupted> (0x00000000c82339e0) thrown at [C:\re\workspace\8-2-build-windows-amd64-cygwin\jdk8u171\10807\hotspot\src\share\vm\prims\jvm.cpp, line 3273]

Events (10 events):
Event: 6.348 Thread 0x000000001616e000 flushing nmethod 0x0000000002b15b90
Event: 6.348 Thread 0x000000001616e000 flushing nmethod 0x0000000002b24350
Event: 6.348 Thread 0x000000001616e000 flushing nmethod 0x0000000002b38410
Event: 6.348 Thread 0x000000001616e000 flushing nmethod 0x0000000002b487d0
Event: 6.348 Thread 0x000000001616e000 flushing nmethod 0x0000000002b55050
Event: 6.348 Thread 0x000000001616e000 flushing nmethod 0x0000000002b57010
Event: 6.348 Thread 0x000000001616e000 flushing nmethod 0x0000000002b59990
Event: 6.348 Thread 0x000000001616e000 flushing nmethod 0x0000000002b5a390
Event: 6.348 Thread 0x000000001616e000 flushing nmethod 0x0000000002b5b210
Event: 6.348 Thread 0x000000001616e000 flushing nmethod 0x0000000002b5bb50


Dynamic libraries:
0x00007ff713aa0000 - 0x00007ff713ad7000 	C:\Program Files\Java\jre1.8.0_171\bin\javaw.exe
0x00007ffa332a0000 - 0x00007ffa33481000 	C:\WINDOWS\SYSTEM32\ntdll.dll
0x00007ffa30df0000 - 0x00007ffa30ea2000 	C:\WINDOWS\System32\KERNEL32.DLL
0x00007ffa300b0000 - 0x00007ffa30323000 	C:\WINDOWS\System32\KERNELBASE.dll
0x00007ffa30d40000 - 0x00007ffa30de1000 	C:\WINDOWS\System32\ADVAPI32.dll
0x00007ffa30a60000 - 0x00007ffa30afe000 	C:\WINDOWS\System32\msvcrt.dll
0x00007ffa32ea0000 - 0x00007ffa32efb000 	C:\WINDOWS\System32\sechost.dll
0x00007ffa33110000 - 0x00007ffa33234000 	C:\WINDOWS\System32\RPCRT4.dll
0x00007ffa307d0000 - 0x00007ffa30960000 	C:\WINDOWS\System32\USER32.dll
0x00007ffa2fd80000 - 0x00007ffa2fda0000 	C:\WINDOWS\System32\win32u.dll
0x00007ffa33240000 - 0x00007ffa33268000 	C:\WINDOWS\System32\GDI32.dll
0x00007ffa2fe70000 - 0x00007ffa30002000 	C:\WINDOWS\System32\gdi32full.dll
0x00007ffa30010000 - 0x00007ffa300af000 	C:\WINDOWS\System32\msvcp_win.dll
0x00007ffa30440000 - 0x00007ffa3053a000 	C:\WINDOWS\System32\ucrtbase.dll
0x00007ffa237a0000 - 0x00007ffa23a09000 	C:\WINDOWS\WinSxS\amd64_microsoft.windows.common-controls_6595b64144ccf1df_6.0.17134.1_none_e4da93291059d8fb\COMCTL32.dll
0x00007ffa32900000 - 0x00007ffa32c23000 	C:\WINDOWS\System32\combase.dll
0x00007ffa2fda0000 - 0x00007ffa2fe1a000 	C:\WINDOWS\System32\bcryptPrimitives.dll
0x00007ffa30730000 - 0x00007ffa3075d000 	C:\WINDOWS\System32\IMM32.DLL
0x0000000071440000 - 0x0000000071512000 	C:\Program Files\Java\jre1.8.0_171\bin\msvcr100.dll
0x0000000071530000 - 0x0000000071dd0000 	C:\Program Files\Java\jre1.8.0_171\bin\server\jvm.dll
0x00007ffa30f70000 - 0x00007ffa30f78000 	C:\WINDOWS\System32\PSAPI.DLL
0x00007ffa1d200000 - 0x00007ffa1d209000 	C:\WINDOWS\SYSTEM32\WSOCK32.dll
0x00007ffa30f80000 - 0x00007ffa30fec000 	C:\WINDOWS\System32\WS2_32.dll
0x00007ffa2c450000 - 0x00007ffa2c473000 	C:\WINDOWS\SYSTEM32\WINMM.dll
0x00007ffa299a0000 - 0x00007ffa299aa000 	C:\WINDOWS\SYSTEM32\VERSION.dll
0x00007ffa2c420000 - 0x00007ffa2c44a000 	C:\WINDOWS\SYSTEM32\WINMMBASE.dll
0x00007ffa2fe20000 - 0x00007ffa2fe69000 	C:\WINDOWS\System32\cfgmgr32.dll
0x0000000072620000 - 0x000000007262f000 	C:\Program Files\Java\jre1.8.0_171\bin\verify.dll
0x00000000725f0000 - 0x0000000072619000 	C:\Program Files\Java\jre1.8.0_171\bin\java.dll
0x00000000725d0000 - 0x00000000725e6000 	C:\Program Files\Java\jre1.8.0_171\bin\zip.dll
0x00007ffa314c0000 - 0x00007ffa32900000 	C:\WINDOWS\System32\SHELL32.dll
0x00007ffa33060000 - 0x00007ffa33109000 	C:\WINDOWS\System32\shcore.dll
0x00007ffa2f670000 - 0x00007ffa2fd7d000 	C:\WINDOWS\System32\windows.storage.dll
0x00007ffa30eb0000 - 0x00007ffa30f01000 	C:\WINDOWS\System32\shlwapi.dll
0x00007ffa2f610000 - 0x00007ffa2f621000 	C:\WINDOWS\System32\kernel.appcore.dll
0x00007ffa2f630000 - 0x00007ffa2f64f000 	C:\WINDOWS\System32\profapi.dll
0x00007ffa2f5c0000 - 0x00007ffa2f60c000 	C:\WINDOWS\System32\powrprof.dll
0x00007ffa2f5b0000 - 0x00007ffa2f5ba000 	C:\WINDOWS\System32\FLTLIB.DLL
0x0000000071520000 - 0x000000007152d000 	C:\Program Files\Java\jre1.8.0_171\bin\management.dll
0x00000000725b0000 - 0x00000000725ca000 	C:\Program Files\Java\jre1.8.0_171\bin\net.dll
0x00007ffa2ee30000 - 0x00007ffa2ee96000 	C:\WINDOWS\system32\mswsock.dll
0x0000000072590000 - 0x00000000725a1000 	C:\Program Files\Java\jre1.8.0_171\bin\nio.dll
0x00007ffa0be60000 - 0x00007ffa0be76000 	C:\WINDOWS\system32\napinsp.dll
0x00007ffa0c070000 - 0x00007ffa0c08a000 	C:\WINDOWS\system32\pnrpnsp.dll
0x00007ffa2c1b0000 - 0x00007ffa2c1c9000 	C:\WINDOWS\system32\NLAapi.dll
0x00007ffa2ebf0000 - 0x00007ffa2ecae000 	C:\WINDOWS\SYSTEM32\DNSAPI.dll
0x00007ffa30960000 - 0x00007ffa30968000 	C:\WINDOWS\System32\NSI.dll
0x00007ffa2ebb0000 - 0x00007ffa2ebe8000 	C:\WINDOWS\SYSTEM32\IPHLPAPI.DLL
0x00007ffa23240000 - 0x00007ffa2324e000 	C:\WINDOWS\System32\winrnr.dll
0x00007ffa285e0000 - 0x00007ffa28652000 	C:\WINDOWS\System32\fwpuclnt.dll
0x00007ffa2f110000 - 0x00007ffa2f135000 	C:\WINDOWS\SYSTEM32\bcrypt.dll
0x00007ffa27900000 - 0x00007ffa2790a000 	C:\Windows\System32\rasadhlp.dll
0x0000000180000000 - 0x0000000180053000 	C:\Users\vicqu\Desktop\mcp918\jars\versions\1.8.8\1.8.8-natives\lwjgl64.dll
0x00007ffa0b130000 - 0x00007ffa0b250000 	C:\WINDOWS\SYSTEM32\OPENGL32.dll
0x00007ffa29aa0000 - 0x00007ffa29acc000 	C:\WINDOWS\SYSTEM32\GLU32.dll
0x00007ffa2efe0000 - 0x00007ffa2eff7000 	C:\WINDOWS\SYSTEM32\CRYPTSP.dll
0x00007ffa2ea10000 - 0x00007ffa2ea43000 	C:\WINDOWS\system32\rsaenh.dll
0x00007ffa2f4e0000 - 0x00007ffa2f508000 	C:\WINDOWS\SYSTEM32\USERENV.dll
0x00007ffa2f000000 - 0x00007ffa2f00b000 	C:\WINDOWS\SYSTEM32\CRYPTBASE.dll
0x00007ffa29950000 - 0x00007ffa29966000 	C:\WINDOWS\SYSTEM32\dhcpcsvc6.DLL
0x00007ffa29930000 - 0x00007ffa2994a000 	C:\WINDOWS\SYSTEM32\dhcpcsvc.DLL
0x00000000712a0000 - 0x0000000071438000 	C:\Program Files\Java\jre1.8.0_171\bin\awt.dll
0x00007ffa32c30000 - 0x00007ffa32cf2000 	C:\WINDOWS\System32\OLEAUT32.dll
0x00007ffa2d960000 - 0x00007ffa2d9eb000 	C:\WINDOWS\SYSTEM32\apphelp.dll
0x00007ffa2dc70000 - 0x00007ffa2dd08000 	C:\WINDOWS\system32\uxtheme.dll
0x00007ffa32d00000 - 0x00007ffa32e75000 	C:\WINDOWS\System32\MSCTF.dll
0x00007ffa2dd40000 - 0x00007ffa2dd69000 	C:\WINDOWS\system32\dwmapi.dll
0x00007ffa277c0000 - 0x00007ffa27858000 	C:\WINDOWS\System32\TextInputFramework.dll
0x00007ffa2d730000 - 0x00007ffa2d80a000 	C:\WINDOWS\System32\CoreMessaging.dll
0x00007ffa2a5c0000 - 0x00007ffa2a8de000 	C:\WINDOWS\System32\CoreUIComponents.dll
0x00007ffa2e6a0000 - 0x00007ffa2e6d1000 	C:\WINDOWS\SYSTEM32\ntmarta.dll
0x00007ffa2a3d0000 - 0x00007ffa2a51d000 	C:\WINDOWS\SYSTEM32\wintypes.dll
0x000000006eda0000 - 0x0000000071298000 	C:\WINDOWS\System32\DriverStore\FileRepository\nv_dispi.inf_amd64_2a800e6ebddb7f48\nvoglv64.dll
0x00007ffa31070000 - 0x00007ffa314bb000 	C:\WINDOWS\System32\SETUPAPI.dll
0x00007ffa32f00000 - 0x00007ffa33051000 	C:\WINDOWS\System32\ole32.dll
0x00007ffa2bc90000 - 0x00007ffa2bca3000 	C:\WINDOWS\SYSTEM32\WTSAPI32.dll
0x00007ffa2f3c0000 - 0x00007ffa2f3e7000 	C:\WINDOWS\SYSTEM32\DEVOBJ.dll
0x00007ffa30330000 - 0x00007ffa30387000 	C:\WINDOWS\System32\WINTRUST.dll
0x00007ffa2f650000 - 0x00007ffa2f662000 	C:\WINDOWS\System32\MSASN1.dll
0x00007ffa30540000 - 0x00007ffa30722000 	C:\WINDOWS\System32\CRYPT32.dll
0x00007ff9f0e40000 - 0x00007ff9f10a6000 	C:\WINDOWS\system32\nvspcap64.dll
0x00007ffa28810000 - 0x00007ffa288b8000 	C:\WINDOWS\SYSTEM32\mscms.dll
0x00007ffa2c4c0000 - 0x00007ffa2c4d0000 	C:\WINDOWS\SYSTEM32\ColorAdapterClient.dll
0x00007ffa1a0e0000 - 0x00007ffa1a123000 	C:\WINDOWS\SYSTEM32\icm32.dll
0x00007ffa2e740000 - 0x00007ffa2e796000 	C:\WINDOWS\SYSTEM32\WINSTA.dll
0x000000001dbd0000 - 0x000000001dc08000 	C:\Users\vicqu\AppData\Local\Temp\jna\jna2282794057214308533.dll
0x0000000028d00000 - 0x0000000028d9c000 	C:\Users\vicqu\Desktop\mcp918\jars\versions\1.8.8\1.8.8-natives\avutil-ttv-51.dll
0x0000000065980000 - 0x00000000659d6000 	C:\Users\vicqu\Desktop\mcp918\jars\versions\1.8.8\1.8.8-natives\swresample-ttv-0.dll
0x000000006eb80000 - 0x000000006ec50000 	C:\Users\vicqu\Desktop\mcp918\jars\versions\1.8.8\1.8.8-natives\libmp3lame-ttv.dll
0x00007ff9f59e0000 - 0x00007ff9f6d84000 	C:\Users\vicqu\Desktop\mcp918\jars\versions\1.8.8\1.8.8-natives\libmfxsw64.dll
0x00007ffa08d10000 - 0x00007ffa08e7d000 	C:\Users\vicqu\Desktop\mcp918\jars\versions\1.8.8\1.8.8-natives\twitchsdk.dll
0x00007ffa21480000 - 0x00007ffa217cf000 	C:\WINDOWS\SYSTEM32\WININET.dll
0x0000000029110000 - 0x0000000029174000 	C:\Users\vicqu\Desktop\mcp918\jars\versions\1.8.8\1.8.8-natives\OpenAL64.dll
0x00007ffa30ca0000 - 0x00007ffa30d40000 	C:\WINDOWS\System32\clbcatq.dll
0x00007ffa28a90000 - 0x00007ffa28b06000 	C:\WINDOWS\System32\MMDevApi.dll
0x00007ffa2b740000 - 0x00007ffa2b8f4000 	C:\WINDOWS\System32\PROPSYS.dll
0x00007ff9f9510000 - 0x00007ff9f959f000 	C:\WINDOWS\SYSTEM32\dsound.dll
0x00007ffa01760000 - 0x00007ffa0188c000 	C:\WINDOWS\SYSTEM32\AUDIOSES.DLL
0x00007ffa2ac90000 - 0x00007ffa2ac9a000 	C:\WINDOWS\SYSTEM32\AVRT.dll

VM Arguments:
jvm_args: -Xincgc -Xmx1024M -Xms1024M -Djava.library.path=C:\Users\vicqu\Desktop\mcp918\jars\versions\1.8.8\1.8.8-natives -Dfile.encoding=Cp1252 
java_command: Start
java_class_path (initial): C:\Program Files\Java\jre1.8.0_171\lib\resources.jar;C:\Program Files\Java\jre1.8.0_171\lib\rt.jar;C:\Program Files\Java\jre1.8.0_171\lib\jsse.jar;C:\Program Files\Java\jre1.8.0_171\lib\jce.jar;C:\Program Files\Java\jre1.8.0_171\lib\charsets.jar;C:\Program Files\Java\jre1.8.0_171\lib\jfr.jar;C:\Program Files\Java\jre1.8.0_171\lib\ext\access-bridge-64.jar;C:\Program Files\Java\jre1.8.0_171\lib\ext\cldrdata.jar;C:\Program Files\Java\jre1.8.0_171\lib\ext\dnsns.jar;C:\Program Files\Java\jre1.8.0_171\lib\ext\jaccess.jar;C:\Program Files\Java\jre1.8.0_171\lib\ext\jfxrt.jar;C:\Program Files\Java\jre1.8.0_171\lib\ext\localedata.jar;C:\Program Files\Java\jre1.8.0_171\lib\ext\nashorn.jar;C:\Program Files\Java\jre1.8.0_171\lib\ext\sunec.jar;C:\Program Files\Java\jre1.8.0_171\lib\ext\sunjce_provider.jar;C:\Program Files\Java\jre1.8.0_171\lib\ext\sunmscapi.jar;C:\Program Files\Java\jre1.8.0_171\lib\ext\sunpkcs11.jar;C:\Program Files\Java\jre1.8.0_171\lib\ext\zipfs.jar;C:\Users\vicqu\Desktop\mcp918\eclipse\Client\bin;C:\Users\vicqu\Desktop\mcp918\jars\versions\1.8.8\1.8.8.jar;C:\Users\vicqu\Desktop\mcp918\jars\libraries\oshi-project\oshi-core\1.1\oshi-core-1.1.jar;C:\Users\vicqu\Desktop\mcp918\jars\libraries\net\java\dev\jna\jna\3.4.0\jna-3.4.0.jar;C:\Users\vicqu\Desktop\mcp918\jars\libraries\net\java\dev\jna\platform\3.4.0\platform-3.4.0.jar;C:\Users\vicqu\Desktop\mcp918\jars\libraries\com\ibm\icu\icu4j-core-mojang\51.2\icu4j-core-mojang-51.2.jar;C:\Users\vicqu\Desktop\mcp918\jars\libraries\net\sf\jopt-simple\jopt-simple\4.6\jopt-simple-4.6.jar;C:\Users\vicqu\Desktop\mcp918\jars\libraries\com\paulscode\codecjorbis\20101023\codecjorbis-20101023.jar;C:\Users\vicqu\Desktop\mcp918\jars\libraries\com\paulscode\codecwav\20101023\codecwav-20101023.jar;C:\Users\vicqu\Desktop\mcp918\jars\libraries\com\paulscode\libraryjavasound\20101123\libraryjavasound-20101123.jar;C:\Users\vicqu\Desktop\mcp918\jars\libraries\com\paulscode\librarylwjglopenal\20100824\library
Launcher Type: SUN_STANDARD

Environment Variables:
PATH=C:/Program Files/Java/jre1.8.0_171/bin/server;C:/Program Files/Java/jre1.8.0_171/bin;C:/Program Files/Java/jre1.8.0_171/lib/amd64;C:\Program Files (x86)\Common Files\Oracle\Java\javapath;c:\programdata\oracle\java\javapath;c:\windows\system32;c:\windows;c:\windows\system32\wbem;c:\windows\system32\windowspowershell\v1.0\;c:\android;c:\users\vicqu\appdata\local\microsoft\windowsapps;c:\adb;C:\Program Files (x86)\NVIDIA Corporation\PhysX\Common;C:\Program Files (x86)\Windows Live\Shared;C:\WINDOWS\system32;C:\WINDOWS;C:\WINDOWS\System32\Wbem;C:\WINDOWS\System32\WindowsPowerShell\v1.0\;C:\Program Files\dotnet\;C:\Program Files\Microsoft SQL Server\130\Tools\Binn\;C:\Program Files (x86)\Schneider Electric\Vijeo-WebGate Control;C:\WINDOWS\System32\OpenSSH\;C:\Program Files (x86)\Windows Kits\10\Windows Performance Toolkit\;C:\Program Files (x86)\Windows Kits\10\Microsoft Application Virtualization\Sequencer\;C:\Users\vicqu\AppData\Local\Programs\Python\Python36-32\Scripts\;C:\Users\vicqu\AppData\Local\Programs\Python\Python36-32\;C:\Users\vicqu\AppData\Local\Microsoft\WindowsApps;C:\Users\vicqu\AppData\Roaming\Dashlane\4.6.6.23032\bin\Firefox_Extension\{442718d9-475e-452a-b3e1-fb1ee16b8e9f}\components;C:\Users\vicqu\AppData\Local\GitHubDesktop\bin;%USERPROFILE%\AppData\Local\Microsoft\WindowsApps;;C:\Users\vicqu\eclipse;
USERNAME=vicqu
OS=Windows_NT
PROCESSOR_IDENTIFIER=Intel64 Family 6 Model 158 Stepping 9, GenuineIntel



---------------  S Y S T E M  ---------------

OS: Windows 10.0 , 64 bit Build 17134 (10.0.17134.1)

CPU:total 4 (initial active 4) (4 cores per cpu, 1 threads per core) family 6 model 158 stepping 9, cmov, cx8, fxsr, mmx, sse, sse2, sse3, ssse3, sse4.1, sse4.2, popcnt, avx, avx2, aes, clmul, erms, rtm, 3dnowpref, lzcnt, tsc, tscinvbit, bmi1, bmi2, adx

Memory: 4k page, physical 8355548k(2495620k free), swap 8355548k(5120k free)

vm_info: Java HotSpot(TM) 64-Bit Server VM (25.171-b11) for windows-amd64 JRE (1.8.0_171-b11), built on Mar 28 2018 16:06:12 by "java_re" with MS VC++ 10.0 (VS2010)

time: Fri Apr 27 17:52:30 2018
elapsed time: 6 seconds (0d 0h 0m 6s)

