#
# A fatal error has been detected by the Java Runtime Environment:
#
#  EXCEPTION_ACCESS_VIOLATION (0xc0000005) at pc=0x000000001dd71066, pid=9124, tid=0x00000000000005c8
#
# JRE version: Java(TM) SE Runtime Environment (8.0_152-b16) (build 1.8.0_152-b16)
# Java VM: Java HotSpot(TM) 64-Bit Server VM (25.152-b16 mixed mode windows-amd64 compressed oops)
# Problematic frame:
# C  [OpenAL64.dll+0x11066]
#
# Failed to write core dump. Minidumps are not enabled by default on client versions of Windows
#
# If you would like to submit a bug report, please visit:
#   http://bugreport.java.com/bugreport/crash.jsp
# The crash happened outside the Java Virtual Machine in native code.
# See problematic frame for where to report the bug.
#

---------------  T H R E A D  ---------------

Current thread (0x000000001bc01800):  JavaThread "Thread-6" [_thread_in_native, id=1480, stack(0x0000000027640000,0x0000000027740000)]

siginfo: ExceptionCode=0xc0000005, reading address 0x000000001ab27004

Registers:
RAX=0x0000000000000001, RBX=0x00000000292e0090, RCX=0x000000001ab27008, RDX=0x000000001ab27004
RSP=0x000000002773eaa0, RBP=0x00000000000000ff, RSI=0x000000001ab1fccc, RDI=0x0000000000000000
R8 =0x0000000000001cce, R9 =0x000000001ab1fccc, R10=0x00000000045d7f48, R11=0x00000000609dbd60
R12=0x0000000000000001, R13=0x000000002757c150, R14=0x000000002773ec38, R15=0x000000001bc01800
RIP=0x000000001dd71066, EFLAGS=0x0000000000010202

Top of Stack: (sp=0x000000002773eaa0)
0x000000002773eaa0:   0000000000000000 000000006087d67b
0x000000002773eab0:   000000001bc01800 000000001bc01800
0x000000002773eac0:   000000002757c150 0000000000000000
0x000000002773ead0:   000000001bc01800 000000001ab1ef00
0x000000002773eae0:   000000002757c150 000000002773ec38
0x000000002773eaf0:   000000001b204210 000000006086b976
0x000000002773eb00:   000000002773f2a8 00000000181bf700
0x000000002773eb10:   000000001bc01800 000000002773ec38
0x000000002773eb20:   000000002757c150 0000000000000000
0x000000002773eb30:   000000001ab1fccc 00000000d2bdf2a0
0x000000002773eb40:   000000002773ec00 000000001dd7248f
0x000000002773eb50:   00000000292e0090 00000000292e0090
0x000000002773eb60:   000000000000ac44 0000000000000001
0x000000002773eb70:   0000000000000010 00000000045d7f74
0x000000002773eb80:   000000002757c150 00000000045d7cdd
0x000000002773eb90:   000000001bc01800 000000002757c150 

Instructions: (pc=0x000000001dd71066)
0x000000001dd71046:   41 2b ec 81 3a 03 00 02 00 75 09 8b 01 89 84 24
0x000000001dd71056:   c8 00 00 00 49 83 c0 02 48 83 c1 08 4a 8d 14 86
0x000000001dd71066:   39 3a 75 af 4c 8d 84 24 c0 00 00 00 48 8d 15 d7
0x000000001dd71076:   2b 03 00 33 c9 e8 58 5f 00 00 b8 40 1f 00 00 4c 


Register to memory mapping:

RAX=0x0000000000000001 is an unknown value
RBX=0x00000000292e0090 is an unknown value
RCX=0x000000001ab27008 is an unknown value
RDX=0x000000001ab27004 is an unknown value
RSP=0x000000002773eaa0 is pointing into the stack for thread: 0x000000001bc01800
RBP=0x00000000000000ff is an unknown value
RSI=0x000000001ab1fccc is an unknown value
RDI=0x0000000000000000 is an unknown value
R8 =0x0000000000001cce is an unknown value
R9 =0x000000001ab1fccc is an unknown value
R10=0x00000000045d7f48 is at code_begin+840 in an Interpreter codelet
method entry point (kind = native)  [0x00000000045d7c00, 0x00000000045d8560]  2400 bytes
R11=0x00000000609dbd60 is an unknown value
R12=0x0000000000000001 is an unknown value
R13={method} {0x000000002757c158} 'nalcCreateContext' '(JJ)J' in 'org/lwjgl/openal/ALC10'
R14=0x000000002773ec38 is pointing into the stack for thread: 0x000000001bc01800
R15=0x000000001bc01800 is a thread


Stack: [0x0000000027640000,0x0000000027740000],  sp=0x000000002773eaa0,  free space=1018k
Native frames: (J=compiled Java code, j=interpreted, Vv=VM code, C=native code)
C  [OpenAL64.dll+0x11066]
C  [OpenAL64.dll+0x1248f]
C  0x00000000045d7f74

Java frames: (J=compiled Java code, j=interpreted, Vv=VM code)
j  org.lwjgl.openal.ALC10.nalcCreateContext(JJ)J+0
j  org.lwjgl.openal.ALC10.alcCreateContext(Lorg/lwjgl/openal/ALCdevice;Ljava/nio/IntBuffer;)Lorg/lwjgl/openal/ALCcontext;+8
j  org.lwjgl.openal.AL.init(Ljava/lang/String;IIZZ)V+69
j  org.lwjgl.openal.AL.create(Ljava/lang/String;IIZZ)V+246
j  org.lwjgl.openal.AL.create(Ljava/lang/String;IIZ)V+5
j  org.lwjgl.openal.AL.create()V+6
j  paulscode.sound.libraries.LibraryLWJGLOpenAL.init()V+2
j  paulscode.sound.SoundSystem.CommandNewLibrary(Ljava/lang/Class;)V+260
j  paulscode.sound.SoundSystem.CommandQueue(Lpaulscode/sound/CommandObject;)Z+1206
j  paulscode.sound.CommandThread.run()V+51
v  ~StubRoutines::call_stub

---------------  P R O C E S S  ---------------

Java Threads: ( => current thread )
  0x000000001bbfc000 JavaThread "Thread-7" [_thread_blocked, id=336, stack(0x0000000029050000,0x0000000029150000)]
=>0x000000001bc01800 JavaThread "Thread-6" [_thread_in_native, id=1480, stack(0x0000000027640000,0x0000000027740000)]
  0x000000001aa18800 JavaThread "Sound Library Loader" [_thread_blocked, id=4884, stack(0x0000000025320000,0x0000000025420000)]
  0x000000001b2c2000 JavaThread "Java2D Disposer" daemon [_thread_blocked, id=7376, stack(0x000000001d160000,0x000000001d260000)]
  0x000000001981c000 JavaThread "Timer hack thread" daemon [_thread_blocked, id=11168, stack(0x000000001d060000,0x000000001d160000)]
  0x000000001be9b800 JavaThread "Snooper Timer" daemon [_thread_blocked, id=6384, stack(0x000000001ca10000,0x000000001cb10000)]
  0x000000001ad6a000 JavaThread "Snooper Timer" daemon [_thread_blocked, id=3164, stack(0x000000001c810000,0x000000001c910000)]
  0x0000000018209000 JavaThread "Service Thread" daemon [_thread_blocked, id=8604, stack(0x0000000018e50000,0x0000000018f50000)]
  0x0000000018176000 JavaThread "C1 CompilerThread2" daemon [_thread_blocked, id=2824, stack(0x0000000018d50000,0x0000000018e50000)]
  0x0000000018174000 JavaThread "C2 CompilerThread1" daemon [_thread_blocked, id=10188, stack(0x0000000018c50000,0x0000000018d50000)]
  0x0000000018173000 JavaThread "C2 CompilerThread0" daemon [_thread_blocked, id=9132, stack(0x0000000018b50000,0x0000000018c50000)]
  0x000000001816f800 JavaThread "Attach Listener" daemon [_thread_blocked, id=8400, stack(0x0000000018a50000,0x0000000018b50000)]
  0x000000001816e000 JavaThread "Signal Dispatcher" daemon [_thread_blocked, id=8156, stack(0x0000000018950000,0x0000000018a50000)]
  0x000000001816c800 JavaThread "Surrogate Locker Thread (Concurrent GC)" daemon [_thread_blocked, id=10360, stack(0x0000000018850000,0x0000000018950000)]
  0x0000000017732800 JavaThread "Finalizer" daemon [_thread_blocked, id=6552, stack(0x0000000018540000,0x0000000018640000)]
  0x000000001772b800 JavaThread "Reference Handler" daemon [_thread_blocked, id=8220, stack(0x0000000018040000,0x0000000018140000)]
  0x00000000044c3800 JavaThread "Client thread" [_thread_in_native, id=2636, stack(0x0000000004300000,0x0000000004400000)]

Other Threads:
  0x0000000017720800 VMThread [stack: 0x0000000017f40000,0x0000000018040000] [id=12568]
  0x0000000018221000 WatcherThread [stack: 0x0000000018f50000,0x0000000019050000] [id=3188]

VM state:not at safepoint (normal execution)

VM Mutex/Monitor currently owned by a thread: None

Heap:
 par new generation   total 306688K, used 205205K [0x00000000c0000000, 0x00000000d4cc0000, 0x00000000d4cc0000)
  eden space 272640K,  63% used [0x00000000c0000000, 0x00000000ca9dcd98, 0x00000000d0a40000)
  from space 34048K,  91% used [0x00000000d2b80000, 0x00000000d4a08958, 0x00000000d4cc0000)
  to   space 34048K,   0% used [0x00000000d0a40000, 0x00000000d0a40000, 0x00000000d2b80000)
 concurrent mark-sweep generation total 707840K, used 0K [0x00000000d4cc0000, 0x0000000100000000, 0x0000000100000000)
 Metaspace       used 29468K, capacity 29637K, committed 30184K, reserved 1075200K
  class space    used 3954K, capacity 4003K, committed 4092K, reserved 1048576K

Card table byte_map: [0x0000000013d80000,0x0000000013f90000] byte_map_base: 0x0000000013780000

Marking Bits: (CMSBitMap*) 0x000000000451c168
 Bits: [0x0000000014530000, 0x0000000014ffd000)

Mod Union Table: (CMSBitMap*) 0x000000000451c228
 Bits: [0x0000000002520000, 0x000000000254b340)

Polling page: 0x00000000001e0000

CodeCache: size=245760Kb used=8131Kb max_used=8131Kb free=237628Kb
 bounds [0x00000000045c0000, 0x0000000004dc0000, 0x00000000135c0000]
 total_blobs=2932 nmethods=2331 adapters=513
 compilation: enabled

Compilation events (10 events):
Event: 3.007 Thread 0x0000000018176000 2335       3       net.minecraft.client.resources.FallbackResourceManager::getResource (132 bytes)
Event: 3.008 Thread 0x0000000018176000 nmethod 2335 0x0000000004da9490 code [0x0000000004da9780, 0x0000000004dab058]
Event: 3.008 Thread 0x0000000018176000 2334       3       net.minecraft.client.resources.SimpleReloadableResourceManager::getResource (41 bytes)
Event: 3.008 Thread 0x0000000018176000 nmethod 2334 0x0000000004db3d50 code [0x0000000004db3f00, 0x0000000004db4518]
Event: 3.008 Thread 0x0000000018176000 2336       3       net.minecraft.client.audio.SoundEventAccessor::<init> (15 bytes)
Event: 3.008 Thread 0x0000000018176000 nmethod 2336 0x0000000004da6b90 code [0x0000000004da6ce0, 0x0000000004da6eb0]
Event: 3.008 Thread 0x0000000018176000 2337       3       net.minecraft.client.audio.SoundEventAccessorComposite::addSoundToEventPool (12 bytes)
Event: 3.008 Thread 0x0000000018176000 nmethod 2337 0x0000000004db4710 code [0x0000000004db4880, 0x0000000004db4aa8]
Event: 3.105 Thread 0x0000000018176000 2338       3       java.lang.Long::longValue (5 bytes)
Event: 3.105 Thread 0x0000000018176000 nmethod 2338 0x0000000004db5690 code [0x0000000004db57e0, 0x0000000004db5930]

GC Heap History (2 events):
Event: 2.135 GC heap before
{Heap before GC invocations=0 (full 0):
 par new generation   total 306688K, used 272640K [0x00000000c0000000, 0x00000000d4cc0000, 0x00000000d4cc0000)
  eden space 272640K, 100% used [0x00000000c0000000, 0x00000000d0a40000, 0x00000000d0a40000)
  from space 34048K,   0% used [0x00000000d0a40000, 0x00000000d0a40000, 0x00000000d2b80000)
  to   space 34048K,   0% used [0x00000000d2b80000, 0x00000000d2b80000, 0x00000000d4cc0000)
 concurrent mark-sweep generation total 707840K, used 0K [0x00000000d4cc0000, 0x0000000100000000, 0x0000000100000000)
 Metaspace       used 25758K, capacity 25976K, committed 26200K, reserved 1071104K
  class space    used 3664K, capacity 3712K, committed 3760K, reserved 1048576K
Event: 2.156 GC heap after
Heap after GC invocations=1 (full 0):
 par new generation   total 306688K, used 31266K [0x00000000c0000000, 0x00000000d4cc0000, 0x00000000d4cc0000)
  eden space 272640K,   0% used [0x00000000c0000000, 0x00000000c0000000, 0x00000000d0a40000)
  from space 34048K,  91% used [0x00000000d2b80000, 0x00000000d4a08958, 0x00000000d4cc0000)
  to   space 34048K,   0% used [0x00000000d0a40000, 0x00000000d0a40000, 0x00000000d2b80000)
 concurrent mark-sweep generation total 707840K, used 0K [0x00000000d4cc0000, 0x0000000100000000, 0x0000000100000000)
 Metaspace       used 25758K, capacity 25976K, committed 26200K, reserved 1071104K
  class space    used 3664K, capacity 3712K, committed 3760K, reserved 1048576K
}

Deoptimization events (10 events):
Event: 2.805 Thread 0x00000000044c3800 Uncommon trap: reason=bimorphic action=maybe_recompile pc=0x0000000004ca7ccc method=java.util.regex.Pattern$Start.match(Ljava/util/regex/Matcher;ILjava/lang/CharSequence;)Z @ 44
Event: 2.833 Thread 0x00000000044c3800 Uncommon trap: reason=unstable_if action=reinterpret pc=0x00000000049b2290 method=com.google.gson.stream.JsonReader.doPeek()I @ 717
Event: 2.833 Thread 0x00000000044c3800 Uncommon trap: reason=class_check action=maybe_recompile pc=0x0000000004a5dfe8 method=com.google.gson.JsonPrimitive.isPrimitiveOrString(Ljava/lang/Object;)Z @ 1
Event: 2.833 Thread 0x00000000044c3800 Uncommon trap: reason=class_check action=maybe_recompile pc=0x0000000004a5dfe8 method=com.google.gson.JsonPrimitive.isPrimitiveOrString(Ljava/lang/Object;)Z @ 1
Event: 2.833 Thread 0x00000000044c3800 Uncommon trap: reason=unstable_if action=reinterpret pc=0x0000000004983a38 method=com.google.gson.stream.JsonReader.nextQuotedValue(C)Ljava/lang/String; @ 81
Event: 2.833 Thread 0x00000000044c3800 Uncommon trap: reason=class_check action=maybe_recompile pc=0x0000000004a5dfe8 method=com.google.gson.JsonPrimitive.isPrimitiveOrString(Ljava/lang/Object;)Z @ 1
Event: 2.833 Thread 0x00000000044c3800 Uncommon trap: reason=class_check action=maybe_recompile pc=0x0000000004a5dfe8 method=com.google.gson.JsonPrimitive.isPrimitiveOrString(Ljava/lang/Object;)Z @ 1
Event: 2.897 Thread 0x00000000044c3800 Uncommon trap: reason=unstable_if action=reinterpret pc=0x0000000004caf12c method=java.util.regex.Pattern$BmpCharProperty.match(Ljava/util/regex/Matcher;ILjava/lang/CharSequence;)Z @ 5
Event: 2.897 Thread 0x00000000044c3800 Uncommon trap: reason=class_check action=maybe_recompile pc=0x0000000004a867b8 method=com.google.gson.internal.$Gson$Types.canonicalize(Ljava/lang/reflect/Type;)Ljava/lang/reflect/Type; @ 1
Event: 2.898 Thread 0x00000000044c3800 Uncommon trap: reason=unstable_if action=reinterpret pc=0x0000000004a37490 method=com.google.gson.internal.LinkedTreeMap.find(Ljava/lang/Object;Z)Lcom/google/gson/internal/LinkedTreeMap$Node; @ 114

Classes redefined (0 events):
No events

Internal exceptions (10 events):
Event: 2.359 Thread 0x00000000044c3800 Implicit null exception at 0x0000000004a47895 to 0x0000000004a47a91
Event: 2.799 Thread 0x00000000044c3800 Implicit null exception at 0x0000000004bb346c to 0x0000000004bb34a2
Event: 2.802 Thread 0x00000000044c3800 Exception <a 'java/lang/UnsatisfiedLinkError': Impossibile trovare la procedura specificata.
> (0x00000000c835a268) thrown at [C:\re\workspace\8-2-build-windows-amd64-cygwin\jdk8u152\9742\hotspot\src\share\vm\prims\jni.cpp, line 735]
Event: 3.101 Thread 0x000000001bc01800 Exception <a 'java/lang/InterruptedException': sleep interrupted> (0x00000000ca1fb598) thrown at [C:\re\workspace\8-2-build-windows-amd64-cygwin\jdk8u152\9742\hotspot\src\share\vm\prims\jvm.cpp, line 3228]
Event: 3.106 Thread 0x000000001bc01800 Exception <a 'java/security/PrivilegedActionException'> (0x00000000ca25b1d0) thrown at [C:\re\workspace\8-2-build-windows-amd64-cygwin\jdk8u152\9742\hotspot\src\share\vm\prims\jvm.cpp, line 1390]
Event: 3.106 Thread 0x000000001bc01800 Exception <a 'java/security/PrivilegedActionException'> (0x00000000ca25cce0) thrown at [C:\re\workspace\8-2-build-windows-amd64-cygwin\jdk8u152\9742\hotspot\src\share\vm\prims\jvm.cpp, line 1390]
Event: 3.106 Thread 0x000000001bc01800 Exception <a 'java/security/PrivilegedActionException'> (0x00000000ca25de00) thrown at [C:\re\workspace\8-2-build-windows-amd64-cygwin\jdk8u152\9742\hotspot\src\share\vm\prims\jvm.cpp, line 1390]
Event: 3.107 Thread 0x000000001bc01800 Exception <a 'java/security/PrivilegedActionException'> (0x00000000ca262f20) thrown at [C:\re\workspace\8-2-build-windows-amd64-cygwin\jdk8u152\9742\hotspot\src\share\vm\prims\jvm.cpp, line 1390]
Event: 3.107 Thread 0x000000001bc01800 Exception <a 'java/security/PrivilegedActionException'> (0x00000000ca263b78) thrown at [C:\re\workspace\8-2-build-windows-amd64-cygwin\jdk8u152\9742\hotspot\src\share\vm\prims\jvm.cpp, line 1390]
Event: 3.107 Thread 0x000000001bc01800 Exception <a 'java/security/PrivilegedActionException'> (0x00000000ca2647a0) thrown at [C:\re\workspace\8-2-build-windows-amd64-cygwin\jdk8u152\9742\hotspot\src\share\vm\prims\jvm.cpp, line 1390]

Events (10 events):
Event: 3.108 loading class org/lwjgl/openal/ALC10
Event: 3.108 loading class org/lwjgl/openal/ALC10 done
Event: 3.112 loading class org/lwjgl/openal/ALCdevice
Event: 3.112 loading class org/lwjgl/openal/ALCdevice done
Event: 3.112 loading class org/lwjgl/openal/ALCcontext
Event: 3.113 loading class org/lwjgl/openal/ALCcontext done
Event: 3.113 loading class org/lwjgl/openal/Util
Event: 3.113 loading class org/lwjgl/openal/Util done
Event: 3.113 loading class org/lwjgl/openal/OpenALException
Event: 3.113 loading class org/lwjgl/openal/OpenALException done


Dynamic libraries:
0x00007ff7e6800000 - 0x00007ff7e6837000 	C:\Program Files\Java\jre1.8.0_152\bin\javaw.exe
0x00007ff9f8d30000 - 0x00007ff9f8f10000 	C:\WINDOWS\SYSTEM32\ntdll.dll
0x00007ff9f69f0000 - 0x00007ff9f6a9e000 	C:\WINDOWS\System32\KERNEL32.DLL
0x00007ff9f5ca0000 - 0x00007ff9f5f06000 	C:\WINDOWS\System32\KERNELBASE.dll
0x00007ff9f8a90000 - 0x00007ff9f8b31000 	C:\WINDOWS\System32\ADVAPI32.dll
0x00007ff9f6c70000 - 0x00007ff9f6d0d000 	C:\WINDOWS\System32\msvcrt.dll
0x00007ff9f6250000 - 0x00007ff9f62ab000 	C:\WINDOWS\System32\sechost.dll
0x00007ff9f6b50000 - 0x00007ff9f6c6f000 	C:\WINDOWS\System32\RPCRT4.dll
0x00007ff9f84d0000 - 0x00007ff9f865f000 	C:\WINDOWS\System32\USER32.dll
0x00007ff9f6010000 - 0x00007ff9f6030000 	C:\WINDOWS\System32\win32u.dll
0x00007ff9f6aa0000 - 0x00007ff9f6ac8000 	C:\WINDOWS\System32\GDI32.dll
0x00007ff9f5a20000 - 0x00007ff9f5bb3000 	C:\WINDOWS\System32\gdi32full.dll
0x00007ff9f5230000 - 0x00007ff9f52cb000 	C:\WINDOWS\System32\msvcp_win.dll
0x00007ff9f5130000 - 0x00007ff9f5226000 	C:\WINDOWS\System32\ucrtbase.dll
0x00007ff9ec580000 - 0x00007ff9ec7e9000 	C:\WINDOWS\WinSxS\amd64_microsoft.windows.common-controls_6595b64144ccf1df_6.0.16299.98_none_cc930a042215c348\COMCTL32.dll
0x00007ff9f6d10000 - 0x00007ff9f7018000 	C:\WINDOWS\System32\combase.dll
0x00007ff9f5bc0000 - 0x00007ff9f5c32000 	C:\WINDOWS\System32\bcryptPrimitives.dll
0x00007ff9f6220000 - 0x00007ff9f624d000 	C:\WINDOWS\System32\IMM32.DLL
0x0000000060510000 - 0x00000000605e2000 	C:\Program Files\Java\jre1.8.0_152\bin\msvcr100.dll
0x00000000607b0000 - 0x0000000061050000 	C:\Program Files\Java\jre1.8.0_152\bin\server\jvm.dll
0x00007ff9f8b40000 - 0x00007ff9f8b48000 	C:\WINDOWS\System32\PSAPI.DLL
0x00007ff9f3450000 - 0x00007ff9f3473000 	C:\WINDOWS\SYSTEM32\WINMM.dll
0x00007ff9e54f0000 - 0x00007ff9e54f9000 	C:\WINDOWS\SYSTEM32\WSOCK32.dll
0x00007ff9f8460000 - 0x00007ff9f84cc000 	C:\WINDOWS\System32\WS2_32.dll
0x00007ff9ef830000 - 0x00007ff9ef83a000 	C:\WINDOWS\SYSTEM32\VERSION.dll
0x00007ff9f33c0000 - 0x00007ff9f33ea000 	C:\WINDOWS\SYSTEM32\WINMMBASE.dll
0x00007ff9f5f10000 - 0x00007ff9f5f5a000 	C:\WINDOWS\System32\cfgmgr32.dll
0x00000000607a0000 - 0x00000000607af000 	C:\Program Files\Java\jre1.8.0_152\bin\verify.dll
0x0000000060770000 - 0x0000000060799000 	C:\Program Files\Java\jre1.8.0_152\bin\java.dll
0x0000000060750000 - 0x0000000060766000 	C:\Program Files\Java\jre1.8.0_152\bin\zip.dll
0x00007ff9f7020000 - 0x00007ff9f8456000 	C:\WINDOWS\System32\SHELL32.dll
0x00007ff9f63c0000 - 0x00007ff9f6466000 	C:\WINDOWS\System32\shcore.dll
0x00007ff9f52d0000 - 0x00007ff9f5a17000 	C:\WINDOWS\System32\windows.storage.dll
0x00007ff9f8990000 - 0x00007ff9f89e1000 	C:\WINDOWS\System32\shlwapi.dll
0x00007ff9f5110000 - 0x00007ff9f5121000 	C:\WINDOWS\System32\kernel.appcore.dll
0x00007ff9f5080000 - 0x00007ff9f50cc000 	C:\WINDOWS\System32\powrprof.dll
0x00007ff9f50f0000 - 0x00007ff9f510b000 	C:\WINDOWS\System32\profapi.dll
0x00000000606d0000 - 0x00000000606dd000 	C:\Program Files\Java\jre1.8.0_152\bin\management.dll
0x0000000060730000 - 0x000000006074a000 	C:\Program Files\Java\jre1.8.0_152\bin\net.dll
0x00007ff9f4910000 - 0x00007ff9f4976000 	C:\WINDOWS\system32\mswsock.dll
0x0000000060710000 - 0x0000000060721000 	C:\Program Files\Java\jre1.8.0_152\bin\nio.dll
0x00007ff9b2a10000 - 0x00007ff9b2a26000 	C:\WINDOWS\system32\napinsp.dll
0x00007ff9d2260000 - 0x00007ff9d227a000 	C:\WINDOWS\system32\pnrpnsp.dll
0x00007ff9f1e10000 - 0x00007ff9f1e28000 	C:\WINDOWS\system32\NLAapi.dll
0x00007ff9f46e0000 - 0x00007ff9f4796000 	C:\WINDOWS\SYSTEM32\DNSAPI.dll
0x00007ff9f8b50000 - 0x00007ff9f8b58000 	C:\WINDOWS\System32\NSI.dll
0x00007ff9f46a0000 - 0x00007ff9f46d9000 	C:\WINDOWS\SYSTEM32\IPHLPAPI.DLL
0x00007ff9b37d0000 - 0x00007ff9b37de000 	C:\WINDOWS\System32\winrnr.dll
0x0000000061460000 - 0x0000000061486000 	C:\Program Files\Bonjour\mdnsNSP.dll
0x00007ff9edd10000 - 0x00007ff9edd80000 	C:\WINDOWS\System32\fwpuclnt.dll
0x00007ff9f4be0000 - 0x00007ff9f4c05000 	C:\WINDOWS\SYSTEM32\bcrypt.dll
0x00007ff9ed690000 - 0x00007ff9ed69a000 	C:\Windows\System32\rasadhlp.dll
0x0000000180000000 - 0x0000000180053000 	C:\Users\vicqu\mcp918\jars\versions\1.8.8\1.8.8-natives\lwjgl64.dll
0x00007ff9dcd10000 - 0x00007ff9dce2e000 	C:\WINDOWS\SYSTEM32\OPENGL32.dll
0x00007ff9eaa70000 - 0x00007ff9eaa9c000 	C:\WINDOWS\SYSTEM32\GLU32.dll
0x00007ff9f4ad0000 - 0x00007ff9f4ae7000 	C:\WINDOWS\SYSTEM32\CRYPTSP.dll
0x00007ff9f4520000 - 0x00007ff9f4553000 	C:\WINDOWS\system32\rsaenh.dll
0x00007ff9f4fb0000 - 0x00007ff9f4fd9000 	C:\WINDOWS\SYSTEM32\USERENV.dll
0x00007ff9f4af0000 - 0x00007ff9f4afb000 	C:\WINDOWS\SYSTEM32\CRYPTBASE.dll
0x00007ff9efab0000 - 0x00007ff9efac6000 	C:\WINDOWS\SYSTEM32\dhcpcsvc6.DLL
0x00007ff9efa90000 - 0x00007ff9efaaa000 	C:\WINDOWS\SYSTEM32\dhcpcsvc.DLL
0x0000000060370000 - 0x0000000060508000 	C:\Program Files\Java\jre1.8.0_152\bin\awt.dll
0x00007ff9f6470000 - 0x00007ff9f6535000 	C:\WINDOWS\System32\OLEAUT32.dll
0x00007ff9f3540000 - 0x00007ff9f35c8000 	C:\WINDOWS\SYSTEM32\apphelp.dll
0x00007ff9f3860000 - 0x00007ff9f38f5000 	C:\WINDOWS\system32\uxtheme.dll
0x00007ff9f87b0000 - 0x00007ff9f8917000 	C:\WINDOWS\System32\MSCTF.dll
0x00007ff9bc0f0000 - 0x00007ff9bc118000 	c:\program files\nvidia corporation\nvstreamsrv\nvinject.dll
0x00007ff9f3930000 - 0x00007ff9f395a000 	C:\WINDOWS\system32\dwmapi.dll
0x00007ff9dff60000 - 0x00007ff9dfff8000 	C:\WINDOWS\System32\TextInputFramework.dll
0x00007ff9efc40000 - 0x00007ff9eff2e000 	C:\WINDOWS\System32\CoreUIComponents.dll
0x00007ff9f2db0000 - 0x00007ff9f2e8d000 	C:\WINDOWS\System32\CoreMessaging.dll
0x00007ff9f41c0000 - 0x00007ff9f41f1000 	C:\WINDOWS\SYSTEM32\ntmarta.dll
0x00007ff9f0470000 - 0x00007ff9f05a6000 	C:\WINDOWS\SYSTEM32\wintypes.dll
0x000000005e080000 - 0x0000000060362000 	C:\WINDOWS\SYSTEM32\nvoglv64.DLL
0x00007ff9f6540000 - 0x00007ff9f698e000 	C:\WINDOWS\System32\SETUPAPI.dll
0x00007ff9f8660000 - 0x00007ff9f87a9000 	C:\WINDOWS\System32\ole32.dll
0x00007ff9f1c00000 - 0x00007ff9f1c13000 	C:\WINDOWS\SYSTEM32\WTSAPI32.dll
0x00007ff9f4e90000 - 0x00007ff9f4eb7000 	C:\WINDOWS\SYSTEM32\DEVOBJ.dll
0x00007ff9f5c40000 - 0x00007ff9f5c98000 	C:\WINDOWS\System32\WINTRUST.dll
0x00007ff9f50d0000 - 0x00007ff9f50e2000 	C:\WINDOWS\System32\MSASN1.dll
0x00007ff9f6030000 - 0x00007ff9f61fe000 	C:\WINDOWS\System32\CRYPT32.dll
0x00007ff9dd0a0000 - 0x00007ff9dd2f4000 	C:\WINDOWS\system32\nvspcap64.dll
0x00007ff9ec7f0000 - 0x00007ff9ec887000 	C:\WINDOWS\SYSTEM32\mscms.dll
0x00007ff9eaa20000 - 0x00007ff9eaa61000 	C:\WINDOWS\SYSTEM32\icm32.dll
0x00007ff9f4230000 - 0x00007ff9f4285000 	C:\WINDOWS\SYSTEM32\WINSTA.dll
0x0000000004440000 - 0x0000000004478000 	C:\Users\vicqu\AppData\Local\Temp\jna\jna8082834355094423917.dll
0x0000000070a40000 - 0x0000000070adc000 	C:\Users\vicqu\mcp918\jars\versions\1.8.8\1.8.8-natives\avutil-ttv-51.dll
0x0000000065980000 - 0x00000000659d6000 	C:\Users\vicqu\mcp918\jars\versions\1.8.8\1.8.8-natives\swresample-ttv-0.dll
0x000000006eb80000 - 0x000000006ec50000 	C:\Users\vicqu\mcp918\jars\versions\1.8.8\1.8.8-natives\libmp3lame-ttv.dll
0x00007ff9b6160000 - 0x00007ff9b7504000 	C:\Users\vicqu\mcp918\jars\versions\1.8.8\1.8.8-natives\libmfxsw64.dll
0x00007ff9d2c90000 - 0x00007ff9d2dfd000 	C:\Users\vicqu\mcp918\jars\versions\1.8.8\1.8.8-natives\twitchsdk.dll
0x00007ff9e5980000 - 0x00007ff9e5cb4000 	C:\WINDOWS\SYSTEM32\WININET.dll
0x000000001dd60000 - 0x000000001ddc4000 	C:\Users\vicqu\mcp918\jars\versions\1.8.8\1.8.8-natives\OpenAL64.dll
0x00007ff9f89f0000 - 0x00007ff9f8a8e000 	C:\WINDOWS\System32\clbcatq.dll
0x00007ff9ef500000 - 0x00007ff9ef56f000 	C:\WINDOWS\System32\MMDevApi.dll
0x00007ff9f1c50000 - 0x00007ff9f1e01000 	C:\WINDOWS\System32\PROPSYS.dll
0x00007ff9cc290000 - 0x00007ff9cc31f000 	C:\WINDOWS\SYSTEM32\dsound.dll
0x00007ff9c7610000 - 0x00007ff9c7732000 	C:\WINDOWS\SYSTEM32\AUDIOSES.DLL
0x00007ff9f0390000 - 0x00007ff9f039a000 	C:\WINDOWS\SYSTEM32\AVRT.dll
0x00007ff9e6630000 - 0x00007ff9e67f8000 	C:\WINDOWS\SYSTEM32\dbghelp.dll

VM Arguments:
jvm_args: -Xincgc -Xmx1024M -Xms1024M -Djava.library.path=C:\Users\vicqu\mcp918\jars\versions\1.8.8\1.8.8-natives -Dfile.encoding=Cp1252 
java_command: Start
java_class_path (initial): C:\Program Files\Java\jre1.8.0_152\lib\resources.jar;C:\Program Files\Java\jre1.8.0_152\lib\rt.jar;C:\Program Files\Java\jre1.8.0_152\lib\jsse.jar;C:\Program Files\Java\jre1.8.0_152\lib\jce.jar;C:\Program Files\Java\jre1.8.0_152\lib\charsets.jar;C:\Program Files\Java\jre1.8.0_152\lib\jfr.jar;C:\Program Files\Java\jre1.8.0_152\lib\ext\access-bridge-64.jar;C:\Program Files\Java\jre1.8.0_152\lib\ext\cldrdata.jar;C:\Program Files\Java\jre1.8.0_152\lib\ext\dnsns.jar;C:\Program Files\Java\jre1.8.0_152\lib\ext\jaccess.jar;C:\Program Files\Java\jre1.8.0_152\lib\ext\jfxrt.jar;C:\Program Files\Java\jre1.8.0_152\lib\ext\localedata.jar;C:\Program Files\Java\jre1.8.0_152\lib\ext\nashorn.jar;C:\Program Files\Java\jre1.8.0_152\lib\ext\sunec.jar;C:\Program Files\Java\jre1.8.0_152\lib\ext\sunjce_provider.jar;C:\Program Files\Java\jre1.8.0_152\lib\ext\sunmscapi.jar;C:\Program Files\Java\jre1.8.0_152\lib\ext\sunpkcs11.jar;C:\Program Files\Java\jre1.8.0_152\lib\ext\zipfs.jar;C:\Users\vicqu\mcp918\eclipse\Client\bin;C:\Users\vicqu\mcp918\jars\versions\1.8.8\1.8.8.jar;C:\Users\vicqu\mcp918\jars\libraries\oshi-project\oshi-core\1.1\oshi-core-1.1.jar;C:\Users\vicqu\mcp918\jars\libraries\net\java\dev\jna\jna\3.4.0\jna-3.4.0.jar;C:\Users\vicqu\mcp918\jars\libraries\net\java\dev\jna\platform\3.4.0\platform-3.4.0.jar;C:\Users\vicqu\mcp918\jars\libraries\com\ibm\icu\icu4j-core-mojang\51.2\icu4j-core-mojang-51.2.jar;C:\Users\vicqu\mcp918\jars\libraries\net\sf\jopt-simple\jopt-simple\4.6\jopt-simple-4.6.jar;C:\Users\vicqu\mcp918\jars\libraries\com\paulscode\codecjorbis\20101023\codecjorbis-20101023.jar;C:\Users\vicqu\mcp918\jars\libraries\com\paulscode\codecwav\20101023\codecwav-20101023.jar;C:\Users\vicqu\mcp918\jars\libraries\com\paulscode\libraryjavasound\20101123\libraryjavasound-20101123.jar;C:\Users\vicqu\mcp918\jars\libraries\com\paulscode\librarylwjglopenal\20100824\librarylwjglopenal-20100824.jar;C:\Users\vicqu\mcp918\jars\libraries\com\paulscode\soundsystem\
Launcher Type: SUN_STANDARD

Environment Variables:
PATH=C:/Program Files/Java/jre1.8.0_152/bin/server;C:/Program Files/Java/jre1.8.0_152/bin;C:/Program Files/Java/jre1.8.0_152/lib/amd64;c:\programdata\oracle\java\javapath;c:\windows\system32;c:\windows;c:\windows\system32\wbem;c:\windows\system32\windowspowershell\v1.0\;c:\android;c:\users\vicqu\appdata\local\microsoft\windowsapps;c:\adb;C:\Program Files (x86)\NVIDIA Corporation\PhysX\Common;C:\Program Files (x86)\Windows Live\Shared;C:\WINDOWS\system32;C:\WINDOWS;C:\WINDOWS\System32\Wbem;C:\WINDOWS\System32\WindowsPowerShell\v1.0\;C:\Program Files\dotnet\;C:\Program Files\Microsoft SQL Server\130\Tools\Binn\;C:\Users\vicqu\AppData\Local\Microsoft\WindowsApps;;C:\Users\vicqu\AppData\Roaming\Dashlane\4.6.6.23032\bin\Firefox_Extension\{442718d9-475e-452a-b3e1-fb1ee16b8e9f}\components;C:\Users\vicqu\eclipse;
USERNAME=vicqu
OS=Windows_NT
PROCESSOR_IDENTIFIER=Intel64 Family 6 Model 158 Stepping 9, GenuineIntel



---------------  S Y S T E M  ---------------

OS: Windows 10.0 , 64 bit Build 16299 (10.0.16299.15)

CPU:total 4 (initial active 4) (4 cores per cpu, 1 threads per core) family 6 model 158 stepping 9, cmov, cx8, fxsr, mmx, sse, sse2, sse3, ssse3, sse4.1, sse4.2, popcnt, avx, avx2, aes, clmul, erms, rtm, 3dnowpref, lzcnt, tsc, tscinvbit, bmi1, bmi2, adx

Memory: 4k page, physical 8352488k(2372128k free), swap 8352488k(1016060k free)

vm_info: Java HotSpot(TM) 64-Bit Server VM (25.152-b16) for windows-amd64 JRE (1.8.0_152-b16), built on Sep 14 2017 02:29:36 by "java_re" with MS VC++ 10.0 (VS2010)

time: Tue Dec 05 18:08:12 2017
elapsed time: 3 seconds (0d 0h 0m 3s)

