#
# There is insufficient memory for the Java Runtime Environment to continue.
# Native memory allocation (malloc) failed to allocate 479776 bytes for Chunk::new
# Possible reasons:
#   The system is out of physical RAM or swap space
#   In 32 bit mode, the process size limit was hit
# Possible solutions:
#   Reduce memory load on the system
#   Increase physical memory or swap space
#   Check if swap backing store is full
#   Use 64 bit Java on a 64 bit OS
#   Decrease Java heap size (-Xmx/-Xms)
#   Decrease number of Java threads
#   Decrease Java thread stack sizes (-Xss)
#   Set larger code cache with -XX:ReservedCodeCacheSize=
# This output file may be truncated or incomplete.
#
#  Out of Memory Error (allocation.cpp:390), pid=8720, tid=0x0000000000002ef4
#
# JRE version: Java(TM) SE Runtime Environment (8.0_171-b11) (build 1.8.0_171-b11)
# Java VM: Java HotSpot(TM) 64-Bit Server VM (25.171-b11 mixed mode windows-amd64 compressed oops)
# Failed to write core dump. Minidumps are not enabled by default on client versions of Windows
#

---------------  T H R E A D  ---------------

Current thread (0x0000000016e86000):  JavaThread "C2 CompilerThread1" daemon [_thread_in_native, id=12020, stack(0x0000000017860000,0x0000000017960000)]

Stack: [0x0000000017860000,0x0000000017960000]
[error occurred during error reporting (printing stack bounds), id 0xc0000005]

Native frames: (J=compiled Java code, j=interpreted, Vv=VM code, C=native code)


Current CompileTask:
C2:  12532 3679       4       net.minecraft.client.gui.GuiMainMenu::drawPanorama (545 bytes)


---------------  P R O C E S S  ---------------

Java Threads: ( => current thread )
  0x0000000019466800 JavaThread "LWJGL Timer" daemon [_thread_blocked, id=14684, stack(0x00000000328c0000,0x00000000329c0000)]
  0x0000000019466000 JavaThread "Chunk Batcher 1" daemon [_thread_blocked, id=11688, stack(0x000000002df50000,0x000000002e050000)]
  0x000000001946b000 JavaThread "Chunk Batcher 0" daemon [_thread_blocked, id=15976, stack(0x000000002cde0000,0x000000002cee0000)]
  0x000000001aded000 JavaThread "Thread-7" [_thread_blocked, id=16292, stack(0x0000000028ba0000,0x0000000028ca0000)]
  0x0000000019f0f800 JavaThread "Thread-6" [_thread_blocked, id=9008, stack(0x0000000028aa0000,0x0000000028ba0000)]
  0x000000001a1fa800 JavaThread "Java2D Disposer" daemon [_thread_blocked, id=13100, stack(0x000000001cda0000,0x000000001cea0000)]
  0x000000001ae02000 JavaThread "Timer hack thread" daemon [_thread_blocked, id=15636, stack(0x000000001cca0000,0x000000001cda0000)]
  0x000000001a7cd000 JavaThread "Snooper Timer" daemon [_thread_blocked, id=12128, stack(0x000000001b870000,0x000000001b970000)]
  0x0000000019caf000 JavaThread "Snooper Timer" daemon [_thread_blocked, id=2484, stack(0x000000001b340000,0x000000001b440000)]
  0x0000000016f13800 JavaThread "Service Thread" daemon [_thread_blocked, id=4636, stack(0x0000000017a60000,0x0000000017b60000)]
  0x0000000016e8b000 JavaThread "C1 CompilerThread2" daemon [_thread_blocked, id=9448, stack(0x0000000017960000,0x0000000017a60000)]
=>0x0000000016e86000 JavaThread "C2 CompilerThread1" daemon [_thread_in_native, id=12020, stack(0x0000000017860000,0x0000000017960000)]
  0x0000000016e83000 JavaThread "C2 CompilerThread0" daemon [_thread_blocked, id=4516, stack(0x0000000017760000,0x0000000017860000)]
  0x0000000016e7c000 JavaThread "Attach Listener" daemon [_thread_blocked, id=12328, stack(0x0000000017660000,0x0000000017760000)]
  0x0000000016e7b000 JavaThread "Signal Dispatcher" daemon [_thread_blocked, id=7172, stack(0x0000000017560000,0x0000000017660000)]
  0x0000000016e7a000 JavaThread "Surrogate Locker Thread (Concurrent GC)" daemon [_thread_blocked, id=14380, stack(0x0000000017460000,0x0000000017560000)]
  0x0000000016e70800 JavaThread "Finalizer" daemon [_thread_blocked, id=604, stack(0x0000000017250000,0x0000000017350000)]
  0x000000001643c800 JavaThread "Reference Handler" daemon [_thread_blocked, id=14652, stack(0x0000000016d50000,0x0000000016e50000)]
  0x00000000031d4000 JavaThread "Client thread" [_thread_blocked, id=14628, stack(0x0000000002fd0000,0x00000000030d0000)]

Other Threads:
  0x0000000016431800 VMThread [stack: 0x0000000016c50000,0x0000000016d50000] [id=13428]
  0x0000000016f32800 WatcherThread [stack: 0x0000000017b60000,0x0000000017c60000] [id=12420]

VM state:not at safepoint (normal execution)

VM Mutex/Monitor currently owned by a thread: None

Heap:
 par new generation   total 306688K, used 199757K [0x00000000c0000000, 0x00000000d4cc0000, 0x00000000d4cc0000)
  eden space 272640K,  62% used [0x00000000c0000000, 0x00000000ca646c00, 0x00000000d0a40000)
  from space 34048K,  86% used [0x00000000d2b80000, 0x00000000d484ca70, 0x00000000d4cc0000)
  to   space 34048K,   0% used [0x00000000d0a40000, 0x00000000d0a40000, 0x00000000d2b80000)
 concurrent mark-sweep generation total 707840K, used 48732K [0x00000000d4cc0000, 0x0000000100000000, 0x0000000100000000)
 Metaspace       used 31269K, capacity 31505K, committed 31844K, reserved 1077248K
  class space    used 4071K, capacity 4135K, committed 4192K, reserved 1048576K

Card table byte_map: [0x0000000012a90000,0x0000000012ca0000] byte_map_base: 0x0000000012490000

Marking Bits: (CMSBitMap*) 0x000000000322de08
 Bits: [0x0000000013240000, 0x0000000013d0d000)

Mod Union Table: (CMSBitMap*) 0x000000000322dec8
 Bits: [0x00000000030d0000, 0x00000000030fb340)

Polling page: 0x00000000016d0000

CodeCache: size=245760Kb used=11494Kb max_used=11888Kb free=234265Kb
 bounds [0x00000000032d0000, 0x0000000003e90000, 0x00000000122d0000]
 total_blobs=3985 nmethods=3312 adapters=585
 compilation: enabled

Compilation events (10 events):
Event: 11.335 Thread 0x0000000016e8b000 nmethod 3674 0x0000000003e79a10 code [0x0000000003e79d40, 0x0000000003e7b758]
Event: 11.369 Thread 0x0000000016e83000 3675       4       net.minecraft.client.gui.FontRenderer::getStringWidth (128 bytes)
Event: 11.372 Thread 0x0000000016e83000 nmethod 3675 0x000000000344bf10 code [0x000000000344c060, 0x000000000344c398]
Event: 11.969 Thread 0x0000000016e86000 3676 %     4       net.minecraft.client.gui.GuiMainMenu::drawPanorama @ 215 (545 bytes)
Event: 12.072 Thread 0x0000000016e86000 nmethod 3676% 0x0000000003e7c950 code [0x0000000003e7d020, 0x0000000003e82540]
Event: 12.336 Thread 0x0000000016e8b000 3677       3       net.minecraft.client.Minecraft::getLimitFramerate (27 bytes)
Event: 12.336 Thread 0x0000000016e8b000 nmethod 3677 0x000000000346ae50 code [0x000000000346afc0, 0x000000000346b1d0]
Event: 12.469 Thread 0x0000000016e83000 3678       4       net.minecraft.client.renderer.GlStateManager::color (80 bytes)
Event: 12.471 Thread 0x0000000016e83000 nmethod 3678 0x00000000034a7e90 code [0x00000000034a7fe0, 0x00000000034a8268]
Event: 12.502 Thread 0x0000000016e86000 3679       4       net.minecraft.client.gui.GuiMainMenu::drawPanorama (545 bytes)

GC Heap History (6 events):
Event: 2.582 GC heap before
{Heap before GC invocations=0 (full 0):
 par new generation   total 306688K, used 272640K [0x00000000c0000000, 0x00000000d4cc0000, 0x00000000d4cc0000)
  eden space 272640K, 100% used [0x00000000c0000000, 0x00000000d0a40000, 0x00000000d0a40000)
  from space 34048K,   0% used [0x00000000d0a40000, 0x00000000d0a40000, 0x00000000d2b80000)
  to   space 34048K,   0% used [0x00000000d2b80000, 0x00000000d2b80000, 0x00000000d4cc0000)
 concurrent mark-sweep generation total 707840K, used 0K [0x00000000d4cc0000, 0x0000000100000000, 0x0000000100000000)
 Metaspace       used 25735K, capacity 25946K, committed 26200K, reserved 1071104K
  class space    used 3676K, capacity 3745K, committed 3760K, reserved 1048576K
Event: 2.604 GC heap after
Heap after GC invocations=1 (full 0):
 par new generation   total 306688K, used 32504K [0x00000000c0000000, 0x00000000d4cc0000, 0x00000000d4cc0000)
  eden space 272640K,   0% used [0x00000000c0000000, 0x00000000c0000000, 0x00000000d0a40000)
  from space 34048K,  95% used [0x00000000d2b80000, 0x00000000d4b3e118, 0x00000000d4cc0000)
  to   space 34048K,   0% used [0x00000000d0a40000, 0x00000000d0a40000, 0x00000000d2b80000)
 concurrent mark-sweep generation total 707840K, used 0K [0x00000000d4cc0000, 0x0000000100000000, 0x0000000100000000)
 Metaspace       used 25735K, capacity 25946K, committed 26200K, reserved 1071104K
  class space    used 3676K, capacity 3745K, committed 3760K, reserved 1048576K
}
Event: 4.390 GC heap before
{Heap before GC invocations=1 (full 0):
 par new generation   total 306688K, used 305144K [0x00000000c0000000, 0x00000000d4cc0000, 0x00000000d4cc0000)
  eden space 272640K, 100% used [0x00000000c0000000, 0x00000000d0a40000, 0x00000000d0a40000)
  from space 34048K,  95% used [0x00000000d2b80000, 0x00000000d4b3e118, 0x00000000d4cc0000)
  to   space 34048K,   0% used [0x00000000d0a40000, 0x00000000d0a40000, 0x00000000d2b80000)
 concurrent mark-sweep generation total 707840K, used 0K [0x00000000d4cc0000, 0x0000000100000000, 0x0000000100000000)
 Metaspace       used 29822K, capacity 30087K, committed 30516K, reserved 1075200K
  class space    used 3978K, capacity 4068K, committed 4116K, reserved 1048576K
Event: 4.481 GC heap after
Heap after GC invocations=2 (full 0):
 par new generation   total 306688K, used 32543K [0x00000000c0000000, 0x00000000d4cc0000, 0x00000000d4cc0000)
  eden space 272640K,   0% used [0x00000000c0000000, 0x00000000c0000000, 0x00000000d0a40000)
  from space 34048K,  95% used [0x00000000d0a40000, 0x00000000d2a07de8, 0x00000000d2b80000)
  to   space 34048K,   0% used [0x00000000d2b80000, 0x00000000d2b80000, 0x00000000d4cc0000)
 concurrent mark-sweep generation total 707840K, used 28755K [0x00000000d4cc0000, 0x0000000100000000, 0x0000000100000000)
 Metaspace       used 29822K, capacity 30087K, committed 30516K, reserved 1075200K
  class space    used 3978K, capacity 4068K, committed 4116K, reserved 1048576K
}
Event: 5.576 GC heap before
{Heap before GC invocations=2 (full 1):
 par new generation   total 306688K, used 305183K [0x00000000c0000000, 0x00000000d4cc0000, 0x00000000d4cc0000)
  eden space 272640K, 100% used [0x00000000c0000000, 0x00000000d0a40000, 0x00000000d0a40000)
  from space 34048K,  95% used [0x00000000d0a40000, 0x00000000d2a07de8, 0x00000000d2b80000)
  to   space 34048K,   0% used [0x00000000d2b80000, 0x00000000d2b80000, 0x00000000d4cc0000)
 concurrent mark-sweep generation total 707840K, used 28755K [0x00000000d4cc0000, 0x0000000100000000, 0x0000000100000000)
 Metaspace       used 30281K, capacity 30535K, committed 30924K, reserved 1077248K
  class space    used 3995K, capacity 4068K, committed 4116K, reserved 1048576K
Event: 5.628 GC heap after
Heap after GC invocations=3 (full 1):
 par new generation   total 306688K, used 29490K [0x00000000c0000000, 0x00000000d4cc0000, 0x00000000d4cc0000)
  eden space 272640K,   0% used [0x00000000c0000000, 0x00000000c0000000, 0x00000000d0a40000)
  from space 34048K,  86% used [0x00000000d2b80000, 0x00000000d484ca70, 0x00000000d4cc0000)
  to   space 34048K,   0% used [0x00000000d0a40000, 0x00000000d0a40000, 0x00000000d2b80000)
 concurrent mark-sweep generation total 707840K, used 48732K [0x00000000d4cc0000, 0x0000000100000000, 0x0000000100000000)
 Metaspace       used 30281K, capacity 30535K, committed 30924K, reserved 1077248K
  class space    used 3995K, capacity 4068K, committed 4116K, reserved 1048576K
}

Deoptimization events (10 events):
Event: 5.874 Thread 0x00000000031d4000 Uncommon trap: reason=unstable_if action=reinterpret pc=0x0000000003d0e9dc method=sun.awt.image.ByteInterleavedRaster.setDataElements(IIIIIILjava/awt/image/Raster;)V @ 54
Event: 5.878 Thread 0x00000000031d4000 Uncommon trap: reason=class_check action=maybe_recompile pc=0x0000000003cf3b3c method=java.awt.image.BufferedImage.getRGB(IIII[III)[I @ 205
Event: 5.967 Thread 0x0000000019caf000 Uncommon trap: reason=class_check action=maybe_recompile pc=0x0000000003d22cb0 method=java.io.BufferedInputStream.read1([BII)I @ 39
Event: 5.968 Thread 0x0000000019caf000 Uncommon trap: reason=class_check action=maybe_recompile pc=0x0000000003d22cb0 method=java.io.BufferedInputStream.read1([BII)I @ 39
Event: 5.970 Thread 0x0000000019caf000 Uncommon trap: reason=unstable_if action=reinterpret pc=0x0000000003bf0670 method=java.lang.AbstractStringBuilder.append(I)Ljava/lang/AbstractStringBuilder; @ 16
Event: 5.970 Thread 0x0000000019caf000 Uncommon trap: reason=unstable_if action=reinterpret pc=0x0000000003ba9b74 method=java.lang.Integer.getChars(II[C)V @ 7
Event: 6.140 Thread 0x0000000019caf000 Uncommon trap: reason=unstable_if action=reinterpret pc=0x0000000003573af0 method=java.lang.String.regionMatches(ZILjava/lang/String;II)Z @ 123
Event: 6.308 Thread 0x0000000019caf000 Uncommon trap: reason=unstable_if action=reinterpret pc=0x000000000357b690 method=java.lang.String.regionMatches(ZILjava/lang/String;II)Z @ 123
Event: 11.309 Thread 0x0000000019469800 Uncommon trap: reason=bimorphic action=maybe_recompile pc=0x0000000003dc0368 method=java.util.HashMap.removeNode(ILjava/lang/Object;Ljava/lang/Object;ZZ)Ljava/util/HashMap$Node; @ 283
Event: 11.368 Thread 0x00000000031d4000 Uncommon trap: reason=unstable_if action=reinterpret pc=0x0000000003e19c14 method=net.minecraft.util.ResourceLocation.equals(Ljava/lang/Object;)Z @ 2

Classes redefined (0 events):
No events

Internal exceptions (10 events):
Event: 3.932 Thread 0x0000000019f0f800 Exception <a 'java/lang/InterruptedException': sleep interrupted> (0x00000000cd1f0ac8) thrown at [C:\re\workspace\8-2-build-windows-amd64-cygwin\jdk8u171\10807\hotspot\src\share\vm\prims\jvm.cpp, line 3273]
Event: 3.943 Thread 0x0000000019f0f800 Exception <a 'java/security/PrivilegedActionException'> (0x00000000cd24e1d8) thrown at [C:\re\workspace\8-2-build-windows-amd64-cygwin\jdk8u171\10807\hotspot\src\share\vm\prims\jvm.cpp, line 1435]
Event: 3.943 Thread 0x0000000019f0f800 Exception <a 'java/security/PrivilegedActionException'> (0x00000000cd24fce8) thrown at [C:\re\workspace\8-2-build-windows-amd64-cygwin\jdk8u171\10807\hotspot\src\share\vm\prims\jvm.cpp, line 1435]
Event: 3.943 Thread 0x0000000019f0f800 Exception <a 'java/security/PrivilegedActionException'> (0x00000000cd250e08) thrown at [C:\re\workspace\8-2-build-windows-amd64-cygwin\jdk8u171\10807\hotspot\src\share\vm\prims\jvm.cpp, line 1435]
Event: 3.944 Thread 0x0000000019f0f800 Exception <a 'java/security/PrivilegedActionException'> (0x00000000cd255f28) thrown at [C:\re\workspace\8-2-build-windows-amd64-cygwin\jdk8u171\10807\hotspot\src\share\vm\prims\jvm.cpp, line 1435]
Event: 3.944 Thread 0x0000000019f0f800 Exception <a 'java/security/PrivilegedActionException'> (0x00000000cd256b80) thrown at [C:\re\workspace\8-2-build-windows-amd64-cygwin\jdk8u171\10807\hotspot\src\share\vm\prims\jvm.cpp, line 1435]
Event: 3.944 Thread 0x0000000019f0f800 Exception <a 'java/security/PrivilegedActionException'> (0x00000000cd2577a8) thrown at [C:\re\workspace\8-2-build-windows-amd64-cygwin\jdk8u171\10807\hotspot\src\share\vm\prims\jvm.cpp, line 1435]
Event: 4.332 Thread 0x0000000019f0f800 Exception <a 'java/lang/InterruptedException': sleep interrupted> (0x00000000cd2adbe8) thrown at [C:\re\workspace\8-2-build-windows-amd64-cygwin\jdk8u171\10807\hotspot\src\share\vm\prims\jvm.cpp, line 3273]
Event: 4.333 Thread 0x0000000019f0f800 Exception <a 'java/lang/InterruptedException': sleep interrupted> (0x00000000cd2ade40) thrown at [C:\re\workspace\8-2-build-windows-amd64-cygwin\jdk8u171\10807\hotspot\src\share\vm\prims\jvm.cpp, line 3273]
Event: 4.971 Thread 0x00000000031d4000 Implicit null exception at 0x0000000003c1a54f to 0x0000000003c21639

Events (10 events):
Event: 12.471 Thread 0x0000000016e83000 flushing nmethod 0x0000000003697fd0
Event: 12.471 Thread 0x0000000016e83000 flushing nmethod 0x0000000003698490
Event: 12.471 Thread 0x0000000016e83000 flushing nmethod 0x000000000369b4d0
Event: 12.471 Thread 0x0000000016e83000 flushing nmethod 0x00000000036a8410
Event: 12.471 Thread 0x0000000016e83000 flushing nmethod 0x00000000036abc50
Event: 12.471 Thread 0x0000000016e83000 flushing nmethod 0x00000000036ad050
Event: 12.471 Thread 0x0000000016e83000 flushing nmethod 0x00000000036ad8d0
Event: 12.471 Thread 0x0000000016e83000 flushing nmethod 0x00000000036af810
Event: 12.502 Thread 0x00000000031d4000 DEOPT PACKING pc=0x0000000003e49f51 sp=0x00000000030cea10
Event: 12.502 Thread 0x00000000031d4000 DEOPT UNPACKING pc=0x0000000003317890 sp=0x00000000030cea60 mode 0


Dynamic libraries:
0x00007ff781f30000 - 0x00007ff781f67000 	C:\Program Files\Java\jre1.8.0_171\bin\javaw.exe
0x00007ffc76970000 - 0x00007ffc76b51000 	C:\WINDOWS\SYSTEM32\ntdll.dll
0x00007ffc74040000 - 0x00007ffc740f2000 	C:\WINDOWS\System32\KERNEL32.DLL
0x00007ffc73690000 - 0x00007ffc73903000 	C:\WINDOWS\System32\KERNELBASE.dll
0x00007ffc76890000 - 0x00007ffc76931000 	C:\WINDOWS\System32\ADVAPI32.dll
0x00007ffc76780000 - 0x00007ffc7681e000 	C:\WINDOWS\System32\msvcrt.dll
0x00007ffc73f60000 - 0x00007ffc73fbb000 	C:\WINDOWS\System32\sechost.dll
0x00007ffc73e30000 - 0x00007ffc73f54000 	C:\WINDOWS\System32\RPCRT4.dll
0x00007ffc75020000 - 0x00007ffc751b0000 	C:\WINDOWS\System32\USER32.dll
0x00007ffc73ce0000 - 0x00007ffc73d00000 	C:\WINDOWS\System32\win32u.dll
0x00007ffc74770000 - 0x00007ffc74798000 	C:\WINDOWS\System32\GDI32.dll
0x00007ffc72d40000 - 0x00007ffc72ed2000 	C:\WINDOWS\System32\gdi32full.dll
0x00007ffc72ee0000 - 0x00007ffc72f7f000 	C:\WINDOWS\System32\msvcp_win.dll
0x00007ffc73b80000 - 0x00007ffc73c7a000 	C:\WINDOWS\System32\ucrtbase.dll
0x00007ffc6a370000 - 0x00007ffc6a5d9000 	C:\WINDOWS\WinSxS\amd64_microsoft.windows.common-controls_6595b64144ccf1df_6.0.17134.5_none_e4da9ac11059cd97\COMCTL32.dll
0x00007ffc74440000 - 0x00007ffc74763000 	C:\WINDOWS\System32\combase.dll
0x00007ffc73910000 - 0x00007ffc7398a000 	C:\WINDOWS\System32\bcryptPrimitives.dll
0x00007ffc73e00000 - 0x00007ffc73e2d000 	C:\WINDOWS\System32\IMM32.DLL
0x00000000624d0000 - 0x00000000625a2000 	C:\Program Files\Java\jre1.8.0_171\bin\msvcr100.dll
0x0000000062910000 - 0x00000000631b0000 	C:\Program Files\Java\jre1.8.0_171\bin\server\jvm.dll
0x00007ffc74ff0000 - 0x00007ffc74ff8000 	C:\WINDOWS\System32\PSAPI.DLL
0x00007ffc56220000 - 0x00007ffc56229000 	C:\WINDOWS\SYSTEM32\WSOCK32.dll
0x00007ffc76820000 - 0x00007ffc7688c000 	C:\WINDOWS\System32\WS2_32.dll
0x00007ffc6ef60000 - 0x00007ffc6ef83000 	C:\WINDOWS\SYSTEM32\WINMM.dll
0x00007ffc6e040000 - 0x00007ffc6e04a000 	C:\WINDOWS\SYSTEM32\VERSION.dll
0x00007ffc6edc0000 - 0x00007ffc6edea000 	C:\WINDOWS\SYSTEM32\WINMMBASE.dll
0x00007ffc73db0000 - 0x00007ffc73df9000 	C:\WINDOWS\System32\cfgmgr32.dll
0x0000000062820000 - 0x000000006282f000 	C:\Program Files\Java\jre1.8.0_171\bin\verify.dll
0x0000000062720000 - 0x0000000062749000 	C:\Program Files\Java\jre1.8.0_171\bin\java.dll
0x0000000062700000 - 0x0000000062716000 	C:\Program Files\Java\jre1.8.0_171\bin\zip.dll
0x00007ffc751b0000 - 0x00007ffc765f0000 	C:\WINDOWS\System32\SHELL32.dll
0x00007ffc766c0000 - 0x00007ffc76769000 	C:\WINDOWS\System32\shcore.dll
0x00007ffc72f80000 - 0x00007ffc7368d000 	C:\WINDOWS\System32\windows.storage.dll
0x00007ffc743e0000 - 0x00007ffc74431000 	C:\WINDOWS\System32\shlwapi.dll
0x00007ffc72d20000 - 0x00007ffc72d31000 	C:\WINDOWS\System32\kernel.appcore.dll
0x00007ffc72cf0000 - 0x00007ffc72d0f000 	C:\WINDOWS\System32\profapi.dll
0x00007ffc72ca0000 - 0x00007ffc72cec000 	C:\WINDOWS\System32\powrprof.dll
0x00007ffc72d10000 - 0x00007ffc72d1a000 	C:\WINDOWS\System32\FLTLIB.DLL
0x0000000062680000 - 0x000000006268d000 	C:\Program Files\Java\jre1.8.0_171\bin\management.dll
0x00000000626e0000 - 0x00000000626fa000 	C:\Program Files\Java\jre1.8.0_171\bin\net.dll
0x00007ffc72500000 - 0x00007ffc72566000 	C:\WINDOWS\system32\mswsock.dll
0x00000000626c0000 - 0x00000000626d1000 	C:\Program Files\Java\jre1.8.0_171\bin\nio.dll
0x00007ffc4e910000 - 0x00007ffc4e926000 	C:\WINDOWS\system32\napinsp.dll
0x00007ffc4e930000 - 0x00007ffc4e94a000 	C:\WINDOWS\system32\pnrpnsp.dll
0x00007ffc6f9a0000 - 0x00007ffc6f9b9000 	C:\WINDOWS\system32\NLAapi.dll
0x00007ffc722d0000 - 0x00007ffc7238e000 	C:\WINDOWS\SYSTEM32\DNSAPI.dll
0x00007ffc76770000 - 0x00007ffc76778000 	C:\WINDOWS\System32\NSI.dll
0x00007ffc72280000 - 0x00007ffc722b8000 	C:\WINDOWS\SYSTEM32\IPHLPAPI.DLL
0x00007ffc6a890000 - 0x00007ffc6a89e000 	C:\WINDOWS\System32\winrnr.dll
0x00007ffc68670000 - 0x00007ffc686e2000 	C:\WINDOWS\System32\fwpuclnt.dll
0x00007ffc727e0000 - 0x00007ffc72805000 	C:\WINDOWS\SYSTEM32\bcrypt.dll
0x00007ffc6bb90000 - 0x00007ffc6bb9a000 	C:\Windows\System32\rasadhlp.dll
0x0000000180000000 - 0x0000000180053000 	C:\Users\vicqu\Desktop\mcp918\jars\versions\1.8.8\1.8.8-natives\lwjgl64.dll
0x00007ffc56b00000 - 0x00007ffc56c20000 	C:\WINDOWS\SYSTEM32\OPENGL32.dll
0x00007ffc6af80000 - 0x00007ffc6afac000 	C:\WINDOWS\SYSTEM32\GLU32.dll
0x00007ffc726b0000 - 0x00007ffc726c7000 	C:\WINDOWS\SYSTEM32\CRYPTSP.dll
0x00007ffc720e0000 - 0x00007ffc72113000 	C:\WINDOWS\system32\rsaenh.dll
0x00007ffc72b80000 - 0x00007ffc72ba8000 	C:\WINDOWS\SYSTEM32\USERENV.dll
0x00007ffc726d0000 - 0x00007ffc726db000 	C:\WINDOWS\SYSTEM32\CRYPTBASE.dll
0x00007ffc6cfa0000 - 0x00007ffc6cfb6000 	C:\WINDOWS\SYSTEM32\dhcpcsvc6.DLL
0x00007ffc6ce40000 - 0x00007ffc6ce5a000 	C:\WINDOWS\SYSTEM32\dhcpcsvc.DLL
0x0000000062330000 - 0x00000000624c8000 	C:\Program Files\Java\jre1.8.0_171\bin\awt.dll
0x00007ffc765f0000 - 0x00007ffc766b2000 	C:\WINDOWS\System32\OLEAUT32.dll
0x00007ffc71000000 - 0x00007ffc7108b000 	C:\WINDOWS\SYSTEM32\apphelp.dll
0x00007ffc71130000 - 0x00007ffc711c8000 	C:\WINDOWS\system32\uxtheme.dll
0x00007ffc74100000 - 0x00007ffc74275000 	C:\WINDOWS\System32\MSCTF.dll
0x00007ffc71410000 - 0x00007ffc71439000 	C:\WINDOWS\system32\dwmapi.dll
0x000000005fe30000 - 0x0000000062328000 	C:\WINDOWS\System32\DriverStore\FileRepository\nv_dispi.inf_amd64_2a800e6ebddb7f48\nvoglv64.dll
0x00007ffc74800000 - 0x00007ffc74c4b000 	C:\WINDOWS\System32\SETUPAPI.dll
0x00007ffc74280000 - 0x00007ffc743d1000 	C:\WINDOWS\System32\ole32.dll
0x00007ffc6e550000 - 0x00007ffc6e563000 	C:\WINDOWS\SYSTEM32\WTSAPI32.dll
0x00007ffc72a90000 - 0x00007ffc72ab7000 	C:\WINDOWS\SYSTEM32\DEVOBJ.dll
0x00007ffc73c80000 - 0x00007ffc73cd7000 	C:\WINDOWS\System32\WINTRUST.dll
0x00007ffc72c80000 - 0x00007ffc72c92000 	C:\WINDOWS\System32\MSASN1.dll
0x00007ffc73990000 - 0x00007ffc73b72000 	C:\WINDOWS\System32\CRYPT32.dll
0x00007ffc71d70000 - 0x00007ffc71da1000 	C:\WINDOWS\SYSTEM32\ntmarta.dll
0x00007ffc392c0000 - 0x00007ffc39526000 	C:\WINDOWS\system32\nvspcap64.dll
0x00007ffc6b060000 - 0x00007ffc6b108000 	C:\WINDOWS\SYSTEM32\mscms.dll
0x00007ffc70320000 - 0x00007ffc70330000 	C:\WINDOWS\SYSTEM32\ColorAdapterClient.dll
0x00007ffc65b10000 - 0x00007ffc65b53000 	C:\WINDOWS\SYSTEM32\icm32.dll
0x00007ffc71e10000 - 0x00007ffc71e66000 	C:\WINDOWS\SYSTEM32\WINSTA.dll
0x000000001b770000 - 0x000000001b7a8000 	C:\Users\vicqu\AppData\Local\Temp\jna\jna3044541883667042985.dll
0x0000000070a40000 - 0x0000000070adc000 	C:\Users\vicqu\Desktop\mcp918\jars\versions\1.8.8\1.8.8-natives\avutil-ttv-51.dll
0x0000000065980000 - 0x00000000659d6000 	C:\Users\vicqu\Desktop\mcp918\jars\versions\1.8.8\1.8.8-natives\swresample-ttv-0.dll
0x000000006eb80000 - 0x000000006ec50000 	C:\Users\vicqu\Desktop\mcp918\jars\versions\1.8.8\1.8.8-natives\libmp3lame-ttv.dll
0x00007ffc366c0000 - 0x00007ffc37a64000 	C:\Users\vicqu\Desktop\mcp918\jars\versions\1.8.8\1.8.8-natives\libmfxsw64.dll
0x00007ffc42160000 - 0x00007ffc422cd000 	C:\Users\vicqu\Desktop\mcp918\jars\versions\1.8.8\1.8.8-natives\twitchsdk.dll
0x00007ffc5ed70000 - 0x00007ffc5f0bf000 	C:\WINDOWS\SYSTEM32\WININET.dll
0x000000001d3a0000 - 0x000000001d404000 	C:\Users\vicqu\Desktop\mcp918\jars\versions\1.8.8\1.8.8-natives\OpenAL64.dll
0x00007ffc74f50000 - 0x00007ffc74ff0000 	C:\WINDOWS\System32\clbcatq.dll
0x00007ffc6be20000 - 0x00007ffc6be96000 	C:\WINDOWS\System32\MMDevApi.dll
0x00007ffc6e9f0000 - 0x00007ffc6eba4000 	C:\WINDOWS\System32\PROPSYS.dll
0x00007ffc3d8f0000 - 0x00007ffc3d97f000 	C:\WINDOWS\SYSTEM32\dsound.dll
0x00007ffc41bd0000 - 0x00007ffc41cfc000 	C:\WINDOWS\SYSTEM32\AUDIOSES.DLL
0x00007ffc6e100000 - 0x00007ffc6e24d000 	C:\WINDOWS\SYSTEM32\wintypes.dll
0x00007ffc6e520000 - 0x00007ffc6e52a000 	C:\WINDOWS\SYSTEM32\AVRT.dll

VM Arguments:
jvm_args: -Xincgc -Xmx1024M -Xms1024M -Djava.library.path=C:\Users\vicqu\Desktop\mcp918\jars\versions\1.8.8\1.8.8-natives -Dfile.encoding=Cp1252 
java_command: Start
java_class_path (initial): C:\Program Files\Java\jre1.8.0_171\lib\resources.jar;C:\Program Files\Java\jre1.8.0_171\lib\rt.jar;C:\Program Files\Java\jre1.8.0_171\lib\jsse.jar;C:\Program Files\Java\jre1.8.0_171\lib\jce.jar;C:\Program Files\Java\jre1.8.0_171\lib\charsets.jar;C:\Program Files\Java\jre1.8.0_171\lib\jfr.jar;C:\Program Files\Java\jre1.8.0_171\lib\ext\access-bridge-64.jar;C:\Program Files\Java\jre1.8.0_171\lib\ext\cldrdata.jar;C:\Program Files\Java\jre1.8.0_171\lib\ext\dnsns.jar;C:\Program Files\Java\jre1.8.0_171\lib\ext\jaccess.jar;C:\Program Files\Java\jre1.8.0_171\lib\ext\jfxrt.jar;C:\Program Files\Java\jre1.8.0_171\lib\ext\localedata.jar;C:\Program Files\Java\jre1.8.0_171\lib\ext\nashorn.jar;C:\Program Files\Java\jre1.8.0_171\lib\ext\sunec.jar;C:\Program Files\Java\jre1.8.0_171\lib\ext\sunjce_provider.jar;C:\Program Files\Java\jre1.8.0_171\lib\ext\sunmscapi.jar;C:\Program Files\Java\jre1.8.0_171\lib\ext\sunpkcs11.jar;C:\Program Files\Java\jre1.8.0_171\lib\ext\zipfs.jar;C:\Users\vicqu\Desktop\mcp918\eclipse\Client\bin;C:\Users\vicqu\Desktop\mcp918\jars\versions\1.8.8\1.8.8.jar;C:\Users\vicqu\Desktop\mcp918\jars\libraries\oshi-project\oshi-core\1.1\oshi-core-1.1.jar;C:\Users\vicqu\Desktop\mcp918\jars\libraries\net\java\dev\jna\jna\3.4.0\jna-3.4.0.jar;C:\Users\vicqu\Desktop\mcp918\jars\libraries\net\java\dev\jna\platform\3.4.0\platform-3.4.0.jar;C:\Users\vicqu\Desktop\mcp918\jars\libraries\com\ibm\icu\icu4j-core-mojang\51.2\icu4j-core-mojang-51.2.jar;C:\Users\vicqu\Desktop\mcp918\jars\libraries\net\sf\jopt-simple\jopt-simple\4.6\jopt-simple-4.6.jar;C:\Users\vicqu\Desktop\mcp918\jars\libraries\com\paulscode\codecjorbis\20101023\codecjorbis-20101023.jar;C:\Users\vicqu\Desktop\mcp918\jars\libraries\com\paulscode\codecwav\20101023\codecwav-20101023.jar;C:\Users\vicqu\Desktop\mcp918\jars\libraries\com\paulscode\libraryjavasound\20101123\libraryjavasound-20101123.jar;C:\Users\vicqu\Desktop\mcp918\jars\libraries\com\paulscode\librarylwjglopenal\20100824\library
Launcher Type: SUN_STANDARD

Environment Variables:
PATH=C:/Program Files/Java/jre1.8.0_171/bin/server;C:/Program Files/Java/jre1.8.0_171/bin;C:/Program Files/Java/jre1.8.0_171/lib/amd64;C:\Program Files (x86)\Common Files\Oracle\Java\javapath;c:\programdata\oracle\java\javapath;c:\windows\system32;c:\windows;c:\windows\system32\wbem;c:\windows\system32\windowspowershell\v1.0\;c:\android;c:\users\vicqu\appdata\local\microsoft\windowsapps;c:\adb;C:\Program Files (x86)\NVIDIA Corporation\PhysX\Common;C:\Program Files (x86)\Windows Live\Shared;C:\WINDOWS\system32;C:\WINDOWS;C:\WINDOWS\System32\Wbem;C:\WINDOWS\System32\WindowsPowerShell\v1.0\;C:\Program Files\dotnet\;C:\Program Files\Microsoft SQL Server\130\Tools\Binn\;C:\Program Files (x86)\Schneider Electric\Vijeo-WebGate Control;C:\WINDOWS\System32\OpenSSH\;C:\Program Files (x86)\Windows Kits\10\Microsoft Application Virtualization\Sequencer\;C:\Program Files (x86)\Windows Kits\10\Windows Performance Toolkit\;C:\Users\vicqu\AppData\Local\Microsoft\WindowsApps;C:\Users\vicqu\AppData\Roaming\Dashlane\4.6.6.23032\bin\Firefox_Extension\{442718d9-475e-452a-b3e1-fb1ee16b8e9f}\components;C:\Users\vicqu\AppData\Local\GitHubDesktop\bin;C:\Users\vicqu\AppData\Local\Microsoft\WindowsApps;;C:\Users\vicqu\eclipse;
USERNAME=vicqu
OS=Windows_NT
PROCESSOR_IDENTIFIER=Intel64 Family 6 Model 158 Stepping 9, GenuineIntel



---------------  S Y S T E M  ---------------

OS: Windows 10.0 , 64 bit Build 17134 (10.0.17134.1)

CPU:total 4 (initial active 4) (4 cores per cpu, 1 threads per core) family 6 model 158 stepping 9, cmov, cx8, fxsr, mmx, sse, sse2, sse3, ssse3, sse4.1, sse4.2, popcnt, avx, avx2, aes, clmul, erms, rtm, 3dnowpref, lzcnt, tsc, tscinvbit, bmi1, bmi2, adx

Memory: 4k page, physical 8355548k(2437140k free), swap 8355548k(5480k free)

vm_info: Java HotSpot(TM) 64-Bit Server VM (25.171-b11) for windows-amd64 JRE (1.8.0_171-b11), built on Mar 28 2018 16:06:12 by "java_re" with MS VC++ 10.0 (VS2010)

time: Fri May 04 19:05:45 2018
elapsed time: 12 seconds (0d 0h 0m 12s)

