JvmtiExport can_access_local_variables 0
JvmtiExport can_hotswap_or_post_breakpoint 0
JvmtiExport can_post_on_exceptions 0
# 180 ciObject found
ciMethod java/lang/Object <init> ()V 4097 1 82499 0 0
ciMethod java/lang/Object hashCode ()I 2049 1 256 0 -1
ciMethod java/lang/Object equals (Ljava/lang/Object;)Z 137 1 131 0 -1
ciMethod java/lang/String length ()I 4097 1 64875 0 0
ciMethod java/lang/String charAt (I)C 4097 1 177315 0 128
ciMethod java/lang/String indexOf (I)I 3105 1 16584 0 0
ciMethod java/lang/String indexOf (II)I 1641 57345 1072 0 384
ciMethod java/lang/String indexOfSupplementary (II)I 0 0 1 0 -1
ciMethod java/lang/ClassLoader loadClass (Ljava/lang/String;Z)Ljava/lang/Class; 2049 1 5376 75 0
ciMethod java/lang/ClassLoader getClassLoadingLock (Ljava/lang/String;)Ljava/lang/Object; 2049 1 5376 0 0
ciMethod java/lang/ClassLoader findClass (Ljava/lang/String;)Ljava/lang/Class; 0 0 1 0 -1
ciMethod java/lang/ClassLoader checkName (Ljava/lang/String;)Z 2137 1 5388 0 480
ciMethod java/lang/ClassLoader resolveClass (Ljava/lang/Class;)V 0 0 1 0 -1
ciMethod java/lang/ClassLoader findBootstrapClassOrNull (Ljava/lang/String;)Ljava/lang/Class; 1017 1 2598 0 0
ciMethod java/lang/ClassLoader findBootstrapClass (Ljava/lang/String;)Ljava/lang/Class; 2057 1 257 0 -1
ciMethod java/lang/ClassLoader findLoadedClass (Ljava/lang/String;)Ljava/lang/Class; 2049 1 5376 0 0
ciMethod java/lang/ClassLoader findLoadedClass0 (Ljava/lang/String;)Ljava/lang/Class; 3081 1 385 0 -1
ciMethod java/lang/System nanoTime ()J 2049 1 256 0 -1
ciMethod java/lang/ClassNotFoundException <init> (Ljava/lang/String;)V 1025 1 2418 0 0
ciMethod java/lang/ReflectiveOperationException <init> (Ljava/lang/String;Ljava/lang/Throwable;)V 2049 1 2418 0 -1
ciMethod sun/misc/Unsafe getLong (J)J 3073 1 384 0 -1
ciMethod java/net/URLClassLoader findClass (Ljava/lang/String;)Ljava/lang/Class; 2049 1 4825 128 0
ciMethod java/nio/Buffer checkIndex (I)I 2049 1 768 0 -1
ciMethod java/security/AccessController doPrivileged (Ljava/security/PrivilegedExceptionAction;Ljava/security/AccessControlContext;)Ljava/lang/Object; 2065 1 258 1 -1
ciMethod sun/misc/VM allowArraySyntax ()Z 2137 1 5388 0 0
ciMethodData java/lang/Object <init> ()V 2 82499 orig 264 152 98 105 119 0 0 0 0 104 4 30 22 0 0 0 0 32 1 0 0 0 0 0 0 0 0 0 0 0 0 0 0 0 0 0 0 0 0 0 0 0 0 0 0 0 0 0 0 0 0 0 0 0 0 0 0 0 0 0 0 0 0 0 0 0 0 0 0 0 0 0 0 0 0 0 0 0 0 0 0 77 68 79 32 101 120 116 114 97 32 100 97 116 97 32 108 111 99 107 0 0 0 0 0 0 0 0 0 0 0 0 0 0 0 0 0 0 0 0 0 0 0 0 0 0 0 0 0 0 0 0 0 0 0 0 0 0 0 0 0 0 0 0 0 0 0 0 0 0 0 0 0 0 0 0 0 0 0 0 0 0 0 0 0 0 0 0 0 0 0 0 0 0 0 0 0 0 0 0 0 0 0 0 0 1 0 0 0 0 0 0 0 1 0 0 0 0 0 0 0 1 0 0 0 0 0 0 0 0 0 0 0 0 0 0 0 0 2 0 0 25 2 10 0 1 0 0 0 0 0 0 0 0 0 0 0 2 0 0 0 0 0 3 0 1 0 0 0 0 0 0 0 255 255 255 255 0 0 0 0 0 0 0 0 data 0 oops 0
ciMethod java/util/concurrent/ConcurrentHashMap spread (I)I 2049 1 5744 0 -1
ciMethod java/util/concurrent/ConcurrentHashMap tabAt ([Ljava/util/concurrent/ConcurrentHashMap$Node;I)Ljava/util/concurrent/ConcurrentHashMap$Node; 2129 1 13240 0 -1
ciMethod java/util/concurrent/ConcurrentHashMap casTabAt ([Ljava/util/concurrent/ConcurrentHashMap$Node;ILjava/util/concurrent/ConcurrentHashMap$Node;Ljava/util/concurrent/ConcurrentHashMap$Node;)Z 1945 1 3118 0 -1
ciMethod java/util/concurrent/ConcurrentHashMap putVal (Ljava/lang/Object;Ljava/lang/Object;Z)Ljava/lang/Object; 2049 145 5376 0 -1
ciMethod java/util/concurrent/ConcurrentHashMap putIfAbsent (Ljava/lang/Object;Ljava/lang/Object;)Ljava/lang/Object; 2049 1 7860 0 0
ciMethod java/util/concurrent/ConcurrentHashMap initTable ()[Ljava/util/concurrent/ConcurrentHashMap$Node; 41 1 49 0 -1
ciMethod java/util/concurrent/ConcurrentHashMap addCount (JI)V 1777 49 3874 0 -1
ciMethod java/util/concurrent/ConcurrentHashMap helpTransfer ([Ljava/util/concurrent/ConcurrentHashMap$Node;Ljava/util/concurrent/ConcurrentHashMap$Node;)[Ljava/util/concurrent/ConcurrentHashMap$Node; 0 0 1 0 -1
ciMethod java/util/concurrent/ConcurrentHashMap treeifyBin ([Ljava/util/concurrent/ConcurrentHashMap$Node;I)V 0 0 1 0 -1
ciMethod java/util/concurrent/ConcurrentHashMap$Node <init> (ILjava/lang/Object;Ljava/lang/Object;Ljava/util/concurrent/ConcurrentHashMap$Node;)V 2049 1 5005 0 -1
ciMethodData java/lang/String charAt (I)C 2 177315 orig 264 152 98 105 119 0 0 0 0 240 59 30 22 0 0 0 0 120 1 0 0 32 0 0 0 0 0 0 0 0 0 0 0 0 0 0 0 0 0 0 0 0 0 0 0 0 0 0 0 0 0 0 0 0 0 0 0 0 0 0 0 0 0 0 0 0 0 0 0 0 0 0 0 0 0 0 0 0 0 0 0 77 68 79 32 101 120 116 114 97 32 100 97 116 97 32 108 111 99 107 0 0 0 0 0 0 0 0 0 0 0 0 0 0 0 0 0 0 0 0 0 0 0 0 0 0 0 0 0 0 0 0 0 0 0 0 0 0 0 0 0 0 0 0 0 0 0 0 0 0 0 0 0 0 0 0 0 0 0 0 0 0 0 0 0 0 0 0 0 0 0 0 0 0 0 0 0 0 0 0 0 0 0 0 0 25 0 0 0 0 0 0 0 0 0 0 0 0 0 0 0 1 0 0 0 0 0 0 0 0 0 0 0 0 0 0 0 0 2 0 0 25 149 21 0 1 0 0 0 0 0 0 0 0 0 0 0 2 0 0 0 0 0 0 0 0 0 0 0 80 0 0 0 255 255 255 255 7 0 1 0 0 0 0 0 data 10 0x10007 0x0 0x40 0x2b2a3 0xa0007 0x2b2a3 0x30 0x0 0x120002 0x0 oops 0
ciMethodData java/lang/String length ()I 2 64875 orig 264 152 98 105 119 0 0 0 0 176 58 30 22 0 0 0 0 32 1 0 0 0 0 0 0 0 0 0 0 0 0 0 0 0 0 0 0 0 0 0 0 0 0 0 0 0 0 0 0 0 0 0 0 0 0 0 0 0 0 0 0 0 0 0 0 0 0 0 0 0 0 0 0 0 0 0 0 0 0 0 0 77 68 79 32 101 120 116 114 97 32 100 97 116 97 32 108 111 99 107 0 0 0 0 0 0 0 0 0 0 0 0 0 0 0 0 0 0 0 0 0 0 0 0 0 0 0 0 0 0 0 0 0 0 0 0 0 0 0 0 0 0 0 0 0 0 0 0 0 0 0 0 0 0 0 0 0 0 0 0 0 0 0 0 0 0 0 0 0 0 0 0 0 0 0 0 0 0 0 0 0 0 0 0 0 1 0 0 0 0 0 0 0 0 0 0 0 0 0 0 0 1 0 0 0 0 0 0 0 0 0 0 0 0 0 0 0 0 2 0 0 89 219 7 0 1 0 0 0 0 0 0 0 0 0 0 0 2 0 0 0 0 0 3 0 1 0 0 0 0 0 0 0 255 255 255 255 0 0 0 0 0 0 0 0 data 0 oops 0
ciMethodData java/lang/String indexOf (II)I 2 40184 orig 264 152 98 105 119 0 0 0 0 136 78 30 22 0 0 0 0 16 2 0 0 88 0 0 0 0 0 0 0 0 0 0 0 0 0 0 0 0 0 0 0 0 0 0 0 0 0 0 0 0 0 0 0 0 0 0 0 0 0 0 0 0 0 0 0 0 0 0 0 0 0 0 0 0 0 0 0 0 0 0 0 77 68 79 32 101 120 116 114 97 32 100 97 116 97 32 108 111 99 107 0 0 0 0 0 0 0 0 0 0 0 0 0 0 0 0 0 0 0 0 0 0 0 0 0 0 0 0 0 0 0 0 0 0 0 0 0 0 0 0 0 0 0 0 0 0 0 0 0 0 0 0 0 0 0 0 0 0 0 0 0 0 0 0 0 0 0 0 0 0 0 0 0 0 0 0 0 0 0 0 0 0 0 0 0 0 0 0 0 0 0 0 0 0 0 0 0 0 0 0 0 0 0 0 0 0 0 0 0 0 0 0 0 0 0 0 0 0 28 0 0 25 27 0 0 193 7 4 0 0 0 0 0 0 0 0 0 2 0 0 0 1 0 15 0 2 0 0 0 224 0 0 0 255 255 255 255 7 0 7 0 0 0 0 0 data 28 0x70007 0x363 0x38 0x0 0xc0003 0x0 0x38 0x110007 0x2fc 0x20 0x67 0x190007 0x0 0x78 0x2fc 0x280007 0x2cb 0x58 0x80f1 0x310007 0x80c0 0x20 0x31 0x3a0003 0x80c0 0xffffffffffffffc0 0x420002 0x0 oops 0
ciMethod java/net/URLClassLoader$1 <init> (Ljava/net/URLClassLoader;Ljava/lang/String;)V 2049 1 4825 0 0
ciMethodData java/lang/String indexOf (I)I 2 16584 orig 264 152 98 105 119 0 0 0 0 184 77 30 22 0 0 0 0 128 1 0 0 0 0 0 0 0 0 0 0 0 0 0 0 0 0 0 0 0 0 0 0 0 0 0 0 0 0 0 0 0 0 0 0 0 0 0 0 0 0 0 0 0 0 0 0 0 0 0 0 0 0 0 0 0 0 0 0 0 0 0 0 77 68 79 32 101 120 116 114 97 32 100 97 116 97 32 108 111 99 107 0 0 0 0 0 0 0 0 0 0 0 0 0 0 0 0 0 0 0 0 0 0 0 0 0 0 0 0 0 0 0 0 0 0 0 0 0 0 0 0 0 0 0 0 0 0 0 0 0 0 0 0 0 0 0 0 0 0 0 0 0 0 0 0 0 0 0 0 0 0 0 0 0 0 0 0 0 0 0 0 0 0 0 0 0 0 0 0 0 0 0 0 0 0 0 0 0 0 0 0 0 0 0 0 0 0 0 0 0 0 0 0 0 0 0 0 0 132 1 0 0 33 250 1 0 1 0 0 0 0 0 0 0 0 0 0 0 2 0 0 0 0 0 3 0 2 0 0 0 48 0 0 0 255 255 255 255 5 0 3 0 0 0 0 0 data 6 0x30005 0x3 0x2f5d050 0x3f41 0x0 0x0 oops 1 2 java/lang/String
ciMethod sun/misc/PerfCounter get ()J 2049 1 9708 0 0
ciMethod sun/misc/PerfCounter add (J)V 2049 1 9708 0 0
ciMethod sun/misc/PerfCounter increment ()V 873 1 2447 0 -1
ciMethod sun/misc/PerfCounter addTime (J)V 601 1 2407 0 0
ciMethod sun/misc/PerfCounter addElapsedTimeFrom (J)V 1473 1 4854 0 -1
ciMethod sun/misc/PerfCounter getFindClasses ()Lsun/misc/PerfCounter; 601 1 2407 0 -1
ciMethod sun/misc/PerfCounter getFindClassTime ()Lsun/misc/PerfCounter; 601 1 2407 0 -1
ciMethod sun/misc/PerfCounter getParentDelegationTime ()Lsun/misc/PerfCounter; 601 1 2407 0 0
ciMethod java/nio/DirectLongBufferU ix (I)J 2049 1 11008 0 -1
ciMethod java/nio/DirectLongBufferU get (I)J 3073 1 5504 0 96
ciMethod java/nio/LongBuffer get (I)J 0 0 1 0 -1
ciMethod java/nio/LongBuffer put (IJ)Ljava/nio/LongBuffer; 0 0 1 0 -1
ciMethodData java/lang/ClassLoader checkName (Ljava/lang/String;)Z 2 5388 orig 264 152 98 105 119 0 0 0 0 80 72 31 22 0 0 0 0 144 2 0 0 80 0 0 0 0 0 0 0 0 0 0 0 0 0 0 0 0 0 0 0 0 0 0 0 0 0 0 0 0 0 0 0 0 0 0 0 0 0 0 0 0 0 0 0 0 0 0 0 0 0 0 0 0 0 0 0 0 0 0 0 77 68 79 32 101 120 116 114 97 32 100 97 116 97 32 108 111 99 107 0 0 0 0 0 0 0 0 0 0 0 0 0 0 0 0 0 0 0 0 0 0 0 0 0 0 0 0 0 0 0 0 0 0 0 0 0 0 0 0 0 0 0 0 0 0 0 0 0 0 0 0 0 0 0 0 0 0 0 0 0 0 0 0 0 0 0 0 0 0 0 0 0 0 0 0 0 0 0 0 0 0 0 0 0 0 0 0 0 0 0 0 0 0 0 0 0 0 0 0 0 0 0 0 0 0 0 0 0 0 0 0 0 0 0 0 0 11 1 0 0 9 160 0 0 1 0 0 0 0 0 0 0 0 0 0 0 2 0 0 0 0 0 20 0 2 0 0 0 64 1 0 0 255 255 255 255 7 0 1 0 0 0 0 0 data 40 0x10007 0x0 0x70 0x1401 0x50005 0x9 0x2f5d050 0x13f8 0x0 0x0 0x80007 0x1401 0x20 0x0 0x100005 0x9 0x2f5d050 0x13f8 0x0 0x0 0x140007 0x0 0xa0 0x1401 0x170002 0x1401 0x1a0007 0x0 0x70 0x1401 0x1f0005 0x9 0x2f5d050 0x13f8 0x0 0x0 0x240007 0x1401 0x20 0x0 oops 3 6 java/lang/String 16 java/lang/String 32 java/lang/String
ciMethodData sun/misc/VM allowArraySyntax ()Z 2 5388 orig 264 152 98 105 119 0 0 0 0 64 123 44 22 0 0 0 0 24 1 0 0 0 0 0 0 0 0 0 0 0 0 0 0 0 0 0 0 0 0 0 0 0 0 0 0 0 0 0 0 0 0 0 0 0 0 0 0 0 0 0 0 0 0 0 0 0 0 0 0 0 0 0 0 0 0 0 0 0 0 0 0 77 68 79 32 101 120 116 114 97 32 100 97 116 97 32 108 111 99 107 0 0 0 0 0 0 0 0 0 0 0 0 0 0 0 0 0 0 0 0 0 0 0 0 0 0 0 0 0 0 0 0 0 0 0 0 0 0 0 0 0 0 0 0 0 0 0 0 0 0 0 0 0 0 0 0 0 0 0 0 0 0 0 0 0 0 0 0 0 0 0 0 0 0 0 0 0 0 0 0 0 0 0 0 0 0 0 0 0 0 0 0 0 0 0 0 0 0 0 0 0 0 0 0 0 0 0 0 0 0 0 0 0 0 0 0 0 11 1 0 0 9 160 0 0 1 0 0 0 0 0 0 0 0 0 0 0 2 0 0 0 0 0 3 0 1 0 0 0 0 0 0 0 255 255 255 255 0 0 0 0 0 0 0 0 data 0 oops 0
ciMethodData java/util/concurrent/ConcurrentHashMap putIfAbsent (Ljava/lang/Object;Ljava/lang/Object;)Ljava/lang/Object; 2 7860 orig 264 152 98 105 119 0 0 0 0 216 255 54 22 0 0 0 0 136 1 0 0 0 0 0 0 0 0 0 0 0 0 0 0 0 0 0 0 0 0 0 0 0 0 0 0 0 0 0 0 0 0 0 0 0 0 0 0 0 0 0 0 0 0 0 0 0 0 0 0 0 0 0 0 0 0 0 0 0 0 0 0 77 68 79 32 101 120 116 114 97 32 100 97 116 97 32 108 111 99 107 0 0 0 0 0 0 0 0 0 0 0 0 0 0 0 0 0 0 0 0 0 0 0 0 0 0 0 0 0 0 0 0 0 0 0 0 0 0 0 0 0 0 0 0 0 0 0 0 0 0 0 0 0 0 0 0 0 0 0 0 0 0 0 0 0 0 0 0 0 0 0 0 0 0 0 0 0 0 0 0 0 0 0 0 0 0 0 0 0 0 0 0 0 0 0 0 0 0 0 0 0 0 0 0 0 0 0 0 0 0 0 0 0 0 0 0 0 0 1 0 0 161 237 0 0 1 0 0 0 0 0 0 0 0 0 0 0 2 0 0 0 0 0 3 0 2 0 0 0 48 0 0 0 255 255 255 255 5 0 4 0 0 0 0 0 data 6 0x40005 0x0 0x17c41180 0x1db4 0x0 0x0 oops 1 2 java/util/concurrent/ConcurrentHashMap
ciMethodData sun/misc/PerfCounter add (J)V 2 9708 orig 264 152 98 105 119 0 0 0 0 24 137 62 22 0 0 0 0 184 1 0 0 0 0 0 0 0 0 0 0 0 0 0 0 0 0 0 0 0 0 0 0 0 0 0 0 0 0 0 0 0 0 0 0 0 0 0 0 0 0 0 0 0 0 0 0 0 0 0 0 0 0 0 0 0 0 0 0 0 0 0 0 77 68 79 32 101 120 116 114 97 32 100 97 116 97 32 108 111 99 107 0 0 0 0 0 0 0 0 0 0 0 0 0 0 0 0 0 0 0 0 0 0 0 0 0 0 0 0 0 0 0 0 0 0 0 0 0 0 0 0 0 0 0 0 0 0 0 0 0 0 0 0 0 0 0 0 0 0 0 0 0 0 0 0 0 0 0 0 0 0 0 0 0 0 0 0 0 0 0 0 0 0 0 0 0 0 0 0 0 0 0 0 0 0 0 0 0 0 0 0 0 0 0 0 0 0 0 0 0 0 0 0 0 0 0 0 0 0 1 0 0 97 39 1 0 1 0 0 0 0 0 0 0 0 0 0 0 2 0 0 0 0 0 4 0 2 0 0 0 96 0 0 0 255 255 255 255 5 0 1 0 0 0 0 0 data 12 0x10005 0x0 0x17a98ee0 0x24ec 0x0 0x0 0xd0005 0x0 0x16eaffd0 0x24ec 0x0 0x0 oops 2 2 sun/misc/PerfCounter 8 java/nio/DirectLongBufferU
ciMethodData sun/misc/PerfCounter get ()J 2 9708 orig 264 152 98 105 119 0 0 0 0 224 135 62 22 0 0 0 0 120 1 0 0 0 0 0 0 0 0 0 0 0 0 0 0 0 0 0 0 0 0 0 0 0 0 0 0 0 0 0 0 0 0 0 0 0 0 0 0 0 0 0 0 0 0 0 0 0 0 0 0 0 0 0 0 0 0 0 0 0 0 0 0 77 68 79 32 101 120 116 114 97 32 100 97 116 97 32 108 111 99 107 0 0 0 0 0 0 0 0 0 0 0 0 0 0 0 0 0 0 0 0 0 0 0 0 0 0 0 0 0 0 0 0 0 0 0 0 0 0 0 0 0 0 0 0 0 0 0 0 0 0 0 0 0 0 0 0 0 0 0 0 0 0 0 0 0 0 0 0 0 0 0 0 0 0 0 0 0 0 0 0 0 0 0 0 0 0 0 0 0 0 0 0 0 0 0 0 0 0 0 0 0 0 0 0 0 0 0 0 0 0 0 0 0 0 0 0 0 0 1 0 0 97 39 1 0 1 0 0 0 0 0 0 0 0 0 0 0 2 0 0 0 0 0 3 0 2 0 0 0 48 0 0 0 255 255 255 255 5 0 5 0 0 0 0 0 data 6 0x50005 0x0 0x16eaffd0 0x24ec 0x0 0x0 oops 1 2 java/nio/DirectLongBufferU
ciMethodData java/lang/ClassLoader loadClass (Ljava/lang/String;Z)Ljava/lang/Class; 2 5376 orig 264 152 98 105 119 0 0 0 0 72 61 31 22 0 0 0 0 232 3 0 0 16 2 0 0 0 0 0 0 0 0 0 0 0 0 0 0 0 0 0 0 0 0 0 0 0 0 0 0 0 0 0 0 0 0 0 0 0 0 0 0 0 0 0 0 0 0 0 0 0 0 0 0 0 0 0 0 0 0 0 0 77 68 79 32 101 120 116 114 97 32 100 97 116 97 32 108 111 99 107 0 0 0 0 0 0 0 0 0 0 0 0 0 0 0 0 0 0 0 0 0 0 0 0 0 0 0 0 0 0 0 0 0 0 0 0 0 0 0 0 0 0 0 0 0 0 0 0 0 0 0 0 0 0 0 0 0 0 0 0 0 0 0 0 0 0 0 0 0 0 0 0 0 0 0 0 0 0 0 0 0 0 0 0 0 0 0 0 0 0 0 0 0 0 0 0 0 0 0 0 0 0 0 0 0 0 0 0 0 0 0 0 0 0 0 0 0 0 1 0 0 1 160 0 0 1 0 0 0 0 0 0 0 0 0 0 0 2 0 0 0 0 0 39 0 2 0 0 0 144 2 0 0 255 255 255 255 5 0 2 0 0 0 0 0 data 82 0x20005 0x0 0x16c035d0 0xa5a 0x16c03660 0x9a6 0xa0005 0x0 0x16c035d0 0xa5a 0x16c03660 0x9a6 0x110007 0xbf 0x1e0 0x1340 0x140002 0x1340 0x1d0007 0x9a6 0x68 0x99a 0x260005 0x0 0x16c03660 0x99a 0x0 0x0 0x2b0003 0x7b 0x28 0x300002 0x9a6 0x350003 0xa21 0x18 0x3c0007 0xfd 0x120 0x1243 0x3f0002 0x1243 0x460005 0x0 0x16c03660 0x924 0x16c035d0 0x91f 0x4b0002 0x91c 0x530005 0x0 0x17a98ee0 0x91c 0x0 0x0 0x560002 0x91c 0x5b0005 0x0 0x17a98ee0 0x91c 0x0 0x0 0x5e0002 0x91c 0x610005 0x0 0x17a98ee0 0x91c 0x0 0x0 0x650007 0xad8 0x50 0x0 0x6b0005 0x0 0x0 0x0 0x0 0x0 oops 10 2 sun/misc/Launcher$AppClassLoader 4 sun/misc/Launcher$ExtClassLoader 8 sun/misc/Launcher$AppClassLoader 10 sun/misc/Launcher$ExtClassLoader 24 sun/misc/Launcher$ExtClassLoader 44 sun/misc/Launcher$ExtClassLoader 46 sun/misc/Launcher$AppClassLoader 52 sun/misc/PerfCounter 60 sun/misc/PerfCounter 68 sun/misc/PerfCounter
ciMethodData java/lang/ClassLoader getClassLoadingLock (Ljava/lang/String;)Ljava/lang/Object; 2 5376 orig 264 152 98 105 119 0 0 0 0 248 61 31 22 0 0 0 0 208 1 0 0 0 0 0 0 0 0 0 0 0 0 0 0 0 0 0 0 0 0 0 0 0 0 0 0 0 0 0 0 0 0 0 0 0 0 0 0 0 0 0 0 0 0 0 0 0 0 0 0 0 0 0 0 0 0 0 0 0 0 0 0 77 68 79 32 101 120 116 114 97 32 100 97 116 97 32 108 111 99 107 0 0 0 0 0 0 0 0 0 0 0 0 0 0 0 0 0 0 0 0 0 0 0 0 0 0 0 0 0 0 0 0 0 0 0 0 0 0 0 0 0 0 0 0 0 0 0 0 0 0 0 0 0 0 0 0 0 0 0 0 0 0 0 0 0 0 0 0 0 0 0 0 0 0 0 0 0 0 0 0 0 0 0 0 0 0 0 0 0 0 0 0 0 0 0 0 0 0 0 0 0 0 0 0 0 0 0 0 0 0 0 0 0 0 0 0 0 0 1 0 0 1 160 0 0 1 0 0 0 0 0 0 0 0 0 0 0 2 0 0 0 0 0 8 0 2 0 0 0 128 0 0 0 255 255 255 255 7 0 6 0 0 0 0 0 data 16 0x60007 0x0 0x80 0x1400 0xd0002 0x1400 0x170005 0x0 0x17c41180 0x1400 0x0 0x0 0x1c0007 0xca 0x20 0x1336 oops 1 8 java/util/concurrent/ConcurrentHashMap
ciMethodData java/lang/ClassLoader findLoadedClass (Ljava/lang/String;)Ljava/lang/Class; 2 5376 orig 264 152 98 105 119 0 0 0 0 168 78 31 22 0 0 0 0 104 1 0 0 16 0 0 0 0 0 0 0 0 0 0 0 0 0 0 0 0 0 0 0 0 0 0 0 0 0 0 0 0 0 0 0 0 0 0 0 0 0 0 0 0 0 0 0 0 0 0 0 0 0 0 0 0 0 0 0 0 0 0 0 77 68 79 32 101 120 116 114 97 32 100 97 116 97 32 108 111 99 107 0 0 0 0 0 0 0 0 0 0 0 0 0 0 0 0 0 0 0 0 0 0 0 0 0 0 0 0 0 0 0 0 0 0 0 0 0 0 0 0 0 0 0 0 0 0 0 0 0 0 0 0 0 0 0 0 0 0 0 0 0 0 0 0 0 0 0 0 0 0 0 0 0 0 0 0 0 0 0 0 0 0 0 0 0 0 0 0 0 0 0 0 0 0 0 0 0 0 0 0 0 0 0 0 0 0 0 0 0 0 0 0 0 0 0 0 0 0 1 0 0 1 160 0 0 1 0 0 0 0 0 0 0 0 0 0 0 2 0 0 0 0 0 0 0 0 0 0 0 64 0 0 0 255 255 255 255 2 0 2 0 0 0 0 0 data 8 0x20002 0x1400 0x50007 0x1400 0x20 0x0 0xc0002 0x1400 oops 0
ciMethodData java/lang/ClassLoader findBootstrapClassOrNull (Ljava/lang/String;)Ljava/lang/Class; 2 2598 orig 264 152 98 105 119 0 0 0 0 104 77 31 22 0 0 0 0 104 1 0 0 16 0 0 0 0 0 0 0 0 0 0 0 0 0 0 0 0 0 0 0 0 0 0 0 0 0 0 0 0 0 0 0 0 0 0 0 0 0 0 0 0 0 0 0 0 0 0 0 0 0 0 0 0 0 0 0 0 0 0 0 77 68 79 32 101 120 116 114 97 32 100 97 116 97 32 108 111 99 107 0 0 0 0 0 0 0 0 0 0 0 0 0 0 0 0 0 0 0 0 0 0 0 0 0 0 0 0 0 0 0 0 0 0 0 0 0 0 0 0 0 0 0 0 0 0 0 0 0 0 0 0 0 0 0 0 0 0 0 0 0 0 0 0 0 0 0 0 0 0 0 0 0 0 0 0 0 0 0 0 0 0 0 0 0 0 0 0 0 0 0 0 0 0 0 0 0 0 0 0 0 0 0 0 0 0 0 0 0 0 0 0 0 0 0 0 0 127 0 0 0 57 77 0 0 1 0 0 0 0 0 0 0 0 0 0 0 2 0 0 0 0 0 0 0 0 0 0 0 64 0 0 0 255 255 255 255 2 0 2 0 0 0 0 0 data 8 0x20002 0x9a7 0x50007 0x9a7 0x20 0x0 0xc0002 0x9a7 oops 0
ciMethodData sun/misc/PerfCounter getParentDelegationTime ()Lsun/misc/PerfCounter; 2 2407 orig 264 152 98 105 119 0 0 0 0 184 141 62 22 0 0 0 0 24 1 0 0 0 0 0 0 0 0 0 0 0 0 0 0 0 0 0 0 0 0 0 0 0 0 0 0 0 0 0 0 0 0 0 0 0 0 0 0 0 0 0 0 0 0 0 0 0 0 0 0 0 0 0 0 0 0 0 0 0 0 0 0 77 68 79 32 101 120 116 114 97 32 100 97 116 97 32 108 111 99 107 0 0 0 0 0 0 0 0 0 0 0 0 0 0 0 0 0 0 0 0 0 0 0 0 0 0 0 0 0 0 0 0 0 0 0 0 0 0 0 0 0 0 0 0 0 0 0 0 0 0 0 0 0 0 0 0 0 0 0 0 0 0 0 0 0 0 0 0 0 0 0 0 0 0 0 0 0 0 0 0 0 0 0 0 0 0 0 0 0 0 0 0 0 0 0 0 0 0 0 0 0 0 0 0 0 0 0 0 0 0 0 0 0 0 0 0 0 75 0 0 0 225 72 0 0 1 0 0 0 0 0 0 0 0 0 0 0 2 0 0 0 0 0 0 0 0 0 0 0 0 0 0 0 255 255 255 255 0 0 0 0 0 0 0 0 data 0 oops 0
ciMethodData sun/misc/PerfCounter addTime (J)V 2 2407 orig 264 152 98 105 119 0 0 0 0 56 138 62 22 0 0 0 0 136 1 0 0 0 0 0 0 0 0 0 0 0 0 0 0 0 0 0 0 0 0 0 0 0 0 0 0 0 0 0 0 0 0 0 0 0 0 0 0 0 0 0 0 0 0 0 0 0 0 0 0 0 0 0 0 0 0 0 0 0 0 0 0 77 68 79 32 101 120 116 114 97 32 100 97 116 97 32 108 111 99 107 0 0 0 0 0 0 0 0 0 0 0 0 0 0 0 0 0 0 0 0 0 0 0 0 0 0 0 0 0 0 0 0 0 0 0 0 0 0 0 0 0 0 0 0 0 0 0 0 0 0 0 0 0 0 0 0 0 0 0 0 0 0 0 0 0 0 0 0 0 0 0 0 0 0 0 0 0 0 0 0 0 0 0 0 0 0 0 0 0 0 0 0 0 0 0 0 0 0 0 0 0 0 0 0 0 0 0 0 0 0 0 0 0 0 0 0 0 75 0 0 0 225 72 0 0 1 0 0 0 0 0 0 0 0 0 0 0 2 0 0 0 0 0 0 0 0 0 0 0 48 0 0 0 255 255 255 255 5 0 2 0 0 0 0 0 data 6 0x20005 0x0 0x17a98ee0 0x91c 0x0 0x0 oops 1 2 sun/misc/PerfCounter
ciMethodData java/nio/DirectLongBufferU get (I)J 2 5504 orig 264 152 98 105 119 0 0 0 0 0 39 63 22 0 0 0 0 192 1 0 0 0 0 0 0 0 0 0 0 0 0 0 0 0 0 0 0 0 0 0 0 0 0 0 0 0 0 0 0 0 0 0 0 0 0 0 0 0 0 0 0 0 0 0 0 0 0 0 0 0 0 0 0 0 0 0 0 0 0 0 0 77 68 79 32 101 120 116 114 97 32 100 97 116 97 32 108 111 99 107 0 0 0 0 0 0 0 0 0 0 0 0 0 0 0 0 0 0 0 0 0 0 0 0 0 0 0 0 0 0 0 0 0 0 0 0 0 0 0 0 0 0 0 0 0 0 0 0 0 0 0 0 0 0 0 0 0 0 0 0 0 0 0 0 0 0 0 0 0 0 0 0 0 0 0 0 0 0 0 0 0 0 0 0 0 0 0 0 0 0 0 0 0 0 0 0 0 0 0 0 0 0 0 0 0 0 0 0 0 0 0 0 0 0 0 0 0 128 1 0 0 1 160 0 0 1 0 0 0 0 0 0 0 0 0 0 0 2 0 0 0 0 0 3 0 2 0 0 0 112 0 0 0 255 255 255 255 5 0 6 0 0 0 0 0 data 14 0x60005 0x0 0x16eaffd0 0x1400 0x0 0x0 0x90002 0x1400 0xc0005 0x0 0x0 0x0 0x0 0x0 oops 1 2 java/nio/DirectLongBufferU
ciMethod java/security/PrivilegedActionException getException ()Ljava/lang/Exception; 33 1 4 0 0
ciMethodData java/net/URLClassLoader findClass (Ljava/lang/String;)Ljava/lang/Class; 2 4825 orig 264 152 98 105 119 0 0 0 0 192 68 38 22 0 0 0 0 72 2 0 0 152 0 0 0 0 0 0 0 0 0 0 0 0 0 0 0 0 0 0 0 0 0 0 0 0 0 0 0 0 0 0 0 0 0 0 0 0 0 0 0 0 0 0 0 0 0 0 0 0 0 0 0 0 0 0 0 0 0 0 0 77 68 79 32 101 120 116 114 97 32 100 97 116 97 32 108 111 99 107 0 0 0 0 0 0 0 0 0 0 0 0 0 0 0 0 0 0 0 0 0 0 0 0 0 0 0 0 0 0 0 0 0 0 0 0 0 0 0 0 0 0 0 0 0 0 0 0 0 0 0 0 0 0 0 0 0 0 0 0 0 0 0 0 0 0 0 0 0 0 0 0 0 0 0 0 0 0 0 0 0 0 0 0 0 0 0 0 0 0 0 0 0 0 0 0 0 0 0 0 0 0 0 0 0 0 0 0 0 0 0 0 0 0 0 0 0 0 1 0 0 201 142 0 0 1 0 0 0 0 0 0 0 0 0 0 0 2 0 0 0 0 0 8 0 2 0 0 0 248 0 0 0 255 255 255 255 2 0 6 0 0 0 0 0 data 31 0x60002 0x11d9 0xd0002 0x11d9 0x100104 0x0 0x2f5d0e0 0x8e7 0x0 0x0 0x140003 0x11d9 0x78 0x190005 0x0 0x0 0x0 0x0 0x0 0x1c0004 0x0 0x0 0x0 0x0 0x0 0x210007 0x8e7 0x30 0x8f2 0x290002 0x8f2 oops 1 6 java/lang/Class
ciMethodData java/net/URLClassLoader$1 <init> (Ljava/net/URLClassLoader;Ljava/lang/String;)V 2 4825 orig 264 152 98 105 119 0 0 0 0 120 132 60 22 0 0 0 0 64 1 0 0 0 0 0 0 0 0 0 0 0 0 0 0 0 0 0 0 0 0 0 0 0 0 0 0 0 0 0 0 0 0 0 0 0 0 0 0 0 0 0 0 0 0 0 0 0 0 0 0 0 0 0 0 0 0 0 0 0 0 0 0 77 68 79 32 101 120 116 114 97 32 100 97 116 97 32 108 111 99 107 0 0 0 0 0 0 0 0 0 0 0 0 0 0 0 0 0 0 0 0 0 0 0 0 0 0 0 0 0 0 0 0 0 0 0 0 0 0 0 0 0 0 0 0 0 0 0 0 0 0 0 0 0 0 0 0 0 0 0 0 0 0 0 0 0 0 0 0 0 0 0 0 0 0 0 0 0 0 0 0 0 0 0 0 0 0 0 0 0 0 0 0 0 0 0 0 0 0 0 0 0 0 0 0 0 0 0 0 0 0 0 0 0 0 0 0 0 0 1 0 0 201 142 0 0 1 0 0 0 0 0 0 0 0 0 0 0 2 0 0 0 0 0 3 0 2 0 0 0 16 0 0 0 255 255 255 255 2 0 11 0 0 0 0 0 data 2 0xb0002 0x11d9 oops 0
instanceKlass net/minecraft/util/IObjectIntIterable
instanceKlass net/minecraft/util/IntHashMap
instanceKlass net/minecraft/util/IntHashMap$Entry
instanceKlass net/minecraft/util/IntegerCache
instanceKlass net/minecraft/util/IJsonSerializable
instanceKlass net/minecraft/util/IChatComponent$Serializer
instanceKlass net/minecraft/util/HttpUtil
instanceKlass net/minecraft/util/HttpUtil$1
instanceKlass net/minecraft/util/FrameTimer
instanceKlass net/minecraft/util/FoodStats
instanceKlass net/minecraft/util/EnumTypeAdapterFactory
instanceKlass com/google/gson/TypeAdapterFactory
instanceKlass com/google/gson/TypeAdapter
instanceKlass net/minecraft/util/EntitySelectors
instanceKlass net/minecraft/util/EntitySelectors$ArmoredMob
instanceKlass net/minecraft/util/EntitySelectors$4
instanceKlass net/minecraft/util/EntitySelectors$3
instanceKlass net/minecraft/util/EntitySelectors$2
instanceKlass net/minecraft/util/EntitySelectors$1
instanceKlass net/minecraft/util/EnchantmentNameParts
instanceKlass net/minecraft/util/DamageSource
instanceKlass net/minecraft/util/CryptManager
instanceKlass net/minecraft/util/CombatTracker
instanceKlass net/minecraft/util/CombatEntry
instanceKlass net/minecraft/util/ClassInheritanceMultiMap$1
instanceKlass net/minecraft/util/ChatStyle$Serializer
instanceKlass net/minecraft/util/ChatStyle
instanceKlass net/minecraft/util/ChatComponentStyle$2
instanceKlass net/minecraft/util/ChatComponentStyle$1
instanceKlass net/minecraft/util/ChatComponentStyle
instanceKlass net/minecraft/util/ChatComponentProcessor
instanceKlass net/minecraft/util/ChatAllowedCharacters
instanceKlass net/minecraft/util/Cartesian
instanceKlass net/minecraft/util/Cartesian$Product
instanceKlass net/minecraft/util/Cartesian$GetList
instanceKlass net/minecraft/util/Vec3i
instanceKlass net/minecraft/util/BlockPos$2
instanceKlass net/minecraft/util/BlockPos$1
instanceKlass com/google/common/collect/UnmodifiableIterator
instanceKlass net/minecraft/util/AxisAlignedBB
instanceKlass net/minecraft/tileentity/TileEntitySign$2
instanceKlass net/minecraft/tileentity/TileEntitySign$1
instanceKlass net/minecraft/tileentity/TileEntityBeacon$BeamSegment
instanceKlass net/minecraft/tileentity/TileEntity$3
instanceKlass net/minecraft/tileentity/TileEntity$2
instanceKlass net/minecraft/tileentity/TileEntity$1
instanceKlass net/minecraft/stats/StatList
instanceKlass net/minecraft/stats/StatFileWriter
instanceKlass net/minecraft/stats/StatBase$4
instanceKlass net/minecraft/stats/StatBase$3
instanceKlass net/minecraft/stats/StatBase$2
instanceKlass net/minecraft/stats/StatBase$1
instanceKlass net/minecraft/stats/IStatType
instanceKlass net/minecraft/stats/AchievementList
instanceKlass net/minecraft/stats/StatBase
instanceKlass net/minecraft/server/network/NetHandlerStatusServer
instanceKlass net/minecraft/server/network/NetHandlerLoginServer
instanceKlass net/minecraft/server/network/NetHandlerLoginServer$1
instanceKlass io/netty/channel/ChannelFutureListener
instanceKlass net/minecraft/server/network/NetHandlerHandshakeTCP
instanceKlass net/minecraft/server/MinecraftServer$3
instanceKlass net/minecraft/server/MinecraftServer$2
instanceKlass net/minecraft/server/MinecraftServer$1
instanceKlass net/minecraft/server/management/UserList$Serializer
instanceKlass net/minecraft/server/management/UserList$1
instanceKlass net/minecraft/server/management/ServerConfigurationManager$1
instanceKlass net/minecraft/world/border/IBorderListener
instanceKlass net/minecraft/server/management/PreYggdrasilConverter
instanceKlass net/minecraft/server/management/PreYggdrasilConverter$2
instanceKlass net/minecraft/server/management/PreYggdrasilConverter$1
instanceKlass net/minecraft/server/management/PlayerProfileCache
instanceKlass net/minecraft/server/management/PlayerProfileCache$Serializer
instanceKlass net/minecraft/server/management/PlayerProfileCache$ProfileEntry
instanceKlass net/minecraft/server/management/PlayerProfileCache$2
instanceKlass com/mojang/authlib/ProfileLookupCallback
instanceKlass net/minecraft/server/management/PlayerProfileCache$1
instanceKlass net/minecraft/server/management/PlayerManager
instanceKlass net/minecraft/server/management/PlayerManager$PlayerInstance
instanceKlass net/minecraft/server/management/LowerStringMap
instanceKlass net/minecraft/server/management/ItemInWorldManager
instanceKlass net/minecraft/server/management/UserList
instanceKlass net/minecraft/server/management/UserListEntry
instanceKlass net/minecraft/server/MinecraftServer
instanceKlass net/minecraft/server/integrated/IntegratedServer$3
instanceKlass net/minecraft/server/integrated/IntegratedServer$2
instanceKlass net/minecraft/server/integrated/IntegratedServer$1
instanceKlass net/minecraft/server/management/ServerConfigurationManager
instanceKlass net/minecraft/scoreboard/Team
instanceKlass net/minecraft/scoreboard/ScoreObjective
instanceKlass net/minecraft/scoreboard/ScoreDummyCriteria
instanceKlass net/minecraft/world/WorldSavedData
instanceKlass net/minecraft/scoreboard/Scoreboard
instanceKlass net/minecraft/scoreboard/Score
instanceKlass net/minecraft/scoreboard/Score$1
instanceKlass net/minecraft/scoreboard/GoalColor
instanceKlass net/minecraft/scoreboard/IScoreObjectiveCriteria
instanceKlass net/minecraft/realms/Tezzelator
instanceKlass net/minecraft/realms/RealmsVertexFormatElement
instanceKlass net/minecraft/realms/RealmsVertexFormat
instanceKlass net/minecraft/realms/RealmsSimpleScrolledSelectionList
instanceKlass net/minecraft/realms/RealmsSharedConstants
instanceKlass net/minecraft/realms/RealmsServerStatusPinger
instanceKlass net/minecraft/realms/RealmsServerStatusPinger$1
instanceKlass net/minecraft/realms/RealmsServerPing
instanceKlass net/minecraft/realms/RealmsServerAddress
instanceKlass net/minecraft/realms/RealmsScrolledSelectionList
instanceKlass net/minecraft/realms/RealmsMth
instanceKlass net/minecraft/realms/RealmsLevelSummary
instanceKlass net/minecraft/realms/RealmsEditBox
instanceKlass net/minecraft/realms/RealmsDefaultVertexFormat
instanceKlass net/minecraft/realms/RealmsConnect
instanceKlass net/minecraft/realms/RealmsClickableScrolledSelectionList
instanceKlass net/minecraft/realms/RealmsButton
instanceKlass net/minecraft/realms/RealmsBufferBuilder
instanceKlass net/minecraft/realms/RealmsAnvilLevelStorageSource
instanceKlass net/minecraft/realms/Realms
instanceKlass net/minecraft/realms/RealmsScreen
instanceKlass net/minecraft/profiler/Profiler
instanceKlass net/minecraft/profiler/Profiler$Result
instanceKlass net/minecraft/profiler/PlayerUsageSnooper
instanceKlass java/util/TimerTask
instanceKlass net/minecraft/potion/PotionHelper
instanceKlass net/minecraft/potion/PotionEffect
instanceKlass net/minecraft/potion/Potion
instanceKlass net/minecraft/pathfinding/PathPoint
instanceKlass net/minecraft/pathfinding/PathNavigate
instanceKlass net/minecraft/pathfinding/PathFinder
instanceKlass net/minecraft/pathfinding/PathEntity
instanceKlass net/minecraft/pathfinding/Path
instanceKlass net/minecraft/network/status/server/S01PacketPong
instanceKlass net/minecraft/network/status/server/S00PacketServerInfo
instanceKlass net/minecraft/network/status/INetHandlerStatusServer
instanceKlass net/minecraft/network/status/client/C01PacketPing
instanceKlass net/minecraft/network/status/client/C00PacketServerQuery
instanceKlass net/minecraft/network/ServerStatusResponse
instanceKlass net/minecraft/network/ServerStatusResponse$Serializer
instanceKlass net/minecraft/network/ServerStatusResponse$PlayerCountData
instanceKlass net/minecraft/network/ServerStatusResponse$PlayerCountData$Serializer
instanceKlass net/minecraft/network/ServerStatusResponse$MinecraftProtocolVersionIdentifier
instanceKlass net/minecraft/network/ServerStatusResponse$MinecraftProtocolVersionIdentifier$Serializer
instanceKlass net/minecraft/network/rcon/RConConsoleSource
instanceKlass net/minecraft/network/play/server/S49PacketUpdateEntityNBT
instanceKlass net/minecraft/network/play/server/S48PacketResourcePackSend
instanceKlass net/minecraft/network/play/server/S47PacketPlayerListHeaderFooter
instanceKlass net/minecraft/network/play/server/S46PacketSetCompressionLevel
instanceKlass net/minecraft/network/play/server/S45PacketTitle
instanceKlass net/minecraft/network/play/server/S44PacketWorldBorder
instanceKlass net/minecraft/network/play/server/S43PacketCamera
instanceKlass net/minecraft/network/play/server/S42PacketCombatEvent
instanceKlass net/minecraft/network/play/server/S41PacketServerDifficulty
instanceKlass net/minecraft/network/play/server/S40PacketDisconnect
instanceKlass net/minecraft/network/play/server/S3FPacketCustomPayload
instanceKlass net/minecraft/network/play/server/S3EPacketTeams
instanceKlass net/minecraft/network/play/server/S3DPacketDisplayScoreboard
instanceKlass net/minecraft/network/play/server/S3CPacketUpdateScore
instanceKlass net/minecraft/network/play/server/S3BPacketScoreboardObjective
instanceKlass net/minecraft/network/play/server/S3APacketTabComplete
instanceKlass net/minecraft/network/play/server/S39PacketPlayerAbilities
instanceKlass net/minecraft/network/play/server/S38PacketPlayerListItem
instanceKlass net/minecraft/network/play/server/S38PacketPlayerListItem$AddPlayerData
instanceKlass net/minecraft/network/play/server/S37PacketStatistics
instanceKlass net/minecraft/network/play/server/S36PacketSignEditorOpen
instanceKlass net/minecraft/network/play/server/S35PacketUpdateTileEntity
instanceKlass net/minecraft/network/play/server/S34PacketMaps
instanceKlass net/minecraft/network/play/server/S33PacketUpdateSign
instanceKlass net/minecraft/network/play/server/S32PacketConfirmTransaction
instanceKlass net/minecraft/network/play/server/S31PacketWindowProperty
instanceKlass net/minecraft/network/play/server/S30PacketWindowItems
instanceKlass net/minecraft/network/play/server/S2FPacketSetSlot
instanceKlass net/minecraft/network/play/server/S2EPacketCloseWindow
instanceKlass net/minecraft/network/play/server/S2DPacketOpenWindow
instanceKlass net/minecraft/network/play/server/S2CPacketSpawnGlobalEntity
instanceKlass net/minecraft/network/play/server/S2BPacketChangeGameState
instanceKlass net/minecraft/network/play/server/S2APacketParticles
instanceKlass net/minecraft/network/play/server/S29PacketSoundEffect
instanceKlass net/minecraft/network/play/server/S28PacketEffect
instanceKlass net/minecraft/network/play/server/S27PacketExplosion
instanceKlass net/minecraft/network/play/server/S26PacketMapChunkBulk
instanceKlass net/minecraft/network/play/server/S25PacketBlockBreakAnim
instanceKlass net/minecraft/network/play/server/S24PacketBlockAction
instanceKlass net/minecraft/network/play/server/S23PacketBlockChange
instanceKlass net/minecraft/network/play/server/S22PacketMultiBlockChange
instanceKlass net/minecraft/network/play/server/S22PacketMultiBlockChange$BlockUpdateData
instanceKlass net/minecraft/network/play/server/S21PacketChunkData
instanceKlass net/minecraft/network/play/server/S21PacketChunkData$Extracted
instanceKlass net/minecraft/network/play/server/S20PacketEntityProperties
instanceKlass net/minecraft/network/play/server/S20PacketEntityProperties$Snapshot
instanceKlass net/minecraft/network/play/server/S1FPacketSetExperience
instanceKlass net/minecraft/network/play/server/S1EPacketRemoveEntityEffect
instanceKlass net/minecraft/network/play/server/S1DPacketEntityEffect
instanceKlass net/minecraft/network/play/server/S1CPacketEntityMetadata
instanceKlass net/minecraft/network/play/server/S1BPacketEntityAttach
instanceKlass net/minecraft/network/play/server/S19PacketEntityStatus
instanceKlass net/minecraft/network/play/server/S19PacketEntityHeadLook
instanceKlass net/minecraft/network/play/server/S18PacketEntityTeleport
instanceKlass net/minecraft/network/play/server/S14PacketEntity
instanceKlass net/minecraft/network/play/server/S13PacketDestroyEntities
instanceKlass net/minecraft/network/play/server/S12PacketEntityVelocity
instanceKlass net/minecraft/network/play/server/S11PacketSpawnExperienceOrb
instanceKlass net/minecraft/network/play/server/S10PacketSpawnPainting
instanceKlass net/minecraft/network/play/server/S0FPacketSpawnMob
instanceKlass net/minecraft/network/play/server/S0EPacketSpawnObject
instanceKlass net/minecraft/network/play/server/S0DPacketCollectItem
instanceKlass net/minecraft/network/play/server/S0CPacketSpawnPlayer
instanceKlass net/minecraft/network/play/server/S0BPacketAnimation
instanceKlass net/minecraft/network/play/server/S0APacketUseBed
instanceKlass net/minecraft/network/play/server/S09PacketHeldItemChange
instanceKlass net/minecraft/network/play/server/S08PacketPlayerPosLook
instanceKlass net/minecraft/network/play/server/S07PacketRespawn
instanceKlass net/minecraft/network/play/server/S06PacketUpdateHealth
instanceKlass net/minecraft/network/play/server/S05PacketSpawnPosition
instanceKlass net/minecraft/network/play/server/S04PacketEntityEquipment
instanceKlass net/minecraft/network/play/server/S03PacketTimeUpdate
instanceKlass net/minecraft/network/play/server/S02PacketChat
instanceKlass net/minecraft/network/play/server/S01PacketJoinGame
instanceKlass net/minecraft/network/play/server/S00PacketKeepAlive
instanceKlass net/minecraft/network/play/client/C19PacketResourcePackStatus
instanceKlass net/minecraft/network/play/client/C18PacketSpectate
instanceKlass net/minecraft/network/play/client/C17PacketCustomPayload
instanceKlass net/minecraft/network/play/client/C16PacketClientStatus
instanceKlass net/minecraft/network/play/client/C15PacketClientSettings
instanceKlass net/minecraft/network/play/client/C14PacketTabComplete
instanceKlass net/minecraft/network/play/client/C13PacketPlayerAbilities
instanceKlass net/minecraft/network/play/client/C12PacketUpdateSign
instanceKlass net/minecraft/network/play/client/C11PacketEnchantItem
instanceKlass net/minecraft/network/play/client/C10PacketCreativeInventoryAction
instanceKlass net/minecraft/network/play/client/C0FPacketConfirmTransaction
instanceKlass net/minecraft/network/play/client/C0EPacketClickWindow
instanceKlass net/minecraft/network/play/client/C0DPacketCloseWindow
instanceKlass net/minecraft/network/play/client/C0CPacketInput
instanceKlass net/minecraft/network/play/client/C0BPacketEntityAction
instanceKlass net/minecraft/network/play/client/C0APacketAnimation
instanceKlass net/minecraft/network/play/client/C09PacketHeldItemChange
instanceKlass net/minecraft/network/play/client/C08PacketPlayerBlockPlacement
instanceKlass net/minecraft/network/play/client/C07PacketPlayerDigging
instanceKlass net/minecraft/network/play/client/C03PacketPlayer
instanceKlass net/minecraft/network/play/client/C02PacketUseEntity
instanceKlass net/minecraft/network/play/client/C01PacketChatMessage
instanceKlass net/minecraft/network/play/client/C00PacketKeepAlive
instanceKlass net/minecraft/network/PacketThreadUtil
instanceKlass net/minecraft/network/PacketThreadUtil$1
instanceKlass io/netty/buffer/ByteBuf
instanceKlass io/netty/util/ReferenceCounted
instanceKlass net/minecraft/network/NetworkSystem
instanceKlass net/minecraft/network/NetworkSystem$7
instanceKlass net/minecraft/network/NetworkSystem$6
instanceKlass net/minecraft/network/NetworkManager$InboundHandlerTuplePacketListener
instanceKlass net/minecraft/network/NetworkManager$4
instanceKlass net/minecraft/util/LazyLoadBase
instanceKlass net/minecraft/network/NettyEncryptionTranslator
instanceKlass io/netty/channel/ChannelOutboundHandler
instanceKlass net/minecraft/network/NetHandlerPlayServer
instanceKlass net/minecraft/network/play/INetHandlerPlayServer
instanceKlass net/minecraft/network/NetHandlerPlayServer$3
instanceKlass net/minecraft/network/NetHandlerPlayServer$2
instanceKlass net/minecraft/network/NetHandlerPlayServer$1
instanceKlass net/minecraft/network/login/server/S03PacketEnableCompression
instanceKlass net/minecraft/network/login/server/S02PacketLoginSuccess
instanceKlass net/minecraft/network/login/server/S01PacketEncryptionRequest
instanceKlass net/minecraft/network/login/server/S00PacketDisconnect
instanceKlass net/minecraft/network/login/INetHandlerLoginServer
instanceKlass net/minecraft/network/login/client/C01PacketEncryptionResponse
instanceKlass net/minecraft/network/login/client/C00PacketLoginStart
instanceKlass net/minecraft/network/handshake/client/C00Handshake
instanceKlass net/minecraft/nbt/NBTUtil
instanceKlass net/minecraft/nbt/NBTTagCompound$2
instanceKlass net/minecraft/nbt/NBTTagCompound$1
instanceKlass net/minecraft/nbt/NBTSizeTracker
instanceKlass net/minecraft/nbt/JsonToNBT
instanceKlass net/minecraft/nbt/JsonToNBT$Any
instanceKlass net/minecraft/nbt/CompressedStreamTools
instanceKlass net/minecraft/item/ItemStack
instanceKlass net/minecraft/item/ItemMultiTexture$1
instanceKlass net/minecraft/item/Item$9
instanceKlass net/minecraft/item/Item$8
instanceKlass net/minecraft/item/Item$7
instanceKlass net/minecraft/item/Item$6
instanceKlass net/minecraft/item/Item$5
instanceKlass net/minecraft/item/Item$4
instanceKlass net/minecraft/item/Item$3
instanceKlass net/minecraft/item/Item$2
instanceKlass net/minecraft/item/Item$17
instanceKlass net/minecraft/item/Item$16
instanceKlass net/minecraft/item/Item$15
instanceKlass net/minecraft/item/Item$14
instanceKlass net/minecraft/item/Item$13
instanceKlass net/minecraft/item/Item$12
instanceKlass net/minecraft/item/Item$11
instanceKlass net/minecraft/item/Item$10
instanceKlass net/minecraft/item/Item$1
instanceKlass net/minecraft/item/crafting/ShapelessRecipes
instanceKlass net/minecraft/item/crafting/RecipesWeapons
instanceKlass net/minecraft/item/crafting/RecipesTools
instanceKlass net/minecraft/item/crafting/ShapedRecipes
instanceKlass net/minecraft/item/crafting/RecipesMapCloning
instanceKlass net/minecraft/item/crafting/RecipesIngots
instanceKlass net/minecraft/item/crafting/RecipesFood
instanceKlass net/minecraft/item/crafting/RecipesDyes
instanceKlass net/minecraft/item/crafting/RecipesCrafting
instanceKlass net/minecraft/item/crafting/RecipesBanners
instanceKlass net/minecraft/item/crafting/RecipesBanners$RecipeDuplicatePattern
instanceKlass net/minecraft/item/crafting/RecipesBanners$RecipeAddPattern
instanceKlass net/minecraft/item/crafting/RecipesArmorDyes
instanceKlass net/minecraft/item/crafting/RecipesArmor
instanceKlass net/minecraft/item/crafting/RecipeRepairItem
instanceKlass net/minecraft/item/crafting/RecipeFireworks
instanceKlass net/minecraft/item/crafting/RecipeBookCloning
instanceKlass net/minecraft/item/crafting/IRecipe
instanceKlass net/minecraft/item/crafting/FurnaceRecipes
instanceKlass net/minecraft/item/crafting/CraftingManager
instanceKlass net/minecraft/item/crafting/CraftingManager$1
instanceKlass net/minecraft/inventory/ISidedInventory
instanceKlass net/minecraft/inventory/InventoryMerchant
instanceKlass net/minecraft/inventory/InventoryLargeChest
instanceKlass net/minecraft/inventory/InventoryHelper
instanceKlass net/minecraft/inventory/InventoryCraftResult
instanceKlass net/minecraft/inventory/InventoryCrafting
instanceKlass net/minecraft/init/Items
instanceKlass net/minecraft/init/Bootstrap
instanceKlass net/minecraft/init/Bootstrap$5
instanceKlass net/minecraft/init/Blocks
instanceKlass net/minecraft/event/HoverEvent
instanceKlass net/minecraft/event/ClickEvent
instanceKlass net/minecraft/entity/SharedMonsterAttributes
instanceKlass net/minecraft/entity/player/PlayerCapabilities
instanceKlass net/minecraft/entity/player/InventoryPlayer
instanceKlass net/minecraft/entity/player/InventoryPlayer$1
instanceKlass net/minecraft/entity/passive/EntityWolf$1
instanceKlass net/minecraft/entity/passive/EntityVillagerMutante$ListItemForEmeralds
instanceKlass net/minecraft/entity/passive/EntityVillagerMutante$ListEnchantedItemForEmeralds
instanceKlass net/minecraft/entity/passive/EntityVillagerMutante$ListEnchantedBookForEmeralds
instanceKlass net/minecraft/entity/passive/EntityVillagerMutante$ItemAndEmeraldToItem
instanceKlass net/minecraft/entity/passive/EntityVillagerMutante$EmeraldForItems
instanceKlass net/minecraft/entity/passive/EntityVillagerMutante$ITradeList
instanceKlass net/minecraft/util/Tuple
instanceKlass net/minecraft/entity/passive/EntityVillager$ListItemForEmeralds
instanceKlass net/minecraft/entity/passive/EntityVillager$ListEnchantedItemForEmeralds
instanceKlass net/minecraft/entity/passive/EntityVillager$ListEnchantedBookForEmeralds
instanceKlass net/minecraft/entity/passive/EntityVillager$ItemAndEmeraldToItem
instanceKlass net/minecraft/entity/passive/EntityVillager$EmeraldForItems
instanceKlass net/minecraft/entity/passive/EntityVillager$ITradeList
instanceKlass net/minecraft/entity/passive/EntityRabbit$RabbitTypeData
instanceKlass net/minecraft/inventory/IInvBasic
instanceKlass net/minecraft/entity/passive/EntityHorse$GroupData
instanceKlass net/minecraft/entity/passive/EntityHorse$1
instanceKlass net/minecraft/entity/NpcMerchant
instanceKlass net/minecraft/entity/monster/IMob$2
instanceKlass net/minecraft/entity/monster/IMob$1
instanceKlass net/minecraft/entity/monster/EntityZombie$GroupData
instanceKlass net/minecraft/entity/monster/EntitySpider$GroupData
instanceKlass net/minecraft/entity/monster/EntityIronGolem$AINearestAttackableTargetNonCreeper$1
instanceKlass net/minecraft/entity/monster/EntityGuardian$GuardianTargetSelector
instanceKlass net/minecraft/entity/monster/EntityGuardian$1
instanceKlass net/minecraft/entity/monster/EntityEnderman$1
instanceKlass net/minecraft/tileentity/IHopper
instanceKlass net/minecraft/entity/IProjectile
instanceKlass net/minecraft/entity/INpc
instanceKlass net/minecraft/entity/IMerchant
instanceKlass net/minecraft/entity/IEntityOwnable
instanceKlass net/minecraft/entity/IEntityLivingData
instanceKlass net/minecraft/entity/EntityTrackerEntry
instanceKlass net/minecraft/entity/EntityTracker
instanceKlass net/minecraft/entity/EntityTracker$1
instanceKlass net/minecraft/entity/EntitySpawnPlacementRegistry
instanceKlass net/minecraft/entity/EntityLivingBase$1
instanceKlass net/minecraft/entity/EntityList
instanceKlass net/minecraft/entity/EntityList$EntityEggInfo
instanceKlass net/minecraft/entity/EntityBodyHelper
instanceKlass net/minecraft/entity/Entity$4
instanceKlass net/minecraft/entity/Entity$3
instanceKlass net/minecraft/entity/Entity$2
instanceKlass net/minecraft/entity/Entity$1
instanceKlass net/minecraft/entity/DataWatcher
instanceKlass net/minecraft/entity/DataWatcher$WatchableObject
instanceKlass net/minecraft/entity/IRangedAttackMob
instanceKlass net/minecraft/entity/boss/EntityWither$1
instanceKlass net/minecraft/entity/monster/IMob
instanceKlass net/minecraft/entity/passive/IAnimals
instanceKlass net/minecraft/entity/IEntityMultiPart
instanceKlass net/minecraft/entity/boss/IBossDisplayData
instanceKlass net/minecraft/entity/boss/BossStatus
instanceKlass net/minecraft/entity/ai/RandomPositionGenerator
instanceKlass net/minecraft/entity/ai/EntitySenses
instanceKlass net/minecraft/entity/ai/EntityMoveHelper
instanceKlass net/minecraft/tileentity/MobSpawnerBaseLogic
instanceKlass net/minecraft/entity/ai/EntityLookHelper
instanceKlass net/minecraft/entity/ai/EntityJumpHelper
instanceKlass net/minecraft/entity/ai/EntityAITasks
instanceKlass net/minecraft/entity/ai/EntityAITasks$EntityAITaskEntry
instanceKlass net/minecraft/entity/ai/EntityAINearestAttackableTarget$Sorter
instanceKlass net/minecraft/entity/ai/EntityAINearestAttackableTarget$1
instanceKlass net/minecraft/entity/ai/EntityAIFindEntityNearestPlayer$1
instanceKlass net/minecraft/entity/ai/EntityAIFindEntityNearest$1
instanceKlass net/minecraft/entity/ai/EntityAIAvoidEntity$1
instanceKlass net/minecraft/entity/ai/EntityAIBase
instanceKlass net/minecraft/entity/ai/attributes/ModifiableAttributeInstance
instanceKlass net/minecraft/entity/ai/attributes/IAttributeInstance
instanceKlass net/minecraft/entity/ai/attributes/BaseAttributeMap
instanceKlass net/minecraft/entity/ai/attributes/BaseAttribute
instanceKlass net/minecraft/entity/ai/attributes/IAttribute
instanceKlass net/minecraft/entity/ai/attributes/AttributeModifier
instanceKlass net/minecraft/enchantment/EnchantmentHelper
instanceKlass net/minecraft/enchantment/EnchantmentHelper$ModifierLiving
instanceKlass net/minecraft/enchantment/EnchantmentHelper$ModifierDamage
instanceKlass net/minecraft/enchantment/EnchantmentHelper$HurtIterator
instanceKlass net/minecraft/enchantment/EnchantmentHelper$DamageIterator
instanceKlass net/minecraft/enchantment/EnchantmentHelper$IModifier
instanceKlass net/minecraft/enchantment/Enchantment
instanceKlass net/minecraft/dispenser/PositionImpl
instanceKlass net/minecraft/dispenser/IBehaviorDispenseItem$1
instanceKlass net/minecraft/dispenser/BehaviorDefaultDispenseItem
instanceKlass net/minecraft/dispenser/IBehaviorDispenseItem
instanceKlass net/minecraft/creativetab/CreativeTabs
instanceKlass net/minecraft/crash/CrashReportCategory
instanceKlass net/minecraft/crash/CrashReportCategory$Entry
instanceKlass net/minecraft/crash/CrashReportCategory$5
instanceKlass net/minecraft/crash/CrashReportCategory$4
instanceKlass net/minecraft/crash/CrashReportCategory$3
instanceKlass net/minecraft/crash/CrashReportCategory$2
instanceKlass net/minecraft/crash/CrashReportCategory$1
instanceKlass net/minecraft/crash/CrashReport
instanceKlass net/minecraft/crash/CrashReport$7
instanceKlass net/minecraft/crash/CrashReport$6
instanceKlass net/minecraft/crash/CrashReport$5
instanceKlass net/minecraft/crash/CrashReport$4
instanceKlass net/minecraft/crash/CrashReport$3
instanceKlass net/minecraft/crash/CrashReport$2
instanceKlass net/minecraft/crash/CrashReport$1
instanceKlass net/minecraft/command/server/CommandBlockLogic
instanceKlass net/minecraft/command/server/CommandBlockLogic$2
instanceKlass net/minecraft/command/server/CommandBlockLogic$1
instanceKlass net/minecraft/command/server/CommandAchievement$1
instanceKlass net/minecraft/command/PlayerSelector
instanceKlass net/minecraft/command/PlayerSelector$9
instanceKlass net/minecraft/command/PlayerSelector$8
instanceKlass net/minecraft/command/PlayerSelector$7
instanceKlass net/minecraft/command/PlayerSelector$6
instanceKlass net/minecraft/command/PlayerSelector$5
instanceKlass net/minecraft/command/PlayerSelector$4
instanceKlass net/minecraft/command/PlayerSelector$3
instanceKlass net/minecraft/command/PlayerSelector$2
instanceKlass net/minecraft/command/PlayerSelector$12
instanceKlass net/minecraft/command/PlayerSelector$11
instanceKlass net/minecraft/command/PlayerSelector$10
instanceKlass net/minecraft/command/PlayerSelector$1
instanceKlass net/minecraft/command/IAdminCommand
instanceKlass net/minecraft/command/CommandSpreadPlayers$Position
instanceKlass net/minecraft/command/CommandResultStats
instanceKlass net/minecraft/command/CommandResultStats$1
instanceKlass net/minecraft/command/CommandHandler
instanceKlass net/minecraft/command/ICommandManager
instanceKlass net/minecraft/command/CommandExecuteAt$1
instanceKlass net/minecraft/command/CommandClone$StaticCloneData
instanceKlass net/minecraft/command/CommandBase
instanceKlass net/minecraft/command/ICommand
instanceKlass net/minecraft/command/CommandBase$CoordinateArg
instanceKlass net/minecraft/client/util/JsonException$Entry
instanceKlass net/minecraft/client/util/JsonBlendingMode
instanceKlass net/minecraft/client/stream/TwitchStream
instanceKlass net/minecraft/client/stream/NullStream
instanceKlass net/minecraft/client/stream/Metadata
instanceKlass net/minecraft/client/stream/IngestServerTester
instanceKlass net/minecraft/client/stream/IngestServerTester$IngestTestListener
instanceKlass net/minecraft/client/stream/IngestServerTester$2
instanceKlass net/minecraft/client/stream/IngestServerTester$1
instanceKlass net/minecraft/client/stream/ChatController
instanceKlass net/minecraft/client/stream/ChatController$ChatListener
instanceKlass net/minecraft/client/stream/ChatController$ChatChannelListener
instanceKlass tv/twitch/chat/IChatChannelListener
instanceKlass net/minecraft/client/stream/ChatController$1
instanceKlass tv/twitch/chat/IChatAPIListener
instanceKlass net/minecraft/client/stream/BroadcastController
instanceKlass net/minecraft/client/stream/BroadcastController$BroadcastListener
instanceKlass net/minecraft/client/stream/BroadcastController$2
instanceKlass tv/twitch/broadcast/IStatCallbacks
instanceKlass net/minecraft/client/stream/BroadcastController$1
instanceKlass tv/twitch/broadcast/IStreamCallbacks
instanceKlass net/minecraft/client/shader/ShaderManager
instanceKlass net/minecraft/client/shader/ShaderLoader
instanceKlass net/minecraft/client/shader/ShaderLinkHelper
instanceKlass net/minecraft/client/shader/ShaderGroup
instanceKlass net/minecraft/client/shader/ShaderUniform
instanceKlass net/minecraft/client/shader/Shader
instanceKlass net/minecraft/client/shader/Framebuffer
instanceKlass net/minecraft/client/settings/KeyBinding
instanceKlass net/minecraft/client/settings/GameSettings
instanceKlass net/minecraft/client/settings/GameSettings$1
instanceKlass net/minecraft/client/resources/SkinManager
instanceKlass net/minecraft/client/resources/SkinManager$3
instanceKlass net/minecraft/client/resources/SkinManager$3$1
instanceKlass net/minecraft/client/resources/SkinManager$2
instanceKlass net/minecraft/client/resources/SimpleResource
instanceKlass net/minecraft/client/resources/SimpleReloadableResourceManager
instanceKlass net/minecraft/client/resources/SimpleReloadableResourceManager$1
instanceKlass net/minecraft/client/resources/ResourcePackRepository
instanceKlass net/minecraft/client/resources/ResourcePackRepository$Entry
instanceKlass net/minecraft/client/resources/ResourcePackRepository$3
instanceKlass net/minecraft/client/resources/ResourcePackRepository$2
instanceKlass net/minecraft/client/resources/ResourcePackRepository$1
instanceKlass net/minecraft/client/resources/ResourcePackListEntry
instanceKlass net/minecraft/client/resources/ResourcePackListEntry$1
instanceKlass net/minecraft/client/resources/ResourceIndex
instanceKlass net/minecraft/client/resources/model/WeightedBakedModel
instanceKlass net/minecraft/util/WeightedRandom$Item
instanceKlass net/minecraft/client/resources/model/WeightedBakedModel$Builder
instanceKlass net/minecraft/client/resources/model/SimpleBakedModel
instanceKlass net/minecraft/client/resources/model/SimpleBakedModel$Builder
instanceKlass net/minecraft/util/ResourceLocation
instanceKlass net/minecraft/client/resources/model/ModelManager
instanceKlass net/minecraft/client/resources/model/ModelBakery
instanceKlass net/minecraft/client/resources/model/ModelBakery$2
instanceKlass net/minecraft/client/resources/model/ModelBakery$1
instanceKlass net/minecraft/client/resources/model/BuiltInModel
instanceKlass net/minecraft/client/resources/model/IBakedModel
instanceKlass net/minecraft/client/resources/Locale
instanceKlass net/minecraft/client/resources/LanguageManager
instanceKlass net/minecraft/client/resources/Language
instanceKlass net/minecraft/client/resources/IResource
instanceKlass net/minecraft/client/resources/I18n
instanceKlass net/minecraft/client/resources/GrassColorReloadListener
instanceKlass net/minecraft/client/resources/FoliageColorReloadListener
instanceKlass net/minecraft/client/resources/FallbackResourceManager
instanceKlass net/minecraft/client/resources/DefaultResourcePack
instanceKlass net/minecraft/client/resources/DefaultPlayerSkin
instanceKlass net/minecraft/client/resources/data/TextureMetadataSection
instanceKlass net/minecraft/client/resources/data/PackMetadataSection
instanceKlass net/minecraft/client/resources/data/LanguageMetadataSection
instanceKlass net/minecraft/client/resources/data/IMetadataSerializer
instanceKlass net/minecraft/client/resources/data/IMetadataSerializer$Registration
instanceKlass net/minecraft/client/resources/data/FontMetadataSection
instanceKlass net/minecraft/client/resources/data/BaseMetadataSectionSerializer
instanceKlass com/google/gson/JsonSerializer
instanceKlass net/minecraft/client/resources/data/AnimationMetadataSection
instanceKlass net/minecraft/client/resources/data/IMetadataSection
instanceKlass net/minecraft/client/resources/data/AnimationFrame
instanceKlass net/minecraft/client/resources/AbstractResourcePack
instanceKlass net/minecraft/client/renderer/WorldRenderer
instanceKlass net/minecraft/client/renderer/WorldRenderer$State
instanceKlass net/minecraft/client/renderer/WorldRenderer$1
instanceKlass net/minecraft/client/renderer/ViewFrustum
instanceKlass net/minecraft/client/renderer/WorldVertexBufferUploader
instanceKlass net/minecraft/client/renderer/vertex/VertexFormatElement
instanceKlass net/minecraft/client/renderer/vertex/VertexFormat
instanceKlass net/minecraft/client/renderer/vertex/VertexBuffer
instanceKlass net/minecraft/client/renderer/vertex/DefaultVertexFormats
instanceKlass net/minecraft/client/renderer/tileentity/TileEntityRendererDispatcher
instanceKlass net/minecraft/client/renderer/tileentity/TileEntityItemStackRenderer
instanceKlass net/minecraft/client/renderer/tileentity/TileEntitySpecialRenderer
instanceKlass net/minecraft/client/renderer/tileentity/TileEntityBannerRenderer$TimedBannerTexture
instanceKlass net/minecraft/client/renderer/texture/TextureUtil
instanceKlass net/minecraft/client/renderer/texture/TextureMap$3
instanceKlass net/minecraft/client/renderer/texture/TextureMap$2
instanceKlass net/minecraft/client/renderer/texture/TextureMap$1
instanceKlass net/minecraft/client/renderer/texture/TextureManager
instanceKlass net/minecraft/client/renderer/texture/TextureManager$1
instanceKlass net/minecraft/client/renderer/texture/TextureAtlasSprite
instanceKlass net/minecraft/client/renderer/texture/TextureAtlasSprite$1
instanceKlass net/minecraft/client/renderer/texture/Stitcher
instanceKlass net/minecraft/client/renderer/texture/Stitcher$Slot
instanceKlass net/minecraft/client/renderer/texture/Stitcher$Holder
instanceKlass net/minecraft/client/renderer/texture/IIconCreator
instanceKlass net/minecraft/client/renderer/texture/AbstractTexture
instanceKlass net/minecraft/client/renderer/Tessellator
instanceKlass net/minecraft/client/renderer/RenderHelper
instanceKlass net/minecraft/client/renderer/RenderGlobal
instanceKlass net/minecraft/world/IWorldAccess
instanceKlass net/minecraft/client/renderer/RenderGlobal$ContainerLocalRenderInformation
instanceKlass net/minecraft/client/renderer/RenderGlobal$1
instanceKlass net/minecraft/client/renderer/RegionRenderCacheBuilder
instanceKlass net/minecraft/world/ChunkCache
instanceKlass net/minecraft/client/renderer/OpenGlHelper
instanceKlass net/minecraft/client/renderer/ItemRenderer
instanceKlass net/minecraft/client/renderer/ItemModelMesher
instanceKlass net/minecraft/client/renderer/ImageBufferDownload
instanceKlass net/minecraft/client/renderer/IImageBuffer
instanceKlass net/minecraft/client/renderer/GlStateManager
instanceKlass net/minecraft/client/renderer/GlStateManager$TextureState
instanceKlass net/minecraft/client/renderer/GlStateManager$TexGenState
instanceKlass net/minecraft/client/renderer/GlStateManager$TexGenCoord
instanceKlass net/minecraft/client/renderer/GlStateManager$StencilState
instanceKlass net/minecraft/client/renderer/GlStateManager$StencilFunc
instanceKlass net/minecraft/client/renderer/GlStateManager$PolygonOffsetState
instanceKlass net/minecraft/client/renderer/GlStateManager$FogState
instanceKlass net/minecraft/client/renderer/GlStateManager$DepthState
instanceKlass net/minecraft/client/renderer/GlStateManager$CullState
instanceKlass net/minecraft/client/renderer/GlStateManager$ColorMaterialState
instanceKlass net/minecraft/client/renderer/GlStateManager$ColorMask
instanceKlass net/minecraft/client/renderer/GlStateManager$ColorLogicState
instanceKlass net/minecraft/client/renderer/GlStateManager$Color
instanceKlass net/minecraft/client/renderer/GlStateManager$ClearState
instanceKlass net/minecraft/client/renderer/GlStateManager$BooleanState
instanceKlass net/minecraft/client/renderer/GlStateManager$BlendState
instanceKlass net/minecraft/client/renderer/GlStateManager$AlphaState
instanceKlass net/minecraft/client/renderer/GLAllocation
instanceKlass net/minecraft/client/renderer/EnumFaceDirection$VertexInformation
instanceKlass net/minecraft/client/renderer/EnumFaceDirection$Constants
instanceKlass net/minecraft/client/renderer/EntityRenderer
instanceKlass net/minecraft/client/renderer/EntityRenderer$4
instanceKlass net/minecraft/client/renderer/EntityRenderer$3
instanceKlass net/minecraft/client/renderer/EntityRenderer$2
instanceKlass net/minecraft/client/renderer/EntityRenderer$1
instanceKlass net/minecraft/client/renderer/entity/RenderManager
instanceKlass net/minecraft/client/renderer/entity/RenderItem
instanceKlass net/minecraft/client/renderer/entity/RenderItem$9
instanceKlass net/minecraft/client/renderer/entity/RenderItem$8
instanceKlass net/minecraft/client/renderer/entity/RenderItem$7
instanceKlass net/minecraft/client/renderer/entity/RenderItem$6
instanceKlass net/minecraft/client/renderer/entity/RenderItem$5
instanceKlass net/minecraft/client/renderer/ItemMeshDefinition
instanceKlass net/minecraft/client/renderer/entity/RenderItem$4
instanceKlass net/minecraft/client/renderer/entity/RenderItem$3
instanceKlass net/minecraft/client/renderer/entity/RenderItem$2
instanceKlass net/minecraft/client/renderer/entity/RenderItem$1
instanceKlass net/minecraft/client/renderer/entity/layers/LayerWolfCollar
instanceKlass net/minecraft/client/renderer/entity/layers/LayerWitherAura
instanceKlass net/minecraft/client/renderer/entity/layers/LayerSpiderEyes
instanceKlass net/minecraft/client/renderer/entity/layers/LayerSnowmanHead
instanceKlass net/minecraft/client/renderer/entity/layers/LayerSlimeGel
instanceKlass net/minecraft/client/renderer/entity/layers/LayerSheepWool
instanceKlass net/minecraft/client/renderer/entity/layers/LayerSaddle
instanceKlass net/minecraft/client/renderer/entity/layers/LayerMooshroomMushroom
instanceKlass net/minecraft/client/renderer/entity/layers/LayerIronGolemFlower
instanceKlass net/minecraft/client/renderer/entity/layers/LayerHeldItemWitch
instanceKlass net/minecraft/client/renderer/entity/layers/LayerHeldItem
instanceKlass net/minecraft/client/renderer/entity/layers/LayerHeldBlock
instanceKlass net/minecraft/client/renderer/entity/layers/LayerEndermanEyes
instanceKlass net/minecraft/client/renderer/entity/layers/LayerEnderDragonEyes
instanceKlass net/minecraft/client/renderer/entity/layers/LayerEnderDragonDeath
instanceKlass net/minecraft/client/renderer/entity/layers/LayerDeadmau5Head
instanceKlass net/minecraft/client/renderer/entity/layers/LayerCustomHead
instanceKlass net/minecraft/client/renderer/entity/layers/LayerCreeperCharge
instanceKlass net/minecraft/client/renderer/entity/layers/LayerCape
instanceKlass net/minecraft/client/renderer/entity/layers/LayerArrow
instanceKlass net/minecraft/client/renderer/entity/Render
instanceKlass net/minecraft/client/renderer/entity/layers/LayerArmorBase
instanceKlass net/minecraft/client/renderer/entity/layers/LayerRenderer
instanceKlass net/minecraft/client/renderer/DestroyBlockProgress
instanceKlass net/minecraft/client/renderer/culling/Frustum
instanceKlass net/minecraft/client/renderer/culling/ICamera
instanceKlass net/minecraft/client/renderer/culling/ClippingHelper
instanceKlass net/minecraft/client/renderer/ChunkRenderContainer
instanceKlass net/minecraft/client/renderer/chunk/VisGraph
instanceKlass net/minecraft/client/renderer/chunk/VboChunkFactory
instanceKlass net/minecraft/client/renderer/chunk/SetVisibility
instanceKlass net/minecraft/client/renderer/chunk/RenderChunk
instanceKlass net/minecraft/client/renderer/chunk/ListChunkFactory
instanceKlass net/minecraft/client/renderer/chunk/IRenderChunkFactory
instanceKlass net/minecraft/client/renderer/chunk/CompiledChunk
instanceKlass net/minecraft/client/renderer/chunk/ChunkRenderWorker
instanceKlass net/minecraft/client/renderer/chunk/ChunkRenderWorker$2
instanceKlass net/minecraft/client/renderer/chunk/ChunkRenderWorker$1
instanceKlass net/minecraft/client/renderer/chunk/ChunkRenderDispatcher
instanceKlass net/minecraft/client/renderer/chunk/ChunkRenderDispatcher$3
instanceKlass net/minecraft/client/renderer/chunk/ChunkRenderDispatcher$2
instanceKlass net/minecraft/client/renderer/chunk/ChunkRenderDispatcher$1
instanceKlass net/minecraft/client/renderer/chunk/ChunkCompileTaskGenerator
instanceKlass net/minecraft/client/renderer/ChestRenderer
instanceKlass net/minecraft/client/renderer/BlockRendererDispatcher
instanceKlass net/minecraft/client/renderer/BlockModelShapes
instanceKlass net/minecraft/client/renderer/BlockModelRenderer
instanceKlass net/minecraft/client/renderer/BlockModelRenderer$AmbientOcclusionFace
instanceKlass net/minecraft/client/renderer/BlockFluidRenderer
instanceKlass net/minecraft/client/renderer/block/statemap/StateMap$Builder
instanceKlass net/minecraft/client/renderer/block/statemap/StateMapperBase
instanceKlass net/minecraft/client/renderer/block/statemap/IStateMapper
instanceKlass net/minecraft/client/renderer/block/statemap/BlockStateMapper
instanceKlass net/minecraft/client/renderer/block/model/ModelBlockDefinition
instanceKlass net/minecraft/client/renderer/block/model/ModelBlockDefinition$Variants
instanceKlass net/minecraft/client/renderer/block/model/ModelBlockDefinition$Variant
instanceKlass net/minecraft/client/renderer/block/model/ModelBlockDefinition$Variant$Deserializer
instanceKlass net/minecraft/client/renderer/block/model/ModelBlockDefinition$Deserializer
instanceKlass net/minecraft/client/renderer/block/model/ModelBlock
instanceKlass net/minecraft/client/renderer/block/model/ModelBlock$Deserializer
instanceKlass net/minecraft/client/renderer/block/model/ModelBlock$Bookkeep
instanceKlass net/minecraft/client/renderer/block/model/ItemTransformVec3f
instanceKlass net/minecraft/client/renderer/block/model/ItemTransformVec3f$Deserializer
instanceKlass net/minecraft/client/renderer/block/model/ItemModelGenerator
instanceKlass net/minecraft/client/renderer/block/model/ItemModelGenerator$Span
instanceKlass net/minecraft/client/renderer/block/model/ItemCameraTransforms
instanceKlass net/minecraft/client/renderer/block/model/ItemCameraTransforms$Deserializer
instanceKlass net/minecraft/client/renderer/block/model/FaceBakery
instanceKlass net/minecraft/client/renderer/block/model/BlockPartRotation
instanceKlass net/minecraft/client/renderer/block/model/BlockPartFace
instanceKlass net/minecraft/client/renderer/block/model/BlockPartFace$Deserializer
instanceKlass net/minecraft/client/renderer/block/model/BlockPart
instanceKlass net/minecraft/client/renderer/block/model/BlockPart$Deserializer
instanceKlass net/minecraft/client/renderer/block/model/BlockFaceUV
instanceKlass net/minecraft/client/renderer/block/model/BlockFaceUV$Deserializer
instanceKlass net/minecraft/client/renderer/block/model/BakedQuad
instanceKlass net/minecraft/client/renderer/ActiveRenderInfo
instanceKlass net/minecraft/client/player/inventory/LocalBlockIntercommunication
instanceKlass net/minecraft/inventory/InventoryBasic
instanceKlass net/minecraft/world/ILockableContainer
instanceKlass net/minecraft/inventory/IInventory
instanceKlass net/minecraft/client/particle/MobAppearance$Factory
instanceKlass net/minecraft/client/particle/EntitySuspendFX$Factory
instanceKlass net/minecraft/client/particle/EntitySplashFX$Factory
instanceKlass net/minecraft/client/particle/EntitySpellParticleFX$WitchFactory
instanceKlass net/minecraft/client/particle/EntitySpellParticleFX$MobFactory
instanceKlass net/minecraft/client/particle/EntitySpellParticleFX$InstantFactory
instanceKlass net/minecraft/client/particle/EntitySpellParticleFX$Factory
instanceKlass net/minecraft/client/particle/EntitySpellParticleFX$AmbientMobFactory
instanceKlass net/minecraft/client/particle/EntitySnowShovelFX$Factory
instanceKlass net/minecraft/client/particle/EntitySmokeFX$Factory
instanceKlass net/minecraft/client/particle/EntityReddustFX$Factory
instanceKlass net/minecraft/client/particle/EntityRainFX$Factory
instanceKlass net/minecraft/client/particle/EntityPortalFX$Factory
instanceKlass net/minecraft/client/particle/EntityNoteFX$Factory
instanceKlass net/minecraft/client/particle/EntityLavaFX$Factory
instanceKlass net/minecraft/client/particle/EntityLargeExplodeFX$Factory
instanceKlass net/minecraft/client/particle/EntityHugeExplodeFX$Factory
instanceKlass net/minecraft/client/particle/EntityHeartFX$Factory
instanceKlass net/minecraft/client/particle/EntityHeartFX$AngryVillagerFactory
instanceKlass net/minecraft/client/particle/EntityFootStepFX$Factory
instanceKlass net/minecraft/client/particle/EntityFlameFX$Factory
instanceKlass net/minecraft/client/particle/EntityFishWakeFX$Factory
instanceKlass net/minecraft/client/particle/EntityFirework
instanceKlass net/minecraft/client/particle/EntityFirework$Factory
instanceKlass net/minecraft/client/particle/EntityExplodeFX$Factory
instanceKlass net/minecraft/client/particle/EntityEnchantmentTableParticleFX$EnchantmentTable
instanceKlass net/minecraft/client/particle/EntityDropParticleFX$WaterFactory
instanceKlass net/minecraft/client/particle/EntityDropParticleFX$LavaFactory
instanceKlass net/minecraft/client/particle/EntityDiggingFX$Factory
instanceKlass net/minecraft/client/particle/EntityCritFX$Factory
instanceKlass net/minecraft/client/particle/EntityCrit2FX$MagicFactory
instanceKlass net/minecraft/client/particle/EntityCrit2FX$Factory
instanceKlass net/minecraft/client/particle/EntityCloudFX$Factory
instanceKlass net/minecraft/client/particle/EntityBubbleFX$Factory
instanceKlass net/minecraft/client/particle/EntityBreakingFX$SnowballFactory
instanceKlass net/minecraft/client/particle/EntityBreakingFX$SlimeFactory
instanceKlass net/minecraft/client/particle/EntityBreakingFX$Factory
instanceKlass net/minecraft/client/particle/EntityBlockDustFX$Factory
instanceKlass net/minecraft/client/particle/EntityAuraFX$HappyVillagerFactory
instanceKlass net/minecraft/client/particle/EntityAuraFX$Factory
instanceKlass net/minecraft/client/particle/EffectRenderer
instanceKlass net/minecraft/client/particle/EffectRenderer$4
instanceKlass net/minecraft/client/particle/EffectRenderer$3
instanceKlass net/minecraft/client/particle/EffectRenderer$2
instanceKlass net/minecraft/client/particle/EffectRenderer$1
instanceKlass net/minecraft/client/particle/Barrier$Factory
instanceKlass net/minecraft/client/particle/IParticleFactory
instanceKlass net/minecraft/client/network/OldServerPinger
instanceKlass io/netty/channel/ChannelHandler$Sharable
instanceKlass io/netty/channel/ChannelHandlerAdapter
instanceKlass io/netty/channel/ChannelInboundHandler
instanceKlass io/netty/channel/ChannelHandler
instanceKlass net/minecraft/client/network/OldServerPinger$1
instanceKlass net/minecraft/network/status/INetHandlerStatusClient
instanceKlass net/minecraft/client/network/NetworkPlayerInfo
instanceKlass net/minecraft/client/network/NetworkPlayerInfo$1
instanceKlass net/minecraft/client/resources/SkinManager$SkinAvailableCallback
instanceKlass net/minecraft/client/network/NetHandlerPlayClient
instanceKlass net/minecraft/network/play/INetHandlerPlayClient
instanceKlass net/minecraft/client/network/NetHandlerPlayClient$3
instanceKlass net/minecraft/client/network/NetHandlerPlayClient$3$1
instanceKlass net/minecraft/client/network/NetHandlerPlayClient$3$1$1
instanceKlass net/minecraft/client/network/NetHandlerPlayClient$2
instanceKlass net/minecraft/client/network/NetHandlerPlayClient$1
instanceKlass com/google/common/util/concurrent/FutureCallback
instanceKlass net/minecraft/client/network/NetHandlerLoginClient
instanceKlass net/minecraft/network/login/INetHandlerLoginClient
instanceKlass net/minecraft/client/network/NetHandlerLoginClient$1
instanceKlass io/netty/util/concurrent/GenericFutureListener
instanceKlass net/minecraft/client/network/NetHandlerHandshakeMemory
instanceKlass net/minecraft/network/handshake/INetHandlerHandshakeServer
instanceKlass net/minecraft/client/network/LanServerDetector
instanceKlass net/minecraft/client/network/LanServerDetector$LanServerList
instanceKlass net/minecraft/client/network/LanServerDetector$LanServer
instanceKlass net/minecraft/client/multiplayer/WorldClient$4
instanceKlass net/minecraft/client/multiplayer/WorldClient$3
instanceKlass net/minecraft/client/multiplayer/WorldClient$2
instanceKlass net/minecraft/client/multiplayer/WorldClient$1
instanceKlass net/minecraft/client/multiplayer/ServerList
instanceKlass net/minecraft/client/multiplayer/ServerData
instanceKlass net/minecraft/client/multiplayer/ServerAddress
instanceKlass net/minecraft/client/multiplayer/PlayerControllerMP
instanceKlass net/minecraft/client/multiplayer/ChunkProviderClient
instanceKlass net/minecraft/world/chunk/IChunkProvider
instanceKlass net/minecraft/client/model/TextureOffset
instanceKlass net/minecraft/client/model/TexturedQuad
instanceKlass net/minecraft/client/model/PositionTextureVertex
instanceKlass net/minecraft/client/model/ModelRenderer
instanceKlass net/minecraft/client/model/ModelBox
instanceKlass net/minecraft/client/model/ModelBase
instanceKlass net/minecraft/client/Minecraft$9
instanceKlass net/minecraft/client/Minecraft$8
instanceKlass net/minecraft/client/Minecraft$7
instanceKlass net/minecraft/client/Minecraft$6
instanceKlass net/minecraft/client/Minecraft$5
instanceKlass net/minecraft/client/Minecraft$4
instanceKlass net/minecraft/client/Minecraft$3
instanceKlass net/minecraft/client/Minecraft$17
instanceKlass net/minecraft/client/Minecraft$16
instanceKlass net/minecraft/client/Minecraft$15
instanceKlass net/minecraft/client/Minecraft$14
instanceKlass net/minecraft/client/Minecraft$13
instanceKlass net/minecraft/client/Minecraft$12
instanceKlass net/minecraft/client/Minecraft$11
instanceKlass net/minecraft/client/Minecraft$10
instanceKlass net/minecraft/client/Minecraft$1
instanceKlass net/minecraft/client/main/GameConfiguration
instanceKlass net/minecraft/client/main/GameConfiguration$UserInformation
instanceKlass net/minecraft/client/main/GameConfiguration$ServerInformation
instanceKlass net/minecraft/client/main/GameConfiguration$GameInformation
instanceKlass net/minecraft/client/main/GameConfiguration$FolderInformation
instanceKlass net/minecraft/client/main/GameConfiguration$DisplayInformation
instanceKlass net/minecraft/client/LoadingScreenRenderer
instanceKlass net/minecraft/client/gui/spectator/SpectatorMenu
instanceKlass net/minecraft/client/gui/spectator/SpectatorMenu$MoveMenuObject
instanceKlass net/minecraft/client/gui/spectator/SpectatorMenu$EndSpectatorObject
instanceKlass net/minecraft/client/gui/spectator/SpectatorMenu$1
instanceKlass net/minecraft/client/gui/spectator/PlayerMenuObject
instanceKlass net/minecraft/client/gui/spectator/categories/TeleportToTeam
instanceKlass net/minecraft/client/gui/spectator/categories/TeleportToTeam$TeamSelectionObject
instanceKlass net/minecraft/client/gui/spectator/categories/TeleportToPlayer
instanceKlass net/minecraft/client/gui/spectator/ISpectatorMenuObject
instanceKlass net/minecraft/client/gui/spectator/categories/TeleportToPlayer$1
instanceKlass net/minecraft/client/gui/spectator/categories/SpectatorDetails
instanceKlass net/minecraft/client/gui/spectator/BaseSpectatorGroup
instanceKlass net/minecraft/client/gui/spectator/ISpectatorMenuView
instanceKlass net/minecraft/client/gui/ServerListEntryNormal
instanceKlass net/minecraft/client/gui/ServerListEntryNormal$1
instanceKlass net/minecraft/client/gui/ServerListEntryLanScan
instanceKlass net/minecraft/client/gui/ServerListEntryLanDetected
instanceKlass net/minecraft/client/gui/ScaledResolution
instanceKlass net/minecraft/client/gui/MapItemRenderer
instanceKlass net/minecraft/client/gui/MapItemRenderer$Instance
instanceKlass net/minecraft/inventory/Slot
instanceKlass net/minecraft/inventory/Container
instanceKlass net/minecraft/client/gui/inventory/CreativeCrafting
instanceKlass net/minecraft/client/gui/GuiUtilRenderComponents
instanceKlass net/minecraft/client/gui/GuiStreamIndicator
instanceKlass net/minecraft/client/gui/spectator/ISpectatorMenuRecipient
instanceKlass net/minecraft/util/IProgressUpdate
instanceKlass net/minecraft/client/gui/GuiScreenCustomizePresets$Info
instanceKlass net/minecraft/client/gui/GuiScreenAddServer$1
instanceKlass net/minecraft/inventory/ICrafting
instanceKlass net/minecraft/client/gui/GuiPlayerTabOverlay$PlayerComparator
instanceKlass net/minecraft/client/gui/GuiPageButtonList$GuiEntry
instanceKlass net/minecraft/client/gui/GuiPageButtonList$GuiListEntry
instanceKlass net/minecraft/client/gui/GuiOptionsRowList$Row
instanceKlass net/minecraft/client/gui/GuiKeyBindingList$KeyEntry
instanceKlass net/minecraft/client/gui/GuiKeyBindingList$CategoryEntry
instanceKlass net/minecraft/client/gui/GuiListExtended$IGuiListEntry
instanceKlass net/minecraft/client/gui/GuiIngame$1
instanceKlass net/minecraft/client/gui/GuiFlatPresets$LayerItem
instanceKlass net/minecraft/client/gui/GuiPageButtonList$GuiResponder
instanceKlass net/minecraft/client/gui/GuiSlider$FormatHelper
instanceKlass net/minecraft/client/gui/GuiCustomizeWorldScreen$1
instanceKlass net/minecraft/client/gui/FontRenderer
instanceKlass net/minecraft/client/gui/ChatLine
instanceKlass net/minecraft/client/gui/achievement/GuiStats$StatsItem$1
instanceKlass net/minecraft/client/gui/achievement/GuiStats$StatsBlock$1
instanceKlass net/minecraft/client/gui/GuiSlot
instanceKlass net/minecraft/client/gui/IProgressMeter
instanceKlass net/minecraft/client/ClientBrandRetriever
instanceKlass net/minecraft/util/RegistrySimple
instanceKlass net/minecraft/util/IRegistry
instanceKlass net/minecraft/client/audio/SoundPoolEntry
instanceKlass net/minecraft/client/audio/SoundManager
instanceKlass paulscode/sound/SoundSystem
instanceKlass net/minecraft/client/audio/SoundManager$1
instanceKlass paulscode/sound/SoundSystemLogger
instanceKlass net/minecraft/client/audio/SoundListSerializer
instanceKlass net/minecraft/client/audio/SoundList
instanceKlass net/minecraft/client/audio/SoundList$SoundEntry
instanceKlass net/minecraft/client/audio/SoundHandler
instanceKlass net/minecraft/client/audio/SoundHandler$2
instanceKlass net/minecraft/client/audio/SoundHandler$1
instanceKlass net/minecraft/client/audio/SoundEventAccessorComposite
instanceKlass net/minecraft/client/audio/SoundEventAccessor
instanceKlass net/minecraft/client/audio/MusicTicker
instanceKlass net/minecraft/client/audio/ISoundEventAccessor
instanceKlass net/minecraft/client/audio/PositionedSound
instanceKlass net/minecraft/client/audio/ITickableSound
instanceKlass net/minecraft/util/ITickable
instanceKlass net/minecraft/client/audio/ISound
instanceKlass net/minecraft/block/state/pattern/FactoryBlockPattern
instanceKlass net/minecraft/block/state/pattern/BlockStateHelper
instanceKlass net/minecraft/block/state/pattern/BlockPattern
instanceKlass net/minecraft/block/state/pattern/BlockPattern$PatternHelper
instanceKlass com/google/common/cache/CacheLoader
instanceKlass net/minecraft/block/state/pattern/BlockHelper
instanceKlass net/minecraft/block/state/BlockWorldState
instanceKlass net/minecraft/block/state/BlockWorldState$1
instanceKlass net/minecraft/block/state/BlockStateBase$1
instanceKlass net/minecraft/block/state/BlockState
instanceKlass net/minecraft/block/state/BlockStateBase
instanceKlass net/minecraft/block/state/IBlockState
instanceKlass net/minecraft/block/state/BlockState$2
instanceKlass net/minecraft/block/state/BlockState$1
instanceKlass com/google/common/base/Function
instanceKlass net/minecraft/block/state/BlockPistonStructureHelper
instanceKlass net/minecraft/block/properties/PropertyHelper
instanceKlass net/minecraft/block/properties/IProperty
instanceKlass net/minecraft/block/material/Material
instanceKlass net/minecraft/block/material/MapColor
instanceKlass net/minecraft/block/BlockWorkbench$InterfaceCraftingTable
instanceKlass net/minecraft/block/BlockTorch$1
instanceKlass net/minecraft/block/BlockStem$1
instanceKlass net/minecraft/block/BlockSourceImpl
instanceKlass net/minecraft/dispenser/IBlockSource
instanceKlass net/minecraft/dispenser/ILocatableSource
instanceKlass net/minecraft/dispenser/ILocation
instanceKlass net/minecraft/dispenser/IPosition
instanceKlass net/minecraft/block/BlockSkull$1
instanceKlass net/minecraft/block/BlockRedstoneTorch$Toggle
instanceKlass net/minecraft/block/BlockRedstoneComparator$1
instanceKlass net/minecraft/block/BlockRailPowered$1
instanceKlass net/minecraft/block/BlockRailDetector$1
instanceKlass net/minecraft/block/BlockRailBase$Rail
instanceKlass net/minecraft/block/BlockPumpkin$1
instanceKlass net/minecraft/block/BlockPortal$Size
instanceKlass net/minecraft/block/BlockOldLog$1
instanceKlass net/minecraft/block/BlockOldLeaf$1
instanceKlass net/minecraft/block/BlockNewLog$1
instanceKlass net/minecraft/block/BlockNewLeaf$1
instanceKlass net/minecraft/tileentity/TileEntity
instanceKlass net/minecraft/block/BlockHopper$1
instanceKlass net/minecraft/block/BlockFlower$EnumFlowerType$1
instanceKlass net/minecraft/block/BlockFlower$1
instanceKlass com/google/common/base/Predicate
instanceKlass net/minecraft/block/BlockEventData
instanceKlass net/minecraft/block/IGrowable
instanceKlass net/minecraft/util/IStringSerializable
instanceKlass net/minecraft/block/BlockBeacon$1
instanceKlass net/minecraft/block/BlockBeacon$1$1
instanceKlass net/minecraft/block/ITileEntityProvider
instanceKlass net/minecraft/block/BlockAnvil$Anvil
instanceKlass net/minecraft/world/IInteractionObject
instanceKlass net/minecraft/world/IWorldNameable
instanceKlass net/minecraft/block/Block
instanceKlass net/minecraft/block/Block$SoundType
instanceKlass java/net/URLEncoder
instanceKlass java/net/URLDecoder
instanceKlass java/net/InetAddress$CacheEntry
instanceKlass java/util/LinkedList$ListItr
instanceKlass sun/net/InetAddressCachePolicy$2
instanceKlass sun/net/InetAddressCachePolicy$1
instanceKlass sun/net/InetAddressCachePolicy
instanceKlass org/apache/logging/log4j/core/helpers/NetUtils
instanceKlass org/apache/logging/log4j/status/StatusConsoleListener
instanceKlass org/w3c/dom/Attr
instanceKlass com/sun/org/apache/xerces/internal/dom/NamedNodeMapImpl
instanceKlass org/w3c/dom/NamedNodeMap
instanceKlass com/sun/org/apache/xerces/internal/dom/DeferredDocumentImpl$RefCount
instanceKlass com/sun/org/apache/xerces/internal/dom/NodeListCache
instanceKlass org/w3c/dom/TypeInfo
instanceKlass org/w3c/dom/Element
instanceKlass org/w3c/dom/DocumentType
instanceKlass com/sun/org/apache/xerces/internal/dom/NodeImpl
instanceKlass org/w3c/dom/events/EventTarget
instanceKlass org/w3c/dom/NodeList
instanceKlass org/w3c/dom/Document
instanceKlass org/w3c/dom/ranges/DocumentRange
instanceKlass org/w3c/dom/events/DocumentEvent
instanceKlass org/w3c/dom/traversal/DocumentTraversal
instanceKlass com/sun/org/apache/xerces/internal/dom/DeferredNode
instanceKlass org/w3c/dom/Node
instanceKlass com/sun/org/apache/xerces/internal/impl/Constants$ArrayEnumeration
instanceKlass com/sun/org/apache/xerces/internal/impl/Constants
instanceKlass com/sun/org/apache/xerces/internal/util/IntStack
instanceKlass com/sun/org/apache/xerces/internal/xinclude/XIncludeMessageFormatter
instanceKlass com/sun/org/apache/xerces/internal/util/XMLSymbols
instanceKlass com/sun/org/apache/xerces/internal/xinclude/XIncludeHandler
instanceKlass com/sun/org/apache/xerces/internal/util/XMLChar
instanceKlass com/sun/xml/internal/stream/Entity
instanceKlass com/sun/xml/internal/stream/util/BufferAllocator
instanceKlass com/sun/xml/internal/stream/util/ThreadLocalBufferAllocator
instanceKlass com/sun/org/apache/xerces/internal/utils/XMLLimitAnalyzer
instanceKlass com/sun/org/apache/xerces/internal/xni/parser/XMLInputSource
instanceKlass com/sun/org/apache/xerces/internal/utils/XMLSecurityPropertyManager
instanceKlass com/sun/org/apache/xerces/internal/util/PropertyState
instanceKlass com/sun/org/apache/xerces/internal/util/FeatureState
instanceKlass com/sun/org/apache/xerces/internal/impl/msg/XMLMessageFormatter
instanceKlass com/sun/org/apache/xerces/internal/util/MessageFormatter
instanceKlass com/sun/org/apache/xerces/internal/impl/XMLVersionDetector
instanceKlass com/sun/org/apache/xerces/internal/impl/validation/ValidationManager
instanceKlass com/sun/org/apache/xerces/internal/impl/dv/dtd/NMTOKENDatatypeValidator
instanceKlass com/sun/org/apache/xerces/internal/impl/dv/dtd/NOTATIONDatatypeValidator
instanceKlass com/sun/org/apache/xerces/internal/impl/dv/dtd/ENTITYDatatypeValidator
instanceKlass com/sun/org/apache/xerces/internal/impl/dv/dtd/ListDatatypeValidator
instanceKlass com/sun/org/apache/xerces/internal/impl/dv/dtd/IDREFDatatypeValidator
instanceKlass com/sun/org/apache/xerces/internal/impl/dv/dtd/IDDatatypeValidator
instanceKlass com/sun/org/apache/xerces/internal/impl/dv/dtd/StringDatatypeValidator
instanceKlass com/sun/org/apache/xerces/internal/impl/dv/DatatypeValidator
instanceKlass com/sun/org/apache/xerces/internal/impl/dv/DTDDVFactory
instanceKlass com/sun/org/apache/xerces/internal/impl/dtd/DTDGrammarBucket
instanceKlass com/sun/org/apache/xerces/internal/impl/dtd/XMLAttributeDecl
instanceKlass com/sun/org/apache/xerces/internal/impl/dtd/XMLSimpleType
instanceKlass com/sun/org/apache/xerces/internal/impl/dtd/XMLElementDecl
instanceKlass com/sun/org/apache/xerces/internal/impl/validation/ValidationState
instanceKlass com/sun/org/apache/xerces/internal/impl/dv/ValidationContext
instanceKlass com/sun/org/apache/xerces/internal/impl/dtd/XMLDTDValidator
instanceKlass com/sun/org/apache/xerces/internal/impl/RevalidationHandler
instanceKlass com/sun/org/apache/xerces/internal/impl/dtd/XMLDTDValidatorFilter
instanceKlass com/sun/org/apache/xerces/internal/xni/parser/XMLDocumentFilter
instanceKlass com/sun/org/apache/xerces/internal/impl/dtd/XMLEntityDecl
instanceKlass com/sun/org/apache/xerces/internal/impl/dtd/XMLDTDProcessor
instanceKlass com/sun/org/apache/xerces/internal/xni/parser/XMLDTDContentModelFilter
instanceKlass com/sun/org/apache/xerces/internal/xni/parser/XMLDTDFilter
instanceKlass com/sun/org/apache/xerces/internal/xni/parser/XMLDTDScanner
instanceKlass com/sun/org/apache/xerces/internal/xni/parser/XMLDTDContentModelSource
instanceKlass com/sun/org/apache/xerces/internal/xni/parser/XMLDTDSource
instanceKlass com/sun/org/apache/xerces/internal/xni/grammars/XMLDTDDescription
instanceKlass com/sun/org/apache/xerces/internal/xni/grammars/XMLGrammarDescription
instanceKlass com/sun/org/apache/xerces/internal/impl/XMLDocumentScannerImpl$TrailingMiscDriver
instanceKlass com/sun/org/apache/xerces/internal/impl/XMLDocumentScannerImpl$PrologDriver
instanceKlass com/sun/org/apache/xerces/internal/impl/XMLDocumentScannerImpl$XMLDeclDriver
instanceKlass com/sun/org/apache/xerces/internal/util/NamespaceSupport
instanceKlass com/sun/org/apache/xerces/internal/xni/NamespaceContext
instanceKlass com/sun/org/apache/xerces/internal/util/XMLAttributesImpl$Attribute
instanceKlass com/sun/org/apache/xerces/internal/util/XMLAttributesImpl
instanceKlass com/sun/org/apache/xerces/internal/xni/XMLAttributes
instanceKlass com/sun/org/apache/xerces/internal/impl/XMLDocumentFragmentScannerImpl$FragmentContentDriver
instanceKlass com/sun/org/apache/xerces/internal/impl/XMLDocumentFragmentScannerImpl$Driver
instanceKlass com/sun/org/apache/xerces/internal/impl/XMLDocumentFragmentScannerImpl$ElementStack2
instanceKlass com/sun/org/apache/xerces/internal/xni/QName
instanceKlass com/sun/org/apache/xerces/internal/impl/XMLDocumentFragmentScannerImpl$ElementStack
instanceKlass com/sun/org/apache/xerces/internal/xni/XMLString
instanceKlass com/sun/org/apache/xerces/internal/impl/XMLScanner
instanceKlass com/sun/xml/internal/stream/XMLBufferListener
instanceKlass com/sun/org/apache/xerces/internal/impl/XMLEntityHandler
instanceKlass com/sun/org/apache/xerces/internal/xni/parser/XMLDocumentScanner
instanceKlass com/sun/org/apache/xerces/internal/xni/parser/XMLDocumentSource
instanceKlass com/sun/org/apache/xerces/internal/impl/XMLErrorReporter
instanceKlass com/sun/org/apache/xerces/internal/impl/XMLEntityScanner
instanceKlass com/sun/org/apache/xerces/internal/xni/XMLLocator
instanceKlass com/sun/xml/internal/stream/XMLEntityStorage
instanceKlass com/sun/org/apache/xerces/internal/utils/SecuritySupport$8
instanceKlass com/sun/org/apache/xerces/internal/utils/SecuritySupport$4
instanceKlass com/sun/org/apache/xerces/internal/utils/SecuritySupport
instanceKlass com/sun/org/apache/xerces/internal/utils/XMLSecurityManager
instanceKlass com/sun/org/apache/xerces/internal/impl/XMLEntityManager$CharacterBuffer
instanceKlass com/sun/org/apache/xerces/internal/impl/XMLEntityManager$CharacterBufferPool
instanceKlass com/sun/org/apache/xerces/internal/util/AugmentationsImpl$AugmentationsItemsContainer
instanceKlass com/sun/org/apache/xerces/internal/util/AugmentationsImpl
instanceKlass com/sun/org/apache/xerces/internal/xni/Augmentations
instanceKlass com/sun/org/apache/xerces/internal/util/XMLResourceIdentifierImpl
instanceKlass com/sun/org/apache/xerces/internal/xni/XMLResourceIdentifier
instanceKlass com/sun/org/apache/xerces/internal/impl/XMLEntityManager
instanceKlass com/sun/org/apache/xerces/internal/xni/parser/XMLEntityResolver
instanceKlass com/sun/org/apache/xerces/internal/xni/parser/XMLComponent
instanceKlass com/sun/org/apache/xerces/internal/util/SymbolTable$Entry
instanceKlass com/sun/org/apache/xerces/internal/util/SymbolTable
instanceKlass javax/xml/parsers/SAXParserFactory
instanceKlass jdk/xml/internal/SecuritySupport$2
instanceKlass jdk/xml/internal/SecuritySupport$1
instanceKlass jdk/xml/internal/SecuritySupport
instanceKlass jdk/xml/internal/JdkXmlUtils
instanceKlass com/sun/org/apache/xerces/internal/util/ParserConfigurationSettings
instanceKlass com/sun/org/apache/xerces/internal/parsers/XML11Configurable
instanceKlass com/sun/org/apache/xerces/internal/xni/parser/XMLPullParserConfiguration
instanceKlass com/sun/org/apache/xerces/internal/xni/parser/XMLParserConfiguration
instanceKlass com/sun/org/apache/xerces/internal/xni/parser/XMLComponentManager
instanceKlass com/sun/org/apache/xerces/internal/parsers/XMLParser
instanceKlass com/sun/org/apache/xerces/internal/xni/XMLDTDContentModelHandler
instanceKlass com/sun/org/apache/xerces/internal/xni/XMLDTDHandler
instanceKlass com/sun/org/apache/xerces/internal/xni/XMLDocumentHandler
instanceKlass javax/xml/parsers/DocumentBuilder
instanceKlass com/sun/org/apache/xerces/internal/jaxp/JAXPConstants
instanceKlass javax/xml/parsers/SecuritySupport$1
instanceKlass javax/xml/parsers/FactoryFinder$1
instanceKlass javax/xml/parsers/SecuritySupport$5
instanceKlass javax/xml/parsers/SecuritySupport$2
instanceKlass javax/xml/parsers/SecuritySupport
instanceKlass javax/xml/parsers/FactoryFinder
instanceKlass javax/xml/parsers/DocumentBuilderFactory
instanceKlass org/xml/sax/InputSource
instanceKlass javax/xml/transform/Source
instanceKlass org/apache/logging/log4j/core/config/Reconfigurable
instanceKlass org/apache/logging/log4j/core/config/ConfigurationFactory$ConfigurationSource
instanceKlass org/apache/logging/log4j/core/helpers/FileUtils
instanceKlass org/apache/logging/log4j/core/config/ConfigurationFactory$WeightedFactory
instanceKlass org/apache/logging/log4j/core/config/Order
instanceKlass org/apache/logging/log4j/core/appender/DefaultErrorHandler
instanceKlass org/apache/logging/log4j/core/appender/ConsoleAppender$FactoryData
instanceKlass org/apache/logging/log4j/core/impl/ThrowableFormatOptions
instanceKlass org/apache/logging/log4j/core/pattern/PatternFormatter
instanceKlass org/apache/logging/log4j/core/pattern/PatternParser$1
instanceKlass org/apache/logging/log4j/core/pattern/FormattingInfo
instanceKlass sun/reflect/ClassDefiner$1
instanceKlass sun/reflect/ClassDefiner
instanceKlass sun/reflect/MethodAccessorGenerator$1
instanceKlass sun/reflect/Label$PatchInfo
instanceKlass sun/reflect/Label
instanceKlass sun/reflect/UTF8
instanceKlass sun/reflect/ClassFileAssembler
instanceKlass sun/reflect/ByteVectorImpl
instanceKlass sun/reflect/ByteVector
instanceKlass sun/reflect/ByteVectorFactory
instanceKlass sun/reflect/AccessorGenerator
instanceKlass sun/reflect/ClassFileConstants
instanceKlass org/apache/logging/log4j/core/config/plugins/Plugin
instanceKlass org/apache/logging/log4j/core/pattern/ConverterKeys
instanceKlass org/apache/logging/log4j/core/config/plugins/ResolverUtil$ClassTest
instanceKlass org/apache/logging/log4j/core/helpers/Closer
instanceKlass org/apache/logging/log4j/core/lookup/WebLookup
instanceKlass org/apache/logging/log4j/core/lookup/ContextMapLookup
instanceKlass org/apache/logging/log4j/core/lookup/DateLookup
instanceKlass org/apache/logging/log4j/core/lookup/StructuredDataLookup
instanceKlass org/apache/logging/log4j/core/pattern/FileDatePatternConverter
instanceKlass org/apache/logging/log4j/core/pattern/NameAbbreviator
instanceKlass java/util/EnumMap$1
instanceKlass org/apache/logging/log4j/core/config/plugins/AppendersPlugin
instanceKlass org/apache/logging/log4j/core/layout/RFC5424Layout$ListChecker
instanceKlass org/apache/logging/log4j/core/appender/ConsoleAppender$ConsoleManagerFactory
instanceKlass org/apache/logging/log4j/core/appender/ManagerFactory
instanceKlass org/apache/logging/log4j/core/helpers/KeyValuePair
instanceKlass org/apache/logging/log4j/core/layout/LoggerFields
instanceKlass org/apache/logging/log4j/core/pattern/RegexReplacement
instanceKlass org/apache/logging/log4j/core/appender/rewrite/MapRewritePolicy
instanceKlass java/lang/Throwable$PrintStreamOrWriter
instanceKlass org/apache/logging/log4j/core/net/MulticastDNSAdvertiser
instanceKlass java/util/concurrent/Delayed
instanceKlass org/apache/logging/log4j/core/appender/rewrite/PropertiesRewritePolicy
instanceKlass org/apache/logging/log4j/core/appender/rewrite/RewritePolicy
instanceKlass org/apache/logging/log4j/core/appender/db/jdbc/DataSourceConnectionSource
instanceKlass org/apache/logging/log4j/core/appender/FailoversPlugin
instanceKlass org/apache/logging/log4j/core/appender/routing/Routes
instanceKlass org/apache/logging/log4j/core/config/Property
instanceKlass org/apache/logging/log4j/core/config/AppenderRef
instanceKlass org/apache/logging/log4j/core/appender/rolling/TimeBasedTriggeringPolicy
instanceKlass org/apache/logging/log4j/core/appender/db/jdbc/DriverManagerConnectionSource
instanceKlass org/apache/logging/log4j/core/config/plugins/LoggersPlugin
instanceKlass org/apache/logging/log4j/core/appender/rolling/SizeBasedTriggeringPolicy
instanceKlass org/apache/logging/log4j/core/appender/rolling/RolloverDescription
instanceKlass org/apache/logging/log4j/core/appender/rolling/helper/Action
instanceKlass org/apache/logging/log4j/core/appender/rolling/DefaultRolloverStrategy
instanceKlass org/apache/logging/log4j/core/appender/rolling/RolloverStrategy
instanceKlass org/apache/logging/log4j/core/appender/db/nosql/mongo/MongoDBProvider
instanceKlass javax/sql/DataSource
instanceKlass java/sql/Wrapper
instanceKlass javax/sql/CommonDataSource
instanceKlass org/apache/logging/log4j/core/appender/db/jdbc/FactoryMethodConnectionSource
instanceKlass org/apache/logging/log4j/core/appender/db/jdbc/ConnectionSource
instanceKlass org/apache/logging/log4j/core/net/ssl/SSLConfiguration
instanceKlass org/apache/logging/log4j/core/config/plugins/PropertiesPlugin
instanceKlass org/apache/logging/log4j/core/appender/db/nosql/NoSQLConnection
instanceKlass org/apache/logging/log4j/core/appender/db/nosql/couch/CouchDBProvider
instanceKlass org/apache/logging/log4j/core/appender/db/nosql/NoSQLProvider
instanceKlass org/apache/logging/log4j/core/filter/CompositeFilter
instanceKlass org/apache/logging/log4j/core/net/ssl/StoreConfiguration
instanceKlass org/apache/logging/log4j/core/appender/db/jdbc/ColumnConfig
instanceKlass org/apache/logging/log4j/core/filter/AbstractFilter
instanceKlass java/io/Bits
instanceKlass java/io/ObjectOutputStream$ReplaceTable
instanceKlass java/io/ObjectOutputStream$HandleTable
instanceKlass org/apache/logging/log4j/core/appender/rolling/CompositeTriggeringPolicy
instanceKlass org/apache/logging/log4j/core/helpers/Constants
instanceKlass org/apache/logging/log4j/core/appender/AbstractManager
instanceKlass org/apache/logging/log4j/core/appender/rolling/OnStartupTriggeringPolicy
instanceKlass org/apache/logging/log4j/core/appender/rolling/TriggeringPolicy
instanceKlass org/apache/logging/log4j/core/appender/routing/Route
instanceKlass org/apache/logging/log4j/core/ErrorHandler
instanceKlass org/apache/logging/log4j/core/config/plugins/PluginType
instanceKlass org/apache/logging/log4j/core/config/ConfigurationFactory
instanceKlass org/apache/logging/log4j/core/config/plugins/ResolverUtil
instanceKlass org/apache/logging/log4j/core/pattern/ArrayPatternConverter
instanceKlass org/apache/logging/log4j/core/pattern/AbstractPatternConverter
instanceKlass org/apache/logging/log4j/core/pattern/PatternConverter
instanceKlass org/apache/logging/log4j/core/pattern/PatternParser
instanceKlass org/apache/logging/log4j/core/helpers/Booleans
instanceKlass org/apache/logging/log4j/core/helpers/Charsets
instanceKlass org/apache/logging/log4j/core/layout/AbstractLayout
instanceKlass org/apache/logging/log4j/core/config/Node
instanceKlass org/apache/logging/log4j/core/config/plugins/ResolverUtil$Test
instanceKlass org/apache/logging/log4j/core/config/plugins/PluginManager
instanceKlass org/apache/logging/log4j/core/LogEvent
instanceKlass org/apache/logging/log4j/core/impl/DefaultLogEventFactory
instanceKlass org/apache/logging/log4j/core/impl/LogEventFactory
instanceKlass org/apache/logging/log4j/core/helpers/Strings
instanceKlass java/util/DualPivotQuicksort
instanceKlass org/apache/logging/log4j/core/lookup/StrMatcher
instanceKlass org/apache/logging/log4j/core/lookup/StrSubstitutor
instanceKlass org/apache/logging/log4j/core/lookup/JndiLookup
instanceKlass org/apache/logging/log4j/core/lookup/EnvironmentLookup
instanceKlass org/apache/logging/log4j/core/lookup/SystemPropertiesLookup
instanceKlass org/apache/logging/log4j/core/lookup/MapLookup
instanceKlass org/apache/logging/log4j/core/lookup/Interpolator
instanceKlass org/apache/logging/log4j/core/config/DefaultAdvertiser
instanceKlass org/apache/logging/log4j/core/config/DefaultConfigurationMonitor
instanceKlass org/apache/logging/log4j/core/Appender
instanceKlass org/apache/logging/log4j/core/Layout
instanceKlass org/apache/logging/log4j/core/lookup/StrLookup
instanceKlass org/apache/logging/log4j/core/net/Advertiser
instanceKlass org/apache/logging/log4j/core/config/ConfigurationMonitor
instanceKlass org/apache/logging/log4j/core/Filter
instanceKlass org/apache/logging/log4j/core/filter/AbstractFilterable
instanceKlass org/apache/logging/log4j/core/config/Configuration
instanceKlass org/apache/logging/log4j/core/filter/Filterable
instanceKlass org/apache/logging/log4j/core/LoggerContext
instanceKlass org/apache/logging/log4j/core/LifeCycle
instanceKlass org/apache/logging/log4j/core/config/ConfigurationListener
instanceKlass java/text/DontCareFieldPosition$1
instanceKlass java/text/Format$FieldDelegate
instanceKlass java/text/DigitList
instanceKlass java/text/FieldPosition
instanceKlass java/util/Currency$CurrencyNameGetter
instanceKlass java/util/Currency$1
instanceKlass java/util/Currency
instanceKlass java/text/DecimalFormatSymbols
instanceKlass java/util/concurrent/atomic/AtomicMarkableReference$Pair
instanceKlass java/util/concurrent/atomic/AtomicMarkableReference
instanceKlass java/text/DateFormatSymbols
instanceKlass sun/util/calendar/CalendarUtils
instanceKlass sun/util/calendar/CalendarDate
instanceKlass sun/util/locale/LanguageTag
instanceKlass java/util/ResourceBundle$CacheKeyReference
instanceKlass java/util/ResourceBundle$CacheKey
instanceKlass java/util/ResourceBundle$RBClassLoader$1
instanceKlass java/util/spi/ResourceBundleControlProvider
instanceKlass java/util/ResourceBundle
instanceKlass java/util/ResourceBundle$Control
instanceKlass sun/util/resources/LocaleData$1
instanceKlass sun/util/resources/LocaleData
instanceKlass sun/util/locale/provider/LocaleResources
instanceKlass sun/util/locale/provider/CalendarDataUtility$CalendarWeekParameterGetter
instanceKlass sun/util/locale/provider/LocaleServiceProviderPool$LocalizedObjectGetter
instanceKlass java/util/ServiceLoader$1
instanceKlass java/util/ServiceLoader$LazyIterator
instanceKlass java/util/ServiceLoader
instanceKlass sun/util/locale/provider/SPILocaleProviderAdapter$1
instanceKlass sun/util/locale/provider/LocaleServiceProviderPool
instanceKlass sun/util/locale/provider/CalendarDataUtility
instanceKlass java/util/Calendar$Builder
instanceKlass sun/util/locale/provider/JRELocaleProviderAdapter$1
instanceKlass sun/util/locale/provider/LocaleDataMetaInfo
instanceKlass sun/util/locale/provider/AvailableLanguageTags
instanceKlass sun/util/locale/provider/LocaleProviderAdapter$1
instanceKlass sun/util/locale/provider/ResourceBundleBasedAdapter
instanceKlass sun/util/locale/provider/LocaleProviderAdapter
instanceKlass java/util/spi/LocaleServiceProvider
instanceKlass java/util/Calendar
instanceKlass java/util/TimeZone$1
instanceKlass java/util/zip/CRC32
instanceKlass java/util/zip/Checksum
instanceKlass sun/util/calendar/ZoneInfoFile$ZoneOffsetTransitionRule
instanceKlass sun/util/calendar/ZoneInfoFile$1
instanceKlass sun/util/calendar/ZoneInfoFile
instanceKlass java/util/TimeZone
instanceKlass java/util/Locale$1
instanceKlass java/text/AttributedCharacterIterator$Attribute
instanceKlass org/apache/logging/log4j/message/SimpleMessage
instanceKlass java/util/concurrent/ConcurrentHashMap$Traverser
instanceKlass org/apache/logging/log4j/core/helpers/Assert
instanceKlass org/apache/logging/log4j/core/jmx/ContextSelectorAdmin
instanceKlass org/apache/logging/log4j/core/jmx/ContextSelectorAdminMBean
instanceKlass javax/management/NotificationFilter
instanceKlass javax/management/NotificationListener
instanceKlass org/apache/logging/log4j/status/StatusData
instanceKlass org/apache/logging/log4j/core/jmx/StatusLoggerAdminMBean
instanceKlass org/apache/logging/log4j/status/StatusListener
instanceKlass java/util/concurrent/Executors$DefaultThreadFactory
instanceKlass java/util/concurrent/ThreadFactory
instanceKlass java/util/concurrent/LinkedBlockingQueue$Node
instanceKlass java/util/concurrent/locks/AbstractQueuedSynchronizer$ConditionObject
instanceKlass java/util/concurrent/locks/Condition
instanceKlass java/util/concurrent/BlockingQueue
instanceKlass java/util/concurrent/ThreadPoolExecutor$AbortPolicy
instanceKlass java/util/concurrent/RejectedExecutionHandler
instanceKlass java/util/concurrent/AbstractExecutorService
instanceKlass java/util/concurrent/ExecutorService
instanceKlass java/util/concurrent/Executors
instanceKlass sun/management/Flag$1
instanceKlass sun/management/Flag
instanceKlass sun/management/ExtendedPlatformComponent
instanceKlass java/util/Collections$UnmodifiableMap
instanceKlass sun/management/DiagnosticCommandImpl$Wrapper
instanceKlass sun/management/DiagnosticCommandArgumentInfo
instanceKlass sun/management/DiagnosticCommandInfo
instanceKlass sun/management/DiagnosticCommandImpl$OperationInfoComparator
instanceKlass java/lang/management/ManagementFactory$3
instanceKlass com/sun/management/DiagnosticCommandMBean
instanceKlass com/sun/management/VMOption
instanceKlass sun/management/HotSpotDiagnostic
instanceKlass com/sun/management/HotSpotDiagnosticMXBean
instanceKlass java/util/Collections$EmptyIterator
instanceKlass com/sun/management/UnixOperatingSystemMXBean
instanceKlass sun/nio/ch/FileChannelImpl$1
instanceKlass java/net/Inet6Address$Inet6AddressHolder
instanceKlass java/net/InetAddress$2
instanceKlass sun/net/spi/nameservice/NameService
instanceKlass java/net/Inet4AddressImpl
instanceKlass java/net/InetAddressImpl
instanceKlass java/net/InetAddressImplFactory
